Log file open, 08/07/20 14:33:10
LogWindows: Failed to load 'aqProf.dll' (GetLastError=126)
LogWindows: File 'aqProf.dll' does not exist
LogWindows: Failed to load 'VtuneApi.dll' (GetLastError=126)
LogWindows: File 'VtuneApi.dll' does not exist
LogWindows: Failed to load 'VtuneApi32e.dll' (GetLastError=126)
LogWindows: File 'VtuneApi32e.dll' does not exist
LogConsoleResponse: Display: Failed to find resolution value strings in scalability ini. Falling back to default.
LogInit: Display: Running engine for game: PuzzlePlatforms
LogPlatformFile: Not using cached read wrapper
LogTaskGraph: Started task graph with 5 named threads and 14 total threads with 3 sets of task threads.
LogStats: Stats thread started at 0.156409
LogD3D11RHI: Loaded GFSDK_Aftermath_Lib.x64.dll
LogICUInternationalization: ICU TimeZone Detection - Raw Offset: +0:00, Platform Override: ''
LogPluginManager: Mounting plugin Paper2D
LogPluginManager: Mounting plugin AISupport
LogPluginManager: Mounting plugin LightPropagationVolume
LogPluginManager: Mounting plugin ActorLayerUtilities
LogPluginManager: Mounting plugin AnimationSharing
LogPluginManager: Mounting plugin CLionSourceCodeAccess
LogPluginManager: Mounting plugin CodeLiteSourceCodeAccess
LogPluginManager: Mounting plugin GitSourceControl
LogPluginManager: Mounting plugin KDevelopSourceCodeAccess
LogPluginManager: Mounting plugin NullSourceCodeAccess
LogPluginManager: Mounting plugin PerforceSourceControl
LogPluginManager: Mounting plugin PlasticSourceControl
LogPluginManager: Mounting plugin SubversionSourceControl
LogPluginManager: Mounting plugin UObjectPlugin
LogPluginManager: Mounting plugin VisualStudioCodeSourceCodeAccess
LogPluginManager: Mounting plugin VisualStudioSourceCodeAccess
LogPluginManager: Mounting plugin XCodeSourceCodeAccess
LogPluginManager: Mounting plugin AssetManagerEditor
LogPluginManager: Mounting plugin CryptoKeys
LogPluginManager: Mounting plugin CurveEditorTools
LogPluginManager: Mounting plugin DataValidation
LogPluginManager: Mounting plugin FacialAnimation
LogPluginManager: Mounting plugin GameplayTagsEditor
LogPluginManager: Mounting plugin MacGraphicsSwitching
LogPluginManager: Mounting plugin MaterialAnalyzer
LogPluginManager: Mounting plugin MobileLauncherProfileWizard
LogPluginManager: Mounting plugin PluginBrowser
LogPluginManager: Mounting plugin SpeedTreeImporter
LogPluginManager: Mounting plugin DatasmithContent
LogPluginManager: Mounting plugin VariantManagerContent
LogPluginManager: Mounting plugin AlembicImporter
LogPluginManager: Mounting plugin AutomationUtils
LogPluginManager: Mounting plugin BackChannel
LogPluginManager: Mounting plugin CharacterAI
LogPluginManager: Mounting plugin GeometryCache
LogPluginManager: Mounting plugin PlatformCrypto
LogPluginManager: Mounting plugin ProxyLODPlugin
LogPluginManager: Mounting plugin SkeletalReduction
LogPluginManager: Mounting plugin MagicLeap
LogPluginManager: Mounting plugin MagicLeapMedia
LogPluginManager: Mounting plugin MLSDK
LogPluginManager: Mounting plugin AndroidMedia
LogPluginManager: Mounting plugin AvfMedia
LogPluginManager: Mounting plugin ImgMedia
LogPluginManager: Mounting plugin MediaCompositing
LogPluginManager: Mounting plugin MediaPlayerEditor
LogPluginManager: Mounting plugin WebMMedia
LogPluginManager: Mounting plugin WmfMedia
LogPluginManager: Mounting plugin TcpMessaging
LogPluginManager: Mounting plugin UdpMessaging
LogPluginManager: Mounting plugin ActorSequence
LogPluginManager: Mounting plugin LevelSequenceEditor
LogPluginManager: Mounting plugin MatineeToLevelSequence
LogPluginManager: Mounting plugin NetcodeUnitTest
LogPluginManager: Mounting plugin NUTUnrealEngine4
LogPluginManager: Mounting plugin OnlineSubsystemGooglePlay
LogPluginManager: Mounting plugin OnlineSubsystemIOS
LogPluginManager: Mounting plugin OnlineSubsystem
LogPluginManager: Mounting plugin OnlineSubsystemNull
LogPluginManager: Mounting plugin OnlineSubsystemUtils
LogPluginManager: Mounting plugin LauncherChunkInstaller
LogPluginManager: Mounting plugin AndroidDeviceProfileSelector
LogPluginManager: Mounting plugin AndroidMoviePlayer
LogPluginManager: Mounting plugin AndroidPermission
LogPluginManager: Mounting plugin AppleImageUtils
LogPluginManager: Mounting plugin AppleMoviePlayer
LogPluginManager: Mounting plugin ArchVisCharacter
LogPluginManager: Mounting plugin AssetTags
LogPluginManager: Mounting plugin AudioCapture
LogPluginManager: Mounting plugin CableComponent
LogPluginManager: Mounting plugin CustomMeshComponent
LogPluginManager: Mounting plugin EditableMesh
LogPluginManager: Mounting plugin ExampleDeviceProfileSelector
LogPluginManager: Mounting plugin GoogleCloudMessaging
LogPluginManager: Mounting plugin IOSDeviceProfileSelector
LogPluginManager: Mounting plugin LinuxDeviceProfileSelector
LogPluginManager: Mounting plugin LocationServicesBPLibrary
LogPluginManager: Mounting plugin MobilePatchingUtils
LogPluginManager: Mounting plugin OculusVR
LogPluginManager: Mounting plugin PhysXVehicles
LogPluginManager: Mounting plugin PostSplashScreen
LogPluginManager: Mounting plugin ProceduralMeshComponent
LogPluginManager: Mounting plugin RuntimePhysXCooking
LogPluginManager: Mounting plugin SignificanceManager
LogPluginManager: Mounting plugin SteamVR
LogPluginManager: Mounting plugin WebMMoviePlayer
LogPluginManager: Mounting plugin WindowsMoviePlayer
LogPluginManager: Mounting plugin ScreenshotTools
LogInit: Using libcurl 7.55.1-DEV
LogInit:  - built for x86_64-pc-win32
LogInit:  - supports SSL with OpenSSL/1.1.1
LogInit:  - supports HTTP deflate (compression) using libz 1.2.8
LogInit:  - other features:
LogInit:      CURL_VERSION_SSL
LogInit:      CURL_VERSION_LIBZ
LogInit:      CURL_VERSION_IPV6
LogInit:      CURL_VERSION_ASYNCHDNS
LogInit:      CURL_VERSION_LARGEFILE
LogInit:      CURL_VERSION_IDN
LogInit:  CurlRequestOptions (configurable via config and command line):
LogInit:  - bVerifyPeer = true  - Libcurl will verify peer certificate
LogInit:  - bUseHttpProxy = false  - Libcurl will NOT use HTTP proxy
LogInit:  - bDontReuseConnections = false  - Libcurl will reuse connections
LogInit:  - MaxHostConnections = 16  - Libcurl will limit the number of connections to a host
LogInit:  - LocalHostAddr = Default
LogInit:  - BufferSize = 65536
LogOnline: OSS: Creating online subsystem instance for: NULL
LogInit: WinSock: version 1.1 (2.2), MaxSocks=32767, MaxUdp=65467
LogOnline: OSS: TryLoadSubsystemAndSetDefault: Loaded subsystem for module [NULL]
LogInit: Build: ++UE4+Release-4.24-CL-11100242
LogInit: Engine Version: 4.24.2-11100242+++UE4+Release-4.24
LogInit: Compatible Engine Version: 4.24.0-10570792+++UE4+Release-4.24
LogInit: Net CL: 10570792
LogInit: OS: Windows 10 (Release 1909) (), CPU: Intel(R) Core(TM) i5-7300HQ CPU @ 2.50GHz, GPU: Intel(R) HD Graphics 630
LogInit: Compiled (64-bit): Jan 24 2020 02:05:53
LogInit: Compiled with Visual C++: 19.16.27032.01
LogInit: Build Configuration: Development
LogInit: Branch Name: ++UE4+Release-4.24
LogInit: Command Line: 
LogInit: Base Directory: C:/Program Files/Epic Games/UE_4.24/Engine/Binaries/Win64/
LogInit: Installed Engine Build: 1
LogDevObjectVersion: Number of dev versions registered: 25
LogDevObjectVersion:   Dev-Blueprints (B0D832E4-1F89-4F0D-ACCF-7EB736FD4AA2): 10
LogDevObjectVersion:   Dev-Build (E1C64328-A22C-4D53-A36C-8E866417BD8C): 0
LogDevObjectVersion:   Dev-Core (375EC13C-06E4-48FB-B500-84F0262A717E): 3
LogDevObjectVersion:   Dev-Editor (E4B068ED-F494-42E9-A231-DA0B2E46BB41): 37
LogDevObjectVersion:   Dev-Framework (CFFC743F-43B0-4480-9391-14DF171D2073): 36
LogDevObjectVersion:   Dev-Mobile (B02B49B5-BB20-44E9-A304-32B752E40360): 2
LogDevObjectVersion:   Dev-Networking (A4E4105C-59A1-49B5-A7C5-40C4547EDFEE): 0
LogDevObjectVersion:   Dev-Online (39C831C9-5AE6-47DC-9A44-9C173E1C8E7C): 0
LogDevObjectVersion:   Dev-Physics (78F01B33-EBEA-4F98-B9B4-84EACCB95AA2): 2
LogDevObjectVersion:   Dev-Platform (6631380F-2D4D-43E0-8009-CF276956A95A): 0
LogDevObjectVersion:   Dev-Rendering (12F88B9F-8875-4AFC-A67C-D90C383ABD29): 36
LogDevObjectVersion:   Dev-Sequencer (7B5AE74C-D270-4C10-A958-57980B212A5A): 11
LogDevObjectVersion:   Dev-VR (D7296918-1DD6-4BDD-9DE2-64A83CC13884): 2
LogDevObjectVersion:   Dev-LoadTimes (C2A15278-BFE7-4AFE-6C17-90FF531DF755): 1
LogDevObjectVersion:   Private-Geometry (6EACA3D4-40EC-4CC1-B786-8BED09428FC5): 3
LogDevObjectVersion:   Dev-AnimPhys (29E575DD-E0A3-4627-9D10-D276232CDCEA): 17
LogDevObjectVersion:   Dev-Anim (AF43A65D-7FD3-4947-9873-3E8ED9C1BB05): 2
LogDevObjectVersion:   Dev-ReflectionCapture (6B266CEC-1EC7-4B8F-A30B-E4D90942FC07): 1
LogDevObjectVersion:   Dev-Automation (0DF73D61-A23F-47EA-B727-89E90C41499A): 1
LogDevObjectVersion:   FortniteMain (601D1886-AC64-4F84-AA16-D3DE0DEAC7D6): 31
LogDevObjectVersion:   Dev-Enterprise (9DFFBCD6-494F-0158-E221-12823C92A888): 8
LogDevObjectVersion:   Dev-Niagara (F2AED0AC-9AFE-416F-8664-AA7FFA26D6FC): 1
LogDevObjectVersion:   Dev-Destruction (174F1F0B-B4C6-45A5-B13F-2EE8D0FB917D): 9
LogDevObjectVersion:   Dev-Physics-Ext (35F94A83-E258-406C-A318-09F59610247C): 8
LogDevObjectVersion:   Dev-CineCamera (B2E18506-4273-CFC2-A54E-F4BB758BBA07): 1
LogInit: Presizing for max 25165824 objects, including 0 objects not considered by GC, pre-allocating 0 bytes for permanent pool.
LogInit: Object subsystem initialized
LogConfig: Setting CVar [[con.DebugEarlyDefault:1]]
LogConfig: Setting CVar [[r.setres:1280x720]]
[2020.08.07-13.33.10:951][  0]LogConfig: Setting CVar [[r.VSync:0]]
[2020.08.07-13.33.10:951][  0]LogConfig: Setting CVar [[r.RHICmdBypass:0]]
[2020.08.07-13.33.10:951][  0]LogConfig: Applying CVar settings from Section [/Script/Engine.RendererSettings] File [C:/Users/harsh.DESKTOP-UNEK68K/Desktop/Multiplayer/PuzzlePlatforms/Saved/Config/Windows/Engine.ini]
[2020.08.07-13.33.10:951][  0]LogConfig: Setting CVar [[r.GPUCrashDebugging:0]]
[2020.08.07-13.33.10:951][  0]LogConfig: Applying CVar settings from Section [/Script/Engine.RendererOverrideSettings] File [C:/Users/harsh.DESKTOP-UNEK68K/Desktop/Multiplayer/PuzzlePlatforms/Saved/Config/Windows/Engine.ini]
[2020.08.07-13.33.10:951][  0]LogConfig: Applying CVar settings from Section [/Script/Engine.StreamingSettings] File [C:/Users/harsh.DESKTOP-UNEK68K/Desktop/Multiplayer/PuzzlePlatforms/Saved/Config/Windows/Engine.ini]
[2020.08.07-13.33.10:951][  0]LogConfig: Setting CVar [[s.MinBulkDataSizeForAsyncLoading:131072]]
[2020.08.07-13.33.10:951][  0]LogConfig: Setting CVar [[s.AsyncLoadingThreadEnabled:0]]
[2020.08.07-13.33.10:951][  0]LogConfig: Setting CVar [[s.EventDrivenLoaderEnabled:1]]
[2020.08.07-13.33.10:951][  0]LogConfig: Setting CVar [[s.WarnIfTimeLimitExceeded:0]]
[2020.08.07-13.33.10:951][  0]LogConfig: Setting CVar [[s.TimeLimitExceededMultiplier:1.5]]
[2020.08.07-13.33.10:951][  0]LogConfig: Setting CVar [[s.TimeLimitExceededMinTime:0.005]]
[2020.08.07-13.33.10:951][  0]LogConfig: Setting CVar [[s.UseBackgroundLevelStreaming:1]]
[2020.08.07-13.33.10:951][  0]LogConfig: Setting CVar [[s.PriorityAsyncLoadingExtraTime:15.0]]
[2020.08.07-13.33.10:951][  0]LogConfig: Setting CVar [[s.LevelStreamingActorsUpdateTimeLimit:5.0]]
[2020.08.07-13.33.10:951][  0]LogConfig: Setting CVar [[s.PriorityLevelStreamingActorsUpdateExtraTime:5.0]]
[2020.08.07-13.33.10:951][  0]LogConfig: Setting CVar [[s.LevelStreamingComponentsRegistrationGranularity:10]]
[2020.08.07-13.33.10:951][  0]LogConfig: Setting CVar [[s.UnregisterComponentsTimeLimit:1.0]]
[2020.08.07-13.33.10:951][  0]LogConfig: Setting CVar [[s.LevelStreamingComponentsUnregistrationGranularity:5]]
[2020.08.07-13.33.10:951][  0]LogConfig: Setting CVar [[s.FlushStreamingOnExit:1]]
[2020.08.07-13.33.10:951][  0]LogConfig: Applying CVar settings from Section [/Script/Engine.GarbageCollectionSettings] File [C:/Users/harsh.DESKTOP-UNEK68K/Desktop/Multiplayer/PuzzlePlatforms/Saved/Config/Windows/Engine.ini]
[2020.08.07-13.33.10:951][  0]LogConfig: Setting CVar [[gc.MaxObjectsNotConsideredByGC:1]]
[2020.08.07-13.33.10:951][  0]LogConfig: Setting CVar [[gc.SizeOfPermanentObjectPool:0]]
[2020.08.07-13.33.10:951][  0]LogConfig: Setting CVar [[gc.FlushStreamingOnGC:0]]
[2020.08.07-13.33.10:951][  0]LogConfig: Setting CVar [[gc.NumRetriesBeforeForcingGC:10]]
[2020.08.07-13.33.10:951][  0]LogConfig: Setting CVar [[gc.AllowParallelGC:1]]
[2020.08.07-13.33.10:951][  0]LogConfig: Setting CVar [[gc.TimeBetweenPurgingPendingKillObjects:61.1]]
[2020.08.07-13.33.10:951][  0]LogConfig: Setting CVar [[gc.MaxObjectsInEditor:25165824]]
[2020.08.07-13.33.10:951][  0]LogConfig: Setting CVar [[gc.IncrementalBeginDestroyEnabled:1]]
[2020.08.07-13.33.10:951][  0]LogConfig: Setting CVar [[gc.CreateGCClusters:1]]
[2020.08.07-13.33.10:951][  0]LogConfig: Setting CVar [[gc.MinGCClusterSize:5]]
[2020.08.07-13.33.10:951][  0]LogConfig: Setting CVar [[gc.ActorClusteringEnabled:0]]
[2020.08.07-13.33.10:951][  0]LogConfig: Setting CVar [[gc.BlueprintClusteringEnabled:0]]
[2020.08.07-13.33.10:951][  0]LogConfig: Setting CVar [[gc.UseDisregardForGCOnDedicatedServers:0]]
[2020.08.07-13.33.10:951][  0]LogConfig: Applying CVar settings from Section [/Script/Engine.NetworkSettings] File [C:/Users/harsh.DESKTOP-UNEK68K/Desktop/Multiplayer/PuzzlePlatforms/Saved/Config/Windows/Engine.ini]
[2020.08.07-13.33.10:951][  0]LogConfig: Applying CVar settings from Section [/Script/UnrealEd.CookerSettings] File [C:/Users/harsh.DESKTOP-UNEK68K/Desktop/Multiplayer/PuzzlePlatforms/Saved/Config/Windows/Engine.ini]
[2020.08.07-13.33.10:953][  0]LogConfig: Applying CVar settings from Section [ViewDistanceQuality@3] File [C:/Users/harsh.DESKTOP-UNEK68K/Desktop/Multiplayer/PuzzlePlatforms/Saved/Config/Windows/Scalability.ini]
[2020.08.07-13.33.10:954][  0]LogConfig: Setting CVar [[r.SkeletalMeshLODBias:0]]
[2020.08.07-13.33.10:954][  0]LogConfig: Setting CVar [[r.ViewDistanceScale:1.0]]
[2020.08.07-13.33.10:954][  0]LogConfig: Applying CVar settings from Section [AntiAliasingQuality@3] File [C:/Users/harsh.DESKTOP-UNEK68K/Desktop/Multiplayer/PuzzlePlatforms/Saved/Config/Windows/Scalability.ini]
[2020.08.07-13.33.10:954][  0]LogConfig: Setting CVar [[r.PostProcessAAQuality:4]]
[2020.08.07-13.33.10:954][  0]LogConfig: Applying CVar settings from Section [ShadowQuality@3] File [C:/Users/harsh.DESKTOP-UNEK68K/Desktop/Multiplayer/PuzzlePlatforms/Saved/Config/Windows/Scalability.ini]
[2020.08.07-13.33.10:954][  0]LogConfig: Setting CVar [[r.LightFunctionQuality:1]]
[2020.08.07-13.33.10:954][  0]LogConfig: Setting CVar [[r.ShadowQuality:5]]
[2020.08.07-13.33.10:954][  0]LogConfig: Setting CVar [[r.Shadow.CSM.MaxCascades:10]]
[2020.08.07-13.33.10:954][  0]LogConfig: Setting CVar [[r.Shadow.MaxResolution:2048]]
[2020.08.07-13.33.10:954][  0]LogConfig: Setting CVar [[r.Shadow.MaxCSMResolution:2048]]
[2020.08.07-13.33.10:954][  0]LogConfig: Setting CVar [[r.Shadow.RadiusThreshold:0.01]]
[2020.08.07-13.33.10:954][  0]LogConfig: Setting CVar [[r.Shadow.DistanceScale:1.0]]
[2020.08.07-13.33.10:954][  0]LogConfig: Setting CVar [[r.Shadow.CSM.TransitionScale:1.0]]
[2020.08.07-13.33.10:954][  0]LogConfig: Setting CVar [[r.Shadow.PreShadowResolutionFactor:1.0]]
[2020.08.07-13.33.10:954][  0]LogConfig: Setting CVar [[r.DistanceFieldShadowing:1]]
[2020.08.07-13.33.10:954][  0]LogConfig: Setting CVar [[r.DistanceFieldAO:1]]
[2020.08.07-13.33.10:954][  0]LogConfig: Setting CVar [[r.AOQuality:2]]
[2020.08.07-13.33.10:954][  0]LogConfig: Setting CVar [[r.VolumetricFog:1]]
[2020.08.07-13.33.10:954][  0]LogConfig: Setting CVar [[r.VolumetricFog.GridPixelSize:8]]
[2020.08.07-13.33.10:954][  0]LogConfig: Setting CVar [[r.VolumetricFog.GridSizeZ:128]]
[2020.08.07-13.33.10:954][  0]LogConfig: Setting CVar [[r.VolumetricFog.HistoryMissSupersampleCount:4]]
[2020.08.07-13.33.10:954][  0]LogConfig: Setting CVar [[r.LightMaxDrawDistanceScale:1]]
[2020.08.07-13.33.10:954][  0]LogConfig: Setting CVar [[r.CapsuleShadows:1]]
[2020.08.07-13.33.10:954][  0]LogConfig: Applying CVar settings from Section [PostProcessQuality@3] File [C:/Users/harsh.DESKTOP-UNEK68K/Desktop/Multiplayer/PuzzlePlatforms/Saved/Config/Windows/Scalability.ini]
[2020.08.07-13.33.10:954][  0]LogConfig: Setting CVar [[r.MotionBlurQuality:4]]
[2020.08.07-13.33.10:954][  0]LogConfig: Setting CVar [[r.AmbientOcclusionMipLevelFactor:0.4]]
[2020.08.07-13.33.10:954][  0]LogConfig: Setting CVar [[r.AmbientOcclusionMaxQuality:100]]
[2020.08.07-13.33.10:954][  0]LogConfig: Setting CVar [[r.AmbientOcclusionLevels:-1]]
[2020.08.07-13.33.10:954][  0]LogConfig: Setting CVar [[r.AmbientOcclusionRadiusScale:1.0]]
[2020.08.07-13.33.10:954][  0]LogConfig: Setting CVar [[r.DepthOfFieldQuality:2]]
[2020.08.07-13.33.10:954][  0]LogConfig: Setting CVar [[r.RenderTargetPoolMin:400]]
[2020.08.07-13.33.10:954][  0]LogConfig: Setting CVar [[r.LensFlareQuality:2]]
[2020.08.07-13.33.10:954][  0]LogConfig: Setting CVar [[r.SceneColorFringeQuality:1]]
[2020.08.07-13.33.10:954][  0]LogConfig: Setting CVar [[r.EyeAdaptationQuality:2]]
[2020.08.07-13.33.10:954][  0]LogConfig: Setting CVar [[r.BloomQuality:5]]
[2020.08.07-13.33.10:954][  0]LogConfig: Setting CVar [[r.FastBlurThreshold:100]]
[2020.08.07-13.33.10:954][  0]LogConfig: Setting CVar [[r.Upscale.Quality:3]]
[2020.08.07-13.33.10:954][  0]LogConfig: Setting CVar [[r.Tonemapper.GrainQuantization:1]]
[2020.08.07-13.33.10:954][  0]LogConfig: Setting CVar [[r.LightShaftQuality:1]]
[2020.08.07-13.33.10:954][  0]LogConfig: Setting CVar [[r.Filter.SizeScale:1]]
[2020.08.07-13.33.10:954][  0]LogConfig: Setting CVar [[r.Tonemapper.Quality:5]]
[2020.08.07-13.33.10:954][  0]LogConfig: Setting CVar [[r.DOF.Gather.AccumulatorQuality:1        ; higher gathering accumulator quality]]
[2020.08.07-13.33.10:954][  0]LogConfig: Setting CVar [[r.DOF.Gather.PostfilterMethod:1          ; Median3x3 postfilering method]]
[2020.08.07-13.33.10:954][  0]LogConfig: Setting CVar [[r.DOF.Gather.EnableBokehSettings:0       ; no bokeh simulation when gathering]]
[2020.08.07-13.33.10:954][  0]LogConfig: Setting CVar [[r.DOF.Gather.RingCount:4                 ; medium number of samples when gathering]]
[2020.08.07-13.33.10:954][  0]LogConfig: Setting CVar [[r.DOF.Scatter.ForegroundCompositing:1    ; additive foreground scattering]]
[2020.08.07-13.33.10:954][  0]LogConfig: Setting CVar [[r.DOF.Scatter.BackgroundCompositing:2    ; additive background scattering]]
[2020.08.07-13.33.10:954][  0]LogConfig: Setting CVar [[r.DOF.Scatter.EnableBokehSettings:1      ; bokeh simulation when scattering]]
[2020.08.07-13.33.10:954][  0]LogConfig: Setting CVar [[r.DOF.Scatter.MaxSpriteRatio:0.1         ; only a maximum of 10% of scattered bokeh]]
[2020.08.07-13.33.10:954][  0]LogConfig: Setting CVar [[r.DOF.Recombine.Quality:1                ; cheap slight out of focus]]
[2020.08.07-13.33.10:954][  0]LogConfig: Setting CVar [[r.DOF.Recombine.EnableBokehSettings:0    ; no bokeh simulation on slight out of focus]]
[2020.08.07-13.33.10:954][  0]LogConfig: Setting CVar [[r.DOF.TemporalAAQuality:1                ; more stable temporal accumulation]]
[2020.08.07-13.33.10:954][  0]LogConfig: Setting CVar [[r.DOF.Kernel.MaxForegroundRadius:0.025]]
[2020.08.07-13.33.10:954][  0]LogConfig: Setting CVar [[r.DOF.Kernel.MaxBackgroundRadius:0.025]]
[2020.08.07-13.33.10:954][  0]LogConfig: Applying CVar settings from Section [TextureQuality@3] File [C:/Users/harsh.DESKTOP-UNEK68K/Desktop/Multiplayer/PuzzlePlatforms/Saved/Config/Windows/Scalability.ini]
[2020.08.07-13.33.10:954][  0]LogConfig: Setting CVar [[r.Streaming.MipBias:0]]
[2020.08.07-13.33.10:954][  0]LogConfig: Setting CVar [[r.Streaming.AmortizeCPUToGPUCopy:0]]
[2020.08.07-13.33.10:954][  0]LogConfig: Setting CVar [[r.Streaming.MaxNumTexturesToStreamPerFrame:0]]
[2020.08.07-13.33.10:954][  0]LogConfig: Setting CVar [[r.Streaming.Boost:1]]
[2020.08.07-13.33.10:954][  0]LogConfig: Setting CVar [[r.MaxAnisotropy:8]]
[2020.08.07-13.33.10:954][  0]LogConfig: Setting CVar [[r.VT.MaxAnisotropy:8]]
[2020.08.07-13.33.10:954][  0]LogConfig: Setting CVar [[r.Streaming.LimitPoolSizeToVRAM:0]]
[2020.08.07-13.33.10:954][  0]LogConfig: Setting CVar [[r.Streaming.PoolSize:1000]]
[2020.08.07-13.33.10:955][  0]LogConfig: Setting CVar [[r.Streaming.MaxEffectiveScreenSize:0]]
[2020.08.07-13.33.10:955][  0]LogConfig: Applying CVar settings from Section [EffectsQuality@3] File [C:/Users/harsh.DESKTOP-UNEK68K/Desktop/Multiplayer/PuzzlePlatforms/Saved/Config/Windows/Scalability.ini]
[2020.08.07-13.33.10:955][  0]LogConfig: Setting CVar [[r.TranslucencyLightingVolumeDim:64]]
[2020.08.07-13.33.10:955][  0]LogConfig: Setting CVar [[r.RefractionQuality:2]]
[2020.08.07-13.33.10:955][  0]LogConfig: Setting CVar [[r.SSR.Quality:3]]
[2020.08.07-13.33.10:955][  0]LogConfig: Setting CVar [[r.SSR.HalfResSceneColor:0]]
[2020.08.07-13.33.10:955][  0]LogConfig: Setting CVar [[r.SceneColorFormat:4]]
[2020.08.07-13.33.10:955][  0]LogConfig: Setting CVar [[r.DetailMode:2]]
[2020.08.07-13.33.10:955][  0]LogConfig: Setting CVar [[r.TranslucencyVolumeBlur:1]]
[2020.08.07-13.33.10:955][  0]LogConfig: Setting CVar [[r.MaterialQualityLevel:1 ; High quality]]
[2020.08.07-13.33.10:955][  0]LogConfig: Setting CVar [[r.SSS.Scale:1]]
[2020.08.07-13.33.10:955][  0]LogConfig: Setting CVar [[r.SSS.SampleSet:2]]
[2020.08.07-13.33.10:955][  0]LogConfig: Setting CVar [[r.SSS.Quality:1]]
[2020.08.07-13.33.10:955][  0]LogConfig: Setting CVar [[r.SSS.HalfRes:1]]
[2020.08.07-13.33.10:955][  0]LogConfig: Setting CVar [[r.SSGI.Quality:3]]
[2020.08.07-13.33.10:955][  0]LogConfig: Setting CVar [[r.EmitterSpawnRateScale:1.0]]
[2020.08.07-13.33.10:955][  0]LogConfig: Setting CVar [[r.ParticleLightQuality:2]]
[2020.08.07-13.33.10:955][  0]LogConfig: Setting CVar [[r.SkyAtmosphere.AerialPerspectiveLUT.FastApplyOnOpaque:1 ; Always have FastSkyLUT 1 in this case to avoid wrong sky]]
[2020.08.07-13.33.10:955][  0]LogConfig: Setting CVar [[r.SkyAtmosphere.AerialPerspectiveLUT.SampleCountPerSlice:1]]
[2020.08.07-13.33.10:955][  0]LogConfig: Setting CVar [[r.SkyAtmosphere.AerialPerspectiveLUT.DepthResolution:16.0]]
[2020.08.07-13.33.10:955][  0]LogConfig: Setting CVar [[r.SkyAtmosphere.FastSkyLUT:1]]
[2020.08.07-13.33.10:955][  0]LogConfig: Setting CVar [[r.SkyAtmosphere.FastSkyLUT.SampleCountMin:4.0]]
[2020.08.07-13.33.10:955][  0]LogConfig: Setting CVar [[r.SkyAtmosphere.FastSkyLUT.SampleCountMax:32.0]]
[2020.08.07-13.33.10:955][  0]LogConfig: Setting CVar [[r.SkyAtmosphere.SampleCountMin:4.0]]
[2020.08.07-13.33.10:955][  0]LogConfig: Setting CVar [[r.SkyAtmosphere.SampleCountMax:32.0]]
[2020.08.07-13.33.10:955][  0]LogConfig: Setting CVar [[r.SkyAtmosphere.TransmittanceLUT.UseSmallFormat:0]]
[2020.08.07-13.33.10:955][  0]LogConfig: Setting CVar [[r.SkyAtmosphere.TransmittanceLUT.SampleCount:10.0]]
[2020.08.07-13.33.10:955][  0]LogConfig: Setting CVar [[r.SkyAtmosphere.MultiScatteringLUT.SampleCount:15.0]]
[2020.08.07-13.33.10:955][  0]LogConfig: Applying CVar settings from Section [FoliageQuality@3] File [C:/Users/harsh.DESKTOP-UNEK68K/Desktop/Multiplayer/PuzzlePlatforms/Saved/Config/Windows/Scalability.ini]
[2020.08.07-13.33.10:955][  0]LogConfig: Setting CVar [[foliage.DensityScale:1.0]]
[2020.08.07-13.33.10:955][  0]LogConfig: Setting CVar [[grass.DensityScale:1.0]]
[2020.08.07-13.33.10:955][  0]LogConfig: Applying CVar settings from Section [ShadingQuality@3] File [C:/Users/harsh.DESKTOP-UNEK68K/Desktop/Multiplayer/PuzzlePlatforms/Saved/Config/Windows/Scalability.ini]
[2020.08.07-13.33.10:955][  0]LogConfig: Setting CVar [[r.HairStrands.SkyLighting.SampleCount:16]]
[2020.08.07-13.33.10:955][  0]LogConfig: Setting CVar [[r.HairStrands.SkyLighting.JitterIntegration:0]]
[2020.08.07-13.33.10:955][  0]LogConfig: Setting CVar [[r.HairStrands.SkyAO.SampleCount:16]]
[2020.08.07-13.33.10:955][  0]LogInit: Selected Device Profile: [Windows]
[2020.08.07-13.33.10:955][  0]LogInit: Applying CVar settings loaded from the selected device profile: [Windows]
[2020.08.07-13.33.10:958][  0]LogHAL: Display: Platform has ~ 8 GB [8449904640 / 8589934592 / 8], which maps to Default [LargestMinGB=32, LargerMinGB=12, DefaultMinGB=8, SmallerMinGB=6, SmallestMinGB=0)
[2020.08.07-13.33.10:958][  0]LogInit: Going up to parent DeviceProfile []
[2020.08.07-13.33.10:958][  0]LogConfig: Applying CVar settings from Section [ViewDistanceQuality@3] File [C:/Users/harsh.DESKTOP-UNEK68K/Desktop/Multiplayer/PuzzlePlatforms/Saved/Config/Windows/Scalability.ini]
[2020.08.07-13.33.10:958][  0]LogConfig: Setting CVar [[r.SkeletalMeshLODBias:0]]
[2020.08.07-13.33.10:958][  0]LogConfig: Setting CVar [[r.ViewDistanceScale:1.0]]
[2020.08.07-13.33.10:958][  0]LogConfig: Applying CVar settings from Section [AntiAliasingQuality@3] File [C:/Users/harsh.DESKTOP-UNEK68K/Desktop/Multiplayer/PuzzlePlatforms/Saved/Config/Windows/Scalability.ini]
[2020.08.07-13.33.10:958][  0]LogConfig: Setting CVar [[r.PostProcessAAQuality:4]]
[2020.08.07-13.33.10:958][  0]LogConfig: Applying CVar settings from Section [ShadowQuality@3] File [C:/Users/harsh.DESKTOP-UNEK68K/Desktop/Multiplayer/PuzzlePlatforms/Saved/Config/Windows/Scalability.ini]
[2020.08.07-13.33.10:958][  0]LogConfig: Setting CVar [[r.LightFunctionQuality:1]]
[2020.08.07-13.33.10:958][  0]LogConfig: Setting CVar [[r.ShadowQuality:5]]
[2020.08.07-13.33.10:958][  0]LogConfig: Setting CVar [[r.Shadow.CSM.MaxCascades:10]]
[2020.08.07-13.33.10:958][  0]LogConfig: Setting CVar [[r.Shadow.MaxResolution:2048]]
[2020.08.07-13.33.10:958][  0]LogConfig: Setting CVar [[r.Shadow.MaxCSMResolution:2048]]
[2020.08.07-13.33.10:958][  0]LogConfig: Setting CVar [[r.Shadow.RadiusThreshold:0.01]]
[2020.08.07-13.33.10:958][  0]LogConfig: Setting CVar [[r.Shadow.DistanceScale:1.0]]
[2020.08.07-13.33.10:958][  0]LogConfig: Setting CVar [[r.Shadow.CSM.TransitionScale:1.0]]
[2020.08.07-13.33.10:958][  0]LogConfig: Setting CVar [[r.Shadow.PreShadowResolutionFactor:1.0]]
[2020.08.07-13.33.10:958][  0]LogConfig: Setting CVar [[r.DistanceFieldShadowing:1]]
[2020.08.07-13.33.10:958][  0]LogConfig: Setting CVar [[r.DistanceFieldAO:1]]
[2020.08.07-13.33.10:958][  0]LogConfig: Setting CVar [[r.AOQuality:2]]
[2020.08.07-13.33.10:958][  0]LogConfig: Setting CVar [[r.VolumetricFog:1]]
[2020.08.07-13.33.10:958][  0]LogConfig: Setting CVar [[r.VolumetricFog.GridPixelSize:8]]
[2020.08.07-13.33.10:958][  0]LogConfig: Setting CVar [[r.VolumetricFog.GridSizeZ:128]]
[2020.08.07-13.33.10:958][  0]LogConfig: Setting CVar [[r.VolumetricFog.HistoryMissSupersampleCount:4]]
[2020.08.07-13.33.10:958][  0]LogConfig: Setting CVar [[r.LightMaxDrawDistanceScale:1]]
[2020.08.07-13.33.10:958][  0]LogConfig: Setting CVar [[r.CapsuleShadows:1]]
[2020.08.07-13.33.10:958][  0]LogConfig: Applying CVar settings from Section [PostProcessQuality@3] File [C:/Users/harsh.DESKTOP-UNEK68K/Desktop/Multiplayer/PuzzlePlatforms/Saved/Config/Windows/Scalability.ini]
[2020.08.07-13.33.10:958][  0]LogConfig: Setting CVar [[r.MotionBlurQuality:4]]
[2020.08.07-13.33.10:958][  0]LogConfig: Setting CVar [[r.AmbientOcclusionMipLevelFactor:0.4]]
[2020.08.07-13.33.10:958][  0]LogConfig: Setting CVar [[r.AmbientOcclusionMaxQuality:100]]
[2020.08.07-13.33.10:958][  0]LogConfig: Setting CVar [[r.AmbientOcclusionLevels:-1]]
[2020.08.07-13.33.10:958][  0]LogConfig: Setting CVar [[r.AmbientOcclusionRadiusScale:1.0]]
[2020.08.07-13.33.10:958][  0]LogConfig: Setting CVar [[r.DepthOfFieldQuality:2]]
[2020.08.07-13.33.10:958][  0]LogConfig: Setting CVar [[r.RenderTargetPoolMin:400]]
[2020.08.07-13.33.10:958][  0]LogConfig: Setting CVar [[r.LensFlareQuality:2]]
[2020.08.07-13.33.10:958][  0]LogConfig: Setting CVar [[r.SceneColorFringeQuality:1]]
[2020.08.07-13.33.10:958][  0]LogConfig: Setting CVar [[r.EyeAdaptationQuality:2]]
[2020.08.07-13.33.10:958][  0]LogConfig: Setting CVar [[r.BloomQuality:5]]
[2020.08.07-13.33.10:958][  0]LogConfig: Setting CVar [[r.FastBlurThreshold:100]]
[2020.08.07-13.33.10:959][  0]LogConfig: Setting CVar [[r.Upscale.Quality:3]]
[2020.08.07-13.33.10:959][  0]LogConfig: Setting CVar [[r.Tonemapper.GrainQuantization:1]]
[2020.08.07-13.33.10:959][  0]LogConfig: Setting CVar [[r.LightShaftQuality:1]]
[2020.08.07-13.33.10:959][  0]LogConfig: Setting CVar [[r.Filter.SizeScale:1]]
[2020.08.07-13.33.10:959][  0]LogConfig: Setting CVar [[r.Tonemapper.Quality:5]]
[2020.08.07-13.33.10:959][  0]LogConfig: Setting CVar [[r.DOF.Gather.AccumulatorQuality:1        ; higher gathering accumulator quality]]
[2020.08.07-13.33.10:959][  0]LogConfig: Setting CVar [[r.DOF.Gather.PostfilterMethod:1          ; Median3x3 postfilering method]]
[2020.08.07-13.33.10:959][  0]LogConfig: Setting CVar [[r.DOF.Gather.EnableBokehSettings:0       ; no bokeh simulation when gathering]]
[2020.08.07-13.33.10:959][  0]LogConfig: Setting CVar [[r.DOF.Gather.RingCount:4                 ; medium number of samples when gathering]]
[2020.08.07-13.33.10:959][  0]LogConfig: Setting CVar [[r.DOF.Scatter.ForegroundCompositing:1    ; additive foreground scattering]]
[2020.08.07-13.33.10:959][  0]LogConfig: Setting CVar [[r.DOF.Scatter.BackgroundCompositing:2    ; additive background scattering]]
[2020.08.07-13.33.10:959][  0]LogConfig: Setting CVar [[r.DOF.Scatter.EnableBokehSettings:1      ; bokeh simulation when scattering]]
[2020.08.07-13.33.10:959][  0]LogConfig: Setting CVar [[r.DOF.Scatter.MaxSpriteRatio:0.1         ; only a maximum of 10% of scattered bokeh]]
[2020.08.07-13.33.10:959][  0]LogConfig: Setting CVar [[r.DOF.Recombine.Quality:1                ; cheap slight out of focus]]
[2020.08.07-13.33.10:959][  0]LogConfig: Setting CVar [[r.DOF.Recombine.EnableBokehSettings:0    ; no bokeh simulation on slight out of focus]]
[2020.08.07-13.33.10:959][  0]LogConfig: Setting CVar [[r.DOF.TemporalAAQuality:1                ; more stable temporal accumulation]]
[2020.08.07-13.33.10:959][  0]LogConfig: Setting CVar [[r.DOF.Kernel.MaxForegroundRadius:0.025]]
[2020.08.07-13.33.10:959][  0]LogConfig: Setting CVar [[r.DOF.Kernel.MaxBackgroundRadius:0.025]]
[2020.08.07-13.33.10:959][  0]LogConfig: Applying CVar settings from Section [TextureQuality@3] File [C:/Users/harsh.DESKTOP-UNEK68K/Desktop/Multiplayer/PuzzlePlatforms/Saved/Config/Windows/Scalability.ini]
[2020.08.07-13.33.10:959][  0]LogConfig: Setting CVar [[r.Streaming.MipBias:0]]
[2020.08.07-13.33.10:959][  0]LogConfig: Setting CVar [[r.Streaming.AmortizeCPUToGPUCopy:0]]
[2020.08.07-13.33.10:959][  0]LogConfig: Setting CVar [[r.Streaming.MaxNumTexturesToStreamPerFrame:0]]
[2020.08.07-13.33.10:959][  0]LogConfig: Setting CVar [[r.Streaming.Boost:1]]
[2020.08.07-13.33.10:959][  0]LogConfig: Setting CVar [[r.MaxAnisotropy:8]]
[2020.08.07-13.33.10:959][  0]LogConfig: Setting CVar [[r.VT.MaxAnisotropy:8]]
[2020.08.07-13.33.10:959][  0]LogConfig: Setting CVar [[r.Streaming.LimitPoolSizeToVRAM:0]]
[2020.08.07-13.33.10:959][  0]LogConfig: Setting CVar [[r.Streaming.PoolSize:1000]]
[2020.08.07-13.33.10:959][  0]LogConfig: Setting CVar [[r.Streaming.MaxEffectiveScreenSize:0]]
[2020.08.07-13.33.10:959][  0]LogConfig: Applying CVar settings from Section [EffectsQuality@3] File [C:/Users/harsh.DESKTOP-UNEK68K/Desktop/Multiplayer/PuzzlePlatforms/Saved/Config/Windows/Scalability.ini]
[2020.08.07-13.33.10:959][  0]LogConfig: Setting CVar [[r.TranslucencyLightingVolumeDim:64]]
[2020.08.07-13.33.10:959][  0]LogConfig: Setting CVar [[r.RefractionQuality:2]]
[2020.08.07-13.33.10:959][  0]LogConfig: Setting CVar [[r.SSR.Quality:3]]
[2020.08.07-13.33.10:959][  0]LogConfig: Setting CVar [[r.SSR.HalfResSceneColor:0]]
[2020.08.07-13.33.10:959][  0]LogConfig: Setting CVar [[r.SceneColorFormat:4]]
[2020.08.07-13.33.10:959][  0]LogConfig: Setting CVar [[r.DetailMode:2]]
[2020.08.07-13.33.10:959][  0]LogConfig: Setting CVar [[r.TranslucencyVolumeBlur:1]]
[2020.08.07-13.33.10:959][  0]LogConfig: Setting CVar [[r.MaterialQualityLevel:1 ; High quality]]
[2020.08.07-13.33.10:959][  0]LogConfig: Setting CVar [[r.SSS.Scale:1]]
[2020.08.07-13.33.10:959][  0]LogConfig: Setting CVar [[r.SSS.SampleSet:2]]
[2020.08.07-13.33.10:959][  0]LogConfig: Setting CVar [[r.SSS.Quality:1]]
[2020.08.07-13.33.10:959][  0]LogConfig: Setting CVar [[r.SSS.HalfRes:1]]
[2020.08.07-13.33.10:959][  0]LogConfig: Setting CVar [[r.SSGI.Quality:3]]
[2020.08.07-13.33.10:959][  0]LogConfig: Setting CVar [[r.EmitterSpawnRateScale:1.0]]
[2020.08.07-13.33.10:959][  0]LogConfig: Setting CVar [[r.ParticleLightQuality:2]]
[2020.08.07-13.33.10:959][  0]LogConfig: Setting CVar [[r.SkyAtmosphere.AerialPerspectiveLUT.FastApplyOnOpaque:1 ; Always have FastSkyLUT 1 in this case to avoid wrong sky]]
[2020.08.07-13.33.10:959][  0]LogConfig: Setting CVar [[r.SkyAtmosphere.AerialPerspectiveLUT.SampleCountPerSlice:1]]
[2020.08.07-13.33.10:959][  0]LogConfig: Setting CVar [[r.SkyAtmosphere.AerialPerspectiveLUT.DepthResolution:16.0]]
[2020.08.07-13.33.10:959][  0]LogConfig: Setting CVar [[r.SkyAtmosphere.FastSkyLUT:1]]
[2020.08.07-13.33.10:959][  0]LogConfig: Setting CVar [[r.SkyAtmosphere.FastSkyLUT.SampleCountMin:4.0]]
[2020.08.07-13.33.10:959][  0]LogConfig: Setting CVar [[r.SkyAtmosphere.FastSkyLUT.SampleCountMax:32.0]]
[2020.08.07-13.33.10:959][  0]LogConfig: Setting CVar [[r.SkyAtmosphere.SampleCountMin:4.0]]
[2020.08.07-13.33.10:959][  0]LogConfig: Setting CVar [[r.SkyAtmosphere.SampleCountMax:32.0]]
[2020.08.07-13.33.10:959][  0]LogConfig: Setting CVar [[r.SkyAtmosphere.TransmittanceLUT.UseSmallFormat:0]]
[2020.08.07-13.33.10:959][  0]LogConfig: Setting CVar [[r.SkyAtmosphere.TransmittanceLUT.SampleCount:10.0]]
[2020.08.07-13.33.10:959][  0]LogConfig: Setting CVar [[r.SkyAtmosphere.MultiScatteringLUT.SampleCount:15.0]]
[2020.08.07-13.33.10:959][  0]LogConfig: Applying CVar settings from Section [FoliageQuality@3] File [C:/Users/harsh.DESKTOP-UNEK68K/Desktop/Multiplayer/PuzzlePlatforms/Saved/Config/Windows/Scalability.ini]
[2020.08.07-13.33.10:959][  0]LogConfig: Setting CVar [[foliage.DensityScale:1.0]]
[2020.08.07-13.33.10:959][  0]LogConfig: Setting CVar [[grass.DensityScale:1.0]]
[2020.08.07-13.33.10:959][  0]LogConfig: Applying CVar settings from Section [ShadingQuality@3] File [C:/Users/harsh.DESKTOP-UNEK68K/Desktop/Multiplayer/PuzzlePlatforms/Saved/Config/Windows/Scalability.ini]
[2020.08.07-13.33.10:959][  0]LogConfig: Setting CVar [[r.HairStrands.SkyLighting.SampleCount:16]]
[2020.08.07-13.33.10:959][  0]LogConfig: Setting CVar [[r.HairStrands.SkyLighting.JitterIntegration:0]]
[2020.08.07-13.33.10:959][  0]LogConfig: Setting CVar [[r.HairStrands.SkyAO.SampleCount:16]]
[2020.08.07-13.33.10:960][  0]LogConfig: Applying CVar settings from Section [Startup] File [../../../Engine/Config/ConsoleVariables.ini]
[2020.08.07-13.33.10:960][  0]LogConfig: Setting CVar [[net.UseAdaptiveNetUpdateFrequency:0]]
[2020.08.07-13.33.10:960][  0]LogConfig: Setting CVar [[p.chaos.AllowCreatePhysxBodies:1]]
[2020.08.07-13.33.10:960][  0]LogConfig: Applying CVar settings from Section [ConsoleVariables] File [C:/Users/harsh.DESKTOP-UNEK68K/Desktop/Multiplayer/PuzzlePlatforms/Saved/Config/Windows/Engine.ini]
[2020.08.07-13.33.10:960][  0]LogInit: Computer: DESKTOP-UNEK68K
[2020.08.07-13.33.10:960][  0]LogInit: User: harsh
[2020.08.07-13.33.10:960][  0]LogInit: CPU Page size=4096, Cores=4
[2020.08.07-13.33.10:960][  0]LogInit: High frequency timer resolution =10.000000 MHz
[2020.08.07-13.33.10:960][  0]LogMemory: Memory total: Physical=7.9GB (8GB approx)
[2020.08.07-13.33.10:960][  0]LogMemory: Platform Memory Stats for Windows
[2020.08.07-13.33.10:960][  0]LogMemory: Process Physical Memory: 105.63 MB used, 105.64 MB peak
[2020.08.07-13.33.10:960][  0]LogMemory: Process Virtual Memory: 100.19 MB used, 100.19 MB peak
[2020.08.07-13.33.10:960][  0]LogMemory: Physical Memory: 4893.85 MB used,  3164.61 MB free, 8058.46 MB total
[2020.08.07-13.33.10:960][  0]LogMemory: Virtual Memory: 5122.20 MB used,  134212608.00 MB free, 134217728.00 MB total
[2020.08.07-13.33.10:965][  0]LogWindows: WindowsPlatformFeatures enabled
[2020.08.07-13.33.10:981][  0]LogInit: Using OS detected language (en-US).
[2020.08.07-13.33.10:981][  0]LogInit: Using OS detected locale (en-US).
[2020.08.07-13.33.10:982][  0]LogTextLocalizationManager: No specific localization for 'en-US' exists, so the 'en' localization will be used.
[2020.08.07-13.33.11:171][  0]LogInit: Setting process to per monitor DPI aware
[2020.08.07-13.33.11:204][  0]LogSlate: New Slate User Created.  User Index 0, Is Virtual User: 0
[2020.08.07-13.33.11:204][  0]LogSlate: Slate User Registered.  User Index 0, Is Virtual User: 0
[2020.08.07-13.33.11:385][  0]LogHMD: Failed to initialize OpenVR with code 110
[2020.08.07-13.33.11:385][  0]LogD3D11RHI: D3D11 min allowed feature level: 11_0
[2020.08.07-13.33.11:385][  0]LogD3D11RHI: D3D11 max allowed feature level: 11_0
[2020.08.07-13.33.11:385][  0]LogD3D11RHI: D3D11 adapters:
[2020.08.07-13.33.11:468][  0]LogD3D11RHI:    0. 'NVIDIA GeForce GTX 1050' (Feature Level 11_0)
[2020.08.07-13.33.11:468][  0]LogD3D11RHI:       4019/0/4029 MB DedicatedVideo/DedicatedSystem/SharedSystem, Outputs:1, VendorId:0x10de
[2020.08.07-13.33.11:487][  0]LogD3D11RHI:    1. 'Intel(R) HD Graphics 630' (Feature Level 11_0)
[2020.08.07-13.33.11:487][  0]LogD3D11RHI:       128/0/4029 MB DedicatedVideo/DedicatedSystem/SharedSystem, Outputs:0, VendorId:0x8086
[2020.08.07-13.33.11:490][  0]LogD3D11RHI:    2. 'Microsoft Basic Render Driver' (Feature Level 11_0)
[2020.08.07-13.33.11:490][  0]LogD3D11RHI:       0/0/4029 MB DedicatedVideo/DedicatedSystem/SharedSystem, Outputs:0, VendorId:0x1414
[2020.08.07-13.33.11:490][  0]LogD3D11RHI: Chosen D3D11 Adapter: 0
[2020.08.07-13.33.11:543][  0]LogD3D11RHI: Creating new Direct3DDevice
[2020.08.07-13.33.11:543][  0]LogD3D11RHI:     GPU DeviceId: 0x1c8d (for the marketing name, search the web for "GPU Device Id")
[2020.08.07-13.33.11:543][  0]LogWindows: EnumDisplayDevices:
[2020.08.07-13.33.11:543][  0]LogWindows:    0. 'Intel(R) HD Graphics 630' (P:1 D:1)
[2020.08.07-13.33.11:543][  0]LogWindows:    1. 'Intel(R) HD Graphics 630' (P:0 D:0)
[2020.08.07-13.33.11:544][  0]LogWindows:    2. 'Intel(R) HD Graphics 630' (P:0 D:0)
[2020.08.07-13.33.11:544][  0]LogWindows:    3. 'NVIDIA GeForce GTX 1050' (P:0 D:0)
[2020.08.07-13.33.11:544][  0]LogWindows: DebugString: PrimaryIsNotTheChoosenAdapter PrimaryIsNotTheChoosenAdapter PrimaryIsNotTheChoosenAdapter 
[2020.08.07-13.33.11:544][  0]LogD3D11RHI:     Adapter Name: NVIDIA GeForce GTX 1050
[2020.08.07-13.33.11:544][  0]LogD3D11RHI:   Driver Version: 442.23 (internal:26.21.14.4223, unified:442.23)
[2020.08.07-13.33.11:544][  0]LogD3D11RHI:      Driver Date: 1-31-2020
[2020.08.07-13.33.11:544][  0]LogRHI: Texture pool is 2813 MB (70% of 4019 MB)
[2020.08.07-13.33.11:592][  0]LogD3D11RHI: RHI has support for 64 bit atomics
[2020.08.07-13.33.11:592][  0]LogD3D11RHI: Async texture creation enabled
[2020.08.07-13.33.11:609][  0]LogD3D11RHI: GPU Timing Frequency: 1000.000000 (Debug: 2 1)
[2020.08.07-13.33.11:932][  0]LogTargetPlatformManager: Display: Loaded TargetPlatform 'AllDesktop'
[2020.08.07-13.33.11:967][  0]LogTargetPlatformManager: Display: Loaded TargetPlatform 'Android'
[2020.08.07-13.33.11:967][  0]LogTargetPlatformManager: Display: Loaded TargetPlatform 'Android_ASTC'
[2020.08.07-13.33.11:967][  0]LogTargetPlatformManager: Display: Loaded TargetPlatform 'Android_ATC'
[2020.08.07-13.33.11:967][  0]LogTargetPlatformManager: Display: Loaded TargetPlatform 'Android_DXT'
[2020.08.07-13.33.11:967][  0]LogTargetPlatformManager: Display: Loaded TargetPlatform 'Android_ETC1'
[2020.08.07-13.33.11:967][  0]LogTargetPlatformManager: Display: Loaded TargetPlatform 'Android_ETC1a'
[2020.08.07-13.33.11:967][  0]LogTargetPlatformManager: Display: Loaded TargetPlatform 'Android_ETC2'
[2020.08.07-13.33.11:967][  0]LogTargetPlatformManager: Display: Loaded TargetPlatform 'Android_PVRTC'
[2020.08.07-13.33.11:967][  0]LogTargetPlatformManager: Display: Loaded TargetPlatform 'AndroidClient'
[2020.08.07-13.33.11:967][  0]LogTargetPlatformManager: Display: Loaded TargetPlatform 'Android_ASTCClient'
[2020.08.07-13.33.11:967][  0]LogTargetPlatformManager: Display: Loaded TargetPlatform 'Android_ATCClient'
[2020.08.07-13.33.11:967][  0]LogTargetPlatformManager: Display: Loaded TargetPlatform 'Android_DXTClient'
[2020.08.07-13.33.11:967][  0]LogTargetPlatformManager: Display: Loaded TargetPlatform 'Android_ETC1Client'
[2020.08.07-13.33.11:967][  0]LogTargetPlatformManager: Display: Loaded TargetPlatform 'Android_ETC1aClient'
[2020.08.07-13.33.11:967][  0]LogTargetPlatformManager: Display: Loaded TargetPlatform 'Android_ETC2Client'
[2020.08.07-13.33.11:967][  0]LogTargetPlatformManager: Display: Loaded TargetPlatform 'Android_PVRTCClient'
[2020.08.07-13.33.11:967][  0]LogTargetPlatformManager: Display: Loaded TargetPlatform 'Android_Multi'
[2020.08.07-13.33.11:967][  0]LogTargetPlatformManager: Display: Loaded TargetPlatform 'Android_MultiClient'
[2020.08.07-13.33.11:985][  0]LogTargetPlatformManager: Display: Loaded TargetPlatform 'IOSClient'
[2020.08.07-13.33.11:985][  0]LogTargetPlatformManager: Display: Loaded TargetPlatform 'IOS'
[2020.08.07-13.33.11:993][  0]LogTargetPlatformManager: Display: Loaded TargetPlatform 'LinuxNoEditor'
[2020.08.07-13.33.12:001][  0]LogTargetPlatformManager: Display: Loaded TargetPlatform 'LinuxClient'
[2020.08.07-13.33.12:009][  0]LogTargetPlatformManager: Display: Loaded TargetPlatform 'LinuxServer'
[2020.08.07-13.33.12:017][  0]LogTargetPlatformManager: Display: Loaded TargetPlatform 'LinuxAArch64NoEditor'
[2020.08.07-13.33.12:024][  0]LogTargetPlatformManager: Display: Loaded TargetPlatform 'LinuxAArch64Client'
[2020.08.07-13.33.12:031][  0]LogTargetPlatformManager: Display: Loaded TargetPlatform 'LinuxAArch64Server'
[2020.08.07-13.33.12:057][  0]LogTargetPlatformManager: Display: Loaded TargetPlatform 'Lumin'
[2020.08.07-13.33.12:057][  0]LogTargetPlatformManager: Display: Loaded TargetPlatform 'LuminClient'
[2020.08.07-13.33.12:072][  0]LogTargetPlatformManager: Display: Loaded TargetPlatform 'TVOSClient'
[2020.08.07-13.33.12:072][  0]LogTargetPlatformManager: Display: Loaded TargetPlatform 'TVOS'
[2020.08.07-13.33.12:080][  0]LogTargetPlatformManager: Display: Loaded TargetPlatform 'WindowsNoEditor'
[2020.08.07-13.33.12:088][  0]LogTargetPlatformManager: Display: Loaded TargetPlatform 'Windows'
[2020.08.07-13.33.12:096][  0]LogTargetPlatformManager: Display: Loaded TargetPlatform 'WindowsClient'
[2020.08.07-13.33.12:104][  0]LogTargetPlatformManager: Display: Loaded TargetPlatform 'WindowsServer'
[2020.08.07-13.33.12:104][  0]LogTargetPlatformManager: Display: Building Assets For Windows
[2020.08.07-13.33.12:107][  0]LogAudioDebug: Display: Lib vorbis DLL was dynamically loaded.
[2020.08.07-13.33.12:131][  0]LogShaderCompilers: Guid format shader working directory is -20 characters bigger than the processId version (../../../../../../Users/harsh.DESKTOP-UNEK68K/Desktop/Multiplayer/PuzzlePlatforms/Intermediate/Shaders/WorkingDirectory/19368/).
[2020.08.07-13.33.12:131][  0]LogShaderCompilers: Cleaned the shader compiler working directory 'C:/Users/harsh.DESKTOP-UNEK68K/AppData/Local/Temp/UnrealShaderWorkingDir/E804007D4CF23768AC89F7BB68F22358/'.
[2020.08.07-13.33.12:131][  0]LogXGEController: Cleaning working directory: C:/Users/harsh.DESKTOP-UNEK68K/AppData/Local/Temp/UnrealXGEWorkingDir/
[2020.08.07-13.33.12:132][  0]LogXGEController: Cannot use XGE Controller as Incredibuild is not installed on this machine.
[2020.08.07-13.33.12:132][  0]LogShaderCompilers: Cannot use XGE Shader Compiler as Incredibuild is not installed on this machine.
[2020.08.07-13.33.12:132][  0]LogShaderCompilers: Display: Using Local Shader Compiler.
[2020.08.07-13.33.12:949][  0]LogDerivedDataCache: Display: Max Cache Size: 512 MB
[2020.08.07-13.33.13:029][  0]LogDerivedDataCache: Loaded boot cache 0.08s 83MB C:/Users/harsh.DESKTOP-UNEK68K/AppData/Local/UnrealEngine/4.24/DerivedDataCache/Boot.ddc.
[2020.08.07-13.33.13:029][  0]LogDerivedDataCache: Display: Loaded Boot cache: C:/Users/harsh.DESKTOP-UNEK68K/AppData/Local/UnrealEngine/4.24/DerivedDataCache/Boot.ddc
[2020.08.07-13.33.13:029][  0]LogDerivedDataCache: FDerivedDataBackendGraph:  Pak pak cache file ../../../../../../Users/harsh.DESKTOP-UNEK68K/Desktop/Multiplayer/PuzzlePlatforms/DerivedDataCache/DDC.ddp not found, will not use a pak cache.
[2020.08.07-13.33.13:029][  0]LogDerivedDataCache: Unable to find inner node Pak for hierarchical cache Hierarchy.
[2020.08.07-13.33.13:029][  0]LogDerivedDataCache: FDerivedDataBackendGraph:  CompressedPak pak cache file ../../../../../../Users/harsh.DESKTOP-UNEK68K/Desktop/Multiplayer/PuzzlePlatforms/DerivedDataCache/Compressed.ddp not found, will not use a pak cache.
[2020.08.07-13.33.13:029][  0]LogDerivedDataCache: Unable to find inner node CompressedPak for hierarchical cache Hierarchy.
[2020.08.07-13.33.13:041][  0]LogDerivedDataCache: Display: Pak cache opened for reading ../../../Engine/DerivedDataCache/Compressed.ddp.
[2020.08.07-13.33.13:042][  0]LogDerivedDataCache: FDerivedDataBackendGraph:  EnterprisePak pak cache file ../../../Enterprise/DerivedDataCache/Compressed.ddp not found, will not use a pak cache.
[2020.08.07-13.33.13:042][  0]LogDerivedDataCache: Unable to find inner node EnterprisePak for hierarchical cache Hierarchy.
[2020.08.07-13.33.13:043][  0]LogDerivedDataCache: Using Local data cache path C:/Users/harsh.DESKTOP-UNEK68K/AppData/Local/UnrealEngine/Common/DerivedDataCache: Writable
[2020.08.07-13.33.13:043][  0]LogDerivedDataCache: Shared data cache path not found in *engine.ini, will not use an Shared cache.
[2020.08.07-13.33.13:043][  0]LogDerivedDataCache: Unable to find inner node Shared for hierarchical cache Hierarchy.
[2020.08.07-13.33.13:073][  0]LogMaterial: Verifying Global Shaders for PCD3D_SM5
[2020.08.07-13.33.13:076][  0]LogSlate: Using FreeType 2.10.0
[2020.08.07-13.33.13:076][  0]LogSlate: SlateFontServices - WITH_FREETYPE: 1, WITH_HARFBUZZ: 1
[2020.08.07-13.33.13:133][  0]LogAssetRegistry: FAssetRegistry took 0.0026 seconds to start up
[2020.08.07-13.33.13:451][  0]LogInit: Selected Device Profile: [Windows]
[2020.08.07-13.33.13:617][  0]LogMeshReduction: Using QuadricMeshReduction for automatic static mesh reduction
[2020.08.07-13.33.13:617][  0]LogMeshReduction: Using SimplygonMeshReduction for automatic skeletal mesh reduction
[2020.08.07-13.33.13:617][  0]LogMeshReduction: Using ProxyLODMeshReduction for automatic mesh merging
[2020.08.07-13.33.13:617][  0]LogMeshReduction: No distributed automatic mesh merging module available
[2020.08.07-13.33.13:617][  0]LogMeshMerging: No distributed automatic mesh merging module available
[2020.08.07-13.33.13:629][  0]LogNetVersion: PuzzlePlatforms 1.0.0, NetCL: 10570792, EngineNetVer: 13, GameNetVer: 0 (Checksum: 2226377169)
[2020.08.07-13.33.14:800][  0]LogPackageLocalizationCache: Processed 10 localized package path(s) for 1 prioritized culture(s) in 0.042119 seconds
[2020.08.07-13.33.14:810][  0]LogUObjectArray: 46750 objects as part of root set at end of initial load.
[2020.08.07-13.33.14:810][  0]LogUObjectAllocator: 8137160 out of 0 bytes used by permanent object pool.
[2020.08.07-13.33.14:810][  0]LogUObjectArray: CloseDisregardForGC: 0/0 objects in disregard for GC pool
[2020.08.07-13.33.15:239][  0]LogTcpMessaging: Initializing TcpMessaging bridge
[2020.08.07-13.33.15:242][  0]LogUdpMessaging: Initializing bridge on interface 0.0.0.0:0 to multicast group 230.0.0.1:6666.
[2020.08.07-13.33.15:323][  0]LogStats: FPlatformStackWalk::StackWalkAndDump -  0.038 s
[2020.08.07-13.33.15:324][  0]LogOutputDevice: Error: === Handled ensure: ===
[2020.08.07-13.33.15:324][  0]LogOutputDevice: Error: 
[2020.08.07-13.33.15:324][  0]LogOutputDevice: Error: Ensure condition failed: MenuBPClass.Class = nullptr [File:C:\Users\harsh.DESKTOP-UNEK68K\Desktop\Multiplayer\PuzzlePlatforms\Source\PuzzlePlatforms\PuzzlePlatformsGameInstance.cpp] [Line: 16]
[2020.08.07-13.33.15:324][  0]LogOutputDevice: Error: 
[2020.08.07-13.33.15:324][  0]LogOutputDevice: Error: Stack: 
[2020.08.07-13.33.15:324][  0]LogOutputDevice: Error: [Callstack] 0x00007ffe32ef0da8 UE4Editor-PuzzlePlatforms-6000.dll!<lambda_4e9e39f394e08ddc81fdcb3ad102c5d2>::operator()() [c:\users\harsh.desktop-unek68k\desktop\multiplayer\puzzleplatforms\source\puzzleplatforms\puzzleplatformsgameinstance.cpp:16]
[2020.08.07-13.33.15:324][  0]LogOutputDevice: Error: [Callstack] 0x00007ffe32ee7d54 UE4Editor-PuzzlePlatforms-6000.dll!UPuzzlePlatformsGameInstance::UPuzzlePlatformsGameInstance() [c:\users\harsh.desktop-unek68k\desktop\multiplayer\puzzleplatforms\source\puzzleplatforms\puzzleplatformsgameinstance.cpp:16]
[2020.08.07-13.33.15:324][  0]LogOutputDevice: Error: [Callstack] 0x00007ffe53d6191a UE4Editor-CoreUObject.dll!UnknownFunction []
[2020.08.07-13.33.15:324][  0]LogOutputDevice: Error: [Callstack] 0x00007ffe53ff1daf UE4Editor-CoreUObject.dll!UnknownFunction []
[2020.08.07-13.33.15:324][  0]LogOutputDevice: Error: [Callstack] 0x00007ffe53fd116f UE4Editor-CoreUObject.dll!UnknownFunction []
[2020.08.07-13.33.15:324][  0]LogOutputDevice: Error: [Callstack] 0x00007ffe53f05785 UE4Editor-CoreUObject.dll!UnknownFunction []
[2020.08.07-13.33.15:324][  0]LogOutputDevice: Error: [Callstack] 0x00007ffe545bc487 UE4Editor-Core.dll!UnknownFunction []
[2020.08.07-13.33.15:324][  0]LogOutputDevice: Error: [Callstack] 0x00007ffe545daa1b UE4Editor-Core.dll!UnknownFunction []
[2020.08.07-13.33.15:324][  0]LogOutputDevice: Error: [Callstack] 0x00007ffeaa0daf37 UE4Editor-Projects.dll!UnknownFunction []
[2020.08.07-13.33.15:324][  0]LogOutputDevice: Error: [Callstack] 0x00007ffeaa0db229 UE4Editor-Projects.dll!UnknownFunction []
[2020.08.07-13.33.15:324][  0]LogOutputDevice: Error: [Callstack] 0x00007ff6f7f0f671 UE4Editor.exe!UnknownFunction []
[2020.08.07-13.33.15:324][  0]LogOutputDevice: Error: [Callstack] 0x00007ff6f7f1204b UE4Editor.exe!UnknownFunction []
[2020.08.07-13.33.15:324][  0]LogOutputDevice: Error: [Callstack] 0x00007ff6f7f0c17c UE4Editor.exe!UnknownFunction []
[2020.08.07-13.33.15:324][  0]LogOutputDevice: Error: [Callstack] 0x00007ff6f7f0c4ca UE4Editor.exe!UnknownFunction []
[2020.08.07-13.33.15:324][  0]LogOutputDevice: Error: [Callstack] 0x00007ff6f7f1ceae UE4Editor.exe!UnknownFunction []
[2020.08.07-13.33.15:324][  0]LogOutputDevice: Error: [Callstack] 0x00007ff6f7f1fcbe UE4Editor.exe!UnknownFunction []
[2020.08.07-13.33.15:324][  0]LogOutputDevice: Error: [Callstack] 0x00007ffebc547bd4 KERNEL32.DLL!UnknownFunction []
[2020.08.07-13.33.15:324][  0]LogOutputDevice: Error: [Callstack] 0x00007ffebc8ace51 ntdll.dll!UnknownFunction []
[2020.08.07-13.33.15:324][  0]LogOutputDevice: Error: 
[2020.08.07-13.33.15:333][  0]LogStats:                SubmitErrorReport -  0.000 s
[2020.08.07-13.33.16:163][  0]LogStats:                    SendNewReport -  0.831 s
[2020.08.07-13.33.16:163][  0]LogStats:             FDebug::EnsureFailed -  0.878 s
[2020.08.07-13.33.16:355][  0]SourceControl: Source control is disabled
[2020.08.07-13.33.16:355][  0]SourceControl: Source control is disabled
[2020.08.07-13.33.16:356][  0]SourceControl: Source control is disabled
[2020.08.07-13.33.16:357][  0]SourceControl: Source control is disabled
[2020.08.07-13.33.16:358][  0]SourceControl: Source control is disabled
[2020.08.07-13.33.16:456][  0]LogAndroidPermission: UAndroidPermissionCallbackProxy::GetInstance
[2020.08.07-13.33.16:467][  0]LogAudioCaptureCore: Display: No Audio Capture implementations found. Audio input will be silent.
[2020.08.07-13.33.16:467][  0]LogAudioCaptureCore: Display: No Audio Capture implementations found. Audio input will be silent.
[2020.08.07-13.33.16:569][  0]LogOcInput: OculusInput pre-init called
[2020.08.07-13.33.16:578][  0]LogWindows: Failed to load 'OVRPlugin.dll' (GetLastError=126)
[2020.08.07-13.33.16:578][  0]LogWindows: File 'OVRPlugin.dll' does not exist
[2020.08.07-13.33.16:656][  0]LogEngine: Initializing Engine...
[2020.08.07-13.33.16:657][  0]LogHMD: Failed to initialize OpenVR with code 110
[2020.08.07-13.33.16:658][  0]LogStats: UGameplayTagsManager::InitializeManager -  0.000 s
[2020.08.07-13.33.17:062][  0]LogInit: Initializing FReadOnlyCVARCache
[2020.08.07-13.33.17:069][  0]LogAIModule: Creating AISystem for world Untitled
[2020.08.07-13.33.17:103][  0]LogAudioMixer: Display: Audio Mixer Platform Settings:
[2020.08.07-13.33.17:103][  0]LogAudioMixer: Display: 	Sample Rate:						  48000
[2020.08.07-13.33.17:103][  0]LogAudioMixer: Display: 	Callback Buffer Frame Size Requested: 1024
[2020.08.07-13.33.17:103][  0]LogAudioMixer: Display: 	Callback Buffer Frame Size To Use:	  1024
[2020.08.07-13.33.17:103][  0]LogAudioMixer: Display: 	Number of buffers to queue:			  2
[2020.08.07-13.33.17:103][  0]LogAudioMixer: Display: 	Max Channels (voices):				  32
[2020.08.07-13.33.17:103][  0]LogAudioMixer: Display: 	Number of Async Source Workers:		  0
[2020.08.07-13.33.17:103][  0]LogAudio: Display: AudioDevice MaxSources: 32
[2020.08.07-13.33.17:104][  0]LogAudio: Display: Using built-in audio occlusion.
[2020.08.07-13.33.17:104][  0]LogAudioMixer: Display: Initializing audio mixer.
[2020.08.07-13.33.17:126][  0]LogAudioMixer: Display: Audio Device Output Speaker Info:
[2020.08.07-13.33.17:126][  0]LogAudioMixer: Display: Name: Speakers / Headphones (Realtek Audio)
[2020.08.07-13.33.17:126][  0]LogAudioMixer: Display: Is Default: Yes
[2020.08.07-13.33.17:126][  0]LogAudioMixer: Display: Sample Rate: 48000
[2020.08.07-13.33.17:126][  0]LogAudioMixer: Display: Channel Count Used: 2
[2020.08.07-13.33.17:126][  0]LogAudioMixer: Display: Device Channel Count: 2
[2020.08.07-13.33.17:126][  0]LogAudioMixer: Display: Channel Order:
[2020.08.07-13.33.17:126][  0]LogAudioMixer: Display: 0: FrontLeft
[2020.08.07-13.33.17:126][  0]LogAudioMixer: Display: 1: FrontRight
[2020.08.07-13.33.17:233][  0]LogAudioMixer: Display: Using Audio Device Speakers / Headphones (Realtek Audio)
[2020.08.07-13.33.17:242][  0]LogInit: FAudioDevice initialized.
[2020.08.07-13.33.17:242][  0]LogNetVersion: Set ProjectVersion to 1.0.0.0. Version Checksum will be recalculated on next use.
[2020.08.07-13.33.17:351][  0]LogDerivedDataCache: Saved boot cache 0.11s 83MB C:/Users/harsh.DESKTOP-UNEK68K/AppData/Local/UnrealEngine/4.24/DerivedDataCache/Boot.ddc.
[2020.08.07-13.33.17:357][  0]LogInit: Texture streaming: Enabled
[2020.08.07-13.33.17:369][  0]LogEngineSessionManager: EngineSessionManager initialized
[2020.08.07-13.33.17:369][  0]LogEngineSessionManager: EngineSessionManager sent abnormal shutdown report. Type=Crashed, SessionId={2E1C0605-4E7D-8632-8CDC-E7BDA3093A14}
[2020.08.07-13.33.17:369][  0]LogEditorSessionSummary: Verbose: Initializing EditorSessionSummaryWriter for editor session tracking
[2020.08.07-13.33.17:371][  0]LogEditorSessionSummary: EditorSessionSummaryWriter initialized
[2020.08.07-13.33.17:418][  0]LogInit: Transaction tracking system initialized
[2020.08.07-13.33.17:431][  0]BlueprintLog: New page: Editor Load
[2020.08.07-13.33.17:466][  0]LocalizationService: Localization service is disabled
[2020.08.07-13.33.18:152][  0]LogFileCache: Scanning file cache for directory 'C:/Users/harsh.DESKTOP-UNEK68K/Desktop/Multiplayer/PuzzlePlatforms/Content/' took 0.01s
[2020.08.07-13.33.18:152][  0]LogCook: Display: Max memory allowance for cook 16384mb min free memory 0mb
[2020.08.07-13.33.18:152][  0]LogCook: Display: Mobile HDR setting 1
[2020.08.07-13.33.18:870][  0]SourceControl: Source control is disabled
[2020.08.07-13.33.18:870][  0]Cmd: MAP LOAD FILE="../../../../../../Users/harsh.DESKTOP-UNEK68K/Desktop/Multiplayer/PuzzlePlatforms/Content/ThirdPersonCPP/Maps/ThirdPersonExampleMap.umap" TEMPLATE=0 SHOWPROGRESS=1 FEATURELEVEL=3
[2020.08.07-13.33.18:871][  0]LightingResults: New page: Lighting Build
[2020.08.07-13.33.18:871][  0]LogWorld: UWorld::CleanupWorld for Untitled, bSessionEnded=true, bCleanupResources=true
[2020.08.07-13.33.18:871][  0]LogSlate: InvalidateAllWidgets triggered.  All widgets were invalidated
[2020.08.07-13.33.18:871][  0]MapCheck: New page: Map Check
[2020.08.07-13.33.18:872][  0]LightingResults: New page: Lighting Build
[2020.08.07-13.33.18:901][  0]LogUObjectHash: Compacting FUObjectHashTables data took   2.45ms
[2020.08.07-13.33.19:016][  0]LogAIModule: Creating AISystem for world ThirdPersonExampleMap
[2020.08.07-13.33.19:023][  0]LogEditorServer: Finished looking for orphan Actors (0.000 secs)
[2020.08.07-13.33.19:050][  0]LogUObjectHash: Compacting FUObjectHashTables data took   2.50ms
[2020.08.07-13.33.19:050][  0]Cmd: MAP CHECKDEP NOCLEARLOG
[2020.08.07-13.33.19:050][  0]MapCheck: Map check complete: 0 Error(s), 0 Warning(s), took 0.117ms to complete.
[2020.08.07-13.33.19:050][  0]LogFileHelpers: Loading map 'ThirdPersonExampleMap' took 0.180
[2020.08.07-13.33.19:209][  0]LogSlate: Updating window title bar state: overlay mode, drag disabled, window buttons hidden, title bar hidden
[2020.08.07-13.33.19:216][  0]LogSlate: Updating window title bar state: overlay mode, drag disabled, window buttons hidden, title bar hidden
[2020.08.07-13.33.19:224][  0]LogSlate: Updating window title bar state: overlay mode, drag disabled, window buttons hidden, title bar hidden
[2020.08.07-13.33.19:231][  0]LogSlate: Updating window title bar state: overlay mode, drag disabled, window buttons hidden, title bar hidden
[2020.08.07-13.33.19:236][  0]LogCollectionManager: Loaded 0 collections in 0.001035 seconds
[2020.08.07-13.33.19:252][  0]LogFileCache: Scanning file cache for directory 'C:/Users/harsh.DESKTOP-UNEK68K/Desktop/Multiplayer/PuzzlePlatforms/Saved/Collections/' took 0.00s
[2020.08.07-13.33.19:252][  0]LogFileCache: Scanning file cache for directory 'C:/Users/harsh.DESKTOP-UNEK68K/Desktop/Multiplayer/PuzzlePlatforms/Content/Developers/harsh/Collections/' took 0.00s
[2020.08.07-13.33.19:252][  0]LogFileCache: Scanning file cache for directory 'C:/Users/harsh.DESKTOP-UNEK68K/Desktop/Multiplayer/PuzzlePlatforms/Content/Collections/' took 0.00s
[2020.08.07-13.33.19:252][  0]LogContentBrowser: Native class hierarchy populated in 0.0094 seconds. Added 3024 classes and 723 folders.
[2020.08.07-13.33.19:256][  0]LogContentBrowser: Native class hierarchy updated for 'WidgetCarousel' in 0.0004 seconds. Added 0 classes and 0 folders.
[2020.08.07-13.33.19:314][  0]LogContentBrowser: Native class hierarchy updated for 'AddContentDialog' in 0.0004 seconds. Added 0 classes and 0 folders.
[2020.08.07-13.33.19:378][  0]LogSlate: Warning: The tab "LiveLink" attempted to spawn but failed for some reason. It will not be displayed but it will still be saved in the layout settings file.
[2020.08.07-13.33.19:424][  0]LogSlate: Took 0.000145 seconds to synchronously load lazily loaded font '../../../Engine/Content/Slate/Fonts/Roboto-Regular.ttf' (155K)
[2020.08.07-13.33.19:426][  0]LogSlate: Took 0.000138 seconds to synchronously load lazily loaded font '../../../Engine/Content/Slate/Fonts/Roboto-Bold.ttf' (160K)
[2020.08.07-13.33.19:432][  0]LogSlate: Took 0.000143 seconds to synchronously load lazily loaded font '../../../Engine/Content/Editor/Slate/Fonts/FontAwesome.ttf' (139K)
[2020.08.07-13.33.19:520][  0]LogRenderer: Reallocating scene render targets to support 836x324 Format 10 NumSamples 1 (Frame:1).
[2020.08.07-13.33.19:697][  0]LogContentBrowser: Native class hierarchy updated for 'HierarchicalLODOutliner' in 0.0005 seconds. Added 0 classes and 0 folders.
[2020.08.07-13.33.19:697][  0]LogLoad: (Engine Initialization) Total time: 10.40 seconds
[2020.08.07-13.33.19:697][  0]LogLoad: (Engine Initialization) Total Blueprint compile time: 0.00 seconds
[2020.08.07-13.33.19:902][  0]LogAssetRegistry: Asset discovery search completed in 6.7692 seconds
[2020.08.07-13.33.19:906][  0]LogCollectionManager: Fixed up redirectors for 0 collections in 0.000013 seconds (updated 0 objects)
[2020.08.07-13.33.19:908][  0]LogContentStreaming: Texture pool size now 1000 MB
[2020.08.07-13.33.19:963][  0]LogRenderer: Reallocating scene render targets to support 836x340 Format 10 NumSamples 1 (Frame:2).
[2020.08.07-13.33.19:963][  0]LogSlate: Took 0.000139 seconds to synchronously load lazily loaded font '../../../Engine/Content/Slate/Fonts/Roboto-Light.ttf' (167K)
[2020.08.07-13.33.20:738][ 52]LogSlate: Took 0.000211 seconds to synchronously load lazily loaded font '../../../Engine/Content/Slate/Fonts/Roboto-Light.ttf' (167K)
[2020.08.07-13.33.26:116][422]LogAssetEditorSubsystem: Opening Asset editor for WidgetBlueprint /Game/MenuSystem/WBP_MainMenu.WBP_MainMenu
[2020.08.07-13.33.26:365][422]LogContentBrowser: Native class hierarchy updated for 'BlueprintGraph' in 0.0008 seconds. Added 121 classes and 0 folders.
[2020.08.07-13.33.27:723][422]LogSlate: Took 0.000152 seconds to synchronously load lazily loaded font '../../../Engine/Content/Slate/Fonts/Roboto-BoldCondensed.ttf' (158K)
[2020.08.07-13.33.29:760][519]LogSlate: Window 'WBP_MainMenu' being destroyed
[2020.08.07-13.33.29:778][520]LogRenderer: Reallocating scene render targets to support 1044x424 Format 10 NumSamples 1 (Frame:479).
[2020.08.07-13.33.31:705][667]LogAIModule: Creating AISystem for world MainMenu
[2020.08.07-13.33.31:707][667]LogAssetEditorSubsystem: Opening Asset editor for World /Game/MenuSystem/MainMenu.MainMenu
[2020.08.07-13.33.31:774][667]LogUObjectHash: Compacting FUObjectHashTables data took   5.90ms
[2020.08.07-13.33.31:776][667]Cmd: MAP LOAD FILE="../../../../../../Users/harsh.DESKTOP-UNEK68K/Desktop/Multiplayer/PuzzlePlatforms/Content/MenuSystem/MainMenu.umap" TEMPLATE=0 SHOWPROGRESS=1 FEATURELEVEL=3
[2020.08.07-13.33.31:777][667]LightingResults: New page: Lighting Build
[2020.08.07-13.33.31:777][667]LoadErrors: New page: Loading map: MainMenu.umap
[2020.08.07-13.33.31:778][667]LogWorld: UWorld::CleanupWorld for ThirdPersonExampleMap, bSessionEnded=true, bCleanupResources=true
[2020.08.07-13.33.31:778][667]LogSlate: InvalidateAllWidgets triggered.  All widgets were invalidated
[2020.08.07-13.33.31:778][667]MapCheck: New page: Map Check
[2020.08.07-13.33.31:778][667]LightingResults: New page: Lighting Build
[2020.08.07-13.33.31:820][667]LogUObjectHash: Compacting FUObjectHashTables data took   4.40ms
[2020.08.07-13.33.31:924][667]LogEditorServer: Finished looking for orphan Actors (0.000 secs)
[2020.08.07-13.33.31:957][667]LogUObjectHash: Compacting FUObjectHashTables data took   3.36ms
[2020.08.07-13.33.31:979][667]Cmd: MAP CHECKDEP NOCLEARLOG
[2020.08.07-13.33.31:979][667]MapCheck: Map check complete: 0 Error(s), 0 Warning(s), took 0.103ms to complete.
[2020.08.07-13.33.31:979][667]LogFileHelpers: Loading map 'MainMenu' took 0.204
[2020.08.07-13.33.34:892][895]LogUObjectHash: Compacting FUObjectHashTables data took   3.86ms
[2020.08.07-13.33.37:181][107]LogTemp: Repeating last play command: New Editor Window (PIE)
[2020.08.07-13.33.37:203][107]LogBlueprintUserMessages: Early PlayInEditor Detection: Level '/Game/MenuSystem/MainMenu.MainMenu:PersistentLevel' has LevelScriptBlueprint '/Game/MenuSystem/MainMenu.MainMenu:PersistentLevel.MainMenu' with GeneratedClass '/Game/MenuSystem/MainMenu.MainMenu_C' with ClassGeneratedBy '/Game/MenuSystem/MainMenu.MainMenu:PersistentLevel.MainMenu'
[2020.08.07-13.33.37:203][107]LogPlayLevel: PlayLevel: No blueprints needed recompiling
[2020.08.07-13.33.37:203][107]PIE: New page: PIE session: MainMenu (Aug 7, 2020, 3:33:37 PM)
[2020.08.07-13.33.37:205][107]LogOnline: OSS: Creating online subsystem instance for: NULL
[2020.08.07-13.33.37:206][107]LogOnline: OSS: TryLoadSubsystemAndSetDefault: Loaded subsystem for module [NULL]
[2020.08.07-13.33.37:206][107]LogPlayLevel: Creating play world package: /Game/MenuSystem/UEDPIE_0_MainMenu
[2020.08.07-13.33.37:208][107]LogPlayLevel: PIE: StaticDuplicateObject took: (0.001181s)
[2020.08.07-13.33.37:209][107]LogAIModule: Creating AISystem for world MainMenu
[2020.08.07-13.33.37:209][107]LogPlayLevel: PIE: World Init took: (0.001202s)
[2020.08.07-13.33.37:209][107]LogPlayLevel: PIE: Created PIE world by copying editor world from /Game/MenuSystem/MainMenu.MainMenu to /Game/MenuSystem/UEDPIE_0_MainMenu.MainMenu (0.002596s)
[2020.08.07-13.33.37:244][107]LogUObjectHash: Compacting FUObjectHashTables data took   3.31ms
[2020.08.07-13.33.39:537][107]LogWindows: Error: === Critical error: ===
[2020.08.07-13.33.39:537][107]LogWindows: Error: 
[2020.08.07-13.33.39:537][107]LogWindows: Error: Unhandled Exception: EXCEPTION_ACCESS_VIOLATION reading address 0x00000018
[2020.08.07-13.33.39:537][107]LogWindows: Error: 
[2020.08.07-13.33.39:537][107]LogWindows: Error: [Callstack] 0x00007ffe32ee8a19 UE4Editor-PuzzlePlatforms-6000.dll!UPuzzlePlatformsGameInstance::Init() [c:\users\harsh.desktop-unek68k\desktop\multiplayer\puzzleplatforms\source\puzzleplatforms\puzzleplatformsgameinstance.cpp:23]
[2020.08.07-13.33.39:537][107]LogWindows: Error: [Callstack] 0x00007ffe43305a4d UE4Editor-Engine.dll!UnknownFunction []
[2020.08.07-13.33.39:537][107]LogWindows: Error: [Callstack] 0x00007ffe523ef7fe UE4Editor-UnrealEd.dll!UnknownFunction []
[2020.08.07-13.33.39:537][107]LogWindows: Error: [Callstack] 0x00007ffe52412746 UE4Editor-UnrealEd.dll!UnknownFunction []
[2020.08.07-13.33.39:537][107]LogWindows: Error: [Callstack] 0x00007ffe5242d1c5 UE4Editor-UnrealEd.dll!UnknownFunction []
[2020.08.07-13.33.39:537][107]LogWindows: Error: [Callstack] 0x00007ffe51efa5f5 UE4Editor-UnrealEd.dll!UnknownFunction []
[2020.08.07-13.33.39:537][107]LogWindows: Error: [Callstack] 0x00007ffe5275e3b6 UE4Editor-UnrealEd.dll!UnknownFunction []
[2020.08.07-13.33.39:537][107]LogWindows: Error: [Callstack] 0x00007ff6f7ef7f62 UE4Editor.exe!UnknownFunction []
[2020.08.07-13.33.39:537][107]LogWindows: Error: [Callstack] 0x00007ff6f7f0c3ec UE4Editor.exe!UnknownFunction []
[2020.08.07-13.33.39:537][107]LogWindows: Error: [Callstack] 0x00007ff6f7f0c4ca UE4Editor.exe!UnknownFunction []
[2020.08.07-13.33.39:537][107]LogWindows: Error: [Callstack] 0x00007ff6f7f1ceae UE4Editor.exe!UnknownFunction []
[2020.08.07-13.33.39:537][107]LogWindows: Error: [Callstack] 0x00007ff6f7f1fcbe UE4Editor.exe!UnknownFunction []
[2020.08.07-13.33.39:537][107]LogWindows: Error: [Callstack] 0x00007ffebc547bd4 KERNEL32.DLL!UnknownFunction []
[2020.08.07-13.33.39:537][107]LogWindows: Error: [Callstack] 0x00007ffebc8ace51 ntdll.dll!UnknownFunction []
[2020.08.07-13.33.39:537][107]LogWindows: Error: 
[2020.08.07-13.33.39:566][107]LogExit: Executing StaticShutdownAfterError
[2020.08.07-13.33.39:573][107]LogWindows: FPlatformMisc::RequestExit(1)
[2020.08.07-13.33.39:573][107]LogCore: Engine exit requested (reason: Win RequestExit)
[2020.08.07-13.33.39:585][107]Log file closed, 08/07/20 14:33:39
