Log file open, 08/04/20 01:14:24
LogWindows: Failed to load 'aqProf.dll' (GetLastError=126)
LogWindows: File 'aqProf.dll' does not exist
LogWindows: Failed to load 'VtuneApi.dll' (GetLastError=126)
LogWindows: File 'VtuneApi.dll' does not exist
LogWindows: Failed to load 'VtuneApi32e.dll' (GetLastError=126)
LogWindows: File 'VtuneApi32e.dll' does not exist
LogConsoleResponse: Display: Failed to find resolution value strings in scalability ini. Falling back to default.
LogInit: Display: Running engine for game: PuzzlePlatforms
LogPlatformFile: Not using cached read wrapper
LogTaskGraph: Started task graph with 5 named threads and 14 total threads with 3 sets of task threads.
LogStats: Stats thread started at 0.628711
LogD3D11RHI: Loaded GFSDK_Aftermath_Lib.x64.dll
LogICUInternationalization: ICU TimeZone Detection - Raw Offset: +0:00, Platform Override: ''
LogPluginManager: Mounting plugin Paper2D
LogPluginManager: Mounting plugin AISupport
LogPluginManager: Mounting plugin LightPropagationVolume
LogPluginManager: Mounting plugin ActorLayerUtilities
LogPluginManager: Mounting plugin AnimationSharing
LogPluginManager: Mounting plugin CLionSourceCodeAccess
LogPluginManager: Mounting plugin CodeLiteSourceCodeAccess
LogPluginManager: Mounting plugin GitSourceControl
LogPluginManager: Mounting plugin KDevelopSourceCodeAccess
LogPluginManager: Mounting plugin NullSourceCodeAccess
LogPluginManager: Mounting plugin PerforceSourceControl
LogPluginManager: Mounting plugin PlasticSourceControl
LogPluginManager: Mounting plugin SubversionSourceControl
LogPluginManager: Mounting plugin UObjectPlugin
LogPluginManager: Mounting plugin VisualStudioCodeSourceCodeAccess
LogPluginManager: Mounting plugin VisualStudioSourceCodeAccess
LogPluginManager: Mounting plugin XCodeSourceCodeAccess
LogPluginManager: Mounting plugin AssetManagerEditor
LogPluginManager: Mounting plugin CryptoKeys
LogPluginManager: Mounting plugin CurveEditorTools
LogPluginManager: Mounting plugin DataValidation
LogPluginManager: Mounting plugin FacialAnimation
LogPluginManager: Mounting plugin GameplayTagsEditor
LogPluginManager: Mounting plugin MacGraphicsSwitching
LogPluginManager: Mounting plugin MaterialAnalyzer
LogPluginManager: Mounting plugin MobileLauncherProfileWizard
LogPluginManager: Mounting plugin PluginBrowser
LogPluginManager: Mounting plugin SpeedTreeImporter
LogPluginManager: Mounting plugin DatasmithContent
LogPluginManager: Mounting plugin VariantManagerContent
LogPluginManager: Mounting plugin AlembicImporter
LogPluginManager: Mounting plugin AutomationUtils
LogPluginManager: Mounting plugin BackChannel
LogPluginManager: Mounting plugin CharacterAI
LogPluginManager: Mounting plugin GeometryCache
LogPluginManager: Mounting plugin PlatformCrypto
LogPluginManager: Mounting plugin ProxyLODPlugin
LogPluginManager: Mounting plugin SkeletalReduction
LogPluginManager: Mounting plugin MagicLeap
LogPluginManager: Mounting plugin MagicLeapMedia
LogPluginManager: Mounting plugin MLSDK
LogPluginManager: Mounting plugin AndroidMedia
LogPluginManager: Mounting plugin AvfMedia
LogPluginManager: Mounting plugin ImgMedia
LogPluginManager: Mounting plugin MediaCompositing
LogPluginManager: Mounting plugin MediaPlayerEditor
LogPluginManager: Mounting plugin WebMMedia
LogPluginManager: Mounting plugin WmfMedia
LogPluginManager: Mounting plugin TcpMessaging
LogPluginManager: Mounting plugin UdpMessaging
LogPluginManager: Mounting plugin ActorSequence
LogPluginManager: Mounting plugin LevelSequenceEditor
LogPluginManager: Mounting plugin MatineeToLevelSequence
LogPluginManager: Mounting plugin NetcodeUnitTest
LogPluginManager: Mounting plugin NUTUnrealEngine4
LogPluginManager: Mounting plugin OnlineSubsystemGooglePlay
LogPluginManager: Mounting plugin OnlineSubsystemIOS
LogPluginManager: Mounting plugin OnlineSubsystem
LogPluginManager: Mounting plugin OnlineSubsystemNull
LogPluginManager: Mounting plugin OnlineSubsystemUtils
LogPluginManager: Mounting plugin LauncherChunkInstaller
LogPluginManager: Mounting plugin AndroidDeviceProfileSelector
LogPluginManager: Mounting plugin AndroidMoviePlayer
LogPluginManager: Mounting plugin AndroidPermission
LogPluginManager: Mounting plugin AppleImageUtils
LogPluginManager: Mounting plugin AppleMoviePlayer
LogPluginManager: Mounting plugin ArchVisCharacter
LogPluginManager: Mounting plugin AssetTags
LogPluginManager: Mounting plugin AudioCapture
LogPluginManager: Mounting plugin CableComponent
LogPluginManager: Mounting plugin CustomMeshComponent
LogPluginManager: Mounting plugin EditableMesh
LogPluginManager: Mounting plugin ExampleDeviceProfileSelector
LogPluginManager: Mounting plugin GoogleCloudMessaging
LogPluginManager: Mounting plugin IOSDeviceProfileSelector
LogPluginManager: Mounting plugin LinuxDeviceProfileSelector
LogPluginManager: Mounting plugin LocationServicesBPLibrary
LogPluginManager: Mounting plugin MobilePatchingUtils
LogPluginManager: Mounting plugin OculusVR
LogPluginManager: Mounting plugin PhysXVehicles
LogPluginManager: Mounting plugin PostSplashScreen
LogPluginManager: Mounting plugin ProceduralMeshComponent
LogPluginManager: Mounting plugin RuntimePhysXCooking
LogPluginManager: Mounting plugin SignificanceManager
LogPluginManager: Mounting plugin SteamVR
LogPluginManager: Mounting plugin WebMMoviePlayer
LogPluginManager: Mounting plugin WindowsMoviePlayer
LogPluginManager: Mounting plugin ScreenshotTools
LogInit: Using libcurl 7.55.1-DEV
LogInit:  - built for x86_64-pc-win32
LogInit:  - supports SSL with OpenSSL/1.1.1
LogInit:  - supports HTTP deflate (compression) using libz 1.2.8
LogInit:  - other features:
LogInit:      CURL_VERSION_SSL
LogInit:      CURL_VERSION_LIBZ
LogInit:      CURL_VERSION_IPV6
LogInit:      CURL_VERSION_ASYNCHDNS
LogInit:      CURL_VERSION_LARGEFILE
LogInit:      CURL_VERSION_IDN
LogInit:  CurlRequestOptions (configurable via config and command line):
LogInit:  - bVerifyPeer = true  - Libcurl will verify peer certificate
LogInit:  - bUseHttpProxy = false  - Libcurl will NOT use HTTP proxy
LogInit:  - bDontReuseConnections = false  - Libcurl will reuse connections
LogInit:  - MaxHostConnections = 16  - Libcurl will limit the number of connections to a host
LogInit:  - LocalHostAddr = Default
LogInit:  - BufferSize = 65536
LogOnline: OSS: Creating online subsystem instance for: NULL
LogInit: WinSock: version 1.1 (2.2), MaxSocks=32767, MaxUdp=65467
LogOnline: OSS: TryLoadSubsystemAndSetDefault: Loaded subsystem for module [NULL]
LogInit: Build: ++UE4+Release-4.24-CL-11100242
LogInit: Engine Version: 4.24.2-11100242+++UE4+Release-4.24
LogInit: Compatible Engine Version: 4.24.0-10570792+++UE4+Release-4.24
LogInit: Net CL: 10570792
LogInit: OS: Windows 10 (Release 1909) (), CPU: Intel(R) Core(TM) i5-7300HQ CPU @ 2.50GHz, GPU: Intel(R) HD Graphics 630
LogInit: Compiled (64-bit): Jan 24 2020 02:05:53
LogInit: Compiled with Visual C++: 19.16.27032.01
LogInit: Build Configuration: Development
LogInit: Branch Name: ++UE4+Release-4.24
LogInit: Command Line:  192.168.1.7 -game -log
LogInit: Base Directory: C:/Program Files/Epic Games/UE_4.24/Engine/Binaries/Win64/
LogInit: Installed Engine Build: 1
LogDevObjectVersion: Number of dev versions registered: 25
LogDevObjectVersion:   Dev-Blueprints (B0D832E4-1F89-4F0D-ACCF-7EB736FD4AA2): 10
LogDevObjectVersion:   Dev-Build (E1C64328-A22C-4D53-A36C-8E866417BD8C): 0
LogDevObjectVersion:   Dev-Core (375EC13C-06E4-48FB-B500-84F0262A717E): 3
LogDevObjectVersion:   Dev-Editor (E4B068ED-F494-42E9-A231-DA0B2E46BB41): 37
LogDevObjectVersion:   Dev-Framework (CFFC743F-43B0-4480-9391-14DF171D2073): 36
LogDevObjectVersion:   Dev-Mobile (B02B49B5-BB20-44E9-A304-32B752E40360): 2
LogDevObjectVersion:   Dev-Networking (A4E4105C-59A1-49B5-A7C5-40C4547EDFEE): 0
LogDevObjectVersion:   Dev-Online (39C831C9-5AE6-47DC-9A44-9C173E1C8E7C): 0
LogDevObjectVersion:   Dev-Physics (78F01B33-EBEA-4F98-B9B4-84EACCB95AA2): 2
LogDevObjectVersion:   Dev-Platform (6631380F-2D4D-43E0-8009-CF276956A95A): 0
LogDevObjectVersion:   Dev-Rendering (12F88B9F-8875-4AFC-A67C-D90C383ABD29): 36
LogDevObjectVersion:   Dev-Sequencer (7B5AE74C-D270-4C10-A958-57980B212A5A): 11
LogDevObjectVersion:   Dev-VR (D7296918-1DD6-4BDD-9DE2-64A83CC13884): 2
LogDevObjectVersion:   Dev-LoadTimes (C2A15278-BFE7-4AFE-6C17-90FF531DF755): 1
LogDevObjectVersion:   Private-Geometry (6EACA3D4-40EC-4CC1-B786-8BED09428FC5): 3
LogDevObjectVersion:   Dev-AnimPhys (29E575DD-E0A3-4627-9D10-D276232CDCEA): 17
LogDevObjectVersion:   Dev-Anim (AF43A65D-7FD3-4947-9873-3E8ED9C1BB05): 2
LogDevObjectVersion:   Dev-ReflectionCapture (6B266CEC-1EC7-4B8F-A30B-E4D90942FC07): 1
LogDevObjectVersion:   Dev-Automation (0DF73D61-A23F-47EA-B727-89E90C41499A): 1
LogDevObjectVersion:   FortniteMain (601D1886-AC64-4F84-AA16-D3DE0DEAC7D6): 31
LogDevObjectVersion:   Dev-Enterprise (9DFFBCD6-494F-0158-E221-12823C92A888): 8
LogDevObjectVersion:   Dev-Niagara (F2AED0AC-9AFE-416F-8664-AA7FFA26D6FC): 1
LogDevObjectVersion:   Dev-Destruction (174F1F0B-B4C6-45A5-B13F-2EE8D0FB917D): 9
LogDevObjectVersion:   Dev-Physics-Ext (35F94A83-E258-406C-A318-09F59610247C): 8
LogDevObjectVersion:   Dev-CineCamera (B2E18506-4273-CFC2-A54E-F4BB758BBA07): 1
LogInit: Presizing for max 25165824 objects, including 0 objects not considered by GC, pre-allocating 0 bytes for permanent pool.
LogInit: Object subsystem initialized
LogConfig: Setting CVar [[con.DebugEarlyDefault:1]]
LogConfig: Setting CVar [[r.setres:1280x720]]
[2020.08.04-00.14.25:383][  0]LogConfig: Setting CVar [[con.DebugEarlyDefault:1]]
[2020.08.04-00.14.25:384][  0]LogConfig: Setting CVar [[r.setres:1280x720]]
[2020.08.04-00.14.25:385][  0]LogConfig: Applying CVar settings from Section [/Script/Engine.RendererSettings] File [C:/Users/harsh.DESKTOP-UNEK68K/Desktop/Multiplayer/PuzzlePlatforms/Saved/Config/Windows/Engine.ini]
[2020.08.04-00.14.25:385][  0]LogConfig: Setting CVar [[r.GPUCrashDebugging:0]]
[2020.08.04-00.14.25:385][  0]LogConfig: Applying CVar settings from Section [/Script/Engine.RendererOverrideSettings] File [C:/Users/harsh.DESKTOP-UNEK68K/Desktop/Multiplayer/PuzzlePlatforms/Saved/Config/Windows/Engine.ini]
[2020.08.04-00.14.25:386][  0]LogConfig: Applying CVar settings from Section [/Script/Engine.StreamingSettings] File [C:/Users/harsh.DESKTOP-UNEK68K/Desktop/Multiplayer/PuzzlePlatforms/Saved/Config/Windows/Engine.ini]
[2020.08.04-00.14.25:386][  0]LogConfig: Setting CVar [[s.MinBulkDataSizeForAsyncLoading:131072]]
[2020.08.04-00.14.25:387][  0]LogConfig: Setting CVar [[s.AsyncLoadingThreadEnabled:0]]
[2020.08.04-00.14.25:387][  0]LogConfig: Setting CVar [[s.EventDrivenLoaderEnabled:1]]
[2020.08.04-00.14.25:388][  0]LogConfig: Setting CVar [[s.WarnIfTimeLimitExceeded:0]]
[2020.08.04-00.14.25:389][  0]LogConfig: Setting CVar [[s.TimeLimitExceededMultiplier:1.5]]
[2020.08.04-00.14.25:390][  0]LogConfig: Setting CVar [[s.TimeLimitExceededMinTime:0.005]]
[2020.08.04-00.14.25:393][  0]LogConfig: Setting CVar [[s.UseBackgroundLevelStreaming:1]]
[2020.08.04-00.14.25:398][  0]LogConfig: Setting CVar [[s.PriorityAsyncLoadingExtraTime:15.0]]
[2020.08.04-00.14.25:398][  0]LogConfig: Setting CVar [[s.LevelStreamingActorsUpdateTimeLimit:5.0]]
[2020.08.04-00.14.25:399][  0]LogConfig: Setting CVar [[s.PriorityLevelStreamingActorsUpdateExtraTime:5.0]]
[2020.08.04-00.14.25:399][  0]LogConfig: Setting CVar [[s.LevelStreamingComponentsRegistrationGranularity:10]]
[2020.08.04-00.14.25:399][  0]LogConfig: Setting CVar [[s.UnregisterComponentsTimeLimit:1.0]]
[2020.08.04-00.14.25:400][  0]LogConfig: Setting CVar [[s.LevelStreamingComponentsUnregistrationGranularity:5]]
[2020.08.04-00.14.25:400][  0]LogConfig: Setting CVar [[s.FlushStreamingOnExit:1]]
[2020.08.04-00.14.25:401][  0]LogConfig: Applying CVar settings from Section [/Script/Engine.GarbageCollectionSettings] File [C:/Users/harsh.DESKTOP-UNEK68K/Desktop/Multiplayer/PuzzlePlatforms/Saved/Config/Windows/Engine.ini]
[2020.08.04-00.14.25:402][  0]LogConfig: Setting CVar [[gc.MaxObjectsNotConsideredByGC:1]]
[2020.08.04-00.14.25:402][  0]LogConfig: Setting CVar [[gc.SizeOfPermanentObjectPool:0]]
[2020.08.04-00.14.25:402][  0]LogConfig: Setting CVar [[gc.FlushStreamingOnGC:0]]
[2020.08.04-00.14.25:403][  0]LogConfig: Setting CVar [[gc.NumRetriesBeforeForcingGC:10]]
[2020.08.04-00.14.25:406][  0]LogConfig: Setting CVar [[gc.AllowParallelGC:1]]
[2020.08.04-00.14.25:412][  0]LogConfig: Setting CVar [[gc.TimeBetweenPurgingPendingKillObjects:61.1]]
[2020.08.04-00.14.25:413][  0]LogConfig: Setting CVar [[gc.MaxObjectsInEditor:25165824]]
[2020.08.04-00.14.25:413][  0]LogConfig: Setting CVar [[gc.IncrementalBeginDestroyEnabled:1]]
[2020.08.04-00.14.25:414][  0]LogConfig: Setting CVar [[gc.CreateGCClusters:1]]
[2020.08.04-00.14.25:415][  0]LogConfig: Setting CVar [[gc.MinGCClusterSize:5]]
[2020.08.04-00.14.25:415][  0]LogConfig: Setting CVar [[gc.ActorClusteringEnabled:0]]
[2020.08.04-00.14.25:416][  0]LogConfig: Setting CVar [[gc.BlueprintClusteringEnabled:0]]
[2020.08.04-00.14.25:416][  0]LogConfig: Setting CVar [[gc.UseDisregardForGCOnDedicatedServers:0]]
[2020.08.04-00.14.25:417][  0]LogConfig: Applying CVar settings from Section [/Script/Engine.NetworkSettings] File [C:/Users/harsh.DESKTOP-UNEK68K/Desktop/Multiplayer/PuzzlePlatforms/Saved/Config/Windows/Engine.ini]
[2020.08.04-00.14.25:417][  0]LogConfig: Applying CVar settings from Section [/Script/UnrealEd.CookerSettings] File [C:/Users/harsh.DESKTOP-UNEK68K/Desktop/Multiplayer/PuzzlePlatforms/Saved/Config/Windows/Engine.ini]
[2020.08.04-00.14.25:424][  0]LogConfig: Applying CVar settings from Section [ViewDistanceQuality@3] File [C:/Users/harsh.DESKTOP-UNEK68K/Desktop/Multiplayer/PuzzlePlatforms/Saved/Config/Windows/Scalability.ini]
[2020.08.04-00.14.25:425][  0]LogConfig: Setting CVar [[r.SkeletalMeshLODBias:0]]
[2020.08.04-00.14.25:426][  0]LogConfig: Setting CVar [[r.ViewDistanceScale:1.0]]
[2020.08.04-00.14.25:428][  0]LogConfig: Applying CVar settings from Section [AntiAliasingQuality@3] File [C:/Users/harsh.DESKTOP-UNEK68K/Desktop/Multiplayer/PuzzlePlatforms/Saved/Config/Windows/Scalability.ini]
[2020.08.04-00.14.25:428][  0]LogConfig: Setting CVar [[r.PostProcessAAQuality:4]]
[2020.08.04-00.14.25:429][  0]LogConfig: Applying CVar settings from Section [ShadowQuality@3] File [C:/Users/harsh.DESKTOP-UNEK68K/Desktop/Multiplayer/PuzzlePlatforms/Saved/Config/Windows/Scalability.ini]
[2020.08.04-00.14.25:430][  0]LogConfig: Setting CVar [[r.LightFunctionQuality:1]]
[2020.08.04-00.14.25:430][  0]LogConfig: Setting CVar [[r.ShadowQuality:5]]
[2020.08.04-00.14.25:430][  0]LogConfig: Setting CVar [[r.Shadow.CSM.MaxCascades:10]]
[2020.08.04-00.14.25:431][  0]LogConfig: Setting CVar [[r.Shadow.MaxResolution:2048]]
[2020.08.04-00.14.25:434][  0]LogConfig: Setting CVar [[r.Shadow.MaxCSMResolution:2048]]
[2020.08.04-00.14.25:435][  0]LogConfig: Setting CVar [[r.Shadow.RadiusThreshold:0.01]]
[2020.08.04-00.14.25:435][  0]LogConfig: Setting CVar [[r.Shadow.DistanceScale:1.0]]
[2020.08.04-00.14.25:436][  0]LogConfig: Setting CVar [[r.Shadow.CSM.TransitionScale:1.0]]
[2020.08.04-00.14.25:437][  0]LogConfig: Setting CVar [[r.Shadow.PreShadowResolutionFactor:1.0]]
[2020.08.04-00.14.25:438][  0]LogConfig: Setting CVar [[r.DistanceFieldShadowing:1]]
[2020.08.04-00.14.25:438][  0]LogConfig: Setting CVar [[r.DistanceFieldAO:1]]
[2020.08.04-00.14.25:440][  0]LogConfig: Setting CVar [[r.AOQuality:2]]
[2020.08.04-00.14.25:441][  0]LogConfig: Setting CVar [[r.VolumetricFog:1]]
[2020.08.04-00.14.25:443][  0]LogConfig: Setting CVar [[r.VolumetricFog.GridPixelSize:8]]
[2020.08.04-00.14.25:446][  0]LogConfig: Setting CVar [[r.VolumetricFog.GridSizeZ:128]]
[2020.08.04-00.14.25:446][  0]LogConfig: Setting CVar [[r.VolumetricFog.HistoryMissSupersampleCount:4]]
[2020.08.04-00.14.25:447][  0]LogConfig: Setting CVar [[r.LightMaxDrawDistanceScale:1]]
[2020.08.04-00.14.25:447][  0]LogConfig: Setting CVar [[r.CapsuleShadows:1]]
[2020.08.04-00.14.25:448][  0]LogConfig: Applying CVar settings from Section [PostProcessQuality@3] File [C:/Users/harsh.DESKTOP-UNEK68K/Desktop/Multiplayer/PuzzlePlatforms/Saved/Config/Windows/Scalability.ini]
[2020.08.04-00.14.25:448][  0]LogConfig: Setting CVar [[r.MotionBlurQuality:4]]
[2020.08.04-00.14.25:449][  0]LogConfig: Setting CVar [[r.AmbientOcclusionMipLevelFactor:0.4]]
[2020.08.04-00.14.25:449][  0]LogConfig: Setting CVar [[r.AmbientOcclusionMaxQuality:100]]
[2020.08.04-00.14.25:450][  0]LogConfig: Setting CVar [[r.AmbientOcclusionLevels:-1]]
[2020.08.04-00.14.25:450][  0]LogConfig: Setting CVar [[r.AmbientOcclusionRadiusScale:1.0]]
[2020.08.04-00.14.25:451][  0]LogConfig: Setting CVar [[r.DepthOfFieldQuality:2]]
[2020.08.04-00.14.25:451][  0]LogConfig: Setting CVar [[r.RenderTargetPoolMin:400]]
[2020.08.04-00.14.25:452][  0]LogConfig: Setting CVar [[r.LensFlareQuality:2]]
[2020.08.04-00.14.25:452][  0]LogConfig: Setting CVar [[r.SceneColorFringeQuality:1]]
[2020.08.04-00.14.25:453][  0]LogConfig: Setting CVar [[r.EyeAdaptationQuality:2]]
[2020.08.04-00.14.25:453][  0]LogConfig: Setting CVar [[r.BloomQuality:5]]
[2020.08.04-00.14.25:455][  0]LogConfig: Setting CVar [[r.FastBlurThreshold:100]]
[2020.08.04-00.14.25:461][  0]LogConfig: Setting CVar [[r.Upscale.Quality:3]]
[2020.08.04-00.14.25:461][  0]LogConfig: Setting CVar [[r.Tonemapper.GrainQuantization:1]]
[2020.08.04-00.14.25:462][  0]LogConfig: Setting CVar [[r.LightShaftQuality:1]]
[2020.08.04-00.14.25:462][  0]LogConfig: Setting CVar [[r.Filter.SizeScale:1]]
[2020.08.04-00.14.25:463][  0]LogConfig: Setting CVar [[r.Tonemapper.Quality:5]]
[2020.08.04-00.14.25:463][  0]LogConfig: Setting CVar [[r.DOF.Gather.AccumulatorQuality:1        ; higher gathering accumulator quality]]
[2020.08.04-00.14.25:464][  0]LogConfig: Setting CVar [[r.DOF.Gather.PostfilterMethod:1          ; Median3x3 postfilering method]]
[2020.08.04-00.14.25:465][  0]LogConfig: Setting CVar [[r.DOF.Gather.EnableBokehSettings:0       ; no bokeh simulation when gathering]]
[2020.08.04-00.14.25:465][  0]LogConfig: Setting CVar [[r.DOF.Gather.RingCount:4                 ; medium number of samples when gathering]]
[2020.08.04-00.14.25:465][  0]LogConfig: Setting CVar [[r.DOF.Scatter.ForegroundCompositing:1    ; additive foreground scattering]]
[2020.08.04-00.14.25:466][  0]LogConfig: Setting CVar [[r.DOF.Scatter.BackgroundCompositing:2    ; additive background scattering]]
[2020.08.04-00.14.25:466][  0]LogConfig: Setting CVar [[r.DOF.Scatter.EnableBokehSettings:1      ; bokeh simulation when scattering]]
[2020.08.04-00.14.25:467][  0]LogConfig: Setting CVar [[r.DOF.Scatter.MaxSpriteRatio:0.1         ; only a maximum of 10% of scattered bokeh]]
[2020.08.04-00.14.25:467][  0]LogConfig: Setting CVar [[r.DOF.Recombine.Quality:1                ; cheap slight out of focus]]
[2020.08.04-00.14.25:468][  0]LogConfig: Setting CVar [[r.DOF.Recombine.EnableBokehSettings:0    ; no bokeh simulation on slight out of focus]]
[2020.08.04-00.14.25:468][  0]LogConfig: Setting CVar [[r.DOF.TemporalAAQuality:1                ; more stable temporal accumulation]]
[2020.08.04-00.14.25:469][  0]LogConfig: Setting CVar [[r.DOF.Kernel.MaxForegroundRadius:0.025]]
[2020.08.04-00.14.25:469][  0]LogConfig: Setting CVar [[r.DOF.Kernel.MaxBackgroundRadius:0.025]]
[2020.08.04-00.14.25:470][  0]LogConfig: Applying CVar settings from Section [TextureQuality@3] File [C:/Users/harsh.DESKTOP-UNEK68K/Desktop/Multiplayer/PuzzlePlatforms/Saved/Config/Windows/Scalability.ini]
[2020.08.04-00.14.25:477][  0]LogConfig: Setting CVar [[r.Streaming.MipBias:0]]
[2020.08.04-00.14.25:477][  0]LogConfig: Setting CVar [[r.Streaming.AmortizeCPUToGPUCopy:0]]
[2020.08.04-00.14.25:478][  0]LogConfig: Setting CVar [[r.Streaming.MaxNumTexturesToStreamPerFrame:0]]
[2020.08.04-00.14.25:478][  0]LogConfig: Setting CVar [[r.Streaming.Boost:1]]
[2020.08.04-00.14.25:479][  0]LogConfig: Setting CVar [[r.MaxAnisotropy:8]]
[2020.08.04-00.14.25:479][  0]LogConfig: Setting CVar [[r.VT.MaxAnisotropy:8]]
[2020.08.04-00.14.25:480][  0]LogConfig: Setting CVar [[r.Streaming.LimitPoolSizeToVRAM:0]]
[2020.08.04-00.14.25:480][  0]LogConfig: Setting CVar [[r.Streaming.PoolSize:1000]]
[2020.08.04-00.14.25:481][  0]LogConfig: Setting CVar [[r.Streaming.MaxEffectiveScreenSize:0]]
[2020.08.04-00.14.25:481][  0]LogConfig: Applying CVar settings from Section [EffectsQuality@3] File [C:/Users/harsh.DESKTOP-UNEK68K/Desktop/Multiplayer/PuzzlePlatforms/Saved/Config/Windows/Scalability.ini]
[2020.08.04-00.14.25:482][  0]LogConfig: Setting CVar [[r.TranslucencyLightingVolumeDim:64]]
[2020.08.04-00.14.25:482][  0]LogConfig: Setting CVar [[r.RefractionQuality:2]]
[2020.08.04-00.14.25:482][  0]LogConfig: Setting CVar [[r.SSR.Quality:3]]
[2020.08.04-00.14.25:483][  0]LogConfig: Setting CVar [[r.SSR.HalfResSceneColor:0]]
[2020.08.04-00.14.25:484][  0]LogConfig: Setting CVar [[r.SceneColorFormat:4]]
[2020.08.04-00.14.25:484][  0]LogConfig: Setting CVar [[r.DetailMode:2]]
[2020.08.04-00.14.25:485][  0]LogConfig: Setting CVar [[r.TranslucencyVolumeBlur:1]]
[2020.08.04-00.14.25:491][  0]LogConfig: Setting CVar [[r.MaterialQualityLevel:1 ; High quality]]
[2020.08.04-00.14.25:492][  0]LogConfig: Setting CVar [[r.SSS.Scale:1]]
[2020.08.04-00.14.25:492][  0]LogConfig: Setting CVar [[r.SSS.SampleSet:2]]
[2020.08.04-00.14.25:493][  0]LogConfig: Setting CVar [[r.SSS.Quality:1]]
[2020.08.04-00.14.25:494][  0]LogConfig: Setting CVar [[r.SSS.HalfRes:1]]
[2020.08.04-00.14.25:495][  0]LogConfig: Setting CVar [[r.SSGI.Quality:3]]
[2020.08.04-00.14.25:495][  0]LogConfig: Setting CVar [[r.EmitterSpawnRateScale:1.0]]
[2020.08.04-00.14.25:495][  0]LogConfig: Setting CVar [[r.ParticleLightQuality:2]]
[2020.08.04-00.14.25:496][  0]LogConfig: Setting CVar [[r.SkyAtmosphere.AerialPerspectiveLUT.FastApplyOnOpaque:1 ; Always have FastSkyLUT 1 in this case to avoid wrong sky]]
[2020.08.04-00.14.25:496][  0]LogConfig: Setting CVar [[r.SkyAtmosphere.AerialPerspectiveLUT.SampleCountPerSlice:1]]
[2020.08.04-00.14.25:497][  0]LogConfig: Setting CVar [[r.SkyAtmosphere.AerialPerspectiveLUT.DepthResolution:16.0]]
[2020.08.04-00.14.25:499][  0]LogConfig: Setting CVar [[r.SkyAtmosphere.FastSkyLUT:1]]
[2020.08.04-00.14.25:502][  0]LogConfig: Setting CVar [[r.SkyAtmosphere.FastSkyLUT.SampleCountMin:4.0]]
[2020.08.04-00.14.25:504][  0]LogConfig: Setting CVar [[r.SkyAtmosphere.FastSkyLUT.SampleCountMax:32.0]]
[2020.08.04-00.14.25:506][  0]LogConfig: Setting CVar [[r.SkyAtmosphere.SampleCountMin:4.0]]
[2020.08.04-00.14.25:507][  0]LogConfig: Setting CVar [[r.SkyAtmosphere.SampleCountMax:32.0]]
[2020.08.04-00.14.25:509][  0]LogConfig: Setting CVar [[r.SkyAtmosphere.TransmittanceLUT.UseSmallFormat:0]]
[2020.08.04-00.14.25:509][  0]LogConfig: Setting CVar [[r.SkyAtmosphere.TransmittanceLUT.SampleCount:10.0]]
[2020.08.04-00.14.25:510][  0]LogConfig: Setting CVar [[r.SkyAtmosphere.MultiScatteringLUT.SampleCount:15.0]]
[2020.08.04-00.14.25:512][  0]LogConfig: Applying CVar settings from Section [FoliageQuality@3] File [C:/Users/harsh.DESKTOP-UNEK68K/Desktop/Multiplayer/PuzzlePlatforms/Saved/Config/Windows/Scalability.ini]
[2020.08.04-00.14.25:513][  0]LogConfig: Setting CVar [[foliage.DensityScale:1.0]]
[2020.08.04-00.14.25:513][  0]LogConfig: Setting CVar [[grass.DensityScale:1.0]]
[2020.08.04-00.14.25:513][  0]LogConfig: Applying CVar settings from Section [ShadingQuality@3] File [C:/Users/harsh.DESKTOP-UNEK68K/Desktop/Multiplayer/PuzzlePlatforms/Saved/Config/Windows/Scalability.ini]
[2020.08.04-00.14.25:514][  0]LogConfig: Setting CVar [[r.HairStrands.SkyLighting.SampleCount:16]]
[2020.08.04-00.14.25:515][  0]LogConfig: Setting CVar [[r.HairStrands.SkyLighting.JitterIntegration:0]]
[2020.08.04-00.14.25:515][  0]LogConfig: Setting CVar [[r.HairStrands.SkyAO.SampleCount:16]]
[2020.08.04-00.14.25:517][  0]LogInit: Selected Device Profile: [Windows]
[2020.08.04-00.14.25:518][  0]LogInit: Applying CVar settings loaded from the selected device profile: [Windows]
[2020.08.04-00.14.25:544][  0]LogHAL: Display: Platform has ~ 8 GB [8449904640 / 8589934592 / 8], which maps to Default [LargestMinGB=32, LargerMinGB=12, DefaultMinGB=8, SmallerMinGB=6, SmallestMinGB=0)
[2020.08.04-00.14.25:545][  0]LogInit: Going up to parent DeviceProfile []
[2020.08.04-00.14.25:547][  0]LogConfig: Applying CVar settings from Section [ViewDistanceQuality@3] File [C:/Users/harsh.DESKTOP-UNEK68K/Desktop/Multiplayer/PuzzlePlatforms/Saved/Config/Windows/Scalability.ini]
[2020.08.04-00.14.25:547][  0]LogConfig: Setting CVar [[r.SkeletalMeshLODBias:0]]
[2020.08.04-00.14.25:547][  0]LogConfig: Setting CVar [[r.ViewDistanceScale:1.0]]
[2020.08.04-00.14.25:548][  0]LogConfig: Applying CVar settings from Section [AntiAliasingQuality@3] File [C:/Users/harsh.DESKTOP-UNEK68K/Desktop/Multiplayer/PuzzlePlatforms/Saved/Config/Windows/Scalability.ini]
[2020.08.04-00.14.25:548][  0]LogConfig: Setting CVar [[r.PostProcessAAQuality:4]]
[2020.08.04-00.14.25:550][  0]LogConfig: Applying CVar settings from Section [ShadowQuality@3] File [C:/Users/harsh.DESKTOP-UNEK68K/Desktop/Multiplayer/PuzzlePlatforms/Saved/Config/Windows/Scalability.ini]
[2020.08.04-00.14.25:550][  0]LogConfig: Setting CVar [[r.LightFunctionQuality:1]]
[2020.08.04-00.14.25:550][  0]LogConfig: Setting CVar [[r.ShadowQuality:5]]
[2020.08.04-00.14.25:551][  0]LogConfig: Setting CVar [[r.Shadow.CSM.MaxCascades:10]]
[2020.08.04-00.14.25:551][  0]LogConfig: Setting CVar [[r.Shadow.MaxResolution:2048]]
[2020.08.04-00.14.25:552][  0]LogConfig: Setting CVar [[r.Shadow.MaxCSMResolution:2048]]
[2020.08.04-00.14.25:553][  0]LogConfig: Setting CVar [[r.Shadow.RadiusThreshold:0.01]]
[2020.08.04-00.14.25:556][  0]LogConfig: Setting CVar [[r.Shadow.DistanceScale:1.0]]
[2020.08.04-00.14.25:561][  0]LogConfig: Setting CVar [[r.Shadow.CSM.TransitionScale:1.0]]
[2020.08.04-00.14.25:562][  0]LogConfig: Setting CVar [[r.Shadow.PreShadowResolutionFactor:1.0]]
[2020.08.04-00.14.25:563][  0]LogConfig: Setting CVar [[r.DistanceFieldShadowing:1]]
[2020.08.04-00.14.25:565][  0]LogConfig: Setting CVar [[r.DistanceFieldAO:1]]
[2020.08.04-00.14.25:566][  0]LogConfig: Setting CVar [[r.AOQuality:2]]
[2020.08.04-00.14.25:566][  0]LogConfig: Setting CVar [[r.VolumetricFog:1]]
[2020.08.04-00.14.25:568][  0]LogConfig: Setting CVar [[r.VolumetricFog.GridPixelSize:8]]
[2020.08.04-00.14.25:568][  0]LogConfig: Setting CVar [[r.VolumetricFog.GridSizeZ:128]]
[2020.08.04-00.14.25:568][  0]LogConfig: Setting CVar [[r.VolumetricFog.HistoryMissSupersampleCount:4]]
[2020.08.04-00.14.25:569][  0]LogConfig: Setting CVar [[r.LightMaxDrawDistanceScale:1]]
[2020.08.04-00.14.25:570][  0]LogConfig: Setting CVar [[r.CapsuleShadows:1]]
[2020.08.04-00.14.25:576][  0]LogConfig: Applying CVar settings from Section [PostProcessQuality@3] File [C:/Users/harsh.DESKTOP-UNEK68K/Desktop/Multiplayer/PuzzlePlatforms/Saved/Config/Windows/Scalability.ini]
[2020.08.04-00.14.25:576][  0]LogConfig: Setting CVar [[r.MotionBlurQuality:4]]
[2020.08.04-00.14.25:577][  0]LogConfig: Setting CVar [[r.AmbientOcclusionMipLevelFactor:0.4]]
[2020.08.04-00.14.25:577][  0]LogConfig: Setting CVar [[r.AmbientOcclusionMaxQuality:100]]
[2020.08.04-00.14.25:578][  0]LogConfig: Setting CVar [[r.AmbientOcclusionLevels:-1]]
[2020.08.04-00.14.25:578][  0]LogConfig: Setting CVar [[r.AmbientOcclusionRadiusScale:1.0]]
[2020.08.04-00.14.25:579][  0]LogConfig: Setting CVar [[r.DepthOfFieldQuality:2]]
[2020.08.04-00.14.25:579][  0]LogConfig: Setting CVar [[r.RenderTargetPoolMin:400]]
[2020.08.04-00.14.25:580][  0]LogConfig: Setting CVar [[r.LensFlareQuality:2]]
[2020.08.04-00.14.25:580][  0]LogConfig: Setting CVar [[r.SceneColorFringeQuality:1]]
[2020.08.04-00.14.25:581][  0]LogConfig: Setting CVar [[r.EyeAdaptationQuality:2]]
[2020.08.04-00.14.25:581][  0]LogConfig: Setting CVar [[r.BloomQuality:5]]
[2020.08.04-00.14.25:582][  0]LogConfig: Setting CVar [[r.FastBlurThreshold:100]]
[2020.08.04-00.14.25:582][  0]LogConfig: Setting CVar [[r.Upscale.Quality:3]]
[2020.08.04-00.14.25:586][  0]LogConfig: Setting CVar [[r.Tonemapper.GrainQuantization:1]]
[2020.08.04-00.14.25:588][  0]LogConfig: Setting CVar [[r.LightShaftQuality:1]]
[2020.08.04-00.14.25:589][  0]LogConfig: Setting CVar [[r.Filter.SizeScale:1]]
[2020.08.04-00.14.25:591][  0]LogConfig: Setting CVar [[r.Tonemapper.Quality:5]]
[2020.08.04-00.14.25:592][  0]LogConfig: Setting CVar [[r.DOF.Gather.AccumulatorQuality:1        ; higher gathering accumulator quality]]
[2020.08.04-00.14.25:594][  0]LogConfig: Setting CVar [[r.DOF.Gather.PostfilterMethod:1          ; Median3x3 postfilering method]]
[2020.08.04-00.14.25:596][  0]LogConfig: Setting CVar [[r.DOF.Gather.EnableBokehSettings:0       ; no bokeh simulation when gathering]]
[2020.08.04-00.14.25:597][  0]LogConfig: Setting CVar [[r.DOF.Gather.RingCount:4                 ; medium number of samples when gathering]]
[2020.08.04-00.14.25:597][  0]LogConfig: Setting CVar [[r.DOF.Scatter.ForegroundCompositing:1    ; additive foreground scattering]]
[2020.08.04-00.14.25:598][  0]LogConfig: Setting CVar [[r.DOF.Scatter.BackgroundCompositing:2    ; additive background scattering]]
[2020.08.04-00.14.25:600][  0]LogConfig: Setting CVar [[r.DOF.Scatter.EnableBokehSettings:1      ; bokeh simulation when scattering]]
[2020.08.04-00.14.25:600][  0]LogConfig: Setting CVar [[r.DOF.Scatter.MaxSpriteRatio:0.1         ; only a maximum of 10% of scattered bokeh]]
[2020.08.04-00.14.25:601][  0]LogConfig: Setting CVar [[r.DOF.Recombine.Quality:1                ; cheap slight out of focus]]
[2020.08.04-00.14.25:602][  0]LogConfig: Setting CVar [[r.DOF.Recombine.EnableBokehSettings:0    ; no bokeh simulation on slight out of focus]]
[2020.08.04-00.14.25:602][  0]LogConfig: Setting CVar [[r.DOF.TemporalAAQuality:1                ; more stable temporal accumulation]]
[2020.08.04-00.14.25:604][  0]LogConfig: Setting CVar [[r.DOF.Kernel.MaxForegroundRadius:0.025]]
[2020.08.04-00.14.25:605][  0]LogConfig: Setting CVar [[r.DOF.Kernel.MaxBackgroundRadius:0.025]]
[2020.08.04-00.14.25:610][  0]LogConfig: Applying CVar settings from Section [TextureQuality@3] File [C:/Users/harsh.DESKTOP-UNEK68K/Desktop/Multiplayer/PuzzlePlatforms/Saved/Config/Windows/Scalability.ini]
[2020.08.04-00.14.25:612][  0]LogConfig: Setting CVar [[r.Streaming.MipBias:0]]
[2020.08.04-00.14.25:612][  0]LogConfig: Setting CVar [[r.Streaming.AmortizeCPUToGPUCopy:0]]
[2020.08.04-00.14.25:613][  0]LogConfig: Setting CVar [[r.Streaming.MaxNumTexturesToStreamPerFrame:0]]
[2020.08.04-00.14.25:613][  0]LogConfig: Setting CVar [[r.Streaming.Boost:1]]
[2020.08.04-00.14.25:614][  0]LogConfig: Setting CVar [[r.MaxAnisotropy:8]]
[2020.08.04-00.14.25:615][  0]LogConfig: Setting CVar [[r.VT.MaxAnisotropy:8]]
[2020.08.04-00.14.25:615][  0]LogConfig: Setting CVar [[r.Streaming.LimitPoolSizeToVRAM:0]]
[2020.08.04-00.14.25:615][  0]LogConfig: Setting CVar [[r.Streaming.PoolSize:1000]]
[2020.08.04-00.14.25:616][  0]LogConfig: Setting CVar [[r.Streaming.MaxEffectiveScreenSize:0]]
[2020.08.04-00.14.25:617][  0]LogConfig: Applying CVar settings from Section [EffectsQuality@3] File [C:/Users/harsh.DESKTOP-UNEK68K/Desktop/Multiplayer/PuzzlePlatforms/Saved/Config/Windows/Scalability.ini]
[2020.08.04-00.14.25:617][  0]LogConfig: Setting CVar [[r.TranslucencyLightingVolumeDim:64]]
[2020.08.04-00.14.25:618][  0]LogConfig: Setting CVar [[r.RefractionQuality:2]]
[2020.08.04-00.14.25:619][  0]LogConfig: Setting CVar [[r.SSR.Quality:3]]
[2020.08.04-00.14.25:624][  0]LogConfig: Setting CVar [[r.SSR.HalfResSceneColor:0]]
[2020.08.04-00.14.25:627][  0]LogConfig: Setting CVar [[r.SceneColorFormat:4]]
[2020.08.04-00.14.25:627][  0]LogConfig: Setting CVar [[r.DetailMode:2]]
[2020.08.04-00.14.25:628][  0]LogConfig: Setting CVar [[r.TranslucencyVolumeBlur:1]]
[2020.08.04-00.14.25:629][  0]LogConfig: Setting CVar [[r.MaterialQualityLevel:1 ; High quality]]
[2020.08.04-00.14.25:629][  0]LogConfig: Setting CVar [[r.SSS.Scale:1]]
[2020.08.04-00.14.25:630][  0]LogConfig: Setting CVar [[r.SSS.SampleSet:2]]
[2020.08.04-00.14.25:630][  0]LogConfig: Setting CVar [[r.SSS.Quality:1]]
[2020.08.04-00.14.25:631][  0]LogConfig: Setting CVar [[r.SSS.HalfRes:1]]
[2020.08.04-00.14.25:631][  0]LogConfig: Setting CVar [[r.SSGI.Quality:3]]
[2020.08.04-00.14.25:632][  0]LogConfig: Setting CVar [[r.EmitterSpawnRateScale:1.0]]
[2020.08.04-00.14.25:635][  0]LogConfig: Setting CVar [[r.ParticleLightQuality:2]]
[2020.08.04-00.14.25:635][  0]LogConfig: Setting CVar [[r.SkyAtmosphere.AerialPerspectiveLUT.FastApplyOnOpaque:1 ; Always have FastSkyLUT 1 in this case to avoid wrong sky]]
[2020.08.04-00.14.25:636][  0]LogConfig: Setting CVar [[r.SkyAtmosphere.AerialPerspectiveLUT.SampleCountPerSlice:1]]
[2020.08.04-00.14.25:636][  0]LogConfig: Setting CVar [[r.SkyAtmosphere.AerialPerspectiveLUT.DepthResolution:16.0]]
[2020.08.04-00.14.25:637][  0]LogConfig: Setting CVar [[r.SkyAtmosphere.FastSkyLUT:1]]
[2020.08.04-00.14.25:638][  0]LogConfig: Setting CVar [[r.SkyAtmosphere.FastSkyLUT.SampleCountMin:4.0]]
[2020.08.04-00.14.25:639][  0]LogConfig: Setting CVar [[r.SkyAtmosphere.FastSkyLUT.SampleCountMax:32.0]]
[2020.08.04-00.14.25:640][  0]LogConfig: Setting CVar [[r.SkyAtmosphere.SampleCountMin:4.0]]
[2020.08.04-00.14.25:641][  0]LogConfig: Setting CVar [[r.SkyAtmosphere.SampleCountMax:32.0]]
[2020.08.04-00.14.25:642][  0]LogConfig: Setting CVar [[r.SkyAtmosphere.TransmittanceLUT.UseSmallFormat:0]]
[2020.08.04-00.14.25:643][  0]LogConfig: Setting CVar [[r.SkyAtmosphere.TransmittanceLUT.SampleCount:10.0]]
[2020.08.04-00.14.25:647][  0]LogConfig: Setting CVar [[r.SkyAtmosphere.MultiScatteringLUT.SampleCount:15.0]]
[2020.08.04-00.14.25:647][  0]LogConfig: Applying CVar settings from Section [FoliageQuality@3] File [C:/Users/harsh.DESKTOP-UNEK68K/Desktop/Multiplayer/PuzzlePlatforms/Saved/Config/Windows/Scalability.ini]
[2020.08.04-00.14.25:652][  0]LogConfig: Setting CVar [[foliage.DensityScale:1.0]]
[2020.08.04-00.14.25:653][  0]LogConfig: Setting CVar [[grass.DensityScale:1.0]]
[2020.08.04-00.14.25:655][  0]LogConfig: Applying CVar settings from Section [ShadingQuality@3] File [C:/Users/harsh.DESKTOP-UNEK68K/Desktop/Multiplayer/PuzzlePlatforms/Saved/Config/Windows/Scalability.ini]
[2020.08.04-00.14.25:660][  0]LogConfig: Setting CVar [[r.HairStrands.SkyLighting.SampleCount:16]]
[2020.08.04-00.14.25:661][  0]LogConfig: Setting CVar [[r.HairStrands.SkyLighting.JitterIntegration:0]]
[2020.08.04-00.14.25:661][  0]LogConfig: Setting CVar [[r.HairStrands.SkyAO.SampleCount:16]]
[2020.08.04-00.14.25:662][  0]LogConfig: Applying CVar settings from Section [Startup] File [../../../Engine/Config/ConsoleVariables.ini]
[2020.08.04-00.14.25:663][  0]LogConfig: Setting CVar [[net.UseAdaptiveNetUpdateFrequency:0]]
[2020.08.04-00.14.25:664][  0]LogConfig: Setting CVar [[p.chaos.AllowCreatePhysxBodies:1]]
[2020.08.04-00.14.25:665][  0]LogConfig: Applying CVar settings from Section [ConsoleVariables] File [C:/Users/harsh.DESKTOP-UNEK68K/Desktop/Multiplayer/PuzzlePlatforms/Saved/Config/Windows/Engine.ini]
[2020.08.04-00.14.25:668][  0]LogInit: Computer: DESKTOP-UNEK68K
[2020.08.04-00.14.25:670][  0]LogInit: User: harsh
[2020.08.04-00.14.25:672][  0]LogInit: CPU Page size=4096, Cores=4
[2020.08.04-00.14.25:673][  0]LogInit: High frequency timer resolution =10.000000 MHz
[2020.08.04-00.14.25:674][  0]LogMemory: Memory total: Physical=7.9GB (8GB approx)
[2020.08.04-00.14.25:675][  0]LogMemory: Platform Memory Stats for Windows
[2020.08.04-00.14.25:676][  0]LogMemory: Process Physical Memory: 105.64 MB used, 105.65 MB peak
[2020.08.04-00.14.25:677][  0]LogMemory: Process Virtual Memory: 100.05 MB used, 100.05 MB peak
[2020.08.04-00.14.25:679][  0]LogMemory: Physical Memory: 6160.08 MB used,  1898.38 MB free, 8058.46 MB total
[2020.08.04-00.14.25:681][  0]LogMemory: Virtual Memory: 5122.20 MB used,  134212608.00 MB free, 134217728.00 MB total
[2020.08.04-00.14.25:729][  0]LogWindows: WindowsPlatformFeatures enabled
[2020.08.04-00.14.25:914][  0]LogInit: Using OS detected language (en-US).
[2020.08.04-00.14.25:916][  0]LogInit: Using OS detected locale (en-US).
[2020.08.04-00.14.25:918][  0]LogTextLocalizationManager: No specific localization for 'en-US' exists, so the 'en' localization will be used.
[2020.08.04-00.14.26:373][  0]LogSlate: New Slate User Created.  User Index 0, Is Virtual User: 0
[2020.08.04-00.14.26:374][  0]LogSlate: Slate User Registered.  User Index 0, Is Virtual User: 0
[2020.08.04-00.14.26:447][  0]LogHMD: Failed to initialize OpenVR with code 110
[2020.08.04-00.14.26:449][  0]LogD3D11RHI: D3D11 min allowed feature level: 11_0
[2020.08.04-00.14.26:451][  0]LogD3D11RHI: D3D11 max allowed feature level: 11_0
[2020.08.04-00.14.26:451][  0]LogD3D11RHI: D3D11 adapters:
[2020.08.04-00.14.26:683][  0]LogD3D11RHI:    0. 'NVIDIA GeForce GTX 1050' (Feature Level 11_0)
[2020.08.04-00.14.26:683][  0]LogD3D11RHI:       4019/0/4029 MB DedicatedVideo/DedicatedSystem/SharedSystem, Outputs:1, VendorId:0x10de
[2020.08.04-00.14.26:711][  0]LogD3D11RHI:    1. 'Intel(R) HD Graphics 630' (Feature Level 11_0)
[2020.08.04-00.14.26:712][  0]LogD3D11RHI:       128/0/4029 MB DedicatedVideo/DedicatedSystem/SharedSystem, Outputs:0, VendorId:0x8086
[2020.08.04-00.14.26:723][  0]LogD3D11RHI:    2. 'Microsoft Basic Render Driver' (Feature Level 11_0)
[2020.08.04-00.14.26:726][  0]LogD3D11RHI:       0/0/4029 MB DedicatedVideo/DedicatedSystem/SharedSystem, Outputs:0, VendorId:0x1414
[2020.08.04-00.14.26:727][  0]LogD3D11RHI: Chosen D3D11 Adapter: 0
[2020.08.04-00.14.26:804][  0]LogD3D11RHI: Creating new Direct3DDevice
[2020.08.04-00.14.26:806][  0]LogD3D11RHI:     GPU DeviceId: 0x1c8d (for the marketing name, search the web for "GPU Device Id")
[2020.08.04-00.14.26:807][  0]LogWindows: EnumDisplayDevices:
[2020.08.04-00.14.26:808][  0]LogWindows:    0. 'Intel(R) HD Graphics 630' (P:1 D:1)
[2020.08.04-00.14.26:809][  0]LogWindows:    1. 'Intel(R) HD Graphics 630' (P:0 D:0)
[2020.08.04-00.14.26:810][  0]LogWindows:    2. 'Intel(R) HD Graphics 630' (P:0 D:0)
[2020.08.04-00.14.26:810][  0]LogWindows:    3. 'NVIDIA GeForce GTX 1050' (P:0 D:0)
[2020.08.04-00.14.26:811][  0]LogWindows: DebugString: PrimaryIsNotTheChoosenAdapter PrimaryIsNotTheChoosenAdapter PrimaryIsNotTheChoosenAdapter 
[2020.08.04-00.14.26:811][  0]LogD3D11RHI:     Adapter Name: NVIDIA GeForce GTX 1050
[2020.08.04-00.14.26:812][  0]LogD3D11RHI:   Driver Version: 417.35 (internal:25.21.14.1735, unified:417.35)
[2020.08.04-00.14.26:812][  0]LogD3D11RHI:      Driver Date: 12-11-2018
[2020.08.04-00.14.26:813][  0]LogRHI: Texture pool is 2813 MB (70% of 4019 MB)
[2020.08.04-00.14.26:878][  0]LogD3D11RHI: RHI has support for 64 bit atomics
[2020.08.04-00.14.26:878][  0]LogD3D11RHI: Async texture creation enabled
[2020.08.04-00.14.26:962][  0]LogD3D11RHI: GPU Timing Frequency: 1000.000000 (Debug: 2 2)
[2020.08.04-00.14.27:508][  0]LogTargetPlatformManager: Display: Loaded TargetPlatform 'WindowsNoEditor'
[2020.08.04-00.14.27:522][  0]LogTargetPlatformManager: Display: Loaded TargetPlatform 'Windows'
[2020.08.04-00.14.27:534][  0]LogTargetPlatformManager: Display: Loaded TargetPlatform 'WindowsClient'
[2020.08.04-00.14.27:554][  0]LogTargetPlatformManager: Display: Loaded TargetPlatform 'WindowsServer'
[2020.08.04-00.14.27:559][  0]LogTargetPlatformManager: Display: Building Assets For Windows
[2020.08.04-00.14.27:586][  0]LogAudioDebug: Display: Lib vorbis DLL was dynamically loaded.
[2020.08.04-00.14.27:699][  0]LogShaderCompilers: Guid format shader working directory is -20 characters bigger than the processId version (../../../../../../Users/harsh.DESKTOP-UNEK68K/Desktop/Multiplayer/PuzzlePlatforms/Intermediate/Shaders/WorkingDirectory/26500/).
[2020.08.04-00.14.27:701][  0]LogShaderCompilers: Cleaned the shader compiler working directory 'C:/Users/harsh.DESKTOP-UNEK68K/AppData/Local/Temp/UnrealShaderWorkingDir/A879F2AA43A5160FAF587FBEF78D2854/'.
[2020.08.04-00.14.27:705][  0]LogXGEController: Cannot use XGE Controller as Incredibuild is not installed on this machine.
[2020.08.04-00.14.27:705][  0]LogShaderCompilers: Cannot use XGE Shader Compiler as Incredibuild is not installed on this machine.
[2020.08.04-00.14.27:706][  0]LogShaderCompilers: Display: Using Local Shader Compiler.
[2020.08.04-00.14.29:808][  0]LogDerivedDataCache: Display: Max Cache Size: 512 MB
[2020.08.04-00.14.30:085][  0]LogDerivedDataCache: Loaded boot cache 0.27s 81MB C:/Users/harsh.DESKTOP-UNEK68K/AppData/Local/UnrealEngine/4.24/DerivedDataCache/Boot.ddc.
[2020.08.04-00.14.30:088][  0]LogDerivedDataCache: Display: Loaded Boot cache: C:/Users/harsh.DESKTOP-UNEK68K/AppData/Local/UnrealEngine/4.24/DerivedDataCache/Boot.ddc
[2020.08.04-00.14.30:094][  0]LogDerivedDataCache: FDerivedDataBackendGraph:  Pak pak cache file ../../../../../../Users/harsh.DESKTOP-UNEK68K/Desktop/Multiplayer/PuzzlePlatforms/DerivedDataCache/DDC.ddp not found, will not use a pak cache.
[2020.08.04-00.14.30:095][  0]LogDerivedDataCache: Unable to find inner node Pak for hierarchical cache Hierarchy.
[2020.08.04-00.14.30:095][  0]LogDerivedDataCache: FDerivedDataBackendGraph:  CompressedPak pak cache file ../../../../../../Users/harsh.DESKTOP-UNEK68K/Desktop/Multiplayer/PuzzlePlatforms/DerivedDataCache/Compressed.ddp not found, will not use a pak cache.
[2020.08.04-00.14.30:096][  0]LogDerivedDataCache: Unable to find inner node CompressedPak for hierarchical cache Hierarchy.
[2020.08.04-00.14.30:118][  0]LogDerivedDataCache: Display: Pak cache opened for reading ../../../Engine/DerivedDataCache/Compressed.ddp.
[2020.08.04-00.14.30:118][  0]LogDerivedDataCache: FDerivedDataBackendGraph:  EnterprisePak pak cache file ../../../Enterprise/DerivedDataCache/Compressed.ddp not found, will not use a pak cache.
[2020.08.04-00.14.30:120][  0]LogDerivedDataCache: Unable to find inner node EnterprisePak for hierarchical cache Hierarchy.
[2020.08.04-00.14.30:125][  0]LogDerivedDataCache: Using Local data cache path C:/Users/harsh.DESKTOP-UNEK68K/AppData/Local/UnrealEngine/Common/DerivedDataCache: Writable
[2020.08.04-00.14.30:126][  0]LogDerivedDataCache: Shared data cache path not found in *engine.ini, will not use an Shared cache.
[2020.08.04-00.14.30:126][  0]LogDerivedDataCache: Unable to find inner node Shared for hierarchical cache Hierarchy.
[2020.08.04-00.14.30:165][  0]LogMaterial: Verifying Global Shaders for PCD3D_SM5
[2020.08.04-00.14.30:176][  0]LogSlate: Using FreeType 2.10.0
[2020.08.04-00.14.30:193][  0]LogSlate: SlateFontServices - WITH_FREETYPE: 1, WITH_HARFBUZZ: 1
[2020.08.04-00.14.30:880][  0]LogInit: Using OS detected language (en-US).
[2020.08.04-00.14.30:890][  0]LogInit: Using OS detected locale (en-US).
[2020.08.04-00.14.30:893][  0]LogTextLocalizationManager: No localization for 'en-US' exists, so 'en' will be used for the language.
[2020.08.04-00.14.30:894][  0]LogTextLocalizationManager: No localization for 'en-US' exists, so 'en' will be used for the locale.
[2020.08.04-00.14.30:895][  0]LogSlate: FontCache flush requested. Reason: Culture for localization was changed
[2020.08.04-00.14.30:895][  0]LogSlate: FontCache flush requested. Reason: Culture for localization was changed
[2020.08.04-00.14.30:899][  0]LogTextLocalizationManager: Compacting localization data took   0.00ms
[2020.08.04-00.14.30:907][  0]LogAssetRegistry: FAssetRegistry took 0.0069 seconds to start up
[2020.08.04-00.14.31:488][  0]LogPackageLocalizationCache: Processed 10 localized package path(s) for 1 prioritized culture(s) in 0.070963 seconds
[2020.08.04-00.14.31:575][  0]LogInit: Selected Device Profile: [Windows]
[2020.08.04-00.14.31:954][  0]LogMeshReduction: Using QuadricMeshReduction for automatic static mesh reduction
[2020.08.04-00.14.31:956][  0]LogMeshReduction: Using SimplygonMeshReduction for automatic skeletal mesh reduction
[2020.08.04-00.14.31:957][  0]LogMeshReduction: Using ProxyLODMeshReduction for automatic mesh merging
[2020.08.04-00.14.31:958][  0]LogMeshReduction: No distributed automatic mesh merging module available
[2020.08.04-00.14.31:959][  0]LogMeshMerging: No distributed automatic mesh merging module available
[2020.08.04-00.14.31:992][  0]LogNetVersion: PuzzlePlatforms 1.0.0, NetCL: 10570792, EngineNetVer: 13, GameNetVer: 0 (Checksum: 2226377169)
[2020.08.04-00.14.34:509][  0]LogMoviePlayer: Initializing movie player
[2020.08.04-00.14.34:796][  0]LogTemp: Warning: GameInstance Constructor
[2020.08.04-00.14.35:148][  0]SourceControl: Source control is disabled
[2020.08.04-00.14.35:150][  0]SourceControl: Source control is disabled
[2020.08.04-00.14.35:157][  0]SourceControl: Source control is disabled
[2020.08.04-00.14.35:280][  0]LogAndroidPermission: UAndroidPermissionCallbackProxy::GetInstance
[2020.08.04-00.14.35:305][  0]LogAudioCaptureCore: Display: No Audio Capture implementations found. Audio input will be silent.
[2020.08.04-00.14.35:306][  0]LogAudioCaptureCore: Display: No Audio Capture implementations found. Audio input will be silent.
[2020.08.04-00.14.35:445][  0]LogOcInput: OculusInput pre-init called
[2020.08.04-00.14.35:463][  0]LogUObjectArray: 53689 objects as part of root set at end of initial load.
[2020.08.04-00.14.35:463][  0]LogUObjectAllocator: 9735320 out of 0 bytes used by permanent object pool.
[2020.08.04-00.14.35:464][  0]LogUObjectArray: CloseDisregardForGC: 0/0 objects in disregard for GC pool
[2020.08.04-00.14.35:616][  0]LogEngine: Initializing Engine...
[2020.08.04-00.14.35:621][  0]LogHMD: Failed to initialize OpenVR with code 110
[2020.08.04-00.14.35:628][  0]LogStats: UGameplayTagsManager::InitializeManager -  0.003 s
[2020.08.04-00.14.36:114][  0]LogInit: Initializing FReadOnlyCVARCache
[2020.08.04-00.14.36:130][  0]LogAudioMixer: Display: Audio Mixer Platform Settings:
[2020.08.04-00.14.36:132][  0]LogAudioMixer: Display: 	Sample Rate:						  48000
[2020.08.04-00.14.36:133][  0]LogAudioMixer: Display: 	Callback Buffer Frame Size Requested: 1024
[2020.08.04-00.14.36:136][  0]LogAudioMixer: Display: 	Callback Buffer Frame Size To Use:	  1024
[2020.08.04-00.14.36:139][  0]LogAudioMixer: Display: 	Number of buffers to queue:			  2
[2020.08.04-00.14.36:140][  0]LogAudioMixer: Display: 	Max Channels (voices):				  32
[2020.08.04-00.14.36:140][  0]LogAudioMixer: Display: 	Number of Async Source Workers:		  0
[2020.08.04-00.14.36:141][  0]LogAudio: Display: AudioDevice MaxSources: 32
[2020.08.04-00.14.36:141][  0]LogAudio: Display: Using built-in audio occlusion.
[2020.08.04-00.14.36:142][  0]LogAudioMixer: Display: Initializing audio mixer.
[2020.08.04-00.14.36:200][  0]LogAudioMixer: Display: Audio Device Output Speaker Info:
[2020.08.04-00.14.36:204][  0]LogAudioMixer: Display: Name: Speakers / Headphones (Realtek Audio)
[2020.08.04-00.14.36:205][  0]LogAudioMixer: Display: Is Default: Yes
[2020.08.04-00.14.36:206][  0]LogAudioMixer: Display: Sample Rate: 48000
[2020.08.04-00.14.36:206][  0]LogAudioMixer: Display: Channel Count Used: 2
[2020.08.04-00.14.36:207][  0]LogAudioMixer: Display: Device Channel Count: 2
[2020.08.04-00.14.36:207][  0]LogAudioMixer: Display: Channel Order:
[2020.08.04-00.14.36:208][  0]LogAudioMixer: Display: 0: FrontLeft
[2020.08.04-00.14.36:208][  0]LogAudioMixer: Display: 1: FrontRight
[2020.08.04-00.14.36:408][  0]LogAudioMixer: Display: Using Audio Device Speakers / Headphones (Realtek Audio)
[2020.08.04-00.14.36:418][  0]LogInit: FAudioDevice initialized.
[2020.08.04-00.14.36:423][  0]LogNetVersion: Set ProjectVersion to 1.0.0.0. Version Checksum will be recalculated on next use.
[2020.08.04-00.14.36:551][  0]LogDerivedDataCache: Saved boot cache 0.12s 81MB C:/Users/harsh.DESKTOP-UNEK68K/AppData/Local/UnrealEngine/4.24/DerivedDataCache/Boot.ddc.
[2020.08.04-00.14.36:559][  0]LogInit: Texture streaming: Enabled
[2020.08.04-00.14.36:814][  0]LogTemp: Warning: GameInstance Constructor
[2020.08.04-00.14.36:825][  0]LogTemp: Warning: GameInstance Init
[2020.08.04-00.14.36:829][  0]LogSlate: Updating window title bar state: overlay mode, drag disabled, window buttons hidden, title bar hidden
[2020.08.04-00.14.36:830][  0]LogInit: Display: Game Engine Initialized.
[2020.08.04-00.14.36:871][  0]LogInit: Display: Starting Game.
[2020.08.04-00.14.36:872][  0]LogNet: Browse: 192.168.1.7//Game/ThirdPersonCPP/Maps/ThirdPersonExampleMap?Name=Player
[2020.08.04-00.14.36:878][  0]LogInit: WinSock: I am DESKTOP-UNEK68K (192.168.1.7:0)
[2020.08.04-00.14.36:878][  0]LogInit: WinSock: Socket queue. Rx: 32768 (config 32768) Tx: 32768 (config 32768)
[2020.08.04-00.14.36:880][  0]PacketHandlerLog: Loaded PacketHandler component: Engine.EngineHandlerComponentFactory (StatelessConnectHandlerComponent)
[2020.08.04-00.14.36:881][  0]LogNet: Game client on port 7777, rate 10000
[2020.08.04-00.14.36:942][  0]LogLoad: (Engine Initialization) Total time: 14.88 seconds
[2020.08.04-00.14.36:943][  0]LogLoad: (Engine Initialization) Total Blueprint compile time: 0.00 seconds
[2020.08.04-00.14.36:955][  0]LogContentStreaming: Texture pool size now 1000 MB
[2020.08.04-00.14.36:967][  0]LogSlate: InvalidateAllWidgets triggered.  All widgets were invalidated
[2020.08.04-00.14.38:779][629]LogAudio: Display: Waited 35.531403 ms for audio thread.
[2020.08.04-00.14.38:803][629]LogAudio: Display: Waited 60.227901 ms for audio thread.
[2020.08.04-00.14.40:548][904]LogAudio: Display: Waited 35.331600 ms for audio thread.
[2020.08.04-00.14.40:605][904]LogAudio: Display: Waited 92.074104 ms for audio thread.
[2020.08.04-00.14.42:519][265]LogAudio: Display: Waited 35.002701 ms for audio thread.
[2020.08.04-00.14.42:556][265]LogAudio: Display: Waited 71.935104 ms for audio thread.
[2020.08.04-00.14.42:596][265]LogAudio: Display: Waited 111.786003 ms for audio thread.
[2020.08.04-00.14.42:633][265]LogAudio: Display: Waited 148.691299 ms for audio thread.
[2020.08.04-00.14.42:671][265]LogAudio: Display: Waited 187.584991 ms for audio thread.
[2020.08.04-00.14.42:707][265]LogAudio: Display: Waited 223.530396 ms for audio thread.
[2020.08.04-00.14.42:745][265]LogAudio: Display: Waited 261.950409 ms for audio thread.
[2020.08.04-00.14.42:786][265]LogAudio: Display: Waited 303.139374 ms for audio thread.
[2020.08.04-00.14.42:828][265]LogAudio: Display: Waited 344.199097 ms for audio thread.
[2020.08.04-00.14.42:873][265]LogAudio: Display: Waited 389.142303 ms for audio thread.
[2020.08.04-00.14.42:916][265]LogAudio: Display: Waited 431.958923 ms for audio thread.
[2020.08.04-00.14.42:967][265]LogAudio: Display: Waited 483.510986 ms for audio thread.
[2020.08.04-00.14.43:024][265]LogAudio: Display: Waited 541.367432 ms for audio thread.
[2020.08.04-00.14.43:106][265]LogAudio: Display: Waited 622.970886 ms for audio thread.
[2020.08.04-00.14.43:168][265]LogAudio: Display: Waited 684.427612 ms for audio thread.
[2020.08.04-00.14.43:288][265]LogAudio: Display: Waited 804.477234 ms for audio thread.
[2020.08.04-00.14.43:331][265]LogAudio: Display: Waited 846.958130 ms for audio thread.
[2020.08.04-00.14.43:396][265]LogAudio: Display: Waited 911.649719 ms for audio thread.
[2020.08.04-00.14.43:491][265]LogAudio: Display: Waited 1008.273987 ms for audio thread.
[2020.08.04-00.14.43:576][265]LogAudio: Display: Waited 1092.407837 ms for audio thread.
[2020.08.04-00.14.43:784][265]LogAudio: Display: Waited 1301.292236 ms for audio thread.
[2020.08.04-00.14.43:851][265]LogAudio: Display: Waited 1367.509888 ms for audio thread.
[2020.08.04-00.14.43:907][265]LogAudio: Display: Waited 1423.837280 ms for audio thread.
[2020.08.04-00.14.44:032][265]LogAudio: Display: Waited 1548.279419 ms for audio thread.
[2020.08.04-00.14.44:112][265]LogAudio: Display: Waited 1628.279175 ms for audio thread.
[2020.08.04-00.14.44:187][265]LogAudio: Display: Waited 1703.274780 ms for audio thread.
[2020.08.04-00.14.44:263][265]LogAudio: Display: Waited 1778.948364 ms for audio thread.
[2020.08.04-00.14.44:315][265]LogAudio: Display: Waited 1831.230469 ms for audio thread.
[2020.08.04-00.14.44:371][265]LogAudio: Display: Waited 1888.466797 ms for audio thread.
[2020.08.04-00.14.44:427][265]LogAudio: Display: Waited 1943.520874 ms for audio thread.
[2020.08.04-00.14.44:480][265]LogAudio: Display: Waited 1996.508911 ms for audio thread.
[2020.08.04-00.14.44:547][265]LogAudio: Display: Waited 2062.782959 ms for audio thread.
[2020.08.04-00.14.44:597][265]LogAudio: Display: Waited 2113.563232 ms for audio thread.
[2020.08.04-00.14.44:638][265]LogAudio: Display: Waited 2154.432861 ms for audio thread.
[2020.08.04-00.14.44:685][265]LogAudio: Display: Waited 2201.449463 ms for audio thread.
[2020.08.04-00.14.44:726][265]LogAudio: Display: Waited 2242.221680 ms for audio thread.
[2020.08.04-00.14.44:764][265]LogAudio: Display: Waited 2280.687744 ms for audio thread.
[2020.08.04-00.14.44:805][265]LogAudio: Display: Waited 2321.330566 ms for audio thread.
[2020.08.04-00.14.44:845][265]LogAudio: Display: Waited 2360.854980 ms for audio thread.
[2020.08.04-00.14.44:891][265]LogAudio: Display: Waited 2406.793701 ms for audio thread.
[2020.08.04-00.14.44:930][265]LogAudio: Display: Waited 2446.624023 ms for audio thread.
[2020.08.04-00.14.44:972][265]LogAudio: Display: Waited 2488.544434 ms for audio thread.
[2020.08.04-00.14.45:014][265]LogAudio: Display: Waited 2530.514160 ms for audio thread.
[2020.08.04-00.14.45:050][265]LogAudio: Display: Waited 2566.578125 ms for audio thread.
[2020.08.04-00.14.45:087][265]LogAudio: Display: Waited 2602.721924 ms for audio thread.
[2020.08.04-00.14.45:123][265]LogAudio: Display: Waited 2639.657471 ms for audio thread.
[2020.08.04-00.14.45:161][265]LogAudio: Display: Waited 2677.656738 ms for audio thread.
[2020.08.04-00.14.45:174][265]LogAudio: Display: Waited 2690.958496 ms for audio thread.
[2020.08.04-00.14.46:491][587]LogAudio: Display: Waited 35.741703 ms for audio thread.
[2020.08.04-00.14.46:526][587]LogAudio: Display: Waited 71.714104 ms for audio thread.
[2020.08.04-00.14.46:529][587]LogAudio: Display: Waited 75.593201 ms for audio thread.
[2020.08.04-00.14.46:570][588]LogAudio: Display: Waited 37.674301 ms for audio thread.
[2020.08.04-00.14.46:607][588]LogAudio: Display: Waited 74.758003 ms for audio thread.
[2020.08.04-00.14.46:607][588]LogAudio: Display: Waited 75.292900 ms for audio thread.
[2020.08.04-00.14.47:647][865]LogAudio: Display: Waited 37.129902 ms for audio thread.
[2020.08.04-00.14.47:689][865]LogAudio: Display: Waited 78.665001 ms for audio thread.
[2020.08.04-00.14.47:728][865]LogAudio: Display: Waited 117.149300 ms for audio thread.
[2020.08.04-00.14.47:787][865]LogAudio: Display: Waited 175.979095 ms for audio thread.
[2020.08.04-00.14.47:825][865]LogAudio: Display: Waited 214.019104 ms for audio thread.
[2020.08.04-00.14.47:865][865]LogAudio: Display: Waited 254.265015 ms for audio thread.
[2020.08.04-00.14.47:904][865]LogAudio: Display: Waited 294.009583 ms for audio thread.
[2020.08.04-00.14.47:941][865]LogAudio: Display: Waited 330.574402 ms for audio thread.
[2020.08.04-00.14.47:981][865]LogAudio: Display: Waited 371.156616 ms for audio thread.
[2020.08.04-00.14.48:020][865]LogAudio: Display: Waited 409.325592 ms for audio thread.
[2020.08.04-00.14.48:058][865]LogAudio: Display: Waited 447.257477 ms for audio thread.
[2020.08.04-00.14.48:107][865]LogAudio: Display: Waited 496.778687 ms for audio thread.
[2020.08.04-00.14.48:148][865]LogAudio: Display: Waited 537.715942 ms for audio thread.
[2020.08.04-00.14.48:197][865]LogAudio: Display: Waited 586.498047 ms for audio thread.
[2020.08.04-00.14.48:237][866]LogAudio: Display: Waited 35.365803 ms for audio thread.
[2020.08.04-00.14.48:279][866]LogAudio: Display: Waited 78.357300 ms for audio thread.
[2020.08.04-00.14.48:289][866]LogAudio: Display: Waited 88.643295 ms for audio thread.
[2020.08.04-00.14.49:532][164]LogAudio: Display: Waited 35.809902 ms for audio thread.
[2020.08.04-00.14.49:577][164]LogAudio: Display: Waited 80.714096 ms for audio thread.
[2020.08.04-00.14.49:624][164]LogAudio: Display: Waited 129.324799 ms for audio thread.
[2020.08.04-00.14.49:668][164]LogAudio: Display: Waited 172.709305 ms for audio thread.
[2020.08.04-00.14.49:748][164]LogAudio: Display: Waited 252.314804 ms for audio thread.
[2020.08.04-00.14.49:789][164]LogAudio: Display: Waited 292.975708 ms for audio thread.
[2020.08.04-00.14.49:828][164]LogAudio: Display: Waited 331.881805 ms for audio thread.
[2020.08.04-00.14.49:875][164]LogAudio: Display: Waited 378.741302 ms for audio thread.
[2020.08.04-00.14.49:912][164]LogAudio: Display: Waited 415.670593 ms for audio thread.
[2020.08.04-00.14.49:921][164]LogAudio: Display: Waited 425.532196 ms for audio thread.
[2020.08.04-00.14.51:627][594]LogAudio: Display: Waited 52.679798 ms for audio thread.
[2020.08.04-00.14.54:438][228]LogAudio: Display: Waited 35.249401 ms for audio thread.
[2020.08.04-00.14.54:438][228]LogAudio: Display: Waited 35.815399 ms for audio thread.
[2020.08.04-00.14.55:093][383]LogAudio: Display: Waited 35.122902 ms for audio thread.
[2020.08.04-00.14.55:129][383]LogAudio: Display: Waited 70.991600 ms for audio thread.
[2020.08.04-00.14.55:168][383]LogAudio: Display: Waited 109.938194 ms for audio thread.
[2020.08.04-00.14.55:204][383]LogAudio: Display: Waited 146.391205 ms for audio thread.
[2020.08.04-00.14.55:241][383]LogAudio: Display: Waited 183.080811 ms for audio thread.
[2020.08.04-00.14.55:276][383]LogAudio: Display: Waited 217.785400 ms for audio thread.
[2020.08.04-00.14.55:305][383]LogAudio: Display: Waited 247.485504 ms for audio thread.
[2020.08.04-00.14.56:223][644]LogAudio: Display: Waited 35.473598 ms for audio thread.
[2020.08.04-00.14.56:259][644]LogAudio: Display: Waited 71.440201 ms for audio thread.
