Log file open, 08/04/20 01:15:15
LogWindows: Failed to load 'aqProf.dll' (GetLastError=126)
LogWindows: File 'aqProf.dll' does not exist
LogWindows: Failed to load 'VtuneApi.dll' (GetLastError=126)
LogWindows: File 'VtuneApi.dll' does not exist
LogWindows: Failed to load 'VtuneApi32e.dll' (GetLastError=126)
LogWindows: File 'VtuneApi32e.dll' does not exist
LogConsoleResponse: Display: Failed to find resolution value strings in scalability ini. Falling back to default.
LogInit: Display: Running engine for game: PuzzlePlatforms
LogPlatformFile: Not using cached read wrapper
LogTaskGraph: Started task graph with 5 named threads and 14 total threads with 3 sets of task threads.
LogStats: Stats thread started at 0.258178
LogD3D11RHI: Loaded GFSDK_Aftermath_Lib.x64.dll
LogICUInternationalization: ICU TimeZone Detection - Raw Offset: +0:00, Platform Override: ''
LogPluginManager: Mounting plugin Paper2D
LogPluginManager: Mounting plugin AISupport
LogPluginManager: Mounting plugin LightPropagationVolume
LogPluginManager: Mounting plugin ActorLayerUtilities
LogPluginManager: Mounting plugin AnimationSharing
LogPluginManager: Mounting plugin CLionSourceCodeAccess
LogPluginManager: Mounting plugin CodeLiteSourceCodeAccess
LogPluginManager: Mounting plugin GitSourceControl
LogPluginManager: Mounting plugin KDevelopSourceCodeAccess
LogPluginManager: Mounting plugin NullSourceCodeAccess
LogPluginManager: Mounting plugin PerforceSourceControl
LogPluginManager: Mounting plugin PlasticSourceControl
LogPluginManager: Mounting plugin SubversionSourceControl
LogPluginManager: Mounting plugin UObjectPlugin
LogPluginManager: Mounting plugin VisualStudioCodeSourceCodeAccess
LogPluginManager: Mounting plugin VisualStudioSourceCodeAccess
LogPluginManager: Mounting plugin XCodeSourceCodeAccess
LogPluginManager: Mounting plugin AssetManagerEditor
LogPluginManager: Mounting plugin CryptoKeys
LogPluginManager: Mounting plugin CurveEditorTools
LogPluginManager: Mounting plugin DataValidation
LogPluginManager: Mounting plugin FacialAnimation
LogPluginManager: Mounting plugin GameplayTagsEditor
LogPluginManager: Mounting plugin MacGraphicsSwitching
LogPluginManager: Mounting plugin MaterialAnalyzer
LogPluginManager: Mounting plugin MobileLauncherProfileWizard
LogPluginManager: Mounting plugin PluginBrowser
LogPluginManager: Mounting plugin SpeedTreeImporter
LogPluginManager: Mounting plugin DatasmithContent
LogPluginManager: Mounting plugin VariantManagerContent
LogPluginManager: Mounting plugin AlembicImporter
LogPluginManager: Mounting plugin AutomationUtils
LogPluginManager: Mounting plugin BackChannel
LogPluginManager: Mounting plugin CharacterAI
LogPluginManager: Mounting plugin GeometryCache
LogPluginManager: Mounting plugin PlatformCrypto
LogPluginManager: Mounting plugin ProxyLODPlugin
LogPluginManager: Mounting plugin SkeletalReduction
LogPluginManager: Mounting plugin MagicLeap
LogPluginManager: Mounting plugin MagicLeapMedia
LogPluginManager: Mounting plugin MLSDK
LogPluginManager: Mounting plugin AndroidMedia
LogPluginManager: Mounting plugin AvfMedia
LogPluginManager: Mounting plugin ImgMedia
LogPluginManager: Mounting plugin MediaCompositing
LogPluginManager: Mounting plugin MediaPlayerEditor
LogPluginManager: Mounting plugin WebMMedia
LogPluginManager: Mounting plugin WmfMedia
LogPluginManager: Mounting plugin TcpMessaging
LogPluginManager: Mounting plugin UdpMessaging
LogPluginManager: Mounting plugin ActorSequence
LogPluginManager: Mounting plugin LevelSequenceEditor
LogPluginManager: Mounting plugin MatineeToLevelSequence
LogPluginManager: Mounting plugin NetcodeUnitTest
LogPluginManager: Mounting plugin NUTUnrealEngine4
LogPluginManager: Mounting plugin OnlineSubsystemGooglePlay
LogPluginManager: Mounting plugin OnlineSubsystemIOS
LogPluginManager: Mounting plugin OnlineSubsystem
LogPluginManager: Mounting plugin OnlineSubsystemNull
LogPluginManager: Mounting plugin OnlineSubsystemUtils
LogPluginManager: Mounting plugin LauncherChunkInstaller
LogPluginManager: Mounting plugin AndroidDeviceProfileSelector
LogPluginManager: Mounting plugin AndroidMoviePlayer
LogPluginManager: Mounting plugin AndroidPermission
LogPluginManager: Mounting plugin AppleImageUtils
LogPluginManager: Mounting plugin AppleMoviePlayer
LogPluginManager: Mounting plugin ArchVisCharacter
LogPluginManager: Mounting plugin AssetTags
LogPluginManager: Mounting plugin AudioCapture
LogPluginManager: Mounting plugin CableComponent
LogPluginManager: Mounting plugin CustomMeshComponent
LogPluginManager: Mounting plugin EditableMesh
LogPluginManager: Mounting plugin ExampleDeviceProfileSelector
LogPluginManager: Mounting plugin GoogleCloudMessaging
LogPluginManager: Mounting plugin IOSDeviceProfileSelector
LogPluginManager: Mounting plugin LinuxDeviceProfileSelector
LogPluginManager: Mounting plugin LocationServicesBPLibrary
LogPluginManager: Mounting plugin MobilePatchingUtils
LogPluginManager: Mounting plugin OculusVR
LogPluginManager: Mounting plugin PhysXVehicles
LogPluginManager: Mounting plugin PostSplashScreen
LogPluginManager: Mounting plugin ProceduralMeshComponent
LogPluginManager: Mounting plugin RuntimePhysXCooking
LogPluginManager: Mounting plugin SignificanceManager
LogPluginManager: Mounting plugin SteamVR
LogPluginManager: Mounting plugin WebMMoviePlayer
LogPluginManager: Mounting plugin WindowsMoviePlayer
LogPluginManager: Mounting plugin ScreenshotTools
LogInit: Using libcurl 7.55.1-DEV
LogInit:  - built for x86_64-pc-win32
LogInit:  - supports SSL with OpenSSL/1.1.1
LogInit:  - supports HTTP deflate (compression) using libz 1.2.8
LogInit:  - other features:
LogInit:      CURL_VERSION_SSL
LogInit:      CURL_VERSION_LIBZ
LogInit:      CURL_VERSION_IPV6
LogInit:      CURL_VERSION_ASYNCHDNS
LogInit:      CURL_VERSION_LARGEFILE
LogInit:      CURL_VERSION_IDN
LogInit:  CurlRequestOptions (configurable via config and command line):
LogInit:  - bVerifyPeer = true  - Libcurl will verify peer certificate
LogInit:  - bUseHttpProxy = false  - Libcurl will NOT use HTTP proxy
LogInit:  - bDontReuseConnections = false  - Libcurl will reuse connections
LogInit:  - MaxHostConnections = 16  - Libcurl will limit the number of connections to a host
LogInit:  - LocalHostAddr = Default
LogInit:  - BufferSize = 65536
LogOnline: OSS: Creating online subsystem instance for: NULL
LogInit: WinSock: version 1.1 (2.2), MaxSocks=32767, MaxUdp=65467
LogOnline: OSS: TryLoadSubsystemAndSetDefault: Loaded subsystem for module [NULL]
LogInit: Build: ++UE4+Release-4.24-CL-11100242
LogInit: Engine Version: 4.24.2-11100242+++UE4+Release-4.24
LogInit: Compatible Engine Version: 4.24.0-10570792+++UE4+Release-4.24
LogInit: Net CL: 10570792
LogInit: OS: Windows 10 (Release 1909) (), CPU: Intel(R) Core(TM) i5-7300HQ CPU @ 2.50GHz, GPU: Intel(R) HD Graphics 630
LogInit: Compiled (64-bit): Jan 24 2020 02:05:53
LogInit: Compiled with Visual C++: 19.16.27032.01
LogInit: Build Configuration: Development
LogInit: Branch Name: ++UE4+Release-4.24
LogInit: Command Line:  192.168.1.7 -game -log
LogInit: Base Directory: C:/Program Files/Epic Games/UE_4.24/Engine/Binaries/Win64/
LogInit: Installed Engine Build: 1
LogDevObjectVersion: Number of dev versions registered: 25
LogDevObjectVersion:   Dev-Blueprints (B0D832E4-1F89-4F0D-ACCF-7EB736FD4AA2): 10
LogDevObjectVersion:   Dev-Build (E1C64328-A22C-4D53-A36C-8E866417BD8C): 0
LogDevObjectVersion:   Dev-Core (375EC13C-06E4-48FB-B500-84F0262A717E): 3
LogDevObjectVersion:   Dev-Editor (E4B068ED-F494-42E9-A231-DA0B2E46BB41): 37
LogDevObjectVersion:   Dev-Framework (CFFC743F-43B0-4480-9391-14DF171D2073): 36
LogDevObjectVersion:   Dev-Mobile (B02B49B5-BB20-44E9-A304-32B752E40360): 2
LogDevObjectVersion:   Dev-Networking (A4E4105C-59A1-49B5-A7C5-40C4547EDFEE): 0
LogDevObjectVersion:   Dev-Online (39C831C9-5AE6-47DC-9A44-9C173E1C8E7C): 0
LogDevObjectVersion:   Dev-Physics (78F01B33-EBEA-4F98-B9B4-84EACCB95AA2): 2
LogDevObjectVersion:   Dev-Platform (6631380F-2D4D-43E0-8009-CF276956A95A): 0
LogDevObjectVersion:   Dev-Rendering (12F88B9F-8875-4AFC-A67C-D90C383ABD29): 36
LogDevObjectVersion:   Dev-Sequencer (7B5AE74C-D270-4C10-A958-57980B212A5A): 11
LogDevObjectVersion:   Dev-VR (D7296918-1DD6-4BDD-9DE2-64A83CC13884): 2
LogDevObjectVersion:   Dev-LoadTimes (C2A15278-BFE7-4AFE-6C17-90FF531DF755): 1
LogDevObjectVersion:   Private-Geometry (6EACA3D4-40EC-4CC1-B786-8BED09428FC5): 3
LogDevObjectVersion:   Dev-AnimPhys (29E575DD-E0A3-4627-9D10-D276232CDCEA): 17
LogDevObjectVersion:   Dev-Anim (AF43A65D-7FD3-4947-9873-3E8ED9C1BB05): 2
LogDevObjectVersion:   Dev-ReflectionCapture (6B266CEC-1EC7-4B8F-A30B-E4D90942FC07): 1
LogDevObjectVersion:   Dev-Automation (0DF73D61-A23F-47EA-B727-89E90C41499A): 1
LogDevObjectVersion:   FortniteMain (601D1886-AC64-4F84-AA16-D3DE0DEAC7D6): 31
LogDevObjectVersion:   Dev-Enterprise (9DFFBCD6-494F-0158-E221-12823C92A888): 8
LogDevObjectVersion:   Dev-Niagara (F2AED0AC-9AFE-416F-8664-AA7FFA26D6FC): 1
LogDevObjectVersion:   Dev-Destruction (174F1F0B-B4C6-45A5-B13F-2EE8D0FB917D): 9
LogDevObjectVersion:   Dev-Physics-Ext (35F94A83-E258-406C-A318-09F59610247C): 8
LogDevObjectVersion:   Dev-CineCamera (B2E18506-4273-CFC2-A54E-F4BB758BBA07): 1
LogInit: Presizing for max 25165824 objects, including 0 objects not considered by GC, pre-allocating 0 bytes for permanent pool.
LogInit: Object subsystem initialized
LogConfig: Setting CVar [[con.DebugEarlyDefault:1]]
LogConfig: Setting CVar [[r.setres:1280x720]]
[2020.08.04-00.15.15:572][  0]LogConfig: Setting CVar [[con.DebugEarlyDefault:1]]
[2020.08.04-00.15.15:572][  0]LogConfig: Setting CVar [[r.setres:1280x720]]
[2020.08.04-00.15.15:573][  0]LogConfig: Applying CVar settings from Section [/Script/Engine.RendererSettings] File [C:/Users/harsh.DESKTOP-UNEK68K/Desktop/Multiplayer/PuzzlePlatforms/Saved/Config/Windows/Engine.ini]
[2020.08.04-00.15.15:573][  0]LogConfig: Setting CVar [[r.GPUCrashDebugging:0]]
[2020.08.04-00.15.15:574][  0]LogConfig: Applying CVar settings from Section [/Script/Engine.RendererOverrideSettings] File [C:/Users/harsh.DESKTOP-UNEK68K/Desktop/Multiplayer/PuzzlePlatforms/Saved/Config/Windows/Engine.ini]
[2020.08.04-00.15.15:577][  0]LogConfig: Applying CVar settings from Section [/Script/Engine.StreamingSettings] File [C:/Users/harsh.DESKTOP-UNEK68K/Desktop/Multiplayer/PuzzlePlatforms/Saved/Config/Windows/Engine.ini]
[2020.08.04-00.15.15:584][  0]LogConfig: Setting CVar [[s.MinBulkDataSizeForAsyncLoading:131072]]
[2020.08.04-00.15.15:584][  0]LogConfig: Setting CVar [[s.AsyncLoadingThreadEnabled:0]]
[2020.08.04-00.15.15:585][  0]LogConfig: Setting CVar [[s.EventDrivenLoaderEnabled:1]]
[2020.08.04-00.15.15:587][  0]LogConfig: Setting CVar [[s.WarnIfTimeLimitExceeded:0]]
[2020.08.04-00.15.15:587][  0]LogConfig: Setting CVar [[s.TimeLimitExceededMultiplier:1.5]]
[2020.08.04-00.15.15:588][  0]LogConfig: Setting CVar [[s.TimeLimitExceededMinTime:0.005]]
[2020.08.04-00.15.15:588][  0]LogConfig: Setting CVar [[s.UseBackgroundLevelStreaming:1]]
[2020.08.04-00.15.15:589][  0]LogConfig: Setting CVar [[s.PriorityAsyncLoadingExtraTime:15.0]]
[2020.08.04-00.15.15:589][  0]LogConfig: Setting CVar [[s.LevelStreamingActorsUpdateTimeLimit:5.0]]
[2020.08.04-00.15.15:590][  0]LogConfig: Setting CVar [[s.PriorityLevelStreamingActorsUpdateExtraTime:5.0]]
[2020.08.04-00.15.15:590][  0]LogConfig: Setting CVar [[s.LevelStreamingComponentsRegistrationGranularity:10]]
[2020.08.04-00.15.15:591][  0]LogConfig: Setting CVar [[s.UnregisterComponentsTimeLimit:1.0]]
[2020.08.04-00.15.15:592][  0]LogConfig: Setting CVar [[s.LevelStreamingComponentsUnregistrationGranularity:5]]
[2020.08.04-00.15.15:593][  0]LogConfig: Setting CVar [[s.FlushStreamingOnExit:1]]
[2020.08.04-00.15.15:594][  0]LogConfig: Applying CVar settings from Section [/Script/Engine.GarbageCollectionSettings] File [C:/Users/harsh.DESKTOP-UNEK68K/Desktop/Multiplayer/PuzzlePlatforms/Saved/Config/Windows/Engine.ini]
[2020.08.04-00.15.15:595][  0]LogConfig: Setting CVar [[gc.MaxObjectsNotConsideredByGC:1]]
[2020.08.04-00.15.15:595][  0]LogConfig: Setting CVar [[gc.SizeOfPermanentObjectPool:0]]
[2020.08.04-00.15.15:596][  0]LogConfig: Setting CVar [[gc.FlushStreamingOnGC:0]]
[2020.08.04-00.15.15:600][  0]LogConfig: Setting CVar [[gc.NumRetriesBeforeForcingGC:10]]
[2020.08.04-00.15.15:601][  0]LogConfig: Setting CVar [[gc.AllowParallelGC:1]]
[2020.08.04-00.15.15:602][  0]LogConfig: Setting CVar [[gc.TimeBetweenPurgingPendingKillObjects:61.1]]
[2020.08.04-00.15.15:604][  0]LogConfig: Setting CVar [[gc.MaxObjectsInEditor:25165824]]
[2020.08.04-00.15.15:604][  0]LogConfig: Setting CVar [[gc.IncrementalBeginDestroyEnabled:1]]
[2020.08.04-00.15.15:605][  0]LogConfig: Setting CVar [[gc.CreateGCClusters:1]]
[2020.08.04-00.15.15:605][  0]LogConfig: Setting CVar [[gc.MinGCClusterSize:5]]
[2020.08.04-00.15.15:606][  0]LogConfig: Setting CVar [[gc.ActorClusteringEnabled:0]]
[2020.08.04-00.15.15:606][  0]LogConfig: Setting CVar [[gc.BlueprintClusteringEnabled:0]]
[2020.08.04-00.15.15:607][  0]LogConfig: Setting CVar [[gc.UseDisregardForGCOnDedicatedServers:0]]
[2020.08.04-00.15.15:607][  0]LogConfig: Applying CVar settings from Section [/Script/Engine.NetworkSettings] File [C:/Users/harsh.DESKTOP-UNEK68K/Desktop/Multiplayer/PuzzlePlatforms/Saved/Config/Windows/Engine.ini]
[2020.08.04-00.15.15:608][  0]LogConfig: Applying CVar settings from Section [/Script/UnrealEd.CookerSettings] File [C:/Users/harsh.DESKTOP-UNEK68K/Desktop/Multiplayer/PuzzlePlatforms/Saved/Config/Windows/Engine.ini]
[2020.08.04-00.15.15:615][  0]LogConfig: Applying CVar settings from Section [ViewDistanceQuality@3] File [C:/Users/harsh.DESKTOP-UNEK68K/Desktop/Multiplayer/PuzzlePlatforms/Saved/Config/Windows/Scalability.ini]
[2020.08.04-00.15.15:616][  0]LogConfig: Setting CVar [[r.SkeletalMeshLODBias:0]]
[2020.08.04-00.15.15:616][  0]LogConfig: Setting CVar [[r.ViewDistanceScale:1.0]]
[2020.08.04-00.15.15:617][  0]LogConfig: Applying CVar settings from Section [AntiAliasingQuality@3] File [C:/Users/harsh.DESKTOP-UNEK68K/Desktop/Multiplayer/PuzzlePlatforms/Saved/Config/Windows/Scalability.ini]
[2020.08.04-00.15.15:617][  0]LogConfig: Setting CVar [[r.PostProcessAAQuality:4]]
[2020.08.04-00.15.15:618][  0]LogConfig: Applying CVar settings from Section [ShadowQuality@3] File [C:/Users/harsh.DESKTOP-UNEK68K/Desktop/Multiplayer/PuzzlePlatforms/Saved/Config/Windows/Scalability.ini]
[2020.08.04-00.15.15:618][  0]LogConfig: Setting CVar [[r.LightFunctionQuality:1]]
[2020.08.04-00.15.15:619][  0]LogConfig: Setting CVar [[r.ShadowQuality:5]]
[2020.08.04-00.15.15:619][  0]LogConfig: Setting CVar [[r.Shadow.CSM.MaxCascades:10]]
[2020.08.04-00.15.15:620][  0]LogConfig: Setting CVar [[r.Shadow.MaxResolution:2048]]
[2020.08.04-00.15.15:620][  0]LogConfig: Setting CVar [[r.Shadow.MaxCSMResolution:2048]]
[2020.08.04-00.15.15:621][  0]LogConfig: Setting CVar [[r.Shadow.RadiusThreshold:0.01]]
[2020.08.04-00.15.15:622][  0]LogConfig: Setting CVar [[r.Shadow.DistanceScale:1.0]]
[2020.08.04-00.15.15:627][  0]LogConfig: Setting CVar [[r.Shadow.CSM.TransitionScale:1.0]]
[2020.08.04-00.15.15:629][  0]LogConfig: Setting CVar [[r.Shadow.PreShadowResolutionFactor:1.0]]
[2020.08.04-00.15.15:630][  0]LogConfig: Setting CVar [[r.DistanceFieldShadowing:1]]
[2020.08.04-00.15.15:631][  0]LogConfig: Setting CVar [[r.DistanceFieldAO:1]]
[2020.08.04-00.15.15:632][  0]LogConfig: Setting CVar [[r.AOQuality:2]]
[2020.08.04-00.15.15:633][  0]LogConfig: Setting CVar [[r.VolumetricFog:1]]
[2020.08.04-00.15.15:633][  0]LogConfig: Setting CVar [[r.VolumetricFog.GridPixelSize:8]]
[2020.08.04-00.15.15:634][  0]LogConfig: Setting CVar [[r.VolumetricFog.GridSizeZ:128]]
[2020.08.04-00.15.15:636][  0]LogConfig: Setting CVar [[r.VolumetricFog.HistoryMissSupersampleCount:4]]
[2020.08.04-00.15.15:637][  0]LogConfig: Setting CVar [[r.LightMaxDrawDistanceScale:1]]
[2020.08.04-00.15.15:638][  0]LogConfig: Setting CVar [[r.CapsuleShadows:1]]
[2020.08.04-00.15.15:638][  0]LogConfig: Applying CVar settings from Section [PostProcessQuality@3] File [C:/Users/harsh.DESKTOP-UNEK68K/Desktop/Multiplayer/PuzzlePlatforms/Saved/Config/Windows/Scalability.ini]
[2020.08.04-00.15.15:639][  0]LogConfig: Setting CVar [[r.MotionBlurQuality:4]]
[2020.08.04-00.15.15:640][  0]LogConfig: Setting CVar [[r.AmbientOcclusionMipLevelFactor:0.4]]
[2020.08.04-00.15.15:640][  0]LogConfig: Setting CVar [[r.AmbientOcclusionMaxQuality:100]]
[2020.08.04-00.15.15:641][  0]LogConfig: Setting CVar [[r.AmbientOcclusionLevels:-1]]
[2020.08.04-00.15.15:642][  0]LogConfig: Setting CVar [[r.AmbientOcclusionRadiusScale:1.0]]
[2020.08.04-00.15.15:642][  0]LogConfig: Setting CVar [[r.DepthOfFieldQuality:2]]
[2020.08.04-00.15.15:642][  0]LogConfig: Setting CVar [[r.RenderTargetPoolMin:400]]
[2020.08.04-00.15.15:643][  0]LogConfig: Setting CVar [[r.LensFlareQuality:2]]
[2020.08.04-00.15.15:644][  0]LogConfig: Setting CVar [[r.SceneColorFringeQuality:1]]
[2020.08.04-00.15.15:646][  0]LogConfig: Setting CVar [[r.EyeAdaptationQuality:2]]
[2020.08.04-00.15.15:650][  0]LogConfig: Setting CVar [[r.BloomQuality:5]]
[2020.08.04-00.15.15:651][  0]LogConfig: Setting CVar [[r.FastBlurThreshold:100]]
[2020.08.04-00.15.15:651][  0]LogConfig: Setting CVar [[r.Upscale.Quality:3]]
[2020.08.04-00.15.15:651][  0]LogConfig: Setting CVar [[r.Tonemapper.GrainQuantization:1]]
[2020.08.04-00.15.15:652][  0]LogConfig: Setting CVar [[r.LightShaftQuality:1]]
[2020.08.04-00.15.15:652][  0]LogConfig: Setting CVar [[r.Filter.SizeScale:1]]
[2020.08.04-00.15.15:654][  0]LogConfig: Setting CVar [[r.Tonemapper.Quality:5]]
[2020.08.04-00.15.15:655][  0]LogConfig: Setting CVar [[r.DOF.Gather.AccumulatorQuality:1        ; higher gathering accumulator quality]]
[2020.08.04-00.15.15:655][  0]LogConfig: Setting CVar [[r.DOF.Gather.PostfilterMethod:1          ; Median3x3 postfilering method]]
[2020.08.04-00.15.15:655][  0]LogConfig: Setting CVar [[r.DOF.Gather.EnableBokehSettings:0       ; no bokeh simulation when gathering]]
[2020.08.04-00.15.15:656][  0]LogConfig: Setting CVar [[r.DOF.Gather.RingCount:4                 ; medium number of samples when gathering]]
[2020.08.04-00.15.15:656][  0]LogConfig: Setting CVar [[r.DOF.Scatter.ForegroundCompositing:1    ; additive foreground scattering]]
[2020.08.04-00.15.15:657][  0]LogConfig: Setting CVar [[r.DOF.Scatter.BackgroundCompositing:2    ; additive background scattering]]
[2020.08.04-00.15.15:657][  0]LogConfig: Setting CVar [[r.DOF.Scatter.EnableBokehSettings:1      ; bokeh simulation when scattering]]
[2020.08.04-00.15.15:658][  0]LogConfig: Setting CVar [[r.DOF.Scatter.MaxSpriteRatio:0.1         ; only a maximum of 10% of scattered bokeh]]
[2020.08.04-00.15.15:658][  0]LogConfig: Setting CVar [[r.DOF.Recombine.Quality:1                ; cheap slight out of focus]]
[2020.08.04-00.15.15:659][  0]LogConfig: Setting CVar [[r.DOF.Recombine.EnableBokehSettings:0    ; no bokeh simulation on slight out of focus]]
[2020.08.04-00.15.15:669][  0]LogConfig: Setting CVar [[r.DOF.TemporalAAQuality:1                ; more stable temporal accumulation]]
[2020.08.04-00.15.15:670][  0]LogConfig: Setting CVar [[r.DOF.Kernel.MaxForegroundRadius:0.025]]
[2020.08.04-00.15.15:670][  0]LogConfig: Setting CVar [[r.DOF.Kernel.MaxBackgroundRadius:0.025]]
[2020.08.04-00.15.15:671][  0]LogConfig: Applying CVar settings from Section [TextureQuality@3] File [C:/Users/harsh.DESKTOP-UNEK68K/Desktop/Multiplayer/PuzzlePlatforms/Saved/Config/Windows/Scalability.ini]
[2020.08.04-00.15.15:672][  0]LogConfig: Setting CVar [[r.Streaming.MipBias:0]]
[2020.08.04-00.15.15:673][  0]LogConfig: Setting CVar [[r.Streaming.AmortizeCPUToGPUCopy:0]]
[2020.08.04-00.15.15:673][  0]LogConfig: Setting CVar [[r.Streaming.MaxNumTexturesToStreamPerFrame:0]]
[2020.08.04-00.15.15:675][  0]LogConfig: Setting CVar [[r.Streaming.Boost:1]]
[2020.08.04-00.15.15:675][  0]LogConfig: Setting CVar [[r.MaxAnisotropy:8]]
[2020.08.04-00.15.15:676][  0]LogConfig: Setting CVar [[r.VT.MaxAnisotropy:8]]
[2020.08.04-00.15.15:677][  0]LogConfig: Setting CVar [[r.Streaming.LimitPoolSizeToVRAM:0]]
[2020.08.04-00.15.15:683][  0]LogConfig: Setting CVar [[r.Streaming.PoolSize:1000]]
[2020.08.04-00.15.15:683][  0]LogConfig: Setting CVar [[r.Streaming.MaxEffectiveScreenSize:0]]
[2020.08.04-00.15.15:684][  0]LogConfig: Applying CVar settings from Section [EffectsQuality@3] File [C:/Users/harsh.DESKTOP-UNEK68K/Desktop/Multiplayer/PuzzlePlatforms/Saved/Config/Windows/Scalability.ini]
[2020.08.04-00.15.15:685][  0]LogConfig: Setting CVar [[r.TranslucencyLightingVolumeDim:64]]
[2020.08.04-00.15.15:685][  0]LogConfig: Setting CVar [[r.RefractionQuality:2]]
[2020.08.04-00.15.15:685][  0]LogConfig: Setting CVar [[r.SSR.Quality:3]]
[2020.08.04-00.15.15:686][  0]LogConfig: Setting CVar [[r.SSR.HalfResSceneColor:0]]
[2020.08.04-00.15.15:687][  0]LogConfig: Setting CVar [[r.SceneColorFormat:4]]
[2020.08.04-00.15.15:687][  0]LogConfig: Setting CVar [[r.DetailMode:2]]
[2020.08.04-00.15.15:688][  0]LogConfig: Setting CVar [[r.TranslucencyVolumeBlur:1]]
[2020.08.04-00.15.15:688][  0]LogConfig: Setting CVar [[r.MaterialQualityLevel:1 ; High quality]]
[2020.08.04-00.15.15:689][  0]LogConfig: Setting CVar [[r.SSS.Scale:1]]
[2020.08.04-00.15.15:689][  0]LogConfig: Setting CVar [[r.SSS.SampleSet:2]]
[2020.08.04-00.15.15:690][  0]LogConfig: Setting CVar [[r.SSS.Quality:1]]
[2020.08.04-00.15.15:690][  0]LogConfig: Setting CVar [[r.SSS.HalfRes:1]]
[2020.08.04-00.15.15:692][  0]LogConfig: Setting CVar [[r.SSGI.Quality:3]]
[2020.08.04-00.15.15:699][  0]LogConfig: Setting CVar [[r.EmitterSpawnRateScale:1.0]]
[2020.08.04-00.15.15:699][  0]LogConfig: Setting CVar [[r.ParticleLightQuality:2]]
[2020.08.04-00.15.15:700][  0]LogConfig: Setting CVar [[r.SkyAtmosphere.AerialPerspectiveLUT.FastApplyOnOpaque:1 ; Always have FastSkyLUT 1 in this case to avoid wrong sky]]
[2020.08.04-00.15.15:701][  0]LogConfig: Setting CVar [[r.SkyAtmosphere.AerialPerspectiveLUT.SampleCountPerSlice:1]]
[2020.08.04-00.15.15:701][  0]LogConfig: Setting CVar [[r.SkyAtmosphere.AerialPerspectiveLUT.DepthResolution:16.0]]
[2020.08.04-00.15.15:702][  0]LogConfig: Setting CVar [[r.SkyAtmosphere.FastSkyLUT:1]]
[2020.08.04-00.15.15:702][  0]LogConfig: Setting CVar [[r.SkyAtmosphere.FastSkyLUT.SampleCountMin:4.0]]
[2020.08.04-00.15.15:703][  0]LogConfig: Setting CVar [[r.SkyAtmosphere.FastSkyLUT.SampleCountMax:32.0]]
[2020.08.04-00.15.15:703][  0]LogConfig: Setting CVar [[r.SkyAtmosphere.SampleCountMin:4.0]]
[2020.08.04-00.15.15:704][  0]LogConfig: Setting CVar [[r.SkyAtmosphere.SampleCountMax:32.0]]
[2020.08.04-00.15.15:704][  0]LogConfig: Setting CVar [[r.SkyAtmosphere.TransmittanceLUT.UseSmallFormat:0]]
[2020.08.04-00.15.15:705][  0]LogConfig: Setting CVar [[r.SkyAtmosphere.TransmittanceLUT.SampleCount:10.0]]
[2020.08.04-00.15.15:705][  0]LogConfig: Setting CVar [[r.SkyAtmosphere.MultiScatteringLUT.SampleCount:15.0]]
[2020.08.04-00.15.15:706][  0]LogConfig: Applying CVar settings from Section [FoliageQuality@3] File [C:/Users/harsh.DESKTOP-UNEK68K/Desktop/Multiplayer/PuzzlePlatforms/Saved/Config/Windows/Scalability.ini]
[2020.08.04-00.15.15:706][  0]LogConfig: Setting CVar [[foliage.DensityScale:1.0]]
[2020.08.04-00.15.15:707][  0]LogConfig: Setting CVar [[grass.DensityScale:1.0]]
[2020.08.04-00.15.15:711][  0]LogConfig: Applying CVar settings from Section [ShadingQuality@3] File [C:/Users/harsh.DESKTOP-UNEK68K/Desktop/Multiplayer/PuzzlePlatforms/Saved/Config/Windows/Scalability.ini]
[2020.08.04-00.15.15:714][  0]LogConfig: Setting CVar [[r.HairStrands.SkyLighting.SampleCount:16]]
[2020.08.04-00.15.15:715][  0]LogConfig: Setting CVar [[r.HairStrands.SkyLighting.JitterIntegration:0]]
[2020.08.04-00.15.15:715][  0]LogConfig: Setting CVar [[r.HairStrands.SkyAO.SampleCount:16]]
[2020.08.04-00.15.15:716][  0]LogInit: Selected Device Profile: [Windows]
[2020.08.04-00.15.15:717][  0]LogInit: Applying CVar settings loaded from the selected device profile: [Windows]
[2020.08.04-00.15.15:721][  0]LogHAL: Display: Platform has ~ 8 GB [8449904640 / 8589934592 / 8], which maps to Default [LargestMinGB=32, LargerMinGB=12, DefaultMinGB=8, SmallerMinGB=6, SmallestMinGB=0)
[2020.08.04-00.15.15:721][  0]LogInit: Going up to parent DeviceProfile []
[2020.08.04-00.15.15:722][  0]LogConfig: Applying CVar settings from Section [ViewDistanceQuality@3] File [C:/Users/harsh.DESKTOP-UNEK68K/Desktop/Multiplayer/PuzzlePlatforms/Saved/Config/Windows/Scalability.ini]
[2020.08.04-00.15.15:722][  0]LogConfig: Setting CVar [[r.SkeletalMeshLODBias:0]]
[2020.08.04-00.15.15:722][  0]LogConfig: Setting CVar [[r.ViewDistanceScale:1.0]]
[2020.08.04-00.15.15:729][  0]LogConfig: Applying CVar settings from Section [AntiAliasingQuality@3] File [C:/Users/harsh.DESKTOP-UNEK68K/Desktop/Multiplayer/PuzzlePlatforms/Saved/Config/Windows/Scalability.ini]
[2020.08.04-00.15.15:729][  0]LogConfig: Setting CVar [[r.PostProcessAAQuality:4]]
[2020.08.04-00.15.15:731][  0]LogConfig: Applying CVar settings from Section [ShadowQuality@3] File [C:/Users/harsh.DESKTOP-UNEK68K/Desktop/Multiplayer/PuzzlePlatforms/Saved/Config/Windows/Scalability.ini]
[2020.08.04-00.15.15:732][  0]LogConfig: Setting CVar [[r.LightFunctionQuality:1]]
[2020.08.04-00.15.15:732][  0]LogConfig: Setting CVar [[r.ShadowQuality:5]]
[2020.08.04-00.15.15:733][  0]LogConfig: Setting CVar [[r.Shadow.CSM.MaxCascades:10]]
[2020.08.04-00.15.15:733][  0]LogConfig: Setting CVar [[r.Shadow.MaxResolution:2048]]
[2020.08.04-00.15.15:734][  0]LogConfig: Setting CVar [[r.Shadow.MaxCSMResolution:2048]]
[2020.08.04-00.15.15:735][  0]LogConfig: Setting CVar [[r.Shadow.RadiusThreshold:0.01]]
[2020.08.04-00.15.15:735][  0]LogConfig: Setting CVar [[r.Shadow.DistanceScale:1.0]]
[2020.08.04-00.15.15:743][  0]LogConfig: Setting CVar [[r.Shadow.CSM.TransitionScale:1.0]]
[2020.08.04-00.15.15:746][  0]LogConfig: Setting CVar [[r.Shadow.PreShadowResolutionFactor:1.0]]
[2020.08.04-00.15.15:747][  0]LogConfig: Setting CVar [[r.DistanceFieldShadowing:1]]
[2020.08.04-00.15.15:748][  0]LogConfig: Setting CVar [[r.DistanceFieldAO:1]]
[2020.08.04-00.15.15:749][  0]LogConfig: Setting CVar [[r.AOQuality:2]]
[2020.08.04-00.15.15:749][  0]LogConfig: Setting CVar [[r.VolumetricFog:1]]
[2020.08.04-00.15.15:750][  0]LogConfig: Setting CVar [[r.VolumetricFog.GridPixelSize:8]]
[2020.08.04-00.15.15:750][  0]LogConfig: Setting CVar [[r.VolumetricFog.GridSizeZ:128]]
[2020.08.04-00.15.15:751][  0]LogConfig: Setting CVar [[r.VolumetricFog.HistoryMissSupersampleCount:4]]
[2020.08.04-00.15.15:753][  0]LogConfig: Setting CVar [[r.LightMaxDrawDistanceScale:1]]
[2020.08.04-00.15.15:754][  0]LogConfig: Setting CVar [[r.CapsuleShadows:1]]
[2020.08.04-00.15.15:755][  0]LogConfig: Applying CVar settings from Section [PostProcessQuality@3] File [C:/Users/harsh.DESKTOP-UNEK68K/Desktop/Multiplayer/PuzzlePlatforms/Saved/Config/Windows/Scalability.ini]
[2020.08.04-00.15.15:755][  0]LogConfig: Setting CVar [[r.MotionBlurQuality:4]]
[2020.08.04-00.15.15:756][  0]LogConfig: Setting CVar [[r.AmbientOcclusionMipLevelFactor:0.4]]
[2020.08.04-00.15.15:757][  0]LogConfig: Setting CVar [[r.AmbientOcclusionMaxQuality:100]]
[2020.08.04-00.15.15:757][  0]LogConfig: Setting CVar [[r.AmbientOcclusionLevels:-1]]
[2020.08.04-00.15.15:757][  0]LogConfig: Setting CVar [[r.AmbientOcclusionRadiusScale:1.0]]
[2020.08.04-00.15.15:760][  0]LogConfig: Setting CVar [[r.DepthOfFieldQuality:2]]
[2020.08.04-00.15.15:761][  0]LogConfig: Setting CVar [[r.RenderTargetPoolMin:400]]
[2020.08.04-00.15.15:761][  0]LogConfig: Setting CVar [[r.LensFlareQuality:2]]
[2020.08.04-00.15.15:763][  0]LogConfig: Setting CVar [[r.SceneColorFringeQuality:1]]
[2020.08.04-00.15.15:768][  0]LogConfig: Setting CVar [[r.EyeAdaptationQuality:2]]
[2020.08.04-00.15.15:768][  0]LogConfig: Setting CVar [[r.BloomQuality:5]]
[2020.08.04-00.15.15:770][  0]LogConfig: Setting CVar [[r.FastBlurThreshold:100]]
[2020.08.04-00.15.15:770][  0]LogConfig: Setting CVar [[r.Upscale.Quality:3]]
[2020.08.04-00.15.15:771][  0]LogConfig: Setting CVar [[r.Tonemapper.GrainQuantization:1]]
[2020.08.04-00.15.15:772][  0]LogConfig: Setting CVar [[r.LightShaftQuality:1]]
[2020.08.04-00.15.15:772][  0]LogConfig: Setting CVar [[r.Filter.SizeScale:1]]
[2020.08.04-00.15.15:773][  0]LogConfig: Setting CVar [[r.Tonemapper.Quality:5]]
[2020.08.04-00.15.15:774][  0]LogConfig: Setting CVar [[r.DOF.Gather.AccumulatorQuality:1        ; higher gathering accumulator quality]]
[2020.08.04-00.15.15:774][  0]LogConfig: Setting CVar [[r.DOF.Gather.PostfilterMethod:1          ; Median3x3 postfilering method]]
[2020.08.04-00.15.15:776][  0]LogConfig: Setting CVar [[r.DOF.Gather.EnableBokehSettings:0       ; no bokeh simulation when gathering]]
[2020.08.04-00.15.15:781][  0]LogConfig: Setting CVar [[r.DOF.Gather.RingCount:4                 ; medium number of samples when gathering]]
[2020.08.04-00.15.15:782][  0]LogConfig: Setting CVar [[r.DOF.Scatter.ForegroundCompositing:1    ; additive foreground scattering]]
[2020.08.04-00.15.15:782][  0]LogConfig: Setting CVar [[r.DOF.Scatter.BackgroundCompositing:2    ; additive background scattering]]
[2020.08.04-00.15.15:783][  0]LogConfig: Setting CVar [[r.DOF.Scatter.EnableBokehSettings:1      ; bokeh simulation when scattering]]
[2020.08.04-00.15.15:783][  0]LogConfig: Setting CVar [[r.DOF.Scatter.MaxSpriteRatio:0.1         ; only a maximum of 10% of scattered bokeh]]
[2020.08.04-00.15.15:784][  0]LogConfig: Setting CVar [[r.DOF.Recombine.Quality:1                ; cheap slight out of focus]]
[2020.08.04-00.15.15:784][  0]LogConfig: Setting CVar [[r.DOF.Recombine.EnableBokehSettings:0    ; no bokeh simulation on slight out of focus]]
[2020.08.04-00.15.15:785][  0]LogConfig: Setting CVar [[r.DOF.TemporalAAQuality:1                ; more stable temporal accumulation]]
[2020.08.04-00.15.15:785][  0]LogConfig: Setting CVar [[r.DOF.Kernel.MaxForegroundRadius:0.025]]
[2020.08.04-00.15.15:786][  0]LogConfig: Setting CVar [[r.DOF.Kernel.MaxBackgroundRadius:0.025]]
[2020.08.04-00.15.15:786][  0]LogConfig: Applying CVar settings from Section [TextureQuality@3] File [C:/Users/harsh.DESKTOP-UNEK68K/Desktop/Multiplayer/PuzzlePlatforms/Saved/Config/Windows/Scalability.ini]
[2020.08.04-00.15.15:788][  0]LogConfig: Setting CVar [[r.Streaming.MipBias:0]]
[2020.08.04-00.15.15:788][  0]LogConfig: Setting CVar [[r.Streaming.AmortizeCPUToGPUCopy:0]]
[2020.08.04-00.15.15:789][  0]LogConfig: Setting CVar [[r.Streaming.MaxNumTexturesToStreamPerFrame:0]]
[2020.08.04-00.15.15:789][  0]LogConfig: Setting CVar [[r.Streaming.Boost:1]]
[2020.08.04-00.15.15:790][  0]LogConfig: Setting CVar [[r.MaxAnisotropy:8]]
[2020.08.04-00.15.15:798][  0]LogConfig: Setting CVar [[r.VT.MaxAnisotropy:8]]
[2020.08.04-00.15.15:799][  0]LogConfig: Setting CVar [[r.Streaming.LimitPoolSizeToVRAM:0]]
[2020.08.04-00.15.15:801][  0]LogConfig: Setting CVar [[r.Streaming.PoolSize:1000]]
[2020.08.04-00.15.15:803][  0]LogConfig: Setting CVar [[r.Streaming.MaxEffectiveScreenSize:0]]
[2020.08.04-00.15.15:805][  0]LogConfig: Applying CVar settings from Section [EffectsQuality@3] File [C:/Users/harsh.DESKTOP-UNEK68K/Desktop/Multiplayer/PuzzlePlatforms/Saved/Config/Windows/Scalability.ini]
[2020.08.04-00.15.15:806][  0]LogConfig: Setting CVar [[r.TranslucencyLightingVolumeDim:64]]
[2020.08.04-00.15.15:806][  0]LogConfig: Setting CVar [[r.RefractionQuality:2]]
[2020.08.04-00.15.15:807][  0]LogConfig: Setting CVar [[r.SSR.Quality:3]]
[2020.08.04-00.15.15:807][  0]LogConfig: Setting CVar [[r.SSR.HalfResSceneColor:0]]
[2020.08.04-00.15.15:808][  0]LogConfig: Setting CVar [[r.SceneColorFormat:4]]
[2020.08.04-00.15.15:810][  0]LogConfig: Setting CVar [[r.DetailMode:2]]
[2020.08.04-00.15.15:811][  0]LogConfig: Setting CVar [[r.TranslucencyVolumeBlur:1]]
[2020.08.04-00.15.15:811][  0]LogConfig: Setting CVar [[r.MaterialQualityLevel:1 ; High quality]]
[2020.08.04-00.15.15:812][  0]LogConfig: Setting CVar [[r.SSS.Scale:1]]
[2020.08.04-00.15.15:813][  0]LogConfig: Setting CVar [[r.SSS.SampleSet:2]]
[2020.08.04-00.15.15:814][  0]LogConfig: Setting CVar [[r.SSS.Quality:1]]
[2020.08.04-00.15.15:833][  0]LogConfig: Setting CVar [[r.SSS.HalfRes:1]]
[2020.08.04-00.15.15:834][  0]LogConfig: Setting CVar [[r.SSGI.Quality:3]]
[2020.08.04-00.15.15:835][  0]LogConfig: Setting CVar [[r.EmitterSpawnRateScale:1.0]]
[2020.08.04-00.15.15:835][  0]LogConfig: Setting CVar [[r.ParticleLightQuality:2]]
[2020.08.04-00.15.15:835][  0]LogConfig: Setting CVar [[r.SkyAtmosphere.AerialPerspectiveLUT.FastApplyOnOpaque:1 ; Always have FastSkyLUT 1 in this case to avoid wrong sky]]
[2020.08.04-00.15.15:836][  0]LogConfig: Setting CVar [[r.SkyAtmosphere.AerialPerspectiveLUT.SampleCountPerSlice:1]]
[2020.08.04-00.15.15:836][  0]LogConfig: Setting CVar [[r.SkyAtmosphere.AerialPerspectiveLUT.DepthResolution:16.0]]
[2020.08.04-00.15.15:838][  0]LogConfig: Setting CVar [[r.SkyAtmosphere.FastSkyLUT:1]]
[2020.08.04-00.15.15:838][  0]LogConfig: Setting CVar [[r.SkyAtmosphere.FastSkyLUT.SampleCountMin:4.0]]
[2020.08.04-00.15.15:839][  0]LogConfig: Setting CVar [[r.SkyAtmosphere.FastSkyLUT.SampleCountMax:32.0]]
[2020.08.04-00.15.15:839][  0]LogConfig: Setting CVar [[r.SkyAtmosphere.SampleCountMin:4.0]]
[2020.08.04-00.15.15:840][  0]LogConfig: Setting CVar [[r.SkyAtmosphere.SampleCountMax:32.0]]
[2020.08.04-00.15.15:840][  0]LogConfig: Setting CVar [[r.SkyAtmosphere.TransmittanceLUT.UseSmallFormat:0]]
[2020.08.04-00.15.15:841][  0]LogConfig: Setting CVar [[r.SkyAtmosphere.TransmittanceLUT.SampleCount:10.0]]
[2020.08.04-00.15.15:847][  0]LogConfig: Setting CVar [[r.SkyAtmosphere.MultiScatteringLUT.SampleCount:15.0]]
[2020.08.04-00.15.15:848][  0]LogConfig: Applying CVar settings from Section [FoliageQuality@3] File [C:/Users/harsh.DESKTOP-UNEK68K/Desktop/Multiplayer/PuzzlePlatforms/Saved/Config/Windows/Scalability.ini]
[2020.08.04-00.15.15:849][  0]LogConfig: Setting CVar [[foliage.DensityScale:1.0]]
[2020.08.04-00.15.15:849][  0]LogConfig: Setting CVar [[grass.DensityScale:1.0]]
[2020.08.04-00.15.15:850][  0]LogConfig: Applying CVar settings from Section [ShadingQuality@3] File [C:/Users/harsh.DESKTOP-UNEK68K/Desktop/Multiplayer/PuzzlePlatforms/Saved/Config/Windows/Scalability.ini]
[2020.08.04-00.15.15:850][  0]LogConfig: Setting CVar [[r.HairStrands.SkyLighting.SampleCount:16]]
[2020.08.04-00.15.15:851][  0]LogConfig: Setting CVar [[r.HairStrands.SkyLighting.JitterIntegration:0]]
[2020.08.04-00.15.15:851][  0]LogConfig: Setting CVar [[r.HairStrands.SkyAO.SampleCount:16]]
[2020.08.04-00.15.15:852][  0]LogConfig: Applying CVar settings from Section [Startup] File [../../../Engine/Config/ConsoleVariables.ini]
[2020.08.04-00.15.15:852][  0]LogConfig: Setting CVar [[net.UseAdaptiveNetUpdateFrequency:0]]
[2020.08.04-00.15.15:852][  0]LogConfig: Setting CVar [[p.chaos.AllowCreatePhysxBodies:1]]
[2020.08.04-00.15.15:853][  0]LogConfig: Applying CVar settings from Section [ConsoleVariables] File [C:/Users/harsh.DESKTOP-UNEK68K/Desktop/Multiplayer/PuzzlePlatforms/Saved/Config/Windows/Engine.ini]
[2020.08.04-00.15.15:854][  0]LogInit: Computer: DESKTOP-UNEK68K
[2020.08.04-00.15.15:854][  0]LogInit: User: harsh
[2020.08.04-00.15.15:855][  0]LogInit: CPU Page size=4096, Cores=4
[2020.08.04-00.15.15:859][  0]LogInit: High frequency timer resolution =10.000000 MHz
[2020.08.04-00.15.15:860][  0]LogMemory: Memory total: Physical=7.9GB (8GB approx)
[2020.08.04-00.15.15:860][  0]LogMemory: Platform Memory Stats for Windows
[2020.08.04-00.15.15:862][  0]LogMemory: Process Physical Memory: 105.91 MB used, 105.92 MB peak
[2020.08.04-00.15.15:862][  0]LogMemory: Process Virtual Memory: 100.37 MB used, 100.37 MB peak
[2020.08.04-00.15.15:863][  0]LogMemory: Physical Memory: 6204.26 MB used,  1854.20 MB free, 8058.46 MB total
[2020.08.04-00.15.15:865][  0]LogMemory: Virtual Memory: 5122.20 MB used,  134212608.00 MB free, 134217728.00 MB total
[2020.08.04-00.15.15:870][  0]LogWindows: WindowsPlatformFeatures enabled
[2020.08.04-00.15.15:902][  0]LogInit: Using OS detected language (en-US).
[2020.08.04-00.15.15:902][  0]LogInit: Using OS detected locale (en-US).
[2020.08.04-00.15.15:906][  0]LogTextLocalizationManager: No specific localization for 'en-US' exists, so the 'en' localization will be used.
[2020.08.04-00.15.16:177][  0]LogSlate: New Slate User Created.  User Index 0, Is Virtual User: 0
[2020.08.04-00.15.16:183][  0]LogSlate: Slate User Registered.  User Index 0, Is Virtual User: 0
[2020.08.04-00.15.16:238][  0]LogHMD: Failed to initialize OpenVR with code 110
[2020.08.04-00.15.16:239][  0]LogD3D11RHI: D3D11 min allowed feature level: 11_0
[2020.08.04-00.15.16:240][  0]LogD3D11RHI: D3D11 max allowed feature level: 11_0
[2020.08.04-00.15.16:241][  0]LogD3D11RHI: D3D11 adapters:
[2020.08.04-00.15.16:329][  0]LogD3D11RHI:    0. 'NVIDIA GeForce GTX 1050' (Feature Level 11_0)
[2020.08.04-00.15.16:330][  0]LogD3D11RHI:       4019/0/4029 MB DedicatedVideo/DedicatedSystem/SharedSystem, Outputs:1, VendorId:0x10de
[2020.08.04-00.15.16:345][  0]LogD3D11RHI:    1. 'Intel(R) HD Graphics 630' (Feature Level 11_0)
[2020.08.04-00.15.16:345][  0]LogD3D11RHI:       128/0/4029 MB DedicatedVideo/DedicatedSystem/SharedSystem, Outputs:0, VendorId:0x8086
[2020.08.04-00.15.16:350][  0]LogD3D11RHI:    2. 'Microsoft Basic Render Driver' (Feature Level 11_0)
[2020.08.04-00.15.16:351][  0]LogD3D11RHI:       0/0/4029 MB DedicatedVideo/DedicatedSystem/SharedSystem, Outputs:0, VendorId:0x1414
[2020.08.04-00.15.16:351][  0]LogD3D11RHI: Chosen D3D11 Adapter: 0
[2020.08.04-00.15.16:404][  0]LogD3D11RHI: Creating new Direct3DDevice
[2020.08.04-00.15.16:405][  0]LogD3D11RHI:     GPU DeviceId: 0x1c8d (for the marketing name, search the web for "GPU Device Id")
[2020.08.04-00.15.16:407][  0]LogWindows: EnumDisplayDevices:
[2020.08.04-00.15.16:407][  0]LogWindows:    0. 'Intel(R) HD Graphics 630' (P:1 D:1)
[2020.08.04-00.15.16:408][  0]LogWindows:    1. 'Intel(R) HD Graphics 630' (P:0 D:0)
[2020.08.04-00.15.16:409][  0]LogWindows:    2. 'Intel(R) HD Graphics 630' (P:0 D:0)
[2020.08.04-00.15.16:410][  0]LogWindows:    3. 'NVIDIA GeForce GTX 1050' (P:0 D:0)
[2020.08.04-00.15.16:410][  0]LogWindows: DebugString: PrimaryIsNotTheChoosenAdapter PrimaryIsNotTheChoosenAdapter PrimaryIsNotTheChoosenAdapter 
[2020.08.04-00.15.16:410][  0]LogD3D11RHI:     Adapter Name: NVIDIA GeForce GTX 1050
[2020.08.04-00.15.16:411][  0]LogD3D11RHI:   Driver Version: 417.35 (internal:25.21.14.1735, unified:417.35)
[2020.08.04-00.15.16:412][  0]LogD3D11RHI:      Driver Date: 12-11-2018
[2020.08.04-00.15.16:413][  0]LogRHI: Texture pool is 2813 MB (70% of 4019 MB)
[2020.08.04-00.15.16:469][  0]LogD3D11RHI: RHI has support for 64 bit atomics
[2020.08.04-00.15.16:470][  0]LogD3D11RHI: Async texture creation enabled
[2020.08.04-00.15.16:529][  0]LogD3D11RHI: GPU Timing Frequency: 1000.000000 (Debug: 2 2)
[2020.08.04-00.15.17:189][  0]LogTargetPlatformManager: Display: Loaded TargetPlatform 'WindowsNoEditor'
[2020.08.04-00.15.17:194][  0]LogTargetPlatformManager: Display: Loaded TargetPlatform 'Windows'
[2020.08.04-00.15.17:207][  0]LogTargetPlatformManager: Display: Loaded TargetPlatform 'WindowsClient'
[2020.08.04-00.15.17:219][  0]LogTargetPlatformManager: Display: Loaded TargetPlatform 'WindowsServer'
[2020.08.04-00.15.17:219][  0]LogTargetPlatformManager: Display: Building Assets For Windows
[2020.08.04-00.15.17:229][  0]LogAudioDebug: Display: Lib vorbis DLL was dynamically loaded.
[2020.08.04-00.15.17:268][  0]LogShaderCompilers: Guid format shader working directory is -20 characters bigger than the processId version (../../../../../../Users/harsh.DESKTOP-UNEK68K/Desktop/Multiplayer/PuzzlePlatforms/Intermediate/Shaders/WorkingDirectory/13212/).
[2020.08.04-00.15.17:269][  0]LogShaderCompilers: Cleaned the shader compiler working directory 'C:/Users/harsh.DESKTOP-UNEK68K/AppData/Local/Temp/UnrealShaderWorkingDir/E2C37CF24A3A02AEE1EB26B3CA66C313/'.
[2020.08.04-00.15.17:271][  0]LogXGEController: Cannot use XGE Controller as Incredibuild is not installed on this machine.
[2020.08.04-00.15.17:272][  0]LogShaderCompilers: Cannot use XGE Shader Compiler as Incredibuild is not installed on this machine.
[2020.08.04-00.15.17:272][  0]LogShaderCompilers: Display: Using Local Shader Compiler.
[2020.08.04-00.15.18:201][  0]LogDerivedDataCache: Display: Max Cache Size: 512 MB
[2020.08.04-00.15.18:288][  0]LogDerivedDataCache: Loaded boot cache 0.09s 81MB C:/Users/harsh.DESKTOP-UNEK68K/AppData/Local/UnrealEngine/4.24/DerivedDataCache/Boot.ddc.
[2020.08.04-00.15.18:289][  0]LogDerivedDataCache: Display: Loaded Boot cache: C:/Users/harsh.DESKTOP-UNEK68K/AppData/Local/UnrealEngine/4.24/DerivedDataCache/Boot.ddc
[2020.08.04-00.15.18:291][  0]LogDerivedDataCache: FDerivedDataBackendGraph:  Pak pak cache file ../../../../../../Users/harsh.DESKTOP-UNEK68K/Desktop/Multiplayer/PuzzlePlatforms/DerivedDataCache/DDC.ddp not found, will not use a pak cache.
[2020.08.04-00.15.18:294][  0]LogDerivedDataCache: Unable to find inner node Pak for hierarchical cache Hierarchy.
[2020.08.04-00.15.18:295][  0]LogDerivedDataCache: FDerivedDataBackendGraph:  CompressedPak pak cache file ../../../../../../Users/harsh.DESKTOP-UNEK68K/Desktop/Multiplayer/PuzzlePlatforms/DerivedDataCache/Compressed.ddp not found, will not use a pak cache.
[2020.08.04-00.15.18:296][  0]LogDerivedDataCache: Unable to find inner node CompressedPak for hierarchical cache Hierarchy.
[2020.08.04-00.15.18:309][  0]LogDerivedDataCache: Display: Pak cache opened for reading ../../../Engine/DerivedDataCache/Compressed.ddp.
[2020.08.04-00.15.18:310][  0]LogDerivedDataCache: FDerivedDataBackendGraph:  EnterprisePak pak cache file ../../../Enterprise/DerivedDataCache/Compressed.ddp not found, will not use a pak cache.
[2020.08.04-00.15.18:313][  0]LogDerivedDataCache: Unable to find inner node EnterprisePak for hierarchical cache Hierarchy.
[2020.08.04-00.15.18:314][  0]LogDerivedDataCache: Using Local data cache path C:/Users/harsh.DESKTOP-UNEK68K/AppData/Local/UnrealEngine/Common/DerivedDataCache: Writable
[2020.08.04-00.15.18:315][  0]LogDerivedDataCache: Shared data cache path not found in *engine.ini, will not use an Shared cache.
[2020.08.04-00.15.18:315][  0]LogDerivedDataCache: Unable to find inner node Shared for hierarchical cache Hierarchy.
[2020.08.04-00.15.18:348][  0]LogMaterial: Verifying Global Shaders for PCD3D_SM5
[2020.08.04-00.15.18:351][  0]LogSlate: Using FreeType 2.10.0
[2020.08.04-00.15.18:354][  0]LogSlate: SlateFontServices - WITH_FREETYPE: 1, WITH_HARFBUZZ: 1
[2020.08.04-00.15.18:542][  0]LogInit: Using OS detected language (en-US).
[2020.08.04-00.15.18:552][  0]LogInit: Using OS detected locale (en-US).
[2020.08.04-00.15.18:554][  0]LogTextLocalizationManager: No localization for 'en-US' exists, so 'en' will be used for the language.
[2020.08.04-00.15.18:555][  0]LogTextLocalizationManager: No localization for 'en-US' exists, so 'en' will be used for the locale.
[2020.08.04-00.15.18:556][  0]LogSlate: FontCache flush requested. Reason: Culture for localization was changed
[2020.08.04-00.15.18:556][  0]LogSlate: FontCache flush requested. Reason: Culture for localization was changed
[2020.08.04-00.15.18:561][  0]LogTextLocalizationManager: Compacting localization data took   0.01ms
[2020.08.04-00.15.18:569][  0]LogAssetRegistry: FAssetRegistry took 0.0043 seconds to start up
[2020.08.04-00.15.18:884][  0]LogFileManager: Warning: DeleteFile was unable to delete '../../../../../../Users/harsh.DESKTOP-UNEK68K/Desktop/Multiplayer/PuzzlePlatforms/Intermediate/AssetRegistryCache/1f683343NoDeps.bin', retrying in .5s...
[2020.08.04-00.15.19:388][  0]LogFileManager: Warning: DeleteFile recovered during retry!
[2020.08.04-00.15.19:428][  0]LogPackageLocalizationCache: Processed 10 localized package path(s) for 1 prioritized culture(s) in 0.563069 seconds
[2020.08.04-00.15.19:511][  0]LogInit: Selected Device Profile: [Windows]
[2020.08.04-00.15.19:672][  0]LogMeshReduction: Using QuadricMeshReduction for automatic static mesh reduction
[2020.08.04-00.15.19:672][  0]LogMeshReduction: Using SimplygonMeshReduction for automatic skeletal mesh reduction
[2020.08.04-00.15.19:674][  0]LogMeshReduction: Using ProxyLODMeshReduction for automatic mesh merging
[2020.08.04-00.15.19:675][  0]LogMeshReduction: No distributed automatic mesh merging module available
[2020.08.04-00.15.19:676][  0]LogMeshMerging: No distributed automatic mesh merging module available
[2020.08.04-00.15.19:695][  0]LogNetVersion: PuzzlePlatforms 1.0.0, NetCL: 10570792, EngineNetVer: 13, GameNetVer: 0 (Checksum: 2226377169)
[2020.08.04-00.15.20:370][  0]LogMoviePlayer: Initializing movie player
[2020.08.04-00.15.20:492][  0]LogTemp: Warning: GameInstance Constructor
[2020.08.04-00.15.20:666][  0]SourceControl: Source control is disabled
[2020.08.04-00.15.20:675][  0]SourceControl: Source control is disabled
[2020.08.04-00.15.20:679][  0]SourceControl: Source control is disabled
[2020.08.04-00.15.20:716][  0]LogAndroidPermission: UAndroidPermissionCallbackProxy::GetInstance
[2020.08.04-00.15.20:723][  0]LogAudioCaptureCore: Display: No Audio Capture implementations found. Audio input will be silent.
[2020.08.04-00.15.20:724][  0]LogAudioCaptureCore: Display: No Audio Capture implementations found. Audio input will be silent.
[2020.08.04-00.15.20:789][  0]LogOcInput: OculusInput pre-init called
[2020.08.04-00.15.20:803][  0]LogUObjectArray: 53689 objects as part of root set at end of initial load.
[2020.08.04-00.15.20:803][  0]LogUObjectAllocator: 9735320 out of 0 bytes used by permanent object pool.
[2020.08.04-00.15.20:803][  0]LogUObjectArray: CloseDisregardForGC: 0/0 objects in disregard for GC pool
[2020.08.04-00.15.20:864][  0]LogEngine: Initializing Engine...
[2020.08.04-00.15.20:866][  0]LogHMD: Failed to initialize OpenVR with code 110
[2020.08.04-00.15.20:868][  0]LogStats: UGameplayTagsManager::InitializeManager -  0.000 s
[2020.08.04-00.15.21:125][  0]LogInit: Initializing FReadOnlyCVARCache
[2020.08.04-00.15.21:140][  0]LogAudioMixer: Display: Audio Mixer Platform Settings:
[2020.08.04-00.15.21:147][  0]LogAudioMixer: Display: 	Sample Rate:						  48000
[2020.08.04-00.15.21:147][  0]LogAudioMixer: Display: 	Callback Buffer Frame Size Requested: 1024
[2020.08.04-00.15.21:148][  0]LogAudioMixer: Display: 	Callback Buffer Frame Size To Use:	  1024
[2020.08.04-00.15.21:148][  0]LogAudioMixer: Display: 	Number of buffers to queue:			  2
[2020.08.04-00.15.21:149][  0]LogAudioMixer: Display: 	Max Channels (voices):				  32
[2020.08.04-00.15.21:149][  0]LogAudioMixer: Display: 	Number of Async Source Workers:		  0
[2020.08.04-00.15.21:150][  0]LogAudio: Display: AudioDevice MaxSources: 32
[2020.08.04-00.15.21:151][  0]LogAudio: Display: Using built-in audio occlusion.
[2020.08.04-00.15.21:151][  0]LogAudioMixer: Display: Initializing audio mixer.
[2020.08.04-00.15.21:179][  0]LogAudioMixer: Display: Audio Device Output Speaker Info:
[2020.08.04-00.15.21:187][  0]LogAudioMixer: Display: Name: Speakers / Headphones (Realtek Audio)
[2020.08.04-00.15.21:189][  0]LogAudioMixer: Display: Is Default: Yes
[2020.08.04-00.15.21:189][  0]LogAudioMixer: Display: Sample Rate: 48000
[2020.08.04-00.15.21:190][  0]LogAudioMixer: Display: Channel Count Used: 2
[2020.08.04-00.15.21:191][  0]LogAudioMixer: Display: Device Channel Count: 2
[2020.08.04-00.15.21:191][  0]LogAudioMixer: Display: Channel Order:
[2020.08.04-00.15.21:192][  0]LogAudioMixer: Display: 0: FrontLeft
[2020.08.04-00.15.21:193][  0]LogAudioMixer: Display: 1: FrontRight
[2020.08.04-00.15.21:390][  0]LogAudioMixer: Display: Using Audio Device Speakers / Headphones (Realtek Audio)
[2020.08.04-00.15.21:409][  0]LogInit: FAudioDevice initialized.
[2020.08.04-00.15.21:499][  0]LogNetVersion: Set ProjectVersion to 1.0.0.0. Version Checksum will be recalculated on next use.
[2020.08.04-00.15.21:613][  0]LogDerivedDataCache: Saved boot cache 0.11s 81MB C:/Users/harsh.DESKTOP-UNEK68K/AppData/Local/UnrealEngine/4.24/DerivedDataCache/Boot.ddc.
[2020.08.04-00.15.21:699][  0]LogInit: Texture streaming: Enabled
[2020.08.04-00.15.21:934][  0]LogTemp: Warning: GameInstance Constructor
[2020.08.04-00.15.21:942][  0]LogTemp: Warning: GameInstance Init
[2020.08.04-00.15.21:948][  0]LogSlate: Updating window title bar state: overlay mode, drag disabled, window buttons hidden, title bar hidden
[2020.08.04-00.15.21:949][  0]LogInit: Display: Game Engine Initialized.
[2020.08.04-00.15.21:968][  0]LogInit: Display: Starting Game.
[2020.08.04-00.15.21:969][  0]LogNet: Browse: 192.168.1.7//Game/ThirdPersonCPP/Maps/ThirdPersonExampleMap?Name=Player
[2020.08.04-00.15.21:981][  0]LogInit: WinSock: I am DESKTOP-UNEK68K (192.168.1.7:0)
[2020.08.04-00.15.21:981][  0]LogInit: WinSock: Socket queue. Rx: 32768 (config 32768) Tx: 32768 (config 32768)
[2020.08.04-00.15.21:982][  0]PacketHandlerLog: Loaded PacketHandler component: Engine.EngineHandlerComponentFactory (StatelessConnectHandlerComponent)
[2020.08.04-00.15.21:982][  0]LogNet: Game client on port 7777, rate 10000
[2020.08.04-00.15.22:030][  0]LogLoad: (Engine Initialization) Total time: 8.83 seconds
[2020.08.04-00.15.22:031][  0]LogLoad: (Engine Initialization) Total Blueprint compile time: 0.00 seconds
[2020.08.04-00.15.22:039][  0]LogHandshake: SendChallengeResponse. Timestamp: 14.875574, Cookie: 020145238187080071084003152058098165168007138115246157145164
[2020.08.04-00.15.22:049][  0]LogContentStreaming: Texture pool size now 1000 MB
[2020.08.04-00.15.22:054][  0]LogSlate: InvalidateAllWidgets triggered.  All widgets were invalidated
[2020.08.04-00.15.22:171][  1]LogNetVersion: PuzzlePlatforms 1.0.0.0, NetCL: 10570792, EngineNetVer: 13, GameNetVer: 0 (Checksum: 3101645828)
[2020.08.04-00.15.22:172][  1]LogNet: UPendingNetGame::SendInitialJoin: Sending hello. [UNetConnection] RemoteAddr: 192.168.1.7:7777, Name: IpConnection_0, Driver: PendingNetDriver IpNetDriver_0, IsServer: NO, PC: NULL, Owner: NULL, UniqueId: INVALID
[2020.08.04-00.15.23:213][250]LogAudio: Display: Waited 50.481400 ms for audio thread.
[2020.08.04-00.15.25:943][ 20]LogNet: Welcomed by server (Level: /Game/ThirdPersonCPP/Maps/UEDPIE_0_ThirdPersonExampleMap, Game: /Script/PuzzlePlatforms.PuzzlePlatformsGameMode)
[2020.08.04-00.15.25:954][ 20]LogLoad: LoadMap: 192.168.1.7//Game/ThirdPersonCPP/Maps/ThirdPersonExampleMap?Name=Player?game=/Script/PuzzlePlatforms.PuzzlePlatformsGameMode
[2020.08.04-00.15.25:959][ 20]LogWorld: BeginTearingDown for /Temp/Untitled_0
[2020.08.04-00.15.25:961][ 20]LogWorld: UWorld::CleanupWorld for Untitled, bSessionEnded=true, bCleanupResources=true
[2020.08.04-00.15.25:964][ 20]LogSlate: InvalidateAllWidgets triggered.  All widgets were invalidated
[2020.08.04-00.15.26:016][ 20]LogAudioMixer: Display: No commands were queued while flushing the source manager.
[2020.08.04-00.15.26:022][ 20]LogUObjectHash: Compacting FUObjectHashTables data took   3.00ms
[2020.08.04-00.15.26:292][ 20]LogWorld: Bringing World /Game/ThirdPersonCPP/Maps/ThirdPersonExampleMap.ThirdPersonExampleMap up for play (max tick rate 0) at 2020.08.04-01.15.26
[2020.08.04-00.15.26:296][ 20]LogWorld: Bringing up level for play took: 0.040851
[2020.08.04-00.15.26:300][ 20]LogLoad: Took 0.345867 seconds to LoadMap(/Game/ThirdPersonCPP/Maps/ThirdPersonExampleMap)
[2020.08.04-00.15.26:317][ 20]LogRenderer: Reallocating scene render targets to support 1536x864 Format 10 NumSamples 1 (Frame:1).
[2020.08.04-00.15.26:317][ 20]LogSlate: Took 0.013218 seconds to synchronously load lazily loaded font '../../../Engine/Content/Slate/Fonts/Roboto-Regular.ttf' (155K)
[2020.08.04-00.15.31:619][430]LogOnlineSession: Warning: OSS: No game present to join for session (GameSession)
[2020.08.04-00.15.33:561][552]LogOnlineSession: Warning: OSS: No game present to join for session (GameSession)
[2020.08.04-00.15.59:655][731]LogWindowsDesktop: Alt-F4 pressed!
[2020.08.04-00.15.59:680][731]LogSlate: Window 'PuzzlePlatforms (64-bit Development PCD3D_SM5) ' being destroyed
[2020.08.04-00.15.59:691][731]LogWindowsTextInputMethodSystem: Display: IME system now deactivated.
[2020.08.04-00.15.59:701][731]LogSlate: Updating window title bar state: overlay mode, drag disabled, window buttons hidden, title bar hidden
[2020.08.04-00.15.59:741][731]LogEngine: All Windows Closed
[2020.08.04-00.15.59:762][731]LogWindows: FPlatformMisc::RequestExit(0)
[2020.08.04-00.15.59:777][731]LogCore: Engine exit requested (reason: Win RequestExit)
[2020.08.04-00.15.59:778][732]LogCore: Engine exit requested (reason: EngineExit() was called; note: exit was already requested)
[2020.08.04-00.15.59:791][732]LogAudioMixer: Display: No commands were queued while flushing the source manager.
[2020.08.04-00.15.59:841][732]LogInit: Display: PreExit Game.
[2020.08.04-00.15.59:882][732]LogWorld: BeginTearingDown for /Game/ThirdPersonCPP/Maps/ThirdPersonExampleMap
[2020.08.04-00.15.59:889][732]LogNet: World NetDriver shutdown IpNetDriver_0 [GameNetDriver]
[2020.08.04-00.15.59:891][732]LogNet: DestroyNamedNetDriver IpNetDriver_0 [GameNetDriver]
[2020.08.04-00.15.59:891][732]LogNet: UNetConnection::Close: [UNetConnection] RemoteAddr: 192.168.1.7:7777, Name: IpConnection_0, Driver: GameNetDriver IpNetDriver_0, IsServer: NO, PC: PlayerController_1, Owner: PlayerController_1, UniqueId: NULL:DESKTOP-UNEK68K-91B033E445A46665D223B99DCEBEF460, Channels: 14, Time: 2020.08.04-00.15.59
[2020.08.04-00.15.59:892][732]LogNet: UChannel::Close: Sending CloseBunch. ChIndex == 0. Name: [UChannel] ChIndex: 0, Closing: 0 [UNetConnection] RemoteAddr: 192.168.1.7:7777, Name: IpConnection_0, Driver: GameNetDriver IpNetDriver_0, IsServer: NO, PC: PlayerController_1, Owner: PlayerController_1, UniqueId: NULL:DESKTOP-UNEK68K-91B033E445A46665D223B99DCEBEF460
[2020.08.04-00.15.59:893][732]LogExit: GameNetDriver IpNetDriver_0 shut down
[2020.08.04-00.15.59:893][732]LogWorld: UWorld::CleanupWorld for ThirdPersonExampleMap, bSessionEnded=true, bCleanupResources=true
[2020.08.04-00.15.59:894][732]LogSlate: InvalidateAllWidgets triggered.  All widgets were invalidated
[2020.08.04-00.15.59:915][732]LogExit: Preparing to exit.
[2020.08.04-00.15.59:915][732]LogMoviePlayer: Shutting down movie player
[2020.08.04-00.15.59:961][732]LogSlate: Updating window title bar state: overlay mode, drag disabled, window buttons hidden, title bar hidden
[2020.08.04-00.15.59:967][732]LogDemo: Cleaned up 0 splitscreen connections with owner deletion
[2020.08.04-00.15.59:981][732]LogExit: Game engine shut down
[2020.08.04-00.16.00:154][732]LogExit: Object subsystem successfully closed.
[2020.08.04-00.16.02:623][732]LogShaderCompilers: Display: Shaders left to compile 0
[2020.08.04-00.16.02:677][732]LogModuleManager: Shutting down and abandoning module GameplayDebugger (432)
[2020.08.04-00.16.02:678][732]LogModuleManager: Shutting down and abandoning module Voice (430)
[2020.08.04-00.16.02:681][732]LogModuleManager: Shutting down and abandoning module SequenceRecorderSections (426)
[2020.08.04-00.16.02:681][732]LogModuleManager: Shutting down and abandoning module SequenceRecorder (424)
[2020.08.04-00.16.02:683][732]LogModuleManager: Shutting down and abandoning module AutomationController (422)
[2020.08.04-00.16.02:684][732]LogModuleManager: Shutting down and abandoning module AutomationWorker (420)
[2020.08.04-00.16.02:684][732]LogModuleManager: Shutting down and abandoning module OculusMR (418)
[2020.08.04-00.16.02:685][732]LogModuleManager: Shutting down and abandoning module WmfMediaFactory (416)
[2020.08.04-00.16.02:685][732]LogModuleManager: Shutting down and abandoning module WebMMediaFactory (414)
[2020.08.04-00.16.02:686][732]LogModuleManager: Shutting down and abandoning module WebMMedia (412)
[2020.08.04-00.16.02:687][732]LogModuleManager: Shutting down and abandoning module OpenExrWrapper (410)
[2020.08.04-00.16.02:689][732]LogModuleManager: Shutting down and abandoning module ImgMediaFactory (408)
[2020.08.04-00.16.02:689][732]LogModuleManager: Shutting down and abandoning module AvfMediaFactory (406)
[2020.08.04-00.16.02:690][732]LogModuleManager: Shutting down and abandoning module MagicLeapMediaCodecFactory (404)
[2020.08.04-00.16.02:690][732]LogModuleManager: Shutting down and abandoning module MagicLeapMediaFactory (402)
[2020.08.04-00.16.02:691][732]LogModuleManager: Shutting down and abandoning module CharacterAI (400)
[2020.08.04-00.16.02:691][732]LogModuleManager: Shutting down and abandoning module SessionServices (398)
[2020.08.04-00.16.02:692][732]LogModuleManager: Shutting down and abandoning module MovieSceneCapture (396)
[2020.08.04-00.16.02:692][732]LogModuleManager: Shutting down and abandoning module LiveCoding (394)
[2020.08.04-00.16.02:694][732]LogModuleManager: Shutting down and abandoning module LevelSequence (392)
[2020.08.04-00.16.02:694][732]LogModuleManager: Shutting down and abandoning module MovieSceneTracks (390)
[2020.08.04-00.16.02:695][732]LogModuleManager: Shutting down and abandoning module MovieScene (388)
[2020.08.04-00.16.02:695][732]LogModuleManager: Shutting down and abandoning module StreamingPauseRendering (386)
[2020.08.04-00.16.02:696][732]LogModuleManager: Shutting down and abandoning module PortalServices (384)
[2020.08.04-00.16.02:696][732]LogModuleManager: Shutting down and abandoning module PortalRpc (382)
[2020.08.04-00.16.02:697][732]LogModuleManager: Shutting down and abandoning module MessagingRpc (380)
[2020.08.04-00.16.02:697][732]LogModuleManager: Shutting down and abandoning module AudioMixerXAudio2 (378)
[2020.08.04-00.16.02:698][732]LogModuleManager: Shutting down and abandoning module ImageWriteQueue (376)
[2020.08.04-00.16.02:708][732]LogModuleManager: Shutting down and abandoning module ProfilerService (374)
[2020.08.04-00.16.02:886][732]LogModuleManager: Shutting down and abandoning module TaskGraph (372)
[2020.08.04-00.16.02:888][732]LogModuleManager: Shutting down and abandoning module ProceduralMeshComponent (370)
[2020.08.04-00.16.02:888][732]LogModuleManager: Shutting down and abandoning module OculusInput (368)
[2020.08.04-00.16.02:888][732]LogModuleManager: Shutting down and abandoning module MobilePatchingUtils (366)
[2020.08.04-00.16.02:889][732]LogModuleManager: Shutting down and abandoning module EditableMesh (364)
[2020.08.04-00.16.02:890][732]LogModuleManager: Shutting down and abandoning module CustomMeshComponent (362)
[2020.08.04-00.16.02:891][732]LogModuleManager: Shutting down and abandoning module CableComponent (360)
[2020.08.04-00.16.02:891][732]LogModuleManager: Shutting down and abandoning module AudioCapture (358)
[2020.08.04-00.16.02:892][732]LogModuleManager: Shutting down and abandoning module AudioCaptureRtAudio (357)
[2020.08.04-00.16.02:893][732]LogModuleManager: Shutting down and abandoning module AssetTags (354)
[2020.08.04-00.16.02:893][732]LogModuleManager: Shutting down and abandoning module ArchVisCharacter (352)
[2020.08.04-00.16.02:893][732]LogModuleManager: Shutting down and abandoning module AppleImageUtilsBlueprintSupport (350)
[2020.08.04-00.16.02:894][732]LogModuleManager: Shutting down and abandoning module AppleImageUtils (348)
[2020.08.04-00.16.02:894][732]LogModuleManager: Shutting down and abandoning module AndroidPermission (346)
[2020.08.04-00.16.02:894][732]LogModuleManager: Shutting down and abandoning module NUTUnrealEngine4 (344)
[2020.08.04-00.16.02:895][732]LogModuleManager: Shutting down and abandoning module NetcodeUnitTest (342)
[2020.08.04-00.16.02:898][732]LogModuleManager: Shutting down and abandoning module MediaCompositing (340)
[2020.08.04-00.16.02:900][732]LogModuleManager: Shutting down and abandoning module ImgMedia (338)
[2020.08.04-00.16.02:901][732]LogModuleManager: Shutting down and abandoning module MagicLeapHelperVulkan (336)
[2020.08.04-00.16.02:901][732]LogModuleManager: Shutting down and abandoning module MagicLeapHelperOpenGL (334)
[2020.08.04-00.16.02:902][732]LogModuleManager: Shutting down and abandoning module MagicLeapAudio (332)
[2020.08.04-00.16.02:903][732]LogModuleManager: Shutting down and abandoning module GeometryCacheTracks (330)
[2020.08.04-00.16.02:903][732]LogModuleManager: Shutting down and abandoning module GeometryCacheSequencer (329)
[2020.08.04-00.16.02:904][732]LogModuleManager: Shutting down and abandoning module GeometryCache (326)
[2020.08.04-00.16.02:904][732]LogModuleManager: Shutting down and abandoning module GeometryCacheEd (325)
[2020.08.04-00.16.02:905][732]LogModuleManager: Shutting down and abandoning module BackChannel (322)
[2020.08.04-00.16.02:906][732]LogModuleManager: Shutting down and abandoning module AutomationUtils (320)
[2020.08.04-00.16.02:906][732]LogModuleManager: Shutting down and abandoning module VisualStudioSourceCodeAccess (318)
[2020.08.04-00.16.02:907][732]LogModuleManager: Shutting down and abandoning module HotReload (317)
[2020.08.04-00.16.02:907][732]LogModuleManager: Shutting down and abandoning module DirectoryWatcher (316)
[2020.08.04-00.16.02:907][732]LogModuleManager: Shutting down and abandoning module VisualStudioCodeSourceCodeAccess (312)
[2020.08.04-00.16.02:908][732]LogModuleManager: Shutting down and abandoning module UObjectPlugin (310)
[2020.08.04-00.16.02:908][732]LogModuleManager: Shutting down and abandoning module SubversionSourceControl (308)
[2020.08.04-00.16.02:910][732]LogModuleManager: Shutting down and abandoning module PerforceSourceControl (306)
[2020.08.04-00.16.02:916][732]LogModuleManager: Shutting down and abandoning module SourceControl (305)
[2020.08.04-00.16.02:917][732]LogModuleManager: Shutting down and abandoning module CLionSourceCodeAccess (302)
[2020.08.04-00.16.02:918][732]LogModuleManager: Shutting down and abandoning module ActorLayerUtilities (300)
[2020.08.04-00.16.02:918][732]LogModuleManager: Shutting down and abandoning module PuzzlePlatforms (298)
[2020.08.04-00.16.02:919][732]LogModuleManager: Shutting down and abandoning module SignificanceManager (296)
[2020.08.04-00.16.02:920][732]LogModuleManager: Shutting down and abandoning module RuntimePhysXCooking (294)
[2020.08.04-00.16.02:920][732]LogModuleManager: Shutting down and abandoning module PhysXVehiclesEditor (292)
[2020.08.04-00.16.02:921][732]LogModuleManager: Shutting down and abandoning module LocationServicesBPLibrary (288)
[2020.08.04-00.16.02:923][732]LogModuleManager: Shutting down and abandoning module ActorSequence (286)
[2020.08.04-00.16.02:924][732]LogModuleManager: Shutting down and abandoning module UdpMessaging (284)
[2020.08.04-00.16.02:924][732]LogModuleManager: Shutting down and abandoning module TcpMessaging (282)
[2020.08.04-00.16.02:926][732]LogModuleManager: Shutting down and abandoning module MagicLeapPrivileges (280)
[2020.08.04-00.16.02:926][732]LogModuleManager: Shutting down and abandoning module MagicLeapPlanes (278)
[2020.08.04-00.16.02:927][732]LogMagicLeapPlanes: Planes tracker already destroyed.
[2020.08.04-00.16.02:928][732]LogModuleManager: Shutting down and abandoning module MagicLeapIdentity (276)
[2020.08.04-00.16.02:928][732]LogModuleManager: Shutting down and abandoning module MagicLeapSecureStorage (274)
[2020.08.04-00.16.02:929][732]LogModuleManager: Shutting down and abandoning module MagicLeapImageTracker (272)
[2020.08.04-00.16.02:929][732]LogModuleManager: Shutting down and abandoning module MagicLeapHandTracking (270)
[2020.08.04-00.16.02:930][732]LogModuleManager: Shutting down and abandoning module MagicLeapHandMeshing (268)
[2020.08.04-00.16.02:931][732]LogModuleManager: Shutting down and abandoning module MagicLeapEyeTracker (266)
[2020.08.04-00.16.02:932][732]LogModuleManager: Shutting down and abandoning module MagicLeapController (264)
[2020.08.04-00.16.02:936][732]LogSlate: Slate User Destroyed.  User Index 0, Is Virtual User: 0
[2020.08.04-00.16.02:936][732]LogModuleManager: Shutting down and abandoning module MagicLeapARPin (262)
[2020.08.04-00.16.02:937][732]LogModuleManager: Shutting down and abandoning module MagicLeapAR (260)
[2020.08.04-00.16.02:937][732]LogModuleManager: Shutting down and abandoning module AugmentedReality (259)
[2020.08.04-00.16.02:938][732]LogModuleManager: Shutting down and abandoning module GameplayTagsEditor (256)
[2020.08.04-00.16.02:939][732]LogModuleManager: Shutting down and abandoning module FacialAnimation (254)
[2020.08.04-00.16.02:939][732]LogModuleManager: Shutting down and abandoning module AssetManagerEditor (252)
[2020.08.04-00.16.02:940][732]LogModuleManager: Shutting down and abandoning module TreeMap (251)
[2020.08.04-00.16.02:941][732]LogModuleManager: Shutting down and abandoning module AnimationSharing (248)
[2020.08.04-00.16.02:941][732]LogModuleManager: Shutting down and abandoning module LightPropagationVolumeRuntime (246)
[2020.08.04-00.16.02:942][732]LogModuleManager: Shutting down and abandoning module Paper2D (244)
[2020.08.04-00.16.02:943][732]LogModuleManager: Shutting down and abandoning module WindowsMoviePlayer (242)
[2020.08.04-00.16.02:945][732]LogModuleManager: Shutting down and abandoning module WebMMoviePlayer (240)
[2020.08.04-00.16.02:948][732]LogModuleManager: Shutting down and abandoning module NetworkReplayStreaming (238)
[2020.08.04-00.16.02:949][732]LogModuleManager: Shutting down and abandoning module PacketHandler (236)
[2020.08.04-00.16.02:950][732]LogModuleManager: Shutting down and abandoning module ClothingSystemEditor (234)
[2020.08.04-00.16.02:950][732]LogModuleManager: Shutting down and abandoning module ClothingSystemRuntimeNv (232)
[2020.08.04-00.16.02:953][732]LogModuleManager: Shutting down and abandoning module MediaAssets (230)
[2020.08.04-00.16.02:953][732]LogModuleManager: Shutting down and abandoning module Overlay (228)
[2020.08.04-00.16.02:954][732]LogModuleManager: Shutting down and abandoning module OverlayEditor (227)
[2020.08.04-00.16.02:954][732]LogModuleManager: Shutting down and abandoning module VREditor (224)
[2020.08.04-00.16.02:955][732]LogModuleManager: Shutting down and abandoning module StringTableEditor (222)
[2020.08.04-00.16.02:958][732]LogModuleManager: Shutting down and abandoning module GameplayTasksEditor (220)
[2020.08.04-00.16.02:958][732]LogModuleManager: Shutting down and abandoning module BehaviorTreeEditor (218)
[2020.08.04-00.16.02:960][732]LogModuleManager: Shutting down and abandoning module FunctionalTesting (216)
[2020.08.04-00.16.02:961][732]LogModuleManager: Shutting down and abandoning module CollisionAnalyzer (214)
[2020.08.04-00.16.02:962][732]LogModuleManager: Shutting down and abandoning module WorkspaceMenuStructure (213)
[2020.08.04-00.16.02:962][732]LogModuleManager: Shutting down and abandoning module UMG (210)
[2020.08.04-00.16.02:965][732]LogModuleManager: Shutting down and abandoning module UMGEditor (209)
[2020.08.04-00.16.02:968][732]LogModuleManager: Shutting down and abandoning module Sequencer (208)
[2020.08.04-00.16.02:973][732]LogModuleManager: Shutting down and abandoning module MessageLog (205)
[2020.08.04-00.16.02:974][732]LogModuleManager: Shutting down and abandoning module SlateReflector (200)
[2020.08.04-00.16.02:978][732]LogModuleManager: Shutting down and abandoning module Slate (198)
[2020.08.04-00.16.02:979][732]LogModuleManager: Shutting down and abandoning module SlateCore (196)
[2020.08.04-00.16.02:980][732]LogModuleManager: Shutting down and abandoning module LandscapeEditorUtilities (194)
[2020.08.04-00.16.02:986][732]LogModuleManager: Shutting down and abandoning module EditorStyle (192)
[2020.08.04-00.16.02:988][732]LogModuleManager: Shutting down and abandoning module UnrealEd (190)
[2020.08.04-00.16.02:991][732]LogModuleManager: Shutting down and abandoning module MRMesh (188)
[2020.08.04-00.16.02:991][732]LogModuleManager: Shutting down and abandoning module Messaging (186)
[2020.08.04-00.16.02:991][732]LogModuleManager: Shutting down and abandoning module SourceCodeAccess (184)
[2020.08.04-00.16.02:992][732]LogModuleManager: Shutting down and abandoning module HeadMountedDisplay (182)
[2020.08.04-00.16.02:993][732]LogModuleManager: Shutting down and abandoning module XAudio2 (180)
[2020.08.04-00.16.02:993][732]LogModuleManager: Shutting down and abandoning module Networking (178)
[2020.08.04-00.16.02:995][732]LogModuleManager: Shutting down and abandoning module Core (176)
[2020.08.04-00.16.02:996][732]LogModuleManager: Shutting down and abandoning module MovieSceneTools (174)
[2020.08.04-00.16.02:996][732]LogModuleManager: Shutting down and abandoning module KismetCompiler (172)
[2020.08.04-00.16.02:997][732]LogModuleManager: Shutting down and abandoning module MeshUtilities (170)
[2020.08.04-00.16.02:998][732]LogModuleManager: Shutting down and abandoning module MeshMergeUtilities (169)
[2020.08.04-00.16.03:000][732]LogModuleManager: Shutting down and abandoning module MeshReductionInterface (168)
[2020.08.04-00.16.03:005][732]LogModuleManager: Shutting down and abandoning module MeshBoneReduction (167)
[2020.08.04-00.16.03:006][732]LogModuleManager: Shutting down and abandoning module SkeletalMeshReduction (165)
[2020.08.04-00.16.03:007][732]LogModuleManager: Shutting down and abandoning module ProxyLODMeshReduction (163)
[2020.08.04-00.16.03:008][732]LogModuleManager: Shutting down and abandoning module QuadricMeshReduction (161)
[2020.08.04-00.16.03:008][732]LogModuleManager: Shutting down and abandoning module MaterialBaking (157)
[2020.08.04-00.16.03:009][732]LogModuleManager: Shutting down and abandoning module NullInstallBundleManager (152)
[2020.08.04-00.16.03:009][732]LogModuleManager: Shutting down and abandoning module PIEPreviewDeviceProfileSelector (150)
[2020.08.04-00.16.03:010][732]LogModuleManager: Shutting down and abandoning module DerivedDataCache (148)
[2020.08.04-00.16.03:011][732]LogDerivedDataCache: Shutdown
[2020.08.04-00.16.03:011][732]LogModuleManager: Shutting down and abandoning module XGEController (146)
[2020.08.04-00.16.03:012][732]LogModuleManager: Shutting down and abandoning module TargetPlatform (144)
[2020.08.04-00.16.03:012][732]LogModuleManager: Shutting down and abandoning module VulkanShaderFormat (143)
[2020.08.04-00.16.03:014][732]LogModuleManager: Shutting down and abandoning module ShaderFormatVectorVM (141)
[2020.08.04-00.16.03:020][732]LogModuleManager: Shutting down and abandoning module ShaderFormatOpenGL (139)
[2020.08.04-00.16.03:020][732]LogModuleManager: Shutting down and abandoning module ShaderFormatD3D (137)
[2020.08.04-00.16.03:020][732]LogModuleManager: Shutting down and abandoning module MetalShaderFormat (135)
[2020.08.04-00.16.03:022][732]LogModuleManager: Shutting down and abandoning module TextureFormatUncompressed (133)
[2020.08.04-00.16.03:023][732]LogModuleManager: Shutting down and abandoning module TextureFormatPVR (131)
[2020.08.04-00.16.03:023][732]LogModuleManager: Shutting down and abandoning module TextureFormatDXT (129)
[2020.08.04-00.16.03:024][732]LogModuleManager: Shutting down and abandoning module TextureFormatIntelISPCTexComp (127)
[2020.08.04-00.16.03:025][732]LogModuleManager: Shutting down and abandoning module TextureFormatASTC (125)
[2020.08.04-00.16.03:026][732]LogModuleManager: Shutting down and abandoning module ImageWrapper (124)
[2020.08.04-00.16.03:026][732]LogModuleManager: Shutting down and abandoning module TextureFormatAndroid (121)
[2020.08.04-00.16.03:027][732]LogModuleManager: Shutting down and abandoning module AudioFormatOpus (119)
[2020.08.04-00.16.03:028][732]LogModuleManager: Shutting down and abandoning module AudioFormatOgg (117)
[2020.08.04-00.16.03:030][732]LogModuleManager: Shutting down and abandoning module AudioFormatADPCM (115)
[2020.08.04-00.16.03:031][732]LogModuleManager: Shutting down and abandoning module WindowsServerTargetPlatform (113)
[2020.08.04-00.16.03:032][732]LogModuleManager: Shutting down and abandoning module WindowsClientTargetPlatform (111)
[2020.08.04-00.16.03:033][732]LogModuleManager: Shutting down and abandoning module WindowsTargetPlatform (109)
[2020.08.04-00.16.03:035][732]LogModuleManager: Shutting down and abandoning module WindowsNoEditorTargetPlatform (107)
[2020.08.04-00.16.03:036][732]LogModuleManager: Shutting down and abandoning module InputCore (104)
[2020.08.04-00.16.03:037][732]LogModuleManager: Shutting down and abandoning module Settings (102)
[2020.08.04-00.16.03:038][732]LogModuleManager: Shutting down and abandoning module PhysXCooking (100)
[2020.08.04-00.16.03:038][732]LogModuleManager: Shutting down and abandoning module ChaosSolvers (98)
[2020.08.04-00.16.03:040][732]LogModuleManager: Shutting down and abandoning module FieldSystemEngine (97)
[2020.08.04-00.16.03:041][732]LogModuleManager: Shutting down and abandoning module Chaos (94)
[2020.08.04-00.16.03:042][732]LogModuleManager: Shutting down and abandoning module WindowsPlatformFeatures (92)
[2020.08.04-00.16.03:043][732]LogModuleManager: Shutting down and abandoning module GameplayMediaEncoder (91)
[2020.08.04-00.16.03:044][732]LogModuleManager: Shutting down and abandoning module SteamVRInputDevice (88)
[2020.08.04-00.16.03:045][732]LogModuleManager: Shutting down and abandoning module SteamVRInput (86)
[2020.08.04-00.16.03:045][732]LogModuleManager: Shutting down and abandoning module SteamVR (84)
[2020.08.04-00.16.03:047][732]LogHMD: Freeing OpenVRDLLHandle.
[2020.08.04-00.16.03:047][732]LogModuleManager: Shutting down and abandoning module OculusHMD (82)
[2020.08.04-00.16.03:049][732]LogModuleManager: Shutting down and abandoning module ExampleDeviceProfileSelector (80)
[2020.08.04-00.16.03:049][732]LogModuleManager: Shutting down and abandoning module LauncherChunkInstaller (78)
[2020.08.04-00.16.03:050][732]LogModuleManager: Shutting down and abandoning module OnlineBlueprintSupport (76)
[2020.08.04-00.16.03:051][732]LogModuleManager: Shutting down and abandoning module OnlineSubsystem (72)
[2020.08.04-00.16.03:055][732]LogModuleManager: Shutting down and abandoning module XMPP (67)
[2020.08.04-00.16.03:056][732]LogModuleManager: Shutting down and abandoning module WebSockets (66)
[2020.08.04-00.16.03:085][732]LogModuleManager: Shutting down and abandoning module HTTP (63)
[2020.08.04-00.16.03:111][732]LogModuleManager: Shutting down and abandoning module SSL (62)
[2020.08.04-00.16.03:113][732]LogModuleManager: Shutting down and abandoning module WmfMedia (58)
[2020.08.04-00.16.03:120][732]LogModuleManager: Shutting down and abandoning module Media (57)
[2020.08.04-00.16.03:121][732]LogModuleManager: Shutting down and abandoning module MagicLeap (54)
[2020.08.04-00.16.03:123][732]LogModuleManager: Shutting down and abandoning module VariantManagerContent (52)
[2020.08.04-00.16.03:124][732]LogModuleManager: Shutting down and abandoning module DatasmithContent (50)
[2020.08.04-00.16.03:125][732]LogModuleManager: Shutting down and abandoning module AISupportModule (48)
[2020.08.04-00.16.03:126][732]LogModuleManager: Shutting down and abandoning module DesktopPlatform (46)
[2020.08.04-00.16.03:126][732]LogModuleManager: Shutting down and abandoning module PlatformCryptoOpenSSL (44)
[2020.08.04-00.16.03:127][732]LogModuleManager: Shutting down and abandoning module PlatformCryptoTypes (42)
[2020.08.04-00.16.03:127][732]LogModuleManager: Shutting down and abandoning module PlatformCrypto (40)
[2020.08.04-00.16.03:128][732]LogModuleManager: Shutting down and abandoning module AnimationModifiers (38)
[2020.08.04-00.16.03:130][732]LogModuleManager: Shutting down and abandoning module PropertyEditor (37)
[2020.08.04-00.16.03:131][732]LogModuleManager: Shutting down and abandoning module AudioEditor (34)
[2020.08.04-00.16.03:137][732]LogModuleManager: Shutting down and abandoning module TextureCompressor (32)
[2020.08.04-00.16.03:137][732]LogModuleManager: Shutting down and abandoning module RenderCore (30)
[2020.08.04-00.16.03:137][732]LogModuleManager: Shutting down and abandoning module Landscape (28)
[2020.08.04-00.16.03:138][732]LogModuleManager: Shutting down and abandoning module SlateRHIRenderer (26)
[2020.08.04-00.16.03:139][732]LogModuleManager: Shutting down and abandoning module OpenGLDrv (24)
[2020.08.04-00.16.03:140][732]LogModuleManager: Shutting down and abandoning module D3D11RHI (22)
[2020.08.04-00.16.03:140][732]LogModuleManager: Shutting down and abandoning module AnimGraphRuntime (20)
[2020.08.04-00.16.03:141][732]LogModuleManager: Shutting down and abandoning module Renderer (18)
[2020.08.04-00.16.03:141][732]LogModuleManager: Shutting down and abandoning module Engine (16)
[2020.08.04-00.16.03:141][732]LogModuleManager: Shutting down and abandoning module CoreUObject (14)
[2020.08.04-00.16.03:142][732]LogModuleManager: Shutting down and abandoning module NetworkFile (12)
[2020.08.04-00.16.03:143][732]LogModuleManager: Shutting down and abandoning module CookedIterativeFile (10)
[2020.08.04-00.16.03:143][732]LogModuleManager: Shutting down and abandoning module StreamingFile (8)
[2020.08.04-00.16.03:143][732]LogModuleManager: Shutting down and abandoning module SandboxFile (6)
[2020.08.04-00.16.03:144][732]LogModuleManager: Shutting down and abandoning module PakFile (4)
[2020.08.04-00.16.03:145][732]LogModuleManager: Shutting down and abandoning module RSA (3)
[2020.08.04-00.16.03:149][732]LogD3D11RHI: Shutdown
[2020.08.04-00.16.03:149][732]LogD3D11RHI: CleanupD3DDevice
[2020.08.04-00.16.03:189][732]LogExit: Exiting.
[2020.08.04-00.16.03:198][732]Log file closed, 08/04/20 01:16:03
