Log file open, 08/16/20 12:05:06
LogWindows: Failed to load 'aqProf.dll' (GetLastError=126)
LogWindows: File 'aqProf.dll' does not exist
LogWindows: Failed to load 'VtuneApi.dll' (GetLastError=126)
LogWindows: File 'VtuneApi.dll' does not exist
LogWindows: Failed to load 'VtuneApi32e.dll' (GetLastError=126)
LogWindows: File 'VtuneApi32e.dll' does not exist
LogConsoleResponse: Display: Failed to find resolution value strings in scalability ini. Falling back to default.
LogInit: Display: Running engine for game: PuzzlePlatforms
LogPlatformFile: Not using cached read wrapper
LogTaskGraph: Started task graph with 5 named threads and 14 total threads with 3 sets of task threads.
LogStats: Stats thread started at 0.630490
LogD3D11RHI: Loaded GFSDK_Aftermath_Lib.x64.dll
LogICUInternationalization: ICU TimeZone Detection - Raw Offset: +0:00, Platform Override: ''
LogPluginManager: Mounting plugin Paper2D
LogPluginManager: Mounting plugin AISupport
LogPluginManager: Mounting plugin LightPropagationVolume
LogPluginManager: Mounting plugin ActorLayerUtilities
LogPluginManager: Mounting plugin AnimationSharing
LogPluginManager: Mounting plugin CLionSourceCodeAccess
LogPluginManager: Mounting plugin CodeLiteSourceCodeAccess
LogPluginManager: Mounting plugin GitSourceControl
LogPluginManager: Mounting plugin KDevelopSourceCodeAccess
LogPluginManager: Mounting plugin NullSourceCodeAccess
LogPluginManager: Mounting plugin PerforceSourceControl
LogPluginManager: Mounting plugin PlasticSourceControl
LogPluginManager: Mounting plugin SubversionSourceControl
LogPluginManager: Mounting plugin UObjectPlugin
LogPluginManager: Mounting plugin VisualStudioCodeSourceCodeAccess
LogPluginManager: Mounting plugin VisualStudioSourceCodeAccess
LogPluginManager: Mounting plugin XCodeSourceCodeAccess
LogPluginManager: Mounting plugin AssetManagerEditor
LogPluginManager: Mounting plugin CryptoKeys
LogPluginManager: Mounting plugin CurveEditorTools
LogPluginManager: Mounting plugin DataValidation
LogPluginManager: Mounting plugin FacialAnimation
LogPluginManager: Mounting plugin GameplayTagsEditor
LogPluginManager: Mounting plugin MacGraphicsSwitching
LogPluginManager: Mounting plugin MaterialAnalyzer
LogPluginManager: Mounting plugin MobileLauncherProfileWizard
LogPluginManager: Mounting plugin PluginBrowser
LogPluginManager: Mounting plugin SpeedTreeImporter
LogPluginManager: Mounting plugin DatasmithContent
LogPluginManager: Mounting plugin VariantManagerContent
LogPluginManager: Mounting plugin AlembicImporter
LogPluginManager: Mounting plugin AutomationUtils
LogPluginManager: Mounting plugin BackChannel
LogPluginManager: Mounting plugin CharacterAI
LogPluginManager: Mounting plugin GeometryCache
LogPluginManager: Mounting plugin PlatformCrypto
LogPluginManager: Mounting plugin ProxyLODPlugin
LogPluginManager: Mounting plugin SkeletalReduction
LogPluginManager: Mounting plugin MagicLeap
LogPluginManager: Mounting plugin MagicLeapMedia
LogPluginManager: Mounting plugin MLSDK
LogPluginManager: Mounting plugin AndroidMedia
LogPluginManager: Mounting plugin AvfMedia
LogPluginManager: Mounting plugin ImgMedia
LogPluginManager: Mounting plugin MediaCompositing
LogPluginManager: Mounting plugin MediaPlayerEditor
LogPluginManager: Mounting plugin WebMMedia
LogPluginManager: Mounting plugin WmfMedia
LogPluginManager: Mounting plugin TcpMessaging
LogPluginManager: Mounting plugin UdpMessaging
LogPluginManager: Mounting plugin ActorSequence
LogPluginManager: Mounting plugin LevelSequenceEditor
LogPluginManager: Mounting plugin MatineeToLevelSequence
LogPluginManager: Mounting plugin NetcodeUnitTest
LogPluginManager: Mounting plugin NUTUnrealEngine4
LogPluginManager: Mounting plugin OnlineSubsystemGooglePlay
LogPluginManager: Mounting plugin OnlineSubsystemIOS
LogPluginManager: Mounting plugin OnlineSubsystem
LogPluginManager: Mounting plugin OnlineSubsystemNull
LogPluginManager: Mounting plugin OnlineSubsystemUtils
LogPluginManager: Mounting plugin LauncherChunkInstaller
LogPluginManager: Mounting plugin AndroidDeviceProfileSelector
LogPluginManager: Mounting plugin AndroidMoviePlayer
LogPluginManager: Mounting plugin AndroidPermission
LogPluginManager: Mounting plugin AppleImageUtils
LogPluginManager: Mounting plugin AppleMoviePlayer
LogPluginManager: Mounting plugin ArchVisCharacter
LogPluginManager: Mounting plugin AssetTags
LogPluginManager: Mounting plugin AudioCapture
LogPluginManager: Mounting plugin CableComponent
LogPluginManager: Mounting plugin CustomMeshComponent
LogPluginManager: Mounting plugin EditableMesh
LogPluginManager: Mounting plugin ExampleDeviceProfileSelector
LogPluginManager: Mounting plugin GoogleCloudMessaging
LogPluginManager: Mounting plugin IOSDeviceProfileSelector
LogPluginManager: Mounting plugin LinuxDeviceProfileSelector
LogPluginManager: Mounting plugin LocationServicesBPLibrary
LogPluginManager: Mounting plugin MobilePatchingUtils
LogPluginManager: Mounting plugin OculusVR
LogPluginManager: Mounting plugin PhysXVehicles
LogPluginManager: Mounting plugin PostSplashScreen
LogPluginManager: Mounting plugin ProceduralMeshComponent
LogPluginManager: Mounting plugin RuntimePhysXCooking
LogPluginManager: Mounting plugin SignificanceManager
LogPluginManager: Mounting plugin SteamVR
LogPluginManager: Mounting plugin WebMMoviePlayer
LogPluginManager: Mounting plugin WindowsMoviePlayer
LogPluginManager: Mounting plugin ScreenshotTools
LogInit: Using libcurl 7.55.1-DEV
LogInit:  - built for x86_64-pc-win32
LogInit:  - supports SSL with OpenSSL/1.1.1
LogInit:  - supports HTTP deflate (compression) using libz 1.2.8
LogInit:  - other features:
LogInit:      CURL_VERSION_SSL
LogInit:      CURL_VERSION_LIBZ
LogInit:      CURL_VERSION_IPV6
LogInit:      CURL_VERSION_ASYNCHDNS
LogInit:      CURL_VERSION_LARGEFILE
LogInit:      CURL_VERSION_IDN
LogInit:  CurlRequestOptions (configurable via config and command line):
LogInit:  - bVerifyPeer = true  - Libcurl will verify peer certificate
LogInit:  - bUseHttpProxy = false  - Libcurl will NOT use HTTP proxy
LogInit:  - bDontReuseConnections = false  - Libcurl will reuse connections
LogInit:  - MaxHostConnections = 16  - Libcurl will limit the number of connections to a host
LogInit:  - LocalHostAddr = Default
LogInit:  - BufferSize = 65536
LogOnline: OSS: Creating online subsystem instance for: NULL
LogInit: WinSock: version 1.1 (2.2), MaxSocks=32767, MaxUdp=65467
LogOnline: OSS: TryLoadSubsystemAndSetDefault: Loaded subsystem for module [NULL]
LogInit: Build: ++UE4+Release-4.24-CL-11100242
LogInit: Engine Version: 4.24.2-11100242+++UE4+Release-4.24
LogInit: Compatible Engine Version: 4.24.0-10570792+++UE4+Release-4.24
LogInit: Net CL: 10570792
LogInit: OS: Windows 10 (Release 1909) (), CPU: Intel(R) Core(TM) i5-7300HQ CPU @ 2.50GHz, GPU: Intel(R) HD Graphics 630
LogInit: Compiled (64-bit): Jan 24 2020 02:05:53
LogInit: Compiled with Visual C++: 19.16.27032.01
LogInit: Build Configuration: Development
LogInit: Branch Name: ++UE4+Release-4.24
LogInit: Command Line: 
LogInit: Base Directory: C:/Program Files/Epic Games/UE_4.24/Engine/Binaries/Win64/
LogInit: Installed Engine Build: 1
LogDevObjectVersion: Number of dev versions registered: 25
LogDevObjectVersion:   Dev-Blueprints (B0D832E4-1F89-4F0D-ACCF-7EB736FD4AA2): 10
LogDevObjectVersion:   Dev-Build (E1C64328-A22C-4D53-A36C-8E866417BD8C): 0
LogDevObjectVersion:   Dev-Core (375EC13C-06E4-48FB-B500-84F0262A717E): 3
LogDevObjectVersion:   Dev-Editor (E4B068ED-F494-42E9-A231-DA0B2E46BB41): 37
LogDevObjectVersion:   Dev-Framework (CFFC743F-43B0-4480-9391-14DF171D2073): 36
LogDevObjectVersion:   Dev-Mobile (B02B49B5-BB20-44E9-A304-32B752E40360): 2
LogDevObjectVersion:   Dev-Networking (A4E4105C-59A1-49B5-A7C5-40C4547EDFEE): 0
LogDevObjectVersion:   Dev-Online (39C831C9-5AE6-47DC-9A44-9C173E1C8E7C): 0
LogDevObjectVersion:   Dev-Physics (78F01B33-EBEA-4F98-B9B4-84EACCB95AA2): 2
LogDevObjectVersion:   Dev-Platform (6631380F-2D4D-43E0-8009-CF276956A95A): 0
LogDevObjectVersion:   Dev-Rendering (12F88B9F-8875-4AFC-A67C-D90C383ABD29): 36
LogDevObjectVersion:   Dev-Sequencer (7B5AE74C-D270-4C10-A958-57980B212A5A): 11
LogDevObjectVersion:   Dev-VR (D7296918-1DD6-4BDD-9DE2-64A83CC13884): 2
LogDevObjectVersion:   Dev-LoadTimes (C2A15278-BFE7-4AFE-6C17-90FF531DF755): 1
LogDevObjectVersion:   Private-Geometry (6EACA3D4-40EC-4CC1-B786-8BED09428FC5): 3
LogDevObjectVersion:   Dev-AnimPhys (29E575DD-E0A3-4627-9D10-D276232CDCEA): 17
LogDevObjectVersion:   Dev-Anim (AF43A65D-7FD3-4947-9873-3E8ED9C1BB05): 2
LogDevObjectVersion:   Dev-ReflectionCapture (6B266CEC-1EC7-4B8F-A30B-E4D90942FC07): 1
LogDevObjectVersion:   Dev-Automation (0DF73D61-A23F-47EA-B727-89E90C41499A): 1
LogDevObjectVersion:   FortniteMain (601D1886-AC64-4F84-AA16-D3DE0DEAC7D6): 31
LogDevObjectVersion:   Dev-Enterprise (9DFFBCD6-494F-0158-E221-12823C92A888): 8
LogDevObjectVersion:   Dev-Niagara (F2AED0AC-9AFE-416F-8664-AA7FFA26D6FC): 1
LogDevObjectVersion:   Dev-Destruction (174F1F0B-B4C6-45A5-B13F-2EE8D0FB917D): 9
LogDevObjectVersion:   Dev-Physics-Ext (35F94A83-E258-406C-A318-09F59610247C): 8
LogDevObjectVersion:   Dev-CineCamera (B2E18506-4273-CFC2-A54E-F4BB758BBA07): 1
LogInit: Presizing for max 25165824 objects, including 0 objects not considered by GC, pre-allocating 0 bytes for permanent pool.
LogInit: Object subsystem initialized
LogConfig: Setting CVar [[con.DebugEarlyDefault:1]]
LogConfig: Setting CVar [[r.setres:1280x720]]
[2020.08.16-11.05.07:987][  0]LogConfig: Setting CVar [[r.VSync:0]]
[2020.08.16-11.05.07:988][  0]LogConfig: Setting CVar [[r.RHICmdBypass:0]]
[2020.08.16-11.05.07:989][  0]LogConfig: Applying CVar settings from Section [/Script/Engine.RendererSettings] File [C:/Users/harsh.DESKTOP-UNEK68K/Desktop/Multiplayer/PuzzlePlatforms/Saved/Config/Windows/Engine.ini]
[2020.08.16-11.05.07:989][  0]LogConfig: Setting CVar [[r.GPUCrashDebugging:0]]
[2020.08.16-11.05.07:989][  0]LogConfig: Applying CVar settings from Section [/Script/Engine.RendererOverrideSettings] File [C:/Users/harsh.DESKTOP-UNEK68K/Desktop/Multiplayer/PuzzlePlatforms/Saved/Config/Windows/Engine.ini]
[2020.08.16-11.05.07:989][  0]LogConfig: Applying CVar settings from Section [/Script/Engine.StreamingSettings] File [C:/Users/harsh.DESKTOP-UNEK68K/Desktop/Multiplayer/PuzzlePlatforms/Saved/Config/Windows/Engine.ini]
[2020.08.16-11.05.07:989][  0]LogConfig: Setting CVar [[s.MinBulkDataSizeForAsyncLoading:131072]]
[2020.08.16-11.05.07:989][  0]LogConfig: Setting CVar [[s.AsyncLoadingThreadEnabled:0]]
[2020.08.16-11.05.07:989][  0]LogConfig: Setting CVar [[s.EventDrivenLoaderEnabled:1]]
[2020.08.16-11.05.07:989][  0]LogConfig: Setting CVar [[s.WarnIfTimeLimitExceeded:0]]
[2020.08.16-11.05.07:989][  0]LogConfig: Setting CVar [[s.TimeLimitExceededMultiplier:1.5]]
[2020.08.16-11.05.07:989][  0]LogConfig: Setting CVar [[s.TimeLimitExceededMinTime:0.005]]
[2020.08.16-11.05.07:989][  0]LogConfig: Setting CVar [[s.UseBackgroundLevelStreaming:1]]
[2020.08.16-11.05.07:989][  0]LogConfig: Setting CVar [[s.PriorityAsyncLoadingExtraTime:15.0]]
[2020.08.16-11.05.07:989][  0]LogConfig: Setting CVar [[s.LevelStreamingActorsUpdateTimeLimit:5.0]]
[2020.08.16-11.05.07:989][  0]LogConfig: Setting CVar [[s.PriorityLevelStreamingActorsUpdateExtraTime:5.0]]
[2020.08.16-11.05.07:989][  0]LogConfig: Setting CVar [[s.LevelStreamingComponentsRegistrationGranularity:10]]
[2020.08.16-11.05.07:989][  0]LogConfig: Setting CVar [[s.UnregisterComponentsTimeLimit:1.0]]
[2020.08.16-11.05.07:989][  0]LogConfig: Setting CVar [[s.LevelStreamingComponentsUnregistrationGranularity:5]]
[2020.08.16-11.05.07:989][  0]LogConfig: Setting CVar [[s.FlushStreamingOnExit:1]]
[2020.08.16-11.05.07:989][  0]LogConfig: Applying CVar settings from Section [/Script/Engine.GarbageCollectionSettings] File [C:/Users/harsh.DESKTOP-UNEK68K/Desktop/Multiplayer/PuzzlePlatforms/Saved/Config/Windows/Engine.ini]
[2020.08.16-11.05.07:989][  0]LogConfig: Setting CVar [[gc.MaxObjectsNotConsideredByGC:1]]
[2020.08.16-11.05.07:989][  0]LogConfig: Setting CVar [[gc.SizeOfPermanentObjectPool:0]]
[2020.08.16-11.05.07:989][  0]LogConfig: Setting CVar [[gc.FlushStreamingOnGC:0]]
[2020.08.16-11.05.07:989][  0]LogConfig: Setting CVar [[gc.NumRetriesBeforeForcingGC:10]]
[2020.08.16-11.05.07:989][  0]LogConfig: Setting CVar [[gc.AllowParallelGC:1]]
[2020.08.16-11.05.07:989][  0]LogConfig: Setting CVar [[gc.TimeBetweenPurgingPendingKillObjects:61.1]]
[2020.08.16-11.05.07:989][  0]LogConfig: Setting CVar [[gc.MaxObjectsInEditor:25165824]]
[2020.08.16-11.05.07:989][  0]LogConfig: Setting CVar [[gc.IncrementalBeginDestroyEnabled:1]]
[2020.08.16-11.05.07:989][  0]LogConfig: Setting CVar [[gc.CreateGCClusters:1]]
[2020.08.16-11.05.07:989][  0]LogConfig: Setting CVar [[gc.MinGCClusterSize:5]]
[2020.08.16-11.05.07:989][  0]LogConfig: Setting CVar [[gc.ActorClusteringEnabled:0]]
[2020.08.16-11.05.07:989][  0]LogConfig: Setting CVar [[gc.BlueprintClusteringEnabled:0]]
[2020.08.16-11.05.07:989][  0]LogConfig: Setting CVar [[gc.UseDisregardForGCOnDedicatedServers:0]]
[2020.08.16-11.05.07:989][  0]LogConfig: Applying CVar settings from Section [/Script/Engine.NetworkSettings] File [C:/Users/harsh.DESKTOP-UNEK68K/Desktop/Multiplayer/PuzzlePlatforms/Saved/Config/Windows/Engine.ini]
[2020.08.16-11.05.07:989][  0]LogConfig: Applying CVar settings from Section [/Script/UnrealEd.CookerSettings] File [C:/Users/harsh.DESKTOP-UNEK68K/Desktop/Multiplayer/PuzzlePlatforms/Saved/Config/Windows/Engine.ini]
[2020.08.16-11.05.07:996][  0]LogConfig: Applying CVar settings from Section [ViewDistanceQuality@3] File [C:/Users/harsh.DESKTOP-UNEK68K/Desktop/Multiplayer/PuzzlePlatforms/Saved/Config/Windows/Scalability.ini]
[2020.08.16-11.05.07:996][  0]LogConfig: Setting CVar [[r.SkeletalMeshLODBias:0]]
[2020.08.16-11.05.07:996][  0]LogConfig: Setting CVar [[r.ViewDistanceScale:1.0]]
[2020.08.16-11.05.07:996][  0]LogConfig: Applying CVar settings from Section [AntiAliasingQuality@3] File [C:/Users/harsh.DESKTOP-UNEK68K/Desktop/Multiplayer/PuzzlePlatforms/Saved/Config/Windows/Scalability.ini]
[2020.08.16-11.05.07:996][  0]LogConfig: Setting CVar [[r.PostProcessAAQuality:4]]
[2020.08.16-11.05.07:996][  0]LogConfig: Applying CVar settings from Section [ShadowQuality@3] File [C:/Users/harsh.DESKTOP-UNEK68K/Desktop/Multiplayer/PuzzlePlatforms/Saved/Config/Windows/Scalability.ini]
[2020.08.16-11.05.07:996][  0]LogConfig: Setting CVar [[r.LightFunctionQuality:1]]
[2020.08.16-11.05.07:996][  0]LogConfig: Setting CVar [[r.ShadowQuality:5]]
[2020.08.16-11.05.07:996][  0]LogConfig: Setting CVar [[r.Shadow.CSM.MaxCascades:10]]
[2020.08.16-11.05.07:996][  0]LogConfig: Setting CVar [[r.Shadow.MaxResolution:2048]]
[2020.08.16-11.05.07:996][  0]LogConfig: Setting CVar [[r.Shadow.MaxCSMResolution:2048]]
[2020.08.16-11.05.07:996][  0]LogConfig: Setting CVar [[r.Shadow.RadiusThreshold:0.01]]
[2020.08.16-11.05.07:996][  0]LogConfig: Setting CVar [[r.Shadow.DistanceScale:1.0]]
[2020.08.16-11.05.07:996][  0]LogConfig: Setting CVar [[r.Shadow.CSM.TransitionScale:1.0]]
[2020.08.16-11.05.07:996][  0]LogConfig: Setting CVar [[r.Shadow.PreShadowResolutionFactor:1.0]]
[2020.08.16-11.05.07:996][  0]LogConfig: Setting CVar [[r.DistanceFieldShadowing:1]]
[2020.08.16-11.05.07:996][  0]LogConfig: Setting CVar [[r.DistanceFieldAO:1]]
[2020.08.16-11.05.07:996][  0]LogConfig: Setting CVar [[r.AOQuality:2]]
[2020.08.16-11.05.07:996][  0]LogConfig: Setting CVar [[r.VolumetricFog:1]]
[2020.08.16-11.05.07:996][  0]LogConfig: Setting CVar [[r.VolumetricFog.GridPixelSize:8]]
[2020.08.16-11.05.07:996][  0]LogConfig: Setting CVar [[r.VolumetricFog.GridSizeZ:128]]
[2020.08.16-11.05.07:996][  0]LogConfig: Setting CVar [[r.VolumetricFog.HistoryMissSupersampleCount:4]]
[2020.08.16-11.05.07:996][  0]LogConfig: Setting CVar [[r.LightMaxDrawDistanceScale:1]]
[2020.08.16-11.05.07:996][  0]LogConfig: Setting CVar [[r.CapsuleShadows:1]]
[2020.08.16-11.05.07:996][  0]LogConfig: Applying CVar settings from Section [PostProcessQuality@3] File [C:/Users/harsh.DESKTOP-UNEK68K/Desktop/Multiplayer/PuzzlePlatforms/Saved/Config/Windows/Scalability.ini]
[2020.08.16-11.05.07:996][  0]LogConfig: Setting CVar [[r.MotionBlurQuality:4]]
[2020.08.16-11.05.07:996][  0]LogConfig: Setting CVar [[r.AmbientOcclusionMipLevelFactor:0.4]]
[2020.08.16-11.05.07:996][  0]LogConfig: Setting CVar [[r.AmbientOcclusionMaxQuality:100]]
[2020.08.16-11.05.07:996][  0]LogConfig: Setting CVar [[r.AmbientOcclusionLevels:-1]]
[2020.08.16-11.05.07:996][  0]LogConfig: Setting CVar [[r.AmbientOcclusionRadiusScale:1.0]]
[2020.08.16-11.05.07:996][  0]LogConfig: Setting CVar [[r.DepthOfFieldQuality:2]]
[2020.08.16-11.05.07:996][  0]LogConfig: Setting CVar [[r.RenderTargetPoolMin:400]]
[2020.08.16-11.05.07:996][  0]LogConfig: Setting CVar [[r.LensFlareQuality:2]]
[2020.08.16-11.05.07:996][  0]LogConfig: Setting CVar [[r.SceneColorFringeQuality:1]]
[2020.08.16-11.05.07:996][  0]LogConfig: Setting CVar [[r.EyeAdaptationQuality:2]]
[2020.08.16-11.05.07:996][  0]LogConfig: Setting CVar [[r.BloomQuality:5]]
[2020.08.16-11.05.07:996][  0]LogConfig: Setting CVar [[r.FastBlurThreshold:100]]
[2020.08.16-11.05.07:996][  0]LogConfig: Setting CVar [[r.Upscale.Quality:3]]
[2020.08.16-11.05.07:996][  0]LogConfig: Setting CVar [[r.Tonemapper.GrainQuantization:1]]
[2020.08.16-11.05.07:996][  0]LogConfig: Setting CVar [[r.LightShaftQuality:1]]
[2020.08.16-11.05.07:996][  0]LogConfig: Setting CVar [[r.Filter.SizeScale:1]]
[2020.08.16-11.05.07:996][  0]LogConfig: Setting CVar [[r.Tonemapper.Quality:5]]
[2020.08.16-11.05.07:996][  0]LogConfig: Setting CVar [[r.DOF.Gather.AccumulatorQuality:1        ; higher gathering accumulator quality]]
[2020.08.16-11.05.07:996][  0]LogConfig: Setting CVar [[r.DOF.Gather.PostfilterMethod:1          ; Median3x3 postfilering method]]
[2020.08.16-11.05.07:997][  0]LogConfig: Setting CVar [[r.DOF.Gather.EnableBokehSettings:0       ; no bokeh simulation when gathering]]
[2020.08.16-11.05.07:997][  0]LogConfig: Setting CVar [[r.DOF.Gather.RingCount:4                 ; medium number of samples when gathering]]
[2020.08.16-11.05.07:997][  0]LogConfig: Setting CVar [[r.DOF.Scatter.ForegroundCompositing:1    ; additive foreground scattering]]
[2020.08.16-11.05.07:997][  0]LogConfig: Setting CVar [[r.DOF.Scatter.BackgroundCompositing:2    ; additive background scattering]]
[2020.08.16-11.05.07:997][  0]LogConfig: Setting CVar [[r.DOF.Scatter.EnableBokehSettings:1      ; bokeh simulation when scattering]]
[2020.08.16-11.05.07:997][  0]LogConfig: Setting CVar [[r.DOF.Scatter.MaxSpriteRatio:0.1         ; only a maximum of 10% of scattered bokeh]]
[2020.08.16-11.05.07:997][  0]LogConfig: Setting CVar [[r.DOF.Recombine.Quality:1                ; cheap slight out of focus]]
[2020.08.16-11.05.07:997][  0]LogConfig: Setting CVar [[r.DOF.Recombine.EnableBokehSettings:0    ; no bokeh simulation on slight out of focus]]
[2020.08.16-11.05.07:997][  0]LogConfig: Setting CVar [[r.DOF.TemporalAAQuality:1                ; more stable temporal accumulation]]
[2020.08.16-11.05.07:997][  0]LogConfig: Setting CVar [[r.DOF.Kernel.MaxForegroundRadius:0.025]]
[2020.08.16-11.05.07:997][  0]LogConfig: Setting CVar [[r.DOF.Kernel.MaxBackgroundRadius:0.025]]
[2020.08.16-11.05.07:997][  0]LogConfig: Applying CVar settings from Section [TextureQuality@3] File [C:/Users/harsh.DESKTOP-UNEK68K/Desktop/Multiplayer/PuzzlePlatforms/Saved/Config/Windows/Scalability.ini]
[2020.08.16-11.05.07:997][  0]LogConfig: Setting CVar [[r.Streaming.MipBias:0]]
[2020.08.16-11.05.07:997][  0]LogConfig: Setting CVar [[r.Streaming.AmortizeCPUToGPUCopy:0]]
[2020.08.16-11.05.07:997][  0]LogConfig: Setting CVar [[r.Streaming.MaxNumTexturesToStreamPerFrame:0]]
[2020.08.16-11.05.07:997][  0]LogConfig: Setting CVar [[r.Streaming.Boost:1]]
[2020.08.16-11.05.07:997][  0]LogConfig: Setting CVar [[r.MaxAnisotropy:8]]
[2020.08.16-11.05.07:997][  0]LogConfig: Setting CVar [[r.VT.MaxAnisotropy:8]]
[2020.08.16-11.05.07:997][  0]LogConfig: Setting CVar [[r.Streaming.LimitPoolSizeToVRAM:0]]
[2020.08.16-11.05.07:997][  0]LogConfig: Setting CVar [[r.Streaming.PoolSize:1000]]
[2020.08.16-11.05.07:997][  0]LogConfig: Setting CVar [[r.Streaming.MaxEffectiveScreenSize:0]]
[2020.08.16-11.05.07:997][  0]LogConfig: Applying CVar settings from Section [EffectsQuality@3] File [C:/Users/harsh.DESKTOP-UNEK68K/Desktop/Multiplayer/PuzzlePlatforms/Saved/Config/Windows/Scalability.ini]
[2020.08.16-11.05.07:997][  0]LogConfig: Setting CVar [[r.TranslucencyLightingVolumeDim:64]]
[2020.08.16-11.05.07:997][  0]LogConfig: Setting CVar [[r.RefractionQuality:2]]
[2020.08.16-11.05.07:997][  0]LogConfig: Setting CVar [[r.SSR.Quality:3]]
[2020.08.16-11.05.07:997][  0]LogConfig: Setting CVar [[r.SSR.HalfResSceneColor:0]]
[2020.08.16-11.05.07:997][  0]LogConfig: Setting CVar [[r.SceneColorFormat:4]]
[2020.08.16-11.05.07:997][  0]LogConfig: Setting CVar [[r.DetailMode:2]]
[2020.08.16-11.05.07:997][  0]LogConfig: Setting CVar [[r.TranslucencyVolumeBlur:1]]
[2020.08.16-11.05.07:997][  0]LogConfig: Setting CVar [[r.MaterialQualityLevel:1 ; High quality]]
[2020.08.16-11.05.07:997][  0]LogConfig: Setting CVar [[r.SSS.Scale:1]]
[2020.08.16-11.05.07:997][  0]LogConfig: Setting CVar [[r.SSS.SampleSet:2]]
[2020.08.16-11.05.07:997][  0]LogConfig: Setting CVar [[r.SSS.Quality:1]]
[2020.08.16-11.05.07:997][  0]LogConfig: Setting CVar [[r.SSS.HalfRes:1]]
[2020.08.16-11.05.07:997][  0]LogConfig: Setting CVar [[r.SSGI.Quality:3]]
[2020.08.16-11.05.07:997][  0]LogConfig: Setting CVar [[r.EmitterSpawnRateScale:1.0]]
[2020.08.16-11.05.07:997][  0]LogConfig: Setting CVar [[r.ParticleLightQuality:2]]
[2020.08.16-11.05.07:997][  0]LogConfig: Setting CVar [[r.SkyAtmosphere.AerialPerspectiveLUT.FastApplyOnOpaque:1 ; Always have FastSkyLUT 1 in this case to avoid wrong sky]]
[2020.08.16-11.05.07:997][  0]LogConfig: Setting CVar [[r.SkyAtmosphere.AerialPerspectiveLUT.SampleCountPerSlice:1]]
[2020.08.16-11.05.07:997][  0]LogConfig: Setting CVar [[r.SkyAtmosphere.AerialPerspectiveLUT.DepthResolution:16.0]]
[2020.08.16-11.05.07:997][  0]LogConfig: Setting CVar [[r.SkyAtmosphere.FastSkyLUT:1]]
[2020.08.16-11.05.07:997][  0]LogConfig: Setting CVar [[r.SkyAtmosphere.FastSkyLUT.SampleCountMin:4.0]]
[2020.08.16-11.05.07:997][  0]LogConfig: Setting CVar [[r.SkyAtmosphere.FastSkyLUT.SampleCountMax:32.0]]
[2020.08.16-11.05.07:997][  0]LogConfig: Setting CVar [[r.SkyAtmosphere.SampleCountMin:4.0]]
[2020.08.16-11.05.07:997][  0]LogConfig: Setting CVar [[r.SkyAtmosphere.SampleCountMax:32.0]]
[2020.08.16-11.05.07:997][  0]LogConfig: Setting CVar [[r.SkyAtmosphere.TransmittanceLUT.UseSmallFormat:0]]
[2020.08.16-11.05.07:997][  0]LogConfig: Setting CVar [[r.SkyAtmosphere.TransmittanceLUT.SampleCount:10.0]]
[2020.08.16-11.05.07:997][  0]LogConfig: Setting CVar [[r.SkyAtmosphere.MultiScatteringLUT.SampleCount:15.0]]
[2020.08.16-11.05.07:997][  0]LogConfig: Applying CVar settings from Section [FoliageQuality@3] File [C:/Users/harsh.DESKTOP-UNEK68K/Desktop/Multiplayer/PuzzlePlatforms/Saved/Config/Windows/Scalability.ini]
[2020.08.16-11.05.07:997][  0]LogConfig: Setting CVar [[foliage.DensityScale:1.0]]
[2020.08.16-11.05.07:997][  0]LogConfig: Setting CVar [[grass.DensityScale:1.0]]
[2020.08.16-11.05.07:997][  0]LogConfig: Applying CVar settings from Section [ShadingQuality@3] File [C:/Users/harsh.DESKTOP-UNEK68K/Desktop/Multiplayer/PuzzlePlatforms/Saved/Config/Windows/Scalability.ini]
[2020.08.16-11.05.07:997][  0]LogConfig: Setting CVar [[r.HairStrands.SkyLighting.SampleCount:16]]
[2020.08.16-11.05.07:997][  0]LogConfig: Setting CVar [[r.HairStrands.SkyLighting.JitterIntegration:0]]
[2020.08.16-11.05.07:997][  0]LogConfig: Setting CVar [[r.HairStrands.SkyAO.SampleCount:16]]
[2020.08.16-11.05.07:998][  0]LogInit: Selected Device Profile: [Windows]
[2020.08.16-11.05.07:998][  0]LogInit: Applying CVar settings loaded from the selected device profile: [Windows]
[2020.08.16-11.05.08:010][  0]LogHAL: Display: Platform has ~ 8 GB [8449904640 / 8589934592 / 8], which maps to Default [LargestMinGB=32, LargerMinGB=12, DefaultMinGB=8, SmallerMinGB=6, SmallestMinGB=0)
[2020.08.16-11.05.08:010][  0]LogInit: Going up to parent DeviceProfile []
[2020.08.16-11.05.08:010][  0]LogConfig: Applying CVar settings from Section [ViewDistanceQuality@3] File [C:/Users/harsh.DESKTOP-UNEK68K/Desktop/Multiplayer/PuzzlePlatforms/Saved/Config/Windows/Scalability.ini]
[2020.08.16-11.05.08:010][  0]LogConfig: Setting CVar [[r.SkeletalMeshLODBias:0]]
[2020.08.16-11.05.08:010][  0]LogConfig: Setting CVar [[r.ViewDistanceScale:1.0]]
[2020.08.16-11.05.08:010][  0]LogConfig: Applying CVar settings from Section [AntiAliasingQuality@3] File [C:/Users/harsh.DESKTOP-UNEK68K/Desktop/Multiplayer/PuzzlePlatforms/Saved/Config/Windows/Scalability.ini]
[2020.08.16-11.05.08:010][  0]LogConfig: Setting CVar [[r.PostProcessAAQuality:4]]
[2020.08.16-11.05.08:010][  0]LogConfig: Applying CVar settings from Section [ShadowQuality@3] File [C:/Users/harsh.DESKTOP-UNEK68K/Desktop/Multiplayer/PuzzlePlatforms/Saved/Config/Windows/Scalability.ini]
[2020.08.16-11.05.08:010][  0]LogConfig: Setting CVar [[r.LightFunctionQuality:1]]
[2020.08.16-11.05.08:010][  0]LogConfig: Setting CVar [[r.ShadowQuality:5]]
[2020.08.16-11.05.08:010][  0]LogConfig: Setting CVar [[r.Shadow.CSM.MaxCascades:10]]
[2020.08.16-11.05.08:011][  0]LogConfig: Setting CVar [[r.Shadow.MaxResolution:2048]]
[2020.08.16-11.05.08:011][  0]LogConfig: Setting CVar [[r.Shadow.MaxCSMResolution:2048]]
[2020.08.16-11.05.08:011][  0]LogConfig: Setting CVar [[r.Shadow.RadiusThreshold:0.01]]
[2020.08.16-11.05.08:011][  0]LogConfig: Setting CVar [[r.Shadow.DistanceScale:1.0]]
[2020.08.16-11.05.08:011][  0]LogConfig: Setting CVar [[r.Shadow.CSM.TransitionScale:1.0]]
[2020.08.16-11.05.08:011][  0]LogConfig: Setting CVar [[r.Shadow.PreShadowResolutionFactor:1.0]]
[2020.08.16-11.05.08:011][  0]LogConfig: Setting CVar [[r.DistanceFieldShadowing:1]]
[2020.08.16-11.05.08:011][  0]LogConfig: Setting CVar [[r.DistanceFieldAO:1]]
[2020.08.16-11.05.08:011][  0]LogConfig: Setting CVar [[r.AOQuality:2]]
[2020.08.16-11.05.08:011][  0]LogConfig: Setting CVar [[r.VolumetricFog:1]]
[2020.08.16-11.05.08:011][  0]LogConfig: Setting CVar [[r.VolumetricFog.GridPixelSize:8]]
[2020.08.16-11.05.08:011][  0]LogConfig: Setting CVar [[r.VolumetricFog.GridSizeZ:128]]
[2020.08.16-11.05.08:011][  0]LogConfig: Setting CVar [[r.VolumetricFog.HistoryMissSupersampleCount:4]]
[2020.08.16-11.05.08:011][  0]LogConfig: Setting CVar [[r.LightMaxDrawDistanceScale:1]]
[2020.08.16-11.05.08:011][  0]LogConfig: Setting CVar [[r.CapsuleShadows:1]]
[2020.08.16-11.05.08:011][  0]LogConfig: Applying CVar settings from Section [PostProcessQuality@3] File [C:/Users/harsh.DESKTOP-UNEK68K/Desktop/Multiplayer/PuzzlePlatforms/Saved/Config/Windows/Scalability.ini]
[2020.08.16-11.05.08:011][  0]LogConfig: Setting CVar [[r.MotionBlurQuality:4]]
[2020.08.16-11.05.08:011][  0]LogConfig: Setting CVar [[r.AmbientOcclusionMipLevelFactor:0.4]]
[2020.08.16-11.05.08:011][  0]LogConfig: Setting CVar [[r.AmbientOcclusionMaxQuality:100]]
[2020.08.16-11.05.08:011][  0]LogConfig: Setting CVar [[r.AmbientOcclusionLevels:-1]]
[2020.08.16-11.05.08:011][  0]LogConfig: Setting CVar [[r.AmbientOcclusionRadiusScale:1.0]]
[2020.08.16-11.05.08:011][  0]LogConfig: Setting CVar [[r.DepthOfFieldQuality:2]]
[2020.08.16-11.05.08:011][  0]LogConfig: Setting CVar [[r.RenderTargetPoolMin:400]]
[2020.08.16-11.05.08:011][  0]LogConfig: Setting CVar [[r.LensFlareQuality:2]]
[2020.08.16-11.05.08:011][  0]LogConfig: Setting CVar [[r.SceneColorFringeQuality:1]]
[2020.08.16-11.05.08:011][  0]LogConfig: Setting CVar [[r.EyeAdaptationQuality:2]]
[2020.08.16-11.05.08:011][  0]LogConfig: Setting CVar [[r.BloomQuality:5]]
[2020.08.16-11.05.08:011][  0]LogConfig: Setting CVar [[r.FastBlurThreshold:100]]
[2020.08.16-11.05.08:011][  0]LogConfig: Setting CVar [[r.Upscale.Quality:3]]
[2020.08.16-11.05.08:011][  0]LogConfig: Setting CVar [[r.Tonemapper.GrainQuantization:1]]
[2020.08.16-11.05.08:011][  0]LogConfig: Setting CVar [[r.LightShaftQuality:1]]
[2020.08.16-11.05.08:011][  0]LogConfig: Setting CVar [[r.Filter.SizeScale:1]]
[2020.08.16-11.05.08:011][  0]LogConfig: Setting CVar [[r.Tonemapper.Quality:5]]
[2020.08.16-11.05.08:011][  0]LogConfig: Setting CVar [[r.DOF.Gather.AccumulatorQuality:1        ; higher gathering accumulator quality]]
[2020.08.16-11.05.08:011][  0]LogConfig: Setting CVar [[r.DOF.Gather.PostfilterMethod:1          ; Median3x3 postfilering method]]
[2020.08.16-11.05.08:011][  0]LogConfig: Setting CVar [[r.DOF.Gather.EnableBokehSettings:0       ; no bokeh simulation when gathering]]
[2020.08.16-11.05.08:011][  0]LogConfig: Setting CVar [[r.DOF.Gather.RingCount:4                 ; medium number of samples when gathering]]
[2020.08.16-11.05.08:011][  0]LogConfig: Setting CVar [[r.DOF.Scatter.ForegroundCompositing:1    ; additive foreground scattering]]
[2020.08.16-11.05.08:011][  0]LogConfig: Setting CVar [[r.DOF.Scatter.BackgroundCompositing:2    ; additive background scattering]]
[2020.08.16-11.05.08:011][  0]LogConfig: Setting CVar [[r.DOF.Scatter.EnableBokehSettings:1      ; bokeh simulation when scattering]]
[2020.08.16-11.05.08:011][  0]LogConfig: Setting CVar [[r.DOF.Scatter.MaxSpriteRatio:0.1         ; only a maximum of 10% of scattered bokeh]]
[2020.08.16-11.05.08:011][  0]LogConfig: Setting CVar [[r.DOF.Recombine.Quality:1                ; cheap slight out of focus]]
[2020.08.16-11.05.08:011][  0]LogConfig: Setting CVar [[r.DOF.Recombine.EnableBokehSettings:0    ; no bokeh simulation on slight out of focus]]
[2020.08.16-11.05.08:011][  0]LogConfig: Setting CVar [[r.DOF.TemporalAAQuality:1                ; more stable temporal accumulation]]
[2020.08.16-11.05.08:011][  0]LogConfig: Setting CVar [[r.DOF.Kernel.MaxForegroundRadius:0.025]]
[2020.08.16-11.05.08:011][  0]LogConfig: Setting CVar [[r.DOF.Kernel.MaxBackgroundRadius:0.025]]
[2020.08.16-11.05.08:011][  0]LogConfig: Applying CVar settings from Section [TextureQuality@3] File [C:/Users/harsh.DESKTOP-UNEK68K/Desktop/Multiplayer/PuzzlePlatforms/Saved/Config/Windows/Scalability.ini]
[2020.08.16-11.05.08:011][  0]LogConfig: Setting CVar [[r.Streaming.MipBias:0]]
[2020.08.16-11.05.08:011][  0]LogConfig: Setting CVar [[r.Streaming.AmortizeCPUToGPUCopy:0]]
[2020.08.16-11.05.08:011][  0]LogConfig: Setting CVar [[r.Streaming.MaxNumTexturesToStreamPerFrame:0]]
[2020.08.16-11.05.08:011][  0]LogConfig: Setting CVar [[r.Streaming.Boost:1]]
[2020.08.16-11.05.08:011][  0]LogConfig: Setting CVar [[r.MaxAnisotropy:8]]
[2020.08.16-11.05.08:011][  0]LogConfig: Setting CVar [[r.VT.MaxAnisotropy:8]]
[2020.08.16-11.05.08:011][  0]LogConfig: Setting CVar [[r.Streaming.LimitPoolSizeToVRAM:0]]
[2020.08.16-11.05.08:011][  0]LogConfig: Setting CVar [[r.Streaming.PoolSize:1000]]
[2020.08.16-11.05.08:011][  0]LogConfig: Setting CVar [[r.Streaming.MaxEffectiveScreenSize:0]]
[2020.08.16-11.05.08:011][  0]LogConfig: Applying CVar settings from Section [EffectsQuality@3] File [C:/Users/harsh.DESKTOP-UNEK68K/Desktop/Multiplayer/PuzzlePlatforms/Saved/Config/Windows/Scalability.ini]
[2020.08.16-11.05.08:011][  0]LogConfig: Setting CVar [[r.TranslucencyLightingVolumeDim:64]]
[2020.08.16-11.05.08:011][  0]LogConfig: Setting CVar [[r.RefractionQuality:2]]
[2020.08.16-11.05.08:011][  0]LogConfig: Setting CVar [[r.SSR.Quality:3]]
[2020.08.16-11.05.08:011][  0]LogConfig: Setting CVar [[r.SSR.HalfResSceneColor:0]]
[2020.08.16-11.05.08:011][  0]LogConfig: Setting CVar [[r.SceneColorFormat:4]]
[2020.08.16-11.05.08:011][  0]LogConfig: Setting CVar [[r.DetailMode:2]]
[2020.08.16-11.05.08:011][  0]LogConfig: Setting CVar [[r.TranslucencyVolumeBlur:1]]
[2020.08.16-11.05.08:012][  0]LogConfig: Setting CVar [[r.MaterialQualityLevel:1 ; High quality]]
[2020.08.16-11.05.08:012][  0]LogConfig: Setting CVar [[r.SSS.Scale:1]]
[2020.08.16-11.05.08:012][  0]LogConfig: Setting CVar [[r.SSS.SampleSet:2]]
[2020.08.16-11.05.08:012][  0]LogConfig: Setting CVar [[r.SSS.Quality:1]]
[2020.08.16-11.05.08:012][  0]LogConfig: Setting CVar [[r.SSS.HalfRes:1]]
[2020.08.16-11.05.08:012][  0]LogConfig: Setting CVar [[r.SSGI.Quality:3]]
[2020.08.16-11.05.08:012][  0]LogConfig: Setting CVar [[r.EmitterSpawnRateScale:1.0]]
[2020.08.16-11.05.08:012][  0]LogConfig: Setting CVar [[r.ParticleLightQuality:2]]
[2020.08.16-11.05.08:012][  0]LogConfig: Setting CVar [[r.SkyAtmosphere.AerialPerspectiveLUT.FastApplyOnOpaque:1 ; Always have FastSkyLUT 1 in this case to avoid wrong sky]]
[2020.08.16-11.05.08:012][  0]LogConfig: Setting CVar [[r.SkyAtmosphere.AerialPerspectiveLUT.SampleCountPerSlice:1]]
[2020.08.16-11.05.08:012][  0]LogConfig: Setting CVar [[r.SkyAtmosphere.AerialPerspectiveLUT.DepthResolution:16.0]]
[2020.08.16-11.05.08:012][  0]LogConfig: Setting CVar [[r.SkyAtmosphere.FastSkyLUT:1]]
[2020.08.16-11.05.08:012][  0]LogConfig: Setting CVar [[r.SkyAtmosphere.FastSkyLUT.SampleCountMin:4.0]]
[2020.08.16-11.05.08:012][  0]LogConfig: Setting CVar [[r.SkyAtmosphere.FastSkyLUT.SampleCountMax:32.0]]
[2020.08.16-11.05.08:012][  0]LogConfig: Setting CVar [[r.SkyAtmosphere.SampleCountMin:4.0]]
[2020.08.16-11.05.08:012][  0]LogConfig: Setting CVar [[r.SkyAtmosphere.SampleCountMax:32.0]]
[2020.08.16-11.05.08:012][  0]LogConfig: Setting CVar [[r.SkyAtmosphere.TransmittanceLUT.UseSmallFormat:0]]
[2020.08.16-11.05.08:012][  0]LogConfig: Setting CVar [[r.SkyAtmosphere.TransmittanceLUT.SampleCount:10.0]]
[2020.08.16-11.05.08:012][  0]LogConfig: Setting CVar [[r.SkyAtmosphere.MultiScatteringLUT.SampleCount:15.0]]
[2020.08.16-11.05.08:012][  0]LogConfig: Applying CVar settings from Section [FoliageQuality@3] File [C:/Users/harsh.DESKTOP-UNEK68K/Desktop/Multiplayer/PuzzlePlatforms/Saved/Config/Windows/Scalability.ini]
[2020.08.16-11.05.08:012][  0]LogConfig: Setting CVar [[foliage.DensityScale:1.0]]
[2020.08.16-11.05.08:012][  0]LogConfig: Setting CVar [[grass.DensityScale:1.0]]
[2020.08.16-11.05.08:012][  0]LogConfig: Applying CVar settings from Section [ShadingQuality@3] File [C:/Users/harsh.DESKTOP-UNEK68K/Desktop/Multiplayer/PuzzlePlatforms/Saved/Config/Windows/Scalability.ini]
[2020.08.16-11.05.08:012][  0]LogConfig: Setting CVar [[r.HairStrands.SkyLighting.SampleCount:16]]
[2020.08.16-11.05.08:012][  0]LogConfig: Setting CVar [[r.HairStrands.SkyLighting.JitterIntegration:0]]
[2020.08.16-11.05.08:012][  0]LogConfig: Setting CVar [[r.HairStrands.SkyAO.SampleCount:16]]
[2020.08.16-11.05.08:012][  0]LogConfig: Applying CVar settings from Section [Startup] File [../../../Engine/Config/ConsoleVariables.ini]
[2020.08.16-11.05.08:017][  0]LogConfig: Setting CVar [[net.UseAdaptiveNetUpdateFrequency:0]]
[2020.08.16-11.05.08:017][  0]LogConfig: Setting CVar [[p.chaos.AllowCreatePhysxBodies:1]]
[2020.08.16-11.05.08:017][  0]LogConfig: Applying CVar settings from Section [ConsoleVariables] File [C:/Users/harsh.DESKTOP-UNEK68K/Desktop/Multiplayer/PuzzlePlatforms/Saved/Config/Windows/Engine.ini]
[2020.08.16-11.05.08:017][  0]LogInit: Computer: DESKTOP-UNEK68K
[2020.08.16-11.05.08:017][  0]LogInit: User: harsh
[2020.08.16-11.05.08:017][  0]LogInit: CPU Page size=4096, Cores=4
[2020.08.16-11.05.08:017][  0]LogInit: High frequency timer resolution =10.000000 MHz
[2020.08.16-11.05.08:017][  0]LogMemory: Memory total: Physical=7.9GB (8GB approx)
[2020.08.16-11.05.08:018][  0]LogMemory: Platform Memory Stats for Windows
[2020.08.16-11.05.08:018][  0]LogMemory: Process Physical Memory: 105.59 MB used, 105.59 MB peak
[2020.08.16-11.05.08:018][  0]LogMemory: Process Virtual Memory: 99.73 MB used, 99.73 MB peak
[2020.08.16-11.05.08:018][  0]LogMemory: Physical Memory: 4379.19 MB used,  3679.27 MB free, 8058.46 MB total
[2020.08.16-11.05.08:018][  0]LogMemory: Virtual Memory: 5122.20 MB used,  134212608.00 MB free, 134217728.00 MB total
[2020.08.16-11.05.08:033][  0]LogWindows: WindowsPlatformFeatures enabled
[2020.08.16-11.05.08:295][  0]LogInit: Using OS detected language (en-US).
[2020.08.16-11.05.08:295][  0]LogInit: Using OS detected locale (en-US).
[2020.08.16-11.05.08:296][  0]LogTextLocalizationManager: No specific localization for 'en-US' exists, so the 'en' localization will be used.
[2020.08.16-11.05.08:661][  0]LogInit: Setting process to per monitor DPI aware
[2020.08.16-11.05.08:752][  0]LogSlate: New Slate User Created.  User Index 0, Is Virtual User: 0
[2020.08.16-11.05.08:752][  0]LogSlate: Slate User Registered.  User Index 0, Is Virtual User: 0
[2020.08.16-11.05.10:700][  0]LogHMD: Failed to initialize OpenVR with code 110
[2020.08.16-11.05.10:701][  0]LogD3D11RHI: D3D11 min allowed feature level: 11_0
[2020.08.16-11.05.10:701][  0]LogD3D11RHI: D3D11 max allowed feature level: 11_0
[2020.08.16-11.05.10:701][  0]LogD3D11RHI: D3D11 adapters:
[2020.08.16-11.05.11:766][  0]LogD3D11RHI:    0. 'NVIDIA GeForce GTX 1050' (Feature Level 11_0)
[2020.08.16-11.05.11:767][  0]LogD3D11RHI:       4019/0/4029 MB DedicatedVideo/DedicatedSystem/SharedSystem, Outputs:1, VendorId:0x10de
[2020.08.16-11.05.11:796][  0]LogD3D11RHI:    1. 'Intel(R) HD Graphics 630' (Feature Level 11_0)
[2020.08.16-11.05.11:796][  0]LogD3D11RHI:       128/0/4029 MB DedicatedVideo/DedicatedSystem/SharedSystem, Outputs:0, VendorId:0x8086
[2020.08.16-11.05.11:801][  0]LogD3D11RHI:    2. 'Microsoft Basic Render Driver' (Feature Level 11_0)
[2020.08.16-11.05.11:801][  0]LogD3D11RHI:       0/0/4029 MB DedicatedVideo/DedicatedSystem/SharedSystem, Outputs:0, VendorId:0x1414
[2020.08.16-11.05.11:801][  0]LogD3D11RHI: Chosen D3D11 Adapter: 0
[2020.08.16-11.05.11:849][  0]LogD3D11RHI: Creating new Direct3DDevice
[2020.08.16-11.05.11:849][  0]LogD3D11RHI:     GPU DeviceId: 0x1c8d (for the marketing name, search the web for "GPU Device Id")
[2020.08.16-11.05.11:849][  0]LogWindows: EnumDisplayDevices:
[2020.08.16-11.05.11:850][  0]LogWindows:    0. 'Intel(R) HD Graphics 630' (P:1 D:1)
[2020.08.16-11.05.11:850][  0]LogWindows:    1. 'Intel(R) HD Graphics 630' (P:0 D:0)
[2020.08.16-11.05.11:850][  0]LogWindows:    2. 'Intel(R) HD Graphics 630' (P:0 D:0)
[2020.08.16-11.05.11:851][  0]LogWindows:    3. 'NVIDIA GeForce GTX 1050' (P:0 D:0)
[2020.08.16-11.05.11:851][  0]LogWindows: DebugString: PrimaryIsNotTheChoosenAdapter PrimaryIsNotTheChoosenAdapter PrimaryIsNotTheChoosenAdapter 
[2020.08.16-11.05.11:851][  0]LogD3D11RHI:     Adapter Name: NVIDIA GeForce GTX 1050
[2020.08.16-11.05.11:851][  0]LogD3D11RHI:   Driver Version: 442.23 (internal:26.21.14.4223, unified:442.23)
[2020.08.16-11.05.11:851][  0]LogD3D11RHI:      Driver Date: 1-31-2020
[2020.08.16-11.05.11:851][  0]LogRHI: Texture pool is 2813 MB (70% of 4019 MB)
[2020.08.16-11.05.11:910][  0]LogD3D11RHI: RHI has support for 64 bit atomics
[2020.08.16-11.05.11:911][  0]LogD3D11RHI: Async texture creation enabled
[2020.08.16-11.05.11:974][  0]LogD3D11RHI: GPU Timing Frequency: 1000.000000 (Debug: 2 1)
[2020.08.16-11.05.12:445][  0]LogTargetPlatformManager: Display: Loaded TargetPlatform 'AllDesktop'
[2020.08.16-11.05.12:489][  0]LogTargetPlatformManager: Display: Loaded TargetPlatform 'Android'
[2020.08.16-11.05.12:489][  0]LogTargetPlatformManager: Display: Loaded TargetPlatform 'Android_ASTC'
[2020.08.16-11.05.12:489][  0]LogTargetPlatformManager: Display: Loaded TargetPlatform 'Android_ATC'
[2020.08.16-11.05.12:489][  0]LogTargetPlatformManager: Display: Loaded TargetPlatform 'Android_DXT'
[2020.08.16-11.05.12:489][  0]LogTargetPlatformManager: Display: Loaded TargetPlatform 'Android_ETC1'
[2020.08.16-11.05.12:489][  0]LogTargetPlatformManager: Display: Loaded TargetPlatform 'Android_ETC1a'
[2020.08.16-11.05.12:489][  0]LogTargetPlatformManager: Display: Loaded TargetPlatform 'Android_ETC2'
[2020.08.16-11.05.12:489][  0]LogTargetPlatformManager: Display: Loaded TargetPlatform 'Android_PVRTC'
[2020.08.16-11.05.12:489][  0]LogTargetPlatformManager: Display: Loaded TargetPlatform 'AndroidClient'
[2020.08.16-11.05.12:489][  0]LogTargetPlatformManager: Display: Loaded TargetPlatform 'Android_ASTCClient'
[2020.08.16-11.05.12:489][  0]LogTargetPlatformManager: Display: Loaded TargetPlatform 'Android_ATCClient'
[2020.08.16-11.05.12:489][  0]LogTargetPlatformManager: Display: Loaded TargetPlatform 'Android_DXTClient'
[2020.08.16-11.05.12:489][  0]LogTargetPlatformManager: Display: Loaded TargetPlatform 'Android_ETC1Client'
[2020.08.16-11.05.12:489][  0]LogTargetPlatformManager: Display: Loaded TargetPlatform 'Android_ETC1aClient'
[2020.08.16-11.05.12:489][  0]LogTargetPlatformManager: Display: Loaded TargetPlatform 'Android_ETC2Client'
[2020.08.16-11.05.12:489][  0]LogTargetPlatformManager: Display: Loaded TargetPlatform 'Android_PVRTCClient'
[2020.08.16-11.05.12:489][  0]LogTargetPlatformManager: Display: Loaded TargetPlatform 'Android_Multi'
[2020.08.16-11.05.12:489][  0]LogTargetPlatformManager: Display: Loaded TargetPlatform 'Android_MultiClient'
[2020.08.16-11.05.12:544][  0]LogTargetPlatformManager: Display: Loaded TargetPlatform 'IOSClient'
[2020.08.16-11.05.12:544][  0]LogTargetPlatformManager: Display: Loaded TargetPlatform 'IOS'
[2020.08.16-11.05.12:562][  0]LogTargetPlatformManager: Display: Loaded TargetPlatform 'LinuxNoEditor'
[2020.08.16-11.05.12:580][  0]LogTargetPlatformManager: Display: Loaded TargetPlatform 'LinuxClient'
[2020.08.16-11.05.12:597][  0]LogTargetPlatformManager: Display: Loaded TargetPlatform 'LinuxServer'
[2020.08.16-11.05.12:613][  0]LogTargetPlatformManager: Display: Loaded TargetPlatform 'LinuxAArch64NoEditor'
[2020.08.16-11.05.12:629][  0]LogTargetPlatformManager: Display: Loaded TargetPlatform 'LinuxAArch64Client'
[2020.08.16-11.05.12:646][  0]LogTargetPlatformManager: Display: Loaded TargetPlatform 'LinuxAArch64Server'
[2020.08.16-11.05.12:685][  0]LogTargetPlatformManager: Display: Loaded TargetPlatform 'Lumin'
[2020.08.16-11.05.12:685][  0]LogTargetPlatformManager: Display: Loaded TargetPlatform 'LuminClient'
[2020.08.16-11.05.12:711][  0]LogTargetPlatformManager: Display: Loaded TargetPlatform 'TVOSClient'
[2020.08.16-11.05.12:711][  0]LogTargetPlatformManager: Display: Loaded TargetPlatform 'TVOS'
[2020.08.16-11.05.12:728][  0]LogTargetPlatformManager: Display: Loaded TargetPlatform 'WindowsNoEditor'
[2020.08.16-11.05.12:746][  0]LogTargetPlatformManager: Display: Loaded TargetPlatform 'Windows'
[2020.08.16-11.05.12:763][  0]LogTargetPlatformManager: Display: Loaded TargetPlatform 'WindowsClient'
[2020.08.16-11.05.12:781][  0]LogTargetPlatformManager: Display: Loaded TargetPlatform 'WindowsServer'
[2020.08.16-11.05.12:781][  0]LogTargetPlatformManager: Display: Building Assets For Windows
[2020.08.16-11.05.12:822][  0]LogAudioDebug: Display: Lib vorbis DLL was dynamically loaded.
[2020.08.16-11.05.13:127][  0]LogShaderCompilers: Guid format shader working directory is -19 characters bigger than the processId version (../../../../../../Users/harsh.DESKTOP-UNEK68K/Desktop/Multiplayer/PuzzlePlatforms/Intermediate/Shaders/WorkingDirectory/9944/).
[2020.08.16-11.05.13:127][  0]LogShaderCompilers: Cleaned the shader compiler working directory 'C:/Users/harsh.DESKTOP-UNEK68K/AppData/Local/Temp/UnrealShaderWorkingDir/5B51CFDF4EEFF2B2118F96B5BAC0F025/'.
[2020.08.16-11.05.13:128][  0]LogXGEController: Cleaning working directory: C:/Users/harsh.DESKTOP-UNEK68K/AppData/Local/Temp/UnrealXGEWorkingDir/
[2020.08.16-11.05.13:129][  0]LogXGEController: Cannot use XGE Controller as Incredibuild is not installed on this machine.
[2020.08.16-11.05.13:129][  0]LogShaderCompilers: Cannot use XGE Shader Compiler as Incredibuild is not installed on this machine.
[2020.08.16-11.05.13:129][  0]LogShaderCompilers: Display: Using Local Shader Compiler.
[2020.08.16-11.05.16:230][  0]LogDerivedDataCache: Display: Max Cache Size: 512 MB
[2020.08.16-11.05.16:516][  0]LogDerivedDataCache: Loaded boot cache 0.29s 89MB C:/Users/harsh.DESKTOP-UNEK68K/AppData/Local/UnrealEngine/4.24/DerivedDataCache/Boot.ddc.
[2020.08.16-11.05.16:516][  0]LogDerivedDataCache: Display: Loaded Boot cache: C:/Users/harsh.DESKTOP-UNEK68K/AppData/Local/UnrealEngine/4.24/DerivedDataCache/Boot.ddc
[2020.08.16-11.05.16:516][  0]LogDerivedDataCache: FDerivedDataBackendGraph:  Pak pak cache file ../../../../../../Users/harsh.DESKTOP-UNEK68K/Desktop/Multiplayer/PuzzlePlatforms/DerivedDataCache/DDC.ddp not found, will not use a pak cache.
[2020.08.16-11.05.16:516][  0]LogDerivedDataCache: Unable to find inner node Pak for hierarchical cache Hierarchy.
[2020.08.16-11.05.16:516][  0]LogDerivedDataCache: FDerivedDataBackendGraph:  CompressedPak pak cache file ../../../../../../Users/harsh.DESKTOP-UNEK68K/Desktop/Multiplayer/PuzzlePlatforms/DerivedDataCache/Compressed.ddp not found, will not use a pak cache.
[2020.08.16-11.05.16:516][  0]LogDerivedDataCache: Unable to find inner node CompressedPak for hierarchical cache Hierarchy.
[2020.08.16-11.05.16:537][  0]LogDerivedDataCache: Display: Pak cache opened for reading ../../../Engine/DerivedDataCache/Compressed.ddp.
[2020.08.16-11.05.16:537][  0]LogDerivedDataCache: FDerivedDataBackendGraph:  EnterprisePak pak cache file ../../../Enterprise/DerivedDataCache/Compressed.ddp not found, will not use a pak cache.
[2020.08.16-11.05.16:537][  0]LogDerivedDataCache: Unable to find inner node EnterprisePak for hierarchical cache Hierarchy.
[2020.08.16-11.05.16:540][  0]LogDerivedDataCache: Using Local data cache path C:/Users/harsh.DESKTOP-UNEK68K/AppData/Local/UnrealEngine/Common/DerivedDataCache: Writable
[2020.08.16-11.05.16:540][  0]LogDerivedDataCache: Shared data cache path not found in *engine.ini, will not use an Shared cache.
[2020.08.16-11.05.16:540][  0]LogDerivedDataCache: Unable to find inner node Shared for hierarchical cache Hierarchy.
[2020.08.16-11.05.16:575][  0]LogMaterial: Verifying Global Shaders for PCD3D_SM5
[2020.08.16-11.05.16:582][  0]LogSlate: Using FreeType 2.10.0
[2020.08.16-11.05.16:595][  0]LogSlate: SlateFontServices - WITH_FREETYPE: 1, WITH_HARFBUZZ: 1
[2020.08.16-11.05.17:304][  0]LogAssetRegistry: FAssetRegistry took 0.0035 seconds to start up
[2020.08.16-11.05.17:799][  0]LogInit: Selected Device Profile: [Windows]
[2020.08.16-11.05.18:246][  0]LogMeshReduction: Using QuadricMeshReduction for automatic static mesh reduction
[2020.08.16-11.05.18:246][  0]LogMeshReduction: Using SimplygonMeshReduction for automatic skeletal mesh reduction
[2020.08.16-11.05.18:246][  0]LogMeshReduction: Using ProxyLODMeshReduction for automatic mesh merging
[2020.08.16-11.05.18:246][  0]LogMeshReduction: No distributed automatic mesh merging module available
[2020.08.16-11.05.18:246][  0]LogMeshMerging: No distributed automatic mesh merging module available
[2020.08.16-11.05.18:311][  0]LogNetVersion: PuzzlePlatforms 1.0.0, NetCL: 10570792, EngineNetVer: 13, GameNetVer: 0 (Checksum: 2226377169)
[2020.08.16-11.05.27:031][  0]LogPackageLocalizationCache: Processed 10 localized package path(s) for 1 prioritized culture(s) in 0.077094 seconds
[2020.08.16-11.05.27:040][  0]LogUObjectArray: 46750 objects as part of root set at end of initial load.
[2020.08.16-11.05.27:040][  0]LogUObjectAllocator: 8137160 out of 0 bytes used by permanent object pool.
[2020.08.16-11.05.27:040][  0]LogUObjectArray: CloseDisregardForGC: 0/0 objects in disregard for GC pool
[2020.08.16-11.05.28:833][  0]LogTcpMessaging: Initializing TcpMessaging bridge
[2020.08.16-11.05.28:850][  0]LogUdpMessaging: Initializing bridge on interface 0.0.0.0:0 to multicast group 230.0.0.1:6666.
[2020.08.16-11.05.29:249][  0]LogTemp: Warning: SwatGuy
[2020.08.16-11.05.29:427][  0]SourceControl: Source control is disabled
[2020.08.16-11.05.29:428][  0]SourceControl: Source control is disabled
[2020.08.16-11.05.29:442][  0]SourceControl: Source control is disabled
[2020.08.16-11.05.29:455][  0]SourceControl: Source control is disabled
[2020.08.16-11.05.29:468][  0]SourceControl: Source control is disabled
[2020.08.16-11.05.30:058][  0]LogAndroidPermission: UAndroidPermissionCallbackProxy::GetInstance
[2020.08.16-11.05.30:144][  0]LogAudioCaptureCore: Display: No Audio Capture implementations found. Audio input will be silent.
[2020.08.16-11.05.30:144][  0]LogAudioCaptureCore: Display: No Audio Capture implementations found. Audio input will be silent.
[2020.08.16-11.05.30:382][  0]LogOcInput: OculusInput pre-init called
[2020.08.16-11.05.30:413][  0]LogWindows: Failed to load 'OVRPlugin.dll' (GetLastError=126)
[2020.08.16-11.05.30:413][  0]LogWindows: File 'OVRPlugin.dll' does not exist
[2020.08.16-11.05.30:604][  0]LogEngine: Initializing Engine...
[2020.08.16-11.05.30:605][  0]LogHMD: Failed to initialize OpenVR with code 110
[2020.08.16-11.05.30:608][  0]LogStats: UGameplayTagsManager::InitializeManager -  0.001 s
[2020.08.16-11.05.31:089][  0]LogInit: Initializing FReadOnlyCVARCache
[2020.08.16-11.05.31:143][  0]LogAIModule: Creating AISystem for world Untitled
[2020.08.16-11.05.31:162][  0]LogAudioMixer: Display: Audio Mixer Platform Settings:
[2020.08.16-11.05.31:162][  0]LogAudioMixer: Display: 	Sample Rate:						  48000
[2020.08.16-11.05.31:162][  0]LogAudioMixer: Display: 	Callback Buffer Frame Size Requested: 1024
[2020.08.16-11.05.31:162][  0]LogAudioMixer: Display: 	Callback Buffer Frame Size To Use:	  1024
[2020.08.16-11.05.31:162][  0]LogAudioMixer: Display: 	Number of buffers to queue:			  2
[2020.08.16-11.05.31:162][  0]LogAudioMixer: Display: 	Max Channels (voices):				  32
[2020.08.16-11.05.31:162][  0]LogAudioMixer: Display: 	Number of Async Source Workers:		  0
[2020.08.16-11.05.31:162][  0]LogAudio: Display: AudioDevice MaxSources: 32
[2020.08.16-11.05.31:163][  0]LogAudio: Display: Using built-in audio occlusion.
[2020.08.16-11.05.31:163][  0]LogAudioMixer: Display: Initializing audio mixer.
[2020.08.16-11.05.31:213][  0]LogAudioMixer: Display: Audio Device Output Speaker Info:
[2020.08.16-11.05.31:213][  0]LogAudioMixer: Display: Name: Speakers / Headphones (Realtek Audio)
[2020.08.16-11.05.31:213][  0]LogAudioMixer: Display: Is Default: Yes
[2020.08.16-11.05.31:213][  0]LogAudioMixer: Display: Sample Rate: 48000
[2020.08.16-11.05.31:213][  0]LogAudioMixer: Display: Channel Count Used: 2
[2020.08.16-11.05.31:213][  0]LogAudioMixer: Display: Device Channel Count: 2
[2020.08.16-11.05.31:213][  0]LogAudioMixer: Display: Channel Order:
[2020.08.16-11.05.31:213][  0]LogAudioMixer: Display: 0: FrontLeft
[2020.08.16-11.05.31:213][  0]LogAudioMixer: Display: 1: FrontRight
[2020.08.16-11.05.32:103][  0]LogAudioMixer: Display: Using Audio Device Speakers / Headphones (Realtek Audio)
[2020.08.16-11.05.32:108][  0]LogInit: FAudioDevice initialized.
[2020.08.16-11.05.32:108][  0]LogNetVersion: Set ProjectVersion to 1.0.0.0. Version Checksum will be recalculated on next use.
[2020.08.16-11.05.32:226][  0]LogDerivedDataCache: Saved boot cache 0.12s 89MB C:/Users/harsh.DESKTOP-UNEK68K/AppData/Local/UnrealEngine/4.24/DerivedDataCache/Boot.ddc.
[2020.08.16-11.05.32:232][  0]LogInit: Texture streaming: Enabled
[2020.08.16-11.05.32:278][  0]LogEngineSessionManager: EngineSessionManager initialized
[2020.08.16-11.05.32:278][  0]LogEngineSessionManager: EngineSessionManager sent abnormal shutdown report. Type=AbnormalShutdown, SessionId={543AD224-4053-3368-AA43-2CABB6DA340D}
[2020.08.16-11.05.32:278][  0]LogEditorSessionSummary: Verbose: Initializing EditorSessionSummaryWriter for editor session tracking
[2020.08.16-11.05.32:280][  0]LogEditorSessionSummary: EditorSessionSummaryWriter initialized
[2020.08.16-11.05.32:360][  0]LogInit: Transaction tracking system initialized
[2020.08.16-11.05.32:447][  0]BlueprintLog: New page: Editor Load
[2020.08.16-11.05.33:024][  0]LocalizationService: Localization service is disabled
[2020.08.16-11.05.34:210][  0]LogFileCache: Scanning file cache for directory 'C:/Users/harsh.DESKTOP-UNEK68K/Desktop/Multiplayer/PuzzlePlatforms/Content/' took 0.01s
[2020.08.16-11.05.34:210][  0]LogCook: Display: Max memory allowance for cook 16384mb min free memory 0mb
[2020.08.16-11.05.34:210][  0]LogCook: Display: Mobile HDR setting 1
[2020.08.16-11.05.35:743][  0]SourceControl: Source control is disabled
[2020.08.16-11.05.35:744][  0]Cmd: MAP LOAD FILE="../../../../../../Users/harsh.DESKTOP-UNEK68K/Desktop/Multiplayer/PuzzlePlatforms/Content/MenuSystem/MainMenu.umap" TEMPLATE=0 SHOWPROGRESS=1 FEATURELEVEL=3
[2020.08.16-11.05.35:746][  0]LightingResults: New page: Lighting Build
[2020.08.16-11.05.35:755][  0]LogWorld: UWorld::CleanupWorld for Untitled, bSessionEnded=true, bCleanupResources=true
[2020.08.16-11.05.35:756][  0]LogSlate: InvalidateAllWidgets triggered.  All widgets were invalidated
[2020.08.16-11.05.35:756][  0]MapCheck: New page: Map Check
[2020.08.16-11.05.35:756][  0]LightingResults: New page: Lighting Build
[2020.08.16-11.05.35:787][  0]LogUObjectHash: Compacting FUObjectHashTables data took   2.13ms
[2020.08.16-11.05.35:805][  0]LogAIModule: Creating AISystem for world MainMenu
[2020.08.16-11.05.35:811][  0]LogEditorServer: Finished looking for orphan Actors (0.000 secs)
[2020.08.16-11.05.35:845][  0]LogUObjectHash: Compacting FUObjectHashTables data took   2.08ms
[2020.08.16-11.05.35:845][  0]Cmd: MAP CHECKDEP NOCLEARLOG
[2020.08.16-11.05.35:846][  0]MapCheck: Map check complete: 0 Error(s), 0 Warning(s), took 0.587ms to complete.
[2020.08.16-11.05.35:846][  0]LogFileHelpers: Loading map 'MainMenu' took 0.103
[2020.08.16-11.05.37:895][  0]LogSlate: Updating window title bar state: overlay mode, drag disabled, window buttons hidden, title bar hidden
[2020.08.16-11.05.37:903][  0]LogSlate: Updating window title bar state: overlay mode, drag disabled, window buttons hidden, title bar hidden
[2020.08.16-11.05.37:911][  0]LogSlate: Updating window title bar state: overlay mode, drag disabled, window buttons hidden, title bar hidden
[2020.08.16-11.05.37:919][  0]LogSlate: Updating window title bar state: overlay mode, drag disabled, window buttons hidden, title bar hidden
[2020.08.16-11.05.37:947][  0]LogCollectionManager: Loaded 0 collections in 0.001069 seconds
[2020.08.16-11.05.37:979][  0]LogFileCache: Scanning file cache for directory 'C:/Users/harsh.DESKTOP-UNEK68K/Desktop/Multiplayer/PuzzlePlatforms/Saved/Collections/' took 0.00s
[2020.08.16-11.05.37:979][  0]LogFileCache: Scanning file cache for directory 'C:/Users/harsh.DESKTOP-UNEK68K/Desktop/Multiplayer/PuzzlePlatforms/Content/Developers/harsh/Collections/' took 0.00s
[2020.08.16-11.05.37:979][  0]LogFileCache: Scanning file cache for directory 'C:/Users/harsh.DESKTOP-UNEK68K/Desktop/Multiplayer/PuzzlePlatforms/Content/Collections/' took 0.00s
[2020.08.16-11.05.37:979][  0]LogContentBrowser: Native class hierarchy populated in 0.0103 seconds. Added 3027 classes and 724 folders.
[2020.08.16-11.05.37:989][  0]LogContentBrowser: Native class hierarchy updated for 'WidgetCarousel' in 0.0005 seconds. Added 0 classes and 0 folders.
[2020.08.16-11.05.38:352][  0]LogContentBrowser: Native class hierarchy updated for 'AddContentDialog' in 0.0005 seconds. Added 0 classes and 0 folders.
[2020.08.16-11.05.38:434][  0]LogSlate: Warning: The tab "LiveLink" attempted to spawn but failed for some reason. It will not be displayed but it will still be saved in the layout settings file.
[2020.08.16-11.05.38:508][  0]LogSlate: Took 0.009390 seconds to synchronously load lazily loaded font '../../../Engine/Content/Slate/Fonts/Roboto-Regular.ttf' (155K)
[2020.08.16-11.05.38:520][  0]LogSlate: Took 0.007290 seconds to synchronously load lazily loaded font '../../../Engine/Content/Slate/Fonts/Roboto-Bold.ttf' (160K)
[2020.08.16-11.05.38:533][  0]LogSlate: Took 0.004939 seconds to synchronously load lazily loaded font '../../../Engine/Content/Editor/Slate/Fonts/FontAwesome.ttf' (139K)
[2020.08.16-11.05.38:539][  0]LogSlate: Took 0.004847 seconds to synchronously load lazily loaded font '../../../Engine/Content/Slate/Fonts/DroidSansMono.ttf' (77K)
[2020.08.16-11.05.38:742][  0]LogRenderer: Reallocating scene render targets to support 836x324 Format 10 NumSamples 1 (Frame:1).
[2020.08.16-11.05.39:007][  0]LogContentBrowser: Native class hierarchy updated for 'HierarchicalLODOutliner' in 0.0005 seconds. Added 0 classes and 0 folders.
[2020.08.16-11.05.39:008][  0]LogLoad: (Engine Initialization) Total time: 36.54 seconds
[2020.08.16-11.05.39:008][  0]LogLoad: (Engine Initialization) Total Blueprint compile time: 0.00 seconds
[2020.08.16-11.05.39:158][  0]LogContentStreaming: Texture pool size now 1000 MB
[2020.08.16-11.05.39:187][  0]LogRenderer: Reallocating scene render targets to support 836x340 Format 10 NumSamples 1 (Frame:2).
[2020.08.16-11.05.39:609][  8]LogAssetRegistry: Asset discovery search completed in 22.3062 seconds
[2020.08.16-11.05.39:614][  8]LogCollectionManager: Fixed up redirectors for 0 collections in 0.000019 seconds (updated 0 objects)
[2020.08.16-11.06.23:734][981]LogUObjectHash: Compacting FUObjectHashTables data took   0.89ms
[2020.08.16-11.06.24:941][103]LogTemp: Repeating last play command: New Editor Window (PIE)
[2020.08.16-11.06.24:961][103]LogBlueprintUserMessages: Early PlayInEditor Detection: Level '/Game/MenuSystem/MainMenu.MainMenu:PersistentLevel' has LevelScriptBlueprint '/Game/MenuSystem/MainMenu.MainMenu:PersistentLevel.MainMenu' with GeneratedClass '/Game/MenuSystem/MainMenu.MainMenu_C' with ClassGeneratedBy '/Game/MenuSystem/MainMenu.MainMenu:PersistentLevel.MainMenu'
[2020.08.16-11.06.24:961][103]LogPlayLevel: PlayLevel: No blueprints needed recompiling
[2020.08.16-11.06.24:966][103]PIE: New page: PIE session: MainMenu (Aug 16, 2020, 1:06:24 PM)
[2020.08.16-11.06.24:970][103]LogOnline: OSS: Creating online subsystem instance for: NULL
[2020.08.16-11.06.24:972][103]LogOnline: OSS: TryLoadSubsystemAndSetDefault: Loaded subsystem for module [NULL]
[2020.08.16-11.06.24:974][103]LogPlayLevel: Creating play world package: /Game/MenuSystem/UEDPIE_0_MainMenu
[2020.08.16-11.06.24:976][103]LogPlayLevel: PIE: StaticDuplicateObject took: (0.001913s)
[2020.08.16-11.06.24:977][103]LogAIModule: Creating AISystem for world MainMenu
[2020.08.16-11.06.24:977][103]LogPlayLevel: PIE: World Init took: (0.001292s)
[2020.08.16-11.06.24:978][103]LogPlayLevel: PIE: Created PIE world by copying editor world from /Game/MenuSystem/MainMenu.MainMenu to /Game/MenuSystem/UEDPIE_0_MainMenu.MainMenu (0.003916s)
[2020.08.16-11.06.25:007][103]LogUObjectHash: Compacting FUObjectHashTables data took   1.69ms
[2020.08.16-11.06.25:007][103]LogTemp: Warning: Found class WBP_MainMenu_C
[2020.08.16-11.06.25:007][103]LogAudioMixer: Display: Audio Mixer Platform Settings:
[2020.08.16-11.06.25:007][103]LogAudioMixer: Display: 	Sample Rate:						  48000
[2020.08.16-11.06.25:007][103]LogAudioMixer: Display: 	Callback Buffer Frame Size Requested: 1024
[2020.08.16-11.06.25:007][103]LogAudioMixer: Display: 	Callback Buffer Frame Size To Use:	  1024
[2020.08.16-11.06.25:007][103]LogAudioMixer: Display: 	Number of buffers to queue:			  2
[2020.08.16-11.06.25:007][103]LogAudioMixer: Display: 	Max Channels (voices):				  32
[2020.08.16-11.06.25:007][103]LogAudioMixer: Display: 	Number of Async Source Workers:		  0
[2020.08.16-11.06.25:007][103]LogAudio: Display: AudioDevice MaxSources: 32
[2020.08.16-11.06.25:008][103]LogAudio: Display: Using built-in audio occlusion.
[2020.08.16-11.06.25:008][103]LogAudioMixer: Display: Initializing audio mixer.
[2020.08.16-11.06.25:025][103]LogAudioMixer: Display: Audio Device Output Speaker Info:
[2020.08.16-11.06.25:025][103]LogAudioMixer: Display: Name: Speakers / Headphones (Realtek Audio)
[2020.08.16-11.06.25:025][103]LogAudioMixer: Display: Is Default: Yes
[2020.08.16-11.06.25:025][103]LogAudioMixer: Display: Sample Rate: 48000
[2020.08.16-11.06.25:025][103]LogAudioMixer: Display: Channel Count Used: 2
[2020.08.16-11.06.25:025][103]LogAudioMixer: Display: Device Channel Count: 2
[2020.08.16-11.06.25:025][103]LogAudioMixer: Display: Channel Order:
[2020.08.16-11.06.25:025][103]LogAudioMixer: Display: 0: FrontLeft
[2020.08.16-11.06.25:025][103]LogAudioMixer: Display: 1: FrontRight
[2020.08.16-11.06.25:126][103]LogAudioMixer: Display: Using Audio Device Speakers / Headphones (Realtek Audio)
[2020.08.16-11.06.25:128][103]LogInit: FAudioDevice initialized.
[2020.08.16-11.06.25:206][103]LogSlate: Updating window title bar state: overlay mode, drag disabled, window buttons hidden, title bar hidden
[2020.08.16-11.06.25:209][103]LogLoad: Game class is 'PuzzlePlatformsGameMode'
[2020.08.16-11.06.25:209][103]LogTemp: Warning: SwatGuy
[2020.08.16-11.06.25:212][103]LogWorld: Bringing World /Game/MenuSystem/UEDPIE_0_MainMenu.MainMenu up for play (max tick rate 0) at 2020.08.16-12.06.25
[2020.08.16-11.06.25:213][103]LogWorld: Bringing up level for play took: 0.001444
[2020.08.16-11.06.25:214][103]LogOnline: OSS: Creating online subsystem instance for: :Context_2
[2020.08.16-11.06.25:234][103]LogContentBrowser: Native class hierarchy updated for 'MovieSceneCapture' in 0.0009 seconds. Added 20 classes and 0 folders.
[2020.08.16-11.06.25:252][103]LogPlayerController: Error: InputMode:UIOnly - Attempting to focus Non-Focusable widget SObjectWidget [Widget.cpp(776)]!
[2020.08.16-11.06.25:257][103]PIE: Play in editor start time for /Game/MenuSystem/UEDPIE_0_MainMenu -0.704
[2020.08.16-11.06.25:257][103]LogBlueprintUserMessages: Late PlayInEditor Detection: Level '/Game/MenuSystem/MainMenu.MainMenu:PersistentLevel' has LevelScriptBlueprint '/Game/MenuSystem/MainMenu.MainMenu:PersistentLevel.MainMenu' with GeneratedClass '/Game/MenuSystem/MainMenu.MainMenu_C' with ClassGeneratedBy '/Game/MenuSystem/MainMenu.MainMenu:PersistentLevel.MainMenu'
[2020.08.16-11.06.25:285][104]LogRenderer: Reallocating scene render targets to support 1024x576 Format 10 NumSamples 1 (Frame:1).
[2020.08.16-11.06.27:291][274]LogTemp: Warning: Host Server
[2020.08.16-11.06.27:292][274]LogGameMode: ProcessServerTravel: /Game/industrial_area/Maps/industrial_area_demo?listen
[2020.08.16-11.06.27:322][274]LogEngine: Server switch level: /Game/industrial_area/Maps/industrial_area_demo?listen
[2020.08.16-11.06.27:322][274]LogNet: Browse: /Game/industrial_area/Maps/industrial_area_demo?listen
[2020.08.16-11.06.27:322][274]LogLoad: LoadMap: /Game/industrial_area/Maps/industrial_area_demo?listen
[2020.08.16-11.06.27:322][274]LogWorld: BeginTearingDown for /Game/MenuSystem/UEDPIE_0_MainMenu
[2020.08.16-11.06.27:323][274]LogWorld: UWorld::CleanupWorld for MainMenu, bSessionEnded=true, bCleanupResources=true
[2020.08.16-11.06.27:323][274]LogSlate: InvalidateAllWidgets triggered.  All widgets were invalidated
[2020.08.16-11.06.27:324][274]LogAudioMixer: Display: Flush succeeded in the source manager command queue (1).
[2020.08.16-11.06.27:344][274]LogAudioMixer: Display: Flush succeeded the source manager command queue (2).
[2020.08.16-11.06.27:378][274]LogUObjectHash: Compacting FUObjectHashTables data took   1.93ms
[2020.08.16-11.06.34:395][274]LogAIModule: Creating AISystem for world industrial_area_demo
[2020.08.16-11.06.34:396][274]LogLoad: Game class is 'PuzzlePlatformsGameMode'
[2020.08.16-11.06.34:396][274]LogTemp: Warning: SwatGuy
[2020.08.16-11.06.34:408][274]LogNet: ReplicationDriverClass is null! Not using ReplicationDriver.
[2020.08.16-11.06.34:408][274]LogNetCore: DDoS detection status: detection enabled: 0 analytics enabled: 0
[2020.08.16-11.06.34:414][274]LogInit: WinSock: I am DESKTOP-UNEK68K (192.168.1.7:0)
[2020.08.16-11.06.34:414][274]LogInit: WinSock: Socket queue. Rx: 131072 (config 131072) Tx: 131072 (config 131072)
[2020.08.16-11.06.34:415][274]PacketHandlerLog: Loaded PacketHandler component: Engine.EngineHandlerComponentFactory (StatelessConnectHandlerComponent)
[2020.08.16-11.06.34:418][274]LogNet: GameNetDriver IpNetDriver_0 IpNetDriver listening on port 7777
[2020.08.16-11.06.35:032][274]LogWorld: Bringing World /Game/industrial_area/maps/UEDPIE_0_industrial_area_demo.industrial_area_demo up for play (max tick rate 0) at 2020.08.16-12.06.35
[2020.08.16-11.06.35:050][274]LogWorld: Bringing up level for play took: 0.631063
[2020.08.16-11.06.35:051][274]LogOnlineSession: Warning: OSS: No game present to join for session (GameSession)
[2020.08.16-11.06.35:065][274]LogLoad: Took 7.743203 seconds to LoadMap(/Game/industrial_area/Maps/industrial_area_demo)
[2020.08.16-11.06.35:150][275]LogNet: UNetDriver::TickDispatch: Very long time between ticks. DeltaTime: 7.85, Realtime: 0.08. IpNetDriver_0
[2020.08.16-11.06.38:077][366]LogBlueprintUserMessages: [industrial_area_demo_C_2] Server: Hello
[2020.08.16-11.06.38:080][366]LogPlayerController: Error: InputMode:UIOnly - Attempting to focus Non-Focusable widget SObjectWidget [Widget.cpp(776)]!
[2020.08.16-11.06.39:234][413]LogNet: Browse: /Game/MenuSystem/MainMenu
[2020.08.16-11.06.39:234][413]LogLoad: LoadMap: /Game/MenuSystem/MainMenu
[2020.08.16-11.06.39:234][413]LogWorld: BeginTearingDown for /Game/industrial_area/maps/UEDPIE_0_industrial_area_demo
[2020.08.16-11.06.39:234][413]LogNet: World NetDriver shutdown IpNetDriver_0 [GameNetDriver]
[2020.08.16-11.06.39:235][413]LogNet: DestroyNamedNetDriver IpNetDriver_0 [GameNetDriver]
[2020.08.16-11.06.39:236][413]LogExit: GameNetDriver IpNetDriver_0 shut down
[2020.08.16-11.06.39:240][413]LogWorld: UWorld::CleanupWorld for industrial_area_demo, bSessionEnded=true, bCleanupResources=true
[2020.08.16-11.06.39:266][413]LogSlate: InvalidateAllWidgets triggered.  All widgets were invalidated
[2020.08.16-11.06.39:270][413]LogAudioMixer: Display: No commands were queued while flushing the source manager.
[2020.08.16-11.06.39:371][413]LogUObjectHash: Compacting FUObjectHashTables data took   3.09ms
[2020.08.16-11.06.39:381][413]LogPlayLevel: Creating play world package: /Game/MenuSystem/UEDPIE_0_MainMenu
[2020.08.16-11.06.39:383][413]LogPlayLevel: PIE: StaticDuplicateObject took: (0.002002s)
[2020.08.16-11.06.39:384][413]LogAIModule: Creating AISystem for world MainMenu
[2020.08.16-11.06.39:385][413]LogPlayLevel: PIE: World Init took: (0.001703s)
[2020.08.16-11.06.39:385][413]LogPlayLevel: PIE: Created PIE world by copying editor world from /Game/MenuSystem/MainMenu.MainMenu to /Game/MenuSystem/UEDPIE_0_MainMenu.MainMenu (0.004248s)
[2020.08.16-11.06.39:385][413]LogLoad: Game class is 'PuzzlePlatformsGameMode'
[2020.08.16-11.06.39:385][413]LogTemp: Warning: SwatGuy
[2020.08.16-11.06.39:386][413]LogWorld: Bringing World /Game/MenuSystem/UEDPIE_0_MainMenu.MainMenu up for play (max tick rate 0) at 2020.08.16-12.06.39
[2020.08.16-11.06.39:387][413]LogWorld: Bringing up level for play took: 0.000436
[2020.08.16-11.06.39:387][413]LogGameMode: FindPlayerStart: PATHS NOT DEFINED or NO PLAYERSTART with positive rating
[2020.08.16-11.06.39:391][413]LogPlayerController: Error: InputMode:UIOnly - Attempting to focus Non-Focusable widget SObjectWidget [Widget.cpp(776)]!
[2020.08.16-11.06.39:391][413]LogLoad: Took 0.157242 seconds to LoadMap(/Game/MenuSystem/UEDPIE_0_MainMenu)
[2020.08.16-11.06.41:331][575]LogSlate: Updating window title bar state: overlay mode, drag disabled, window buttons hidden, title bar hidden
[2020.08.16-11.06.41:332][575]LogBlueprintUserMessages: Early EndPlayMap Detection: Level '/Game/MenuSystem/MainMenu.MainMenu:PersistentLevel' has LevelScriptBlueprint '/Game/MenuSystem/MainMenu.MainMenu:PersistentLevel.MainMenu' with GeneratedClass '/Game/MenuSystem/MainMenu.MainMenu_C' with ClassGeneratedBy '/Game/MenuSystem/MainMenu.MainMenu:PersistentLevel.MainMenu'
[2020.08.16-11.06.41:333][575]LogWorld: BeginTearingDown for /Game/MenuSystem/UEDPIE_0_MainMenu
[2020.08.16-11.06.41:350][575]LogSlate: Window 'PuzzlePlatforms Game Preview Standalone (64-bit/PCD3D_SM5)' being destroyed
[2020.08.16-11.06.41:363][575]LogAudioMixer: Display: Flush succeeded in the source manager command queue (1).
[2020.08.16-11.06.41:386][575]LogAudioMixer: Display: Flush succeeded the source manager command queue (2).
[2020.08.16-11.06.41:386][575]LogWorld: UWorld::CleanupWorld for MainMenu, bSessionEnded=true, bCleanupResources=true
[2020.08.16-11.06.41:387][575]LogSlate: InvalidateAllWidgets triggered.  All widgets were invalidated
[2020.08.16-11.06.41:397][575]LogPlayLevel: Display: Shutting down PIE online subsystems
[2020.08.16-11.06.41:398][575]LogBlueprintUserMessages: Late EndPlayMap Detection: Level '/Game/MenuSystem/MainMenu.MainMenu:PersistentLevel' has LevelScriptBlueprint '/Game/MenuSystem/MainMenu.MainMenu:PersistentLevel.MainMenu' with GeneratedClass '/Game/MenuSystem/MainMenu.MainMenu_C' with ClassGeneratedBy '/Game/MenuSystem/MainMenu.MainMenu:PersistentLevel.MainMenu'
[2020.08.16-11.06.41:404][575]LogSlate: InvalidateAllWidgets triggered.  All widgets were invalidated
[2020.08.16-11.06.41:435][575]LogAudioMixer: Display: No commands were queued while flushing the source manager.
[2020.08.16-11.06.41:445][575]LogUObjectHash: Compacting FUObjectHashTables data took   1.95ms
[2020.08.16-11.06.41:460][576]LogPlayLevel: Display: Destroying online subsystem :Context_2
[2020.08.16-11.15.46:435][216]LogSlate: Took 0.004011 seconds to synchronously load lazily loaded font '../../../Engine/Content/Slate/Fonts/Roboto-Light.ttf' (167K)
[2020.08.16-12.41.03:864][642]LogTemp: Resetting audio stream to device id 
[2020.08.16-12.41.03:892][642]LogAudioMixer: Display: Audio Device Output Speaker Info:
[2020.08.16-12.41.03:892][642]LogAudioMixer: Display: Name: Speakers / Headphones (Realtek Audio)
[2020.08.16-12.41.03:892][642]LogAudioMixer: Display: Is Default: Yes
[2020.08.16-12.41.03:892][642]LogAudioMixer: Display: Sample Rate: 48000
[2020.08.16-12.41.03:892][642]LogAudioMixer: Display: Channel Count Used: 2
[2020.08.16-12.41.03:892][642]LogAudioMixer: Display: Device Channel Count: 2
[2020.08.16-12.41.03:892][642]LogAudioMixer: Display: Channel Order:
[2020.08.16-12.41.03:892][642]LogAudioMixer: Display: 0: FrontLeft
[2020.08.16-12.41.03:892][642]LogAudioMixer: Display: 1: FrontRight
[2020.08.16-12.41.20:954][556]LogUdpMessaging: Warning: UDP messaging encountered an error. Auto repair routine started for reinitialization
[2020.08.16-13.59.22:047][558]LogTemp: Resetting audio stream to device id 
[2020.08.16-13.59.22:104][558]LogAudioMixer: Display: Audio Device Output Speaker Info:
[2020.08.16-13.59.22:104][558]LogAudioMixer: Display: Name: Speakers / Headphones (Realtek Audio)
[2020.08.16-13.59.22:104][558]LogAudioMixer: Display: Is Default: Yes
[2020.08.16-13.59.22:104][558]LogAudioMixer: Display: Sample Rate: 48000
[2020.08.16-13.59.22:104][558]LogAudioMixer: Display: Channel Count Used: 2
[2020.08.16-13.59.22:104][558]LogAudioMixer: Display: Device Channel Count: 2
[2020.08.16-13.59.22:104][558]LogAudioMixer: Display: Channel Order:
[2020.08.16-13.59.22:104][558]LogAudioMixer: Display: 0: FrontLeft
[2020.08.16-13.59.22:104][558]LogAudioMixer: Display: 1: FrontRight
[2020.08.16-13.59.24:128][561]LogHttp: Warning: 00000218BE521E40: invalid HTTP response code received. URL: https://datarouter.ol.epicgames.com/datarouter/api/v1/public/data?SessionID=%7BFE449CF4-48CE-71A1-235C-9B85863742E0%7D&AppID=UEEditor.Rocket.Release&AppVersion=4.24.2-11100242%2B%2B%2BUE4%2BRelease-4.24&UserID=4cd6d99842e677771275419d4b249b66%7Cbba3ad13918c49ee957396da86c65e16%7Ccaf72d76-b423-4547-89a5-9254bfae9947&AppEnvironment=datacollector-binary&UploadType=eteventstream, HTTP code: 0, content length: 0, actual payload size: 0
[2020.08.16-13.59.24:128][561]LogHttp: Warning: 00000218BE521E40: request failed, libcurl error: 6 (Couldn't resolve host name)
[2020.08.16-13.59.24:129][561]LogHttp: Warning: 00000218BE521E40: libcurl info message cache 0 (Connection 34 seems to be dead!)
[2020.08.16-13.59.24:129][561]LogHttp: Warning: 00000218BE521E40: libcurl info message cache 1 (Closing connection 34)
[2020.08.16-13.59.24:129][561]LogHttp: Warning: 00000218BE521E40: libcurl info message cache 2 (Could not resolve host: datarouter.ol.epicgames.com)
[2020.08.16-13.59.24:129][561]LogHttp: Warning: 00000218BE521E40: libcurl info message cache 3 (Closing connection 35)
[2020.08.16-13.59.24:145][562]LogHttp: Warning: Retry exhausted on https://datarouter.ol.epicgames.com/datarouter/api/v1/public/data?SessionID=%7BFE449CF4-48CE-71A1-235C-9B85863742E0%7D&AppID=UEEditor.Rocket.Release&AppVersion=4.24.2-11100242%2B%2B%2BUE4%2BRelease-4.24&UserID=4cd6d99842e677771275419d4b249b66%7Cbba3ad13918c49ee957396da86c65e16%7Ccaf72d76-b423-4547-89a5-9254bfae9947&AppEnvironment=datacollector-binary&UploadType=eteventstream
[2020.08.16-14.17.40:288][ 13]LogUObjectHash: Compacting FUObjectHashTables data took  10.46ms
[2020.08.16-14.17.42:976][135]Candidate modules for hot reload:
[2020.08.16-14.17.42:976][135]  PuzzlePlatforms
[2020.08.16-14.17.42:979][135]Launching UnrealBuildTool... [C:/Program Files/Epic Games/UE_4.24/Engine/Binaries/DotNET/UnrealBuildTool.exe  -ModuleWithSuffix=PuzzlePlatforms,8410 Win64 Development -TargetType=Editor -Project="C:/Users/harsh.DESKTOP-UNEK68K/Desktop/Multiplayer/PuzzlePlatforms/PuzzlePlatforms.uproject" "C:/Users/harsh.DESKTOP-UNEK68K/Desktop/Multiplayer/PuzzlePlatforms/PuzzlePlatforms.uproject"  -IgnoreJunk]
[2020.08.16-14.17.43:001][135]Warning: Starting HotReload took  0.3s.
[2020.08.16-14.18.39:299][328]CompilerResultsLog: New page: Compilation - Aug 16, 2020, 4:18:39 PM
[2020.08.16-14.18.39:311][328]CompilerResultsLog: WARNING: The 'Developer' module type has been deprecated in 4.24. Use 'DeveloperTool' for modules that can be loaded by game/client/server targets in non-shipping configurations, or 'UncookedOnly' for modules that should only be loaded by uncooked editor and program targets (eg. modules containing blueprint nodes)
[2020.08.16-14.18.39:311][328]CompilerResultsLog: C:\Program Files\Epic Games\UE_4.24\Engine\Plugins\Marketplace\RLLiveLink\RLLiveLink.uplugin: warning: The 'Developer' module type has been deprecated in 4.24.
[2020.08.16-14.18.39:311][328]CompilerResultsLog: Using 'git status' to determine working set for adaptive non-unity build (C:\Users\harsh.DESKTOP-UNEK68K\Desktop\Multiplayer).
[2020.08.16-14.18.39:311][328]CompilerResultsLog: Parsing headers for PuzzlePlatformsEditor
[2020.08.16-14.18.39:311][328]CompilerResultsLog:   Running UnrealHeaderTool "C:\Users\harsh.DESKTOP-UNEK68K\Desktop\Multiplayer\PuzzlePlatforms\PuzzlePlatforms.uproject" "C:\Users\harsh.DESKTOP-UNEK68K\Desktop\Multiplayer\PuzzlePlatforms\Intermediate\Build\Win64\PuzzlePlatformsEditor\Development\PuzzlePlatformsEditor.uhtmanifest" -LogCmds="loginit warning, logexit warning, logdatabase error" -Unattended -WarningsAsErrors -installed
[2020.08.16-14.18.39:311][328]CompilerResultsLog: Reflection code generated for PuzzlePlatformsEditor in 29.7918867 seconds
[2020.08.16-14.18.39:311][328]CompilerResultsLog: Building PuzzlePlatformsEditor...
[2020.08.16-14.18.39:311][328]CompilerResultsLog: Using Visual Studio 2017 14.16.27038 toolchain (C:\Program Files (x86)\Microsoft Visual Studio\2017\Community\VC\Tools\MSVC\14.16.27023) and Windows 10.0.14393.0 SDK (C:\Program Files (x86)\Windows Kits\10).
[2020.08.16-14.18.39:311][328]CompilerResultsLog: Building 5 actions with 4 processes...
[2020.08.16-14.18.39:311][328]CompilerResultsLog:   [1/5] PuzzlePlatformsGameMode.cpp
[2020.08.16-14.18.39:311][328]CompilerResultsLog:   [2/5] Main.cpp
[2020.08.16-14.18.39:311][328]CompilerResultsLog:   [3/5] UE4Editor-PuzzlePlatforms-8410.lib
[2020.08.16-14.18.39:311][328]CompilerResultsLog:      Creating library C:\Users\harsh.DESKTOP-UNEK68K\Desktop\Multiplayer\PuzzlePlatforms\Intermediate\Build\Win64\UE4Editor\Development\PuzzlePlatforms\UE4Editor-PuzzlePlatforms-8410.lib and object C:\Users\harsh.DESKTOP-UNEK68K\Desktop\Multiplayer\PuzzlePlatforms\Intermediate\Build\Win64\UE4Editor\Development\PuzzlePlatforms\UE4Editor-PuzzlePlatforms-8410.exp
[2020.08.16-14.18.39:311][328]CompilerResultsLog:   [4/5] UE4Editor-PuzzlePlatforms-8410.dll
[2020.08.16-14.18.39:311][328]CompilerResultsLog:      Creating library C:\Users\harsh.DESKTOP-UNEK68K\Desktop\Multiplayer\PuzzlePlatforms\Intermediate\Build\Win64\UE4Editor\Development\PuzzlePlatforms\UE4Editor-PuzzlePlatforms-8410.suppressed.lib and object C:\Users\harsh.DESKTOP-UNEK68K\Desktop\Multiplayer\PuzzlePlatforms\Intermediate\Build\Win64\UE4Editor\Development\PuzzlePlatforms\UE4Editor-PuzzlePlatforms-8410.suppressed.exp
[2020.08.16-14.18.39:312][328]CompilerResultsLog:   [5/5] PuzzlePlatformsEditor.target
[2020.08.16-14.18.39:312][328]CompilerResultsLog: Total time in Parallel executor: 22.76 seconds
[2020.08.16-14.18.39:312][328]CompilerResultsLog: Total execution time: 55.97 seconds
[2020.08.16-14.18.39:313][328]LogMainFrame: MainFrame: Module compiling took 56.414 seconds
[2020.08.16-14.18.39:347][328]LogUObjectHash: Compacting FUObjectHashTables data took   0.83ms
[2020.08.16-14.18.39:616][328]LogContentBrowser: Native class hierarchy updated for 'PuzzlePlatforms' in 0.0124 seconds. Added 10 classes and 4 folders.
[2020.08.16-14.18.39:623][328]Display: HotReload successful (13 functions remapped  0 scriptstructs remapped)
[2020.08.16-14.18.39:996][328]LogUObjectHash: Compacting FUObjectHashTables data took   2.46ms
[2020.08.16-14.18.40:060][328]LogContentBrowser: Native class hierarchy populated in 0.0174 seconds. Added 3027 classes and 724 folders.
[2020.08.16-14.18.40:062][328]Display: HotReload took 57.4s.
[2020.08.16-14.19.08:591][964]LogUObjectHash: Compacting FUObjectHashTables data took   1.67ms
[2020.08.16-14.19.10:778][ 91]LogTemp: Repeating last play command: New Editor Window (PIE)
[2020.08.16-14.19.10:824][ 91]LogBlueprintUserMessages: Early PlayInEditor Detection: Level '/Game/MenuSystem/MainMenu.MainMenu:PersistentLevel' has LevelScriptBlueprint '/Game/MenuSystem/MainMenu.MainMenu:PersistentLevel.MainMenu' with GeneratedClass '/Game/MenuSystem/MainMenu.MainMenu_C' with ClassGeneratedBy '/Game/MenuSystem/MainMenu.MainMenu:PersistentLevel.MainMenu'
[2020.08.16-14.19.10:831][ 91]LogPlayLevel: PlayLevel: No blueprints needed recompiling
[2020.08.16-14.19.10:832][ 91]PIE: New page: PIE session: MainMenu (Aug 16, 2020, 4:19:10 PM)
[2020.08.16-14.19.10:839][ 91]LogPlayLevel: Creating play world package: /Game/MenuSystem/UEDPIE_0_MainMenu
[2020.08.16-14.19.10:887][ 91]LogPlayLevel: PIE: StaticDuplicateObject took: (0.046031s)
[2020.08.16-14.19.10:962][ 91]LogAIModule: Creating AISystem for world MainMenu
[2020.08.16-14.19.10:981][ 91]LogPlayLevel: PIE: World Init took: (0.093089s)
[2020.08.16-14.19.10:983][ 91]LogPlayLevel: PIE: Created PIE world by copying editor world from /Game/MenuSystem/MainMenu.MainMenu to /Game/MenuSystem/UEDPIE_0_MainMenu.MainMenu (0.145007s)
[2020.08.16-14.19.11:013][ 91]LogUObjectHash: Compacting FUObjectHashTables data took   1.88ms
[2020.08.16-14.19.11:013][ 91]LogTemp: Warning: Found class WBP_MainMenu_C
[2020.08.16-14.19.11:022][ 91]LogAudioMixer: Display: Audio Mixer Platform Settings:
[2020.08.16-14.19.11:022][ 91]LogAudioMixer: Display: 	Sample Rate:						  48000
[2020.08.16-14.19.11:022][ 91]LogAudioMixer: Display: 	Callback Buffer Frame Size Requested: 1024
[2020.08.16-14.19.11:022][ 91]LogAudioMixer: Display: 	Callback Buffer Frame Size To Use:	  1024
[2020.08.16-14.19.11:022][ 91]LogAudioMixer: Display: 	Number of buffers to queue:			  2
[2020.08.16-14.19.11:022][ 91]LogAudioMixer: Display: 	Max Channels (voices):				  32
[2020.08.16-14.19.11:022][ 91]LogAudioMixer: Display: 	Number of Async Source Workers:		  0
[2020.08.16-14.19.11:023][ 91]LogAudio: Display: AudioDevice MaxSources: 32
[2020.08.16-14.19.11:026][ 91]LogAudio: Display: Using built-in audio occlusion.
[2020.08.16-14.19.11:026][ 91]LogAudioMixer: Display: Initializing audio mixer.
[2020.08.16-14.19.11:048][ 91]LogAudioMixer: Display: Audio Device Output Speaker Info:
[2020.08.16-14.19.11:048][ 91]LogAudioMixer: Display: Name: Speakers / Headphones (Realtek Audio)
[2020.08.16-14.19.11:048][ 91]LogAudioMixer: Display: Is Default: Yes
[2020.08.16-14.19.11:048][ 91]LogAudioMixer: Display: Sample Rate: 48000
[2020.08.16-14.19.11:048][ 91]LogAudioMixer: Display: Channel Count Used: 2
[2020.08.16-14.19.11:048][ 91]LogAudioMixer: Display: Device Channel Count: 2
[2020.08.16-14.19.11:048][ 91]LogAudioMixer: Display: Channel Order:
[2020.08.16-14.19.11:048][ 91]LogAudioMixer: Display: 0: FrontLeft
[2020.08.16-14.19.11:048][ 91]LogAudioMixer: Display: 1: FrontRight
[2020.08.16-14.19.11:154][ 91]LogAudioMixer: Display: Using Audio Device Speakers / Headphones (Realtek Audio)
[2020.08.16-14.19.11:175][ 91]LogInit: FAudioDevice initialized.
[2020.08.16-14.19.11:250][ 91]LogSlate: Updating window title bar state: overlay mode, drag disabled, window buttons hidden, title bar hidden
[2020.08.16-14.19.11:266][ 91]LogLoad: Game class is 'PuzzlePlatformsGameMode'
[2020.08.16-14.19.11:277][ 91]LogWorld: Bringing World /Game/MenuSystem/UEDPIE_0_MainMenu.MainMenu up for play (max tick rate 60) at 2020.08.16-15.19.11
[2020.08.16-14.19.11:282][ 91]LogWorld: Bringing up level for play took: 0.008683
[2020.08.16-14.19.11:292][ 91]LogOnline: OSS: Creating online subsystem instance for: :Context_3
[2020.08.16-14.19.11:410][ 91]LogPlayerController: Error: InputMode:UIOnly - Attempting to focus Non-Focusable widget SObjectWidget [Widget.cpp(776)]!
[2020.08.16-14.19.11:431][ 91]PIE: Play in editor start time for /Game/MenuSystem/UEDPIE_0_MainMenu 0.723
[2020.08.16-14.19.11:442][ 91]LogBlueprintUserMessages: Late PlayInEditor Detection: Level '/Game/MenuSystem/MainMenu.MainMenu:PersistentLevel' has LevelScriptBlueprint '/Game/MenuSystem/MainMenu.MainMenu:PersistentLevel.MainMenu' with GeneratedClass '/Game/MenuSystem/MainMenu.MainMenu_C' with ClassGeneratedBy '/Game/MenuSystem/MainMenu.MainMenu:PersistentLevel.MainMenu'
[2020.08.16-14.19.12:722][156]LogTemp: Warning: Host Server
[2020.08.16-14.19.12:724][156]LogGameMode: ProcessServerTravel: /Game/industrial_area/Maps/industrial_area_demo?listen
[2020.08.16-14.19.12:770][156]LogEngine: Server switch level: /Game/industrial_area/Maps/industrial_area_demo?listen
[2020.08.16-14.19.12:771][156]LogNet: Browse: /Game/industrial_area/Maps/industrial_area_demo?listen
[2020.08.16-14.19.12:771][156]LogLoad: LoadMap: /Game/industrial_area/Maps/industrial_area_demo?listen
[2020.08.16-14.19.12:771][156]LogWorld: BeginTearingDown for /Game/MenuSystem/UEDPIE_0_MainMenu
[2020.08.16-14.19.12:776][156]LogWorld: UWorld::CleanupWorld for MainMenu, bSessionEnded=true, bCleanupResources=true
[2020.08.16-14.19.12:776][156]LogSlate: InvalidateAllWidgets triggered.  All widgets were invalidated
[2020.08.16-14.19.12:777][156]LogAudioMixer: Display: No commands were queued while flushing the source manager.
[2020.08.16-14.19.12:823][156]LogUObjectHash: Compacting FUObjectHashTables data took   1.93ms
[2020.08.16-14.19.14:708][156]LogAIModule: Creating AISystem for world industrial_area_demo
[2020.08.16-14.19.14:727][156]LogLoad: Game class is 'PuzzlePlatformsGameMode'
[2020.08.16-14.19.14:736][156]LogNet: ReplicationDriverClass is null! Not using ReplicationDriver.
[2020.08.16-14.19.14:736][156]LogNetCore: DDoS detection status: detection enabled: 0 analytics enabled: 0
[2020.08.16-14.19.14:738][156]LogInit: WinSock: Socket queue. Rx: 131072 (config 131072) Tx: 131072 (config 131072)
[2020.08.16-14.19.14:739][156]PacketHandlerLog: Loaded PacketHandler component: Engine.EngineHandlerComponentFactory (StatelessConnectHandlerComponent)
[2020.08.16-14.19.14:741][156]LogNet: GameNetDriver IpNetDriver_1 IpNetDriver listening on port 7777
[2020.08.16-14.19.15:319][156]LogWorld: Bringing World /Game/industrial_area/maps/UEDPIE_0_industrial_area_demo.industrial_area_demo up for play (max tick rate 60) at 2020.08.16-15.19.15
[2020.08.16-14.19.15:331][156]LogWorld: Bringing up level for play took: 0.588935
[2020.08.16-14.19.15:332][156]LogOnlineSession: Warning: OSS: No game present to join for session (GameSession)
[2020.08.16-14.19.15:342][156]LogLoad: Took 2.571276 seconds to LoadMap(/Game/industrial_area/Maps/industrial_area_demo)
[2020.08.16-14.20.29:613][267]LogAudioMixer: Display: No commands were queued while flushing the source manager.
[2020.08.16-14.20.29:622][267]LogAudioMixer: Display: Flush succeeded in the source manager command queue (1).
[2020.08.16-14.20.29:643][267]LogAudioMixer: Display: Flush succeeded the source manager command queue (2).
[2020.08.16-14.20.29:649][267]LogBlueprintUserMessages: Early EndPlayMap Detection: Level '/Game/MenuSystem/MainMenu.MainMenu:PersistentLevel' has LevelScriptBlueprint '/Game/MenuSystem/MainMenu.MainMenu:PersistentLevel.MainMenu' with GeneratedClass '/Game/MenuSystem/MainMenu.MainMenu_C' with ClassGeneratedBy '/Game/MenuSystem/MainMenu.MainMenu:PersistentLevel.MainMenu'
[2020.08.16-14.20.29:653][267]LogOnlineSession: Warning: OSS: No game present to leave for session (GameSession)
[2020.08.16-14.20.29:656][267]LogSlate: Updating window title bar state: overlay mode, drag disabled, window buttons hidden, title bar hidden
[2020.08.16-14.20.29:656][267]LogWorld: BeginTearingDown for /Game/industrial_area/maps/UEDPIE_0_industrial_area_demo
[2020.08.16-14.20.29:671][267]LogSlate: Window 'PuzzlePlatforms Game Preview Standalone (64-bit/PCD3D_SM5)' being destroyed
[2020.08.16-14.20.29:675][267]LogAudioMixer: Display: No commands were queued while flushing the source manager.
[2020.08.16-14.20.29:682][267]LogWorld: UWorld::CleanupWorld for industrial_area_demo, bSessionEnded=true, bCleanupResources=true
[2020.08.16-14.20.29:702][267]LogSlate: InvalidateAllWidgets triggered.  All widgets were invalidated
[2020.08.16-14.20.29:718][267]LogNet: World NetDriver shutdown IpNetDriver_1 [GameNetDriver]
[2020.08.16-14.20.29:718][267]LogNet: DestroyNamedNetDriver IpNetDriver_1 [GameNetDriver]
[2020.08.16-14.20.29:719][267]LogExit: GameNetDriver IpNetDriver_1 shut down
[2020.08.16-14.20.29:723][267]LogPlayLevel: Display: Shutting down PIE online subsystems
[2020.08.16-14.20.29:725][267]LogBlueprintUserMessages: Late EndPlayMap Detection: Level '/Game/MenuSystem/MainMenu.MainMenu:PersistentLevel' has LevelScriptBlueprint '/Game/MenuSystem/MainMenu.MainMenu:PersistentLevel.MainMenu' with GeneratedClass '/Game/MenuSystem/MainMenu.MainMenu_C' with ClassGeneratedBy '/Game/MenuSystem/MainMenu.MainMenu:PersistentLevel.MainMenu'
[2020.08.16-14.20.29:735][267]LogSlate: InvalidateAllWidgets triggered.  All widgets were invalidated
[2020.08.16-14.20.29:784][267]LogAudioMixer: Display: No commands were queued while flushing the source manager.
[2020.08.16-14.20.29:828][267]LogUObjectHash: Compacting FUObjectHashTables data took   3.75ms
[2020.08.16-14.20.29:848][268]LogPlayLevel: Display: Destroying online subsystem :Context_3
[2020.08.16-14.21.52:977][711]LogUObjectHash: Compacting FUObjectHashTables data took   2.04ms
[2020.08.16-14.21.54:696][803]LogTemp: Repeating last play command: New Editor Window (PIE)
[2020.08.16-14.21.54:708][803]LogBlueprintUserMessages: Early PlayInEditor Detection: Level '/Game/MenuSystem/MainMenu.MainMenu:PersistentLevel' has LevelScriptBlueprint '/Game/MenuSystem/MainMenu.MainMenu:PersistentLevel.MainMenu' with GeneratedClass '/Game/MenuSystem/MainMenu.MainMenu_C' with ClassGeneratedBy '/Game/MenuSystem/MainMenu.MainMenu:PersistentLevel.MainMenu'
[2020.08.16-14.21.54:708][803]LogPlayLevel: PlayLevel: No blueprints needed recompiling
[2020.08.16-14.21.54:708][803]PIE: New page: PIE session: MainMenu (Aug 16, 2020, 4:21:54 PM)
[2020.08.16-14.21.54:709][803]LogPlayLevel: Creating play world package: /Game/MenuSystem/UEDPIE_0_MainMenu
[2020.08.16-14.21.54:710][803]LogPlayLevel: PIE: StaticDuplicateObject took: (0.001337s)
[2020.08.16-14.21.54:713][803]LogAIModule: Creating AISystem for world MainMenu
[2020.08.16-14.21.54:713][803]LogPlayLevel: PIE: World Init took: (0.003324s)
[2020.08.16-14.21.54:713][803]LogPlayLevel: PIE: Created PIE world by copying editor world from /Game/MenuSystem/MainMenu.MainMenu to /Game/MenuSystem/UEDPIE_0_MainMenu.MainMenu (0.004811s)
[2020.08.16-14.21.54:739][803]LogUObjectHash: Compacting FUObjectHashTables data took   1.65ms
[2020.08.16-14.21.54:740][803]LogTemp: Warning: Found class WBP_MainMenu_C
[2020.08.16-14.21.54:740][803]LogAudioMixer: Display: Audio Mixer Platform Settings:
[2020.08.16-14.21.54:740][803]LogAudioMixer: Display: 	Sample Rate:						  48000
[2020.08.16-14.21.54:740][803]LogAudioMixer: Display: 	Callback Buffer Frame Size Requested: 1024
[2020.08.16-14.21.54:740][803]LogAudioMixer: Display: 	Callback Buffer Frame Size To Use:	  1024
[2020.08.16-14.21.54:740][803]LogAudioMixer: Display: 	Number of buffers to queue:			  2
[2020.08.16-14.21.54:740][803]LogAudioMixer: Display: 	Max Channels (voices):				  32
[2020.08.16-14.21.54:740][803]LogAudioMixer: Display: 	Number of Async Source Workers:		  0
[2020.08.16-14.21.54:740][803]LogAudio: Display: AudioDevice MaxSources: 32
[2020.08.16-14.21.54:740][803]LogAudio: Display: Using built-in audio occlusion.
[2020.08.16-14.21.54:740][803]LogAudioMixer: Display: Initializing audio mixer.
[2020.08.16-14.21.54:759][803]LogAudioMixer: Display: Audio Device Output Speaker Info:
[2020.08.16-14.21.54:759][803]LogAudioMixer: Display: Name: Speakers / Headphones (Realtek Audio)
[2020.08.16-14.21.54:760][803]LogAudioMixer: Display: Is Default: Yes
[2020.08.16-14.21.54:760][803]LogAudioMixer: Display: Sample Rate: 48000
[2020.08.16-14.21.54:760][803]LogAudioMixer: Display: Channel Count Used: 2
[2020.08.16-14.21.54:760][803]LogAudioMixer: Display: Device Channel Count: 2
[2020.08.16-14.21.54:760][803]LogAudioMixer: Display: Channel Order:
[2020.08.16-14.21.54:760][803]LogAudioMixer: Display: 0: FrontLeft
[2020.08.16-14.21.54:760][803]LogAudioMixer: Display: 1: FrontRight
[2020.08.16-14.21.54:885][803]LogAudioMixer: Display: Using Audio Device Speakers / Headphones (Realtek Audio)
[2020.08.16-14.21.54:890][803]LogInit: FAudioDevice initialized.
[2020.08.16-14.21.54:936][803]LogSlate: Updating window title bar state: overlay mode, drag disabled, window buttons hidden, title bar hidden
[2020.08.16-14.21.54:936][803]LogLoad: Game class is 'PuzzlePlatformsGameMode'
[2020.08.16-14.21.54:937][803]LogWorld: Bringing World /Game/MenuSystem/UEDPIE_0_MainMenu.MainMenu up for play (max tick rate 60) at 2020.08.16-15.21.54
[2020.08.16-14.21.54:938][803]LogWorld: Bringing up level for play took: 0.000441
[2020.08.16-14.21.54:938][803]LogOnline: OSS: Creating online subsystem instance for: :Context_4
[2020.08.16-14.21.54:946][803]LogPlayerController: Error: InputMode:UIOnly - Attempting to focus Non-Focusable widget SObjectWidget [Widget.cpp(776)]!
[2020.08.16-14.21.54:948][803]PIE: Play in editor start time for /Game/MenuSystem/UEDPIE_0_MainMenu 0.239
[2020.08.16-14.21.54:948][803]LogBlueprintUserMessages: Late PlayInEditor Detection: Level '/Game/MenuSystem/MainMenu.MainMenu:PersistentLevel' has LevelScriptBlueprint '/Game/MenuSystem/MainMenu.MainMenu:PersistentLevel.MainMenu' with GeneratedClass '/Game/MenuSystem/MainMenu.MainMenu_C' with ClassGeneratedBy '/Game/MenuSystem/MainMenu.MainMenu:PersistentLevel.MainMenu'
[2020.08.16-14.21.56:618][877]LogTemp: Warning: Host Server
[2020.08.16-14.21.56:618][877]LogGameMode: ProcessServerTravel: /Game/industrial_area/Maps/industrial_area_demo?listen
[2020.08.16-14.21.56:647][877]LogEngine: Server switch level: /Game/industrial_area/Maps/industrial_area_demo?listen
[2020.08.16-14.21.56:647][877]LogNet: Browse: /Game/industrial_area/Maps/industrial_area_demo?listen
[2020.08.16-14.21.56:648][877]LogLoad: LoadMap: /Game/industrial_area/Maps/industrial_area_demo?listen
[2020.08.16-14.21.56:648][877]LogWorld: BeginTearingDown for /Game/MenuSystem/UEDPIE_0_MainMenu
[2020.08.16-14.21.56:648][877]LogWorld: UWorld::CleanupWorld for MainMenu, bSessionEnded=true, bCleanupResources=true
[2020.08.16-14.21.56:648][877]LogSlate: InvalidateAllWidgets triggered.  All widgets were invalidated
[2020.08.16-14.21.56:648][877]LogAudioMixer: Display: No commands were queued while flushing the source manager.
[2020.08.16-14.21.56:677][877]LogUObjectHash: Compacting FUObjectHashTables data took   2.32ms
[2020.08.16-14.21.57:489][877]LogAIModule: Creating AISystem for world industrial_area_demo
[2020.08.16-14.21.57:489][877]LogLoad: Game class is 'PuzzlePlatformsGameMode'
[2020.08.16-14.21.57:490][877]LogNet: ReplicationDriverClass is null! Not using ReplicationDriver.
[2020.08.16-14.21.57:490][877]LogNetCore: DDoS detection status: detection enabled: 0 analytics enabled: 0
[2020.08.16-14.21.57:491][877]LogInit: WinSock: Socket queue. Rx: 131072 (config 131072) Tx: 131072 (config 131072)
[2020.08.16-14.21.57:492][877]PacketHandlerLog: Loaded PacketHandler component: Engine.EngineHandlerComponentFactory (StatelessConnectHandlerComponent)
[2020.08.16-14.21.57:492][877]LogNet: GameNetDriver IpNetDriver_2 IpNetDriver listening on port 7777
[2020.08.16-14.21.58:031][877]LogWorld: Bringing World /Game/industrial_area/maps/UEDPIE_0_industrial_area_demo.industrial_area_demo up for play (max tick rate 60) at 2020.08.16-15.21.58
[2020.08.16-14.21.58:036][877]LogWorld: Bringing up level for play took: 0.542190
[2020.08.16-14.21.58:036][877]LogOnlineSession: Warning: OSS: No game present to join for session (GameSession)
[2020.08.16-14.21.58:043][877]LogLoad: Took 1.395194 seconds to LoadMap(/Game/industrial_area/Maps/industrial_area_demo)
[2020.08.16-14.23.58:996][530]LogAudioMixer: Display: No commands were queued while flushing the source manager.
[2020.08.16-14.23.58:997][530]LogAudioMixer: Display: No commands were queued while flushing the source manager.
[2020.08.16-14.23.58:997][530]LogBlueprintUserMessages: Early EndPlayMap Detection: Level '/Game/MenuSystem/MainMenu.MainMenu:PersistentLevel' has LevelScriptBlueprint '/Game/MenuSystem/MainMenu.MainMenu:PersistentLevel.MainMenu' with GeneratedClass '/Game/MenuSystem/MainMenu.MainMenu_C' with ClassGeneratedBy '/Game/MenuSystem/MainMenu.MainMenu:PersistentLevel.MainMenu'
[2020.08.16-14.23.58:997][530]LogOnlineSession: Warning: OSS: No game present to leave for session (GameSession)
[2020.08.16-14.23.58:997][530]LogSlate: Updating window title bar state: overlay mode, drag disabled, window buttons hidden, title bar hidden
[2020.08.16-14.23.58:997][530]LogWorld: BeginTearingDown for /Game/industrial_area/maps/UEDPIE_0_industrial_area_demo
[2020.08.16-14.23.59:013][530]LogSlate: Window 'PuzzlePlatforms Game Preview Standalone (64-bit/PCD3D_SM5)' being destroyed
[2020.08.16-14.23.59:019][530]LogAudioMixer: Display: No commands were queued while flushing the source manager.
[2020.08.16-14.23.59:021][530]LogWorld: UWorld::CleanupWorld for industrial_area_demo, bSessionEnded=true, bCleanupResources=true
[2020.08.16-14.23.59:045][530]LogSlate: InvalidateAllWidgets triggered.  All widgets were invalidated
[2020.08.16-14.23.59:052][530]LogNet: World NetDriver shutdown IpNetDriver_2 [GameNetDriver]
[2020.08.16-14.23.59:052][530]LogNet: DestroyNamedNetDriver IpNetDriver_2 [GameNetDriver]
[2020.08.16-14.23.59:052][530]LogExit: GameNetDriver IpNetDriver_2 shut down
[2020.08.16-14.23.59:053][530]LogPlayLevel: Display: Shutting down PIE online subsystems
[2020.08.16-14.23.59:053][530]LogBlueprintUserMessages: Late EndPlayMap Detection: Level '/Game/MenuSystem/MainMenu.MainMenu:PersistentLevel' has LevelScriptBlueprint '/Game/MenuSystem/MainMenu.MainMenu:PersistentLevel.MainMenu' with GeneratedClass '/Game/MenuSystem/MainMenu.MainMenu_C' with ClassGeneratedBy '/Game/MenuSystem/MainMenu.MainMenu:PersistentLevel.MainMenu'
[2020.08.16-14.23.59:062][530]LogSlate: InvalidateAllWidgets triggered.  All widgets were invalidated
[2020.08.16-14.23.59:114][530]LogAudioMixer: Display: No commands were queued while flushing the source manager.
[2020.08.16-14.23.59:150][530]LogUObjectHash: Compacting FUObjectHashTables data took   0.97ms
[2020.08.16-14.23.59:170][531]LogPlayLevel: Display: Destroying online subsystem :Context_4
[2020.08.16-14.24.11:485][242]LogDirectoryWatcher: A directory notification for '../../../Engine/Plugins/' was aborted.
[2020.08.16-14.26.50:966][657]Candidate modules for hot reload:
[2020.08.16-14.26.50:967][657]  PuzzlePlatforms
[2020.08.16-14.26.50:967][657]Launching UnrealBuildTool... [C:/Program Files/Epic Games/UE_4.24/Engine/Binaries/DotNET/UnrealBuildTool.exe  -ModuleWithSuffix=PuzzlePlatforms,6729 Win64 Development -TargetType=Editor -Project="C:/Users/harsh.DESKTOP-UNEK68K/Desktop/Multiplayer/PuzzlePlatforms/PuzzlePlatforms.uproject" "C:/Users/harsh.DESKTOP-UNEK68K/Desktop/Multiplayer/PuzzlePlatforms/PuzzlePlatforms.uproject"  -IgnoreJunk]
[2020.08.16-14.26.50:978][657]Warning: Starting HotReload took  0.1s.
