Log file open, 08/08/20 02:16:07
LogWindows: Failed to load 'aqProf.dll' (GetLastError=126)
LogWindows: File 'aqProf.dll' does not exist
LogWindows: Failed to load 'VtuneApi.dll' (GetLastError=126)
LogWindows: File 'VtuneApi.dll' does not exist
LogWindows: Failed to load 'VtuneApi32e.dll' (GetLastError=126)
LogWindows: File 'VtuneApi32e.dll' does not exist
LogConsoleResponse: Display: Failed to find resolution value strings in scalability ini. Falling back to default.
LogInit: Display: Running engine for game: PuzzlePlatforms
LogPlatformFile: Not using cached read wrapper
LogTaskGraph: Started task graph with 5 named threads and 14 total threads with 3 sets of task threads.
LogStats: Stats thread started at 0.133310
LogD3D11RHI: Loaded GFSDK_Aftermath_Lib.x64.dll
LogICUInternationalization: ICU TimeZone Detection - Raw Offset: +0:00, Platform Override: ''
LogPluginManager: Mounting plugin Paper2D
LogPluginManager: Mounting plugin AISupport
LogPluginManager: Mounting plugin LightPropagationVolume
LogPluginManager: Mounting plugin ActorLayerUtilities
LogPluginManager: Mounting plugin AnimationSharing
LogPluginManager: Mounting plugin CLionSourceCodeAccess
LogPluginManager: Mounting plugin CodeLiteSourceCodeAccess
LogPluginManager: Mounting plugin GitSourceControl
LogPluginManager: Mounting plugin KDevelopSourceCodeAccess
LogPluginManager: Mounting plugin NullSourceCodeAccess
LogPluginManager: Mounting plugin PerforceSourceControl
LogPluginManager: Mounting plugin PlasticSourceControl
LogPluginManager: Mounting plugin SubversionSourceControl
LogPluginManager: Mounting plugin UObjectPlugin
LogPluginManager: Mounting plugin VisualStudioCodeSourceCodeAccess
LogPluginManager: Mounting plugin VisualStudioSourceCodeAccess
LogPluginManager: Mounting plugin XCodeSourceCodeAccess
LogPluginManager: Mounting plugin AssetManagerEditor
LogPluginManager: Mounting plugin CryptoKeys
LogPluginManager: Mounting plugin CurveEditorTools
LogPluginManager: Mounting plugin DataValidation
LogPluginManager: Mounting plugin FacialAnimation
LogPluginManager: Mounting plugin GameplayTagsEditor
LogPluginManager: Mounting plugin MacGraphicsSwitching
LogPluginManager: Mounting plugin MaterialAnalyzer
LogPluginManager: Mounting plugin MobileLauncherProfileWizard
LogPluginManager: Mounting plugin PluginBrowser
LogPluginManager: Mounting plugin SpeedTreeImporter
LogPluginManager: Mounting plugin DatasmithContent
LogPluginManager: Mounting plugin VariantManagerContent
LogPluginManager: Mounting plugin AlembicImporter
LogPluginManager: Mounting plugin AutomationUtils
LogPluginManager: Mounting plugin BackChannel
LogPluginManager: Mounting plugin CharacterAI
LogPluginManager: Mounting plugin GeometryCache
LogPluginManager: Mounting plugin PlatformCrypto
LogPluginManager: Mounting plugin ProxyLODPlugin
LogPluginManager: Mounting plugin SkeletalReduction
LogPluginManager: Mounting plugin MagicLeap
LogPluginManager: Mounting plugin MagicLeapMedia
LogPluginManager: Mounting plugin MLSDK
LogPluginManager: Mounting plugin AndroidMedia
LogPluginManager: Mounting plugin AvfMedia
LogPluginManager: Mounting plugin ImgMedia
LogPluginManager: Mounting plugin MediaCompositing
LogPluginManager: Mounting plugin MediaPlayerEditor
LogPluginManager: Mounting plugin WebMMedia
LogPluginManager: Mounting plugin WmfMedia
LogPluginManager: Mounting plugin TcpMessaging
LogPluginManager: Mounting plugin UdpMessaging
LogPluginManager: Mounting plugin ActorSequence
LogPluginManager: Mounting plugin LevelSequenceEditor
LogPluginManager: Mounting plugin MatineeToLevelSequence
LogPluginManager: Mounting plugin NetcodeUnitTest
LogPluginManager: Mounting plugin NUTUnrealEngine4
LogPluginManager: Mounting plugin OnlineSubsystemGooglePlay
LogPluginManager: Mounting plugin OnlineSubsystemIOS
LogPluginManager: Mounting plugin OnlineSubsystem
LogPluginManager: Mounting plugin OnlineSubsystemNull
LogPluginManager: Mounting plugin OnlineSubsystemUtils
LogPluginManager: Mounting plugin LauncherChunkInstaller
LogPluginManager: Mounting plugin AndroidDeviceProfileSelector
LogPluginManager: Mounting plugin AndroidMoviePlayer
LogPluginManager: Mounting plugin AndroidPermission
LogPluginManager: Mounting plugin AppleImageUtils
LogPluginManager: Mounting plugin AppleMoviePlayer
LogPluginManager: Mounting plugin ArchVisCharacter
LogPluginManager: Mounting plugin AssetTags
LogPluginManager: Mounting plugin AudioCapture
LogPluginManager: Mounting plugin CableComponent
LogPluginManager: Mounting plugin CustomMeshComponent
LogPluginManager: Mounting plugin EditableMesh
LogPluginManager: Mounting plugin ExampleDeviceProfileSelector
LogPluginManager: Mounting plugin GoogleCloudMessaging
LogPluginManager: Mounting plugin IOSDeviceProfileSelector
LogPluginManager: Mounting plugin LinuxDeviceProfileSelector
LogPluginManager: Mounting plugin LocationServicesBPLibrary
LogPluginManager: Mounting plugin MobilePatchingUtils
LogPluginManager: Mounting plugin OculusVR
LogPluginManager: Mounting plugin PhysXVehicles
LogPluginManager: Mounting plugin PostSplashScreen
LogPluginManager: Mounting plugin ProceduralMeshComponent
LogPluginManager: Mounting plugin RuntimePhysXCooking
LogPluginManager: Mounting plugin SignificanceManager
LogPluginManager: Mounting plugin SteamVR
LogPluginManager: Mounting plugin WebMMoviePlayer
LogPluginManager: Mounting plugin WindowsMoviePlayer
LogPluginManager: Mounting plugin ScreenshotTools
LogInit: Using libcurl 7.55.1-DEV
LogInit:  - built for x86_64-pc-win32
LogInit:  - supports SSL with OpenSSL/1.1.1
LogInit:  - supports HTTP deflate (compression) using libz 1.2.8
LogInit:  - other features:
LogInit:      CURL_VERSION_SSL
LogInit:      CURL_VERSION_LIBZ
LogInit:      CURL_VERSION_IPV6
LogInit:      CURL_VERSION_ASYNCHDNS
LogInit:      CURL_VERSION_LARGEFILE
LogInit:      CURL_VERSION_IDN
LogInit:  CurlRequestOptions (configurable via config and command line):
LogInit:  - bVerifyPeer = true  - Libcurl will verify peer certificate
LogInit:  - bUseHttpProxy = false  - Libcurl will NOT use HTTP proxy
LogInit:  - bDontReuseConnections = false  - Libcurl will reuse connections
LogInit:  - MaxHostConnections = 16  - Libcurl will limit the number of connections to a host
LogInit:  - LocalHostAddr = Default
LogInit:  - BufferSize = 65536
LogOnline: OSS: Creating online subsystem instance for: NULL
LogInit: WinSock: version 1.1 (2.2), MaxSocks=32767, MaxUdp=65467
LogOnline: OSS: TryLoadSubsystemAndSetDefault: Loaded subsystem for module [NULL]
LogInit: Build: ++UE4+Release-4.24-CL-11100242
LogInit: Engine Version: 4.24.2-11100242+++UE4+Release-4.24
LogInit: Compatible Engine Version: 4.24.0-10570792+++UE4+Release-4.24
LogInit: Net CL: 10570792
LogInit: OS: Windows 10 (Release 1909) (), CPU: Intel(R) Core(TM) i5-7300HQ CPU @ 2.50GHz, GPU: Intel(R) HD Graphics 630
LogInit: Compiled (64-bit): Jan 24 2020 02:05:53
LogInit: Compiled with Visual C++: 19.16.27032.01
LogInit: Build Configuration: Development
LogInit: Branch Name: ++UE4+Release-4.24
LogInit: Command Line:  -game
LogInit: Base Directory: C:/Program Files/Epic Games/UE_4.24/Engine/Binaries/Win64/
LogInit: Installed Engine Build: 1
LogDevObjectVersion: Number of dev versions registered: 25
LogDevObjectVersion:   Dev-Blueprints (B0D832E4-1F89-4F0D-ACCF-7EB736FD4AA2): 10
LogDevObjectVersion:   Dev-Build (E1C64328-A22C-4D53-A36C-8E866417BD8C): 0
LogDevObjectVersion:   Dev-Core (375EC13C-06E4-48FB-B500-84F0262A717E): 3
LogDevObjectVersion:   Dev-Editor (E4B068ED-F494-42E9-A231-DA0B2E46BB41): 37
LogDevObjectVersion:   Dev-Framework (CFFC743F-43B0-4480-9391-14DF171D2073): 36
LogDevObjectVersion:   Dev-Mobile (B02B49B5-BB20-44E9-A304-32B752E40360): 2
LogDevObjectVersion:   Dev-Networking (A4E4105C-59A1-49B5-A7C5-40C4547EDFEE): 0
LogDevObjectVersion:   Dev-Online (39C831C9-5AE6-47DC-9A44-9C173E1C8E7C): 0
LogDevObjectVersion:   Dev-Physics (78F01B33-EBEA-4F98-B9B4-84EACCB95AA2): 2
LogDevObjectVersion:   Dev-Platform (6631380F-2D4D-43E0-8009-CF276956A95A): 0
LogDevObjectVersion:   Dev-Rendering (12F88B9F-8875-4AFC-A67C-D90C383ABD29): 36
LogDevObjectVersion:   Dev-Sequencer (7B5AE74C-D270-4C10-A958-57980B212A5A): 11
LogDevObjectVersion:   Dev-VR (D7296918-1DD6-4BDD-9DE2-64A83CC13884): 2
LogDevObjectVersion:   Dev-LoadTimes (C2A15278-BFE7-4AFE-6C17-90FF531DF755): 1
LogDevObjectVersion:   Private-Geometry (6EACA3D4-40EC-4CC1-B786-8BED09428FC5): 3
LogDevObjectVersion:   Dev-AnimPhys (29E575DD-E0A3-4627-9D10-D276232CDCEA): 17
LogDevObjectVersion:   Dev-Anim (AF43A65D-7FD3-4947-9873-3E8ED9C1BB05): 2
LogDevObjectVersion:   Dev-ReflectionCapture (6B266CEC-1EC7-4B8F-A30B-E4D90942FC07): 1
LogDevObjectVersion:   Dev-Automation (0DF73D61-A23F-47EA-B727-89E90C41499A): 1
LogDevObjectVersion:   FortniteMain (601D1886-AC64-4F84-AA16-D3DE0DEAC7D6): 31
LogDevObjectVersion:   Dev-Enterprise (9DFFBCD6-494F-0158-E221-12823C92A888): 8
LogDevObjectVersion:   Dev-Niagara (F2AED0AC-9AFE-416F-8664-AA7FFA26D6FC): 1
LogDevObjectVersion:   Dev-Destruction (174F1F0B-B4C6-45A5-B13F-2EE8D0FB917D): 9
LogDevObjectVersion:   Dev-Physics-Ext (35F94A83-E258-406C-A318-09F59610247C): 8
LogDevObjectVersion:   Dev-CineCamera (B2E18506-4273-CFC2-A54E-F4BB758BBA07): 1
LogInit: Presizing for max 25165824 objects, including 0 objects not considered by GC, pre-allocating 0 bytes for permanent pool.
LogInit: Object subsystem initialized
LogConfig: Setting CVar [[con.DebugEarlyDefault:1]]
LogConfig: Setting CVar [[r.setres:1280x720]]
[2020.08.08-01.16.07:960][  0]LogConfig: Setting CVar [[con.DebugEarlyDefault:1]]
[2020.08.08-01.16.07:960][  0]LogConfig: Setting CVar [[r.setres:1280x720]]
[2020.08.08-01.16.07:960][  0]LogConfig: Applying CVar settings from Section [/Script/Engine.RendererSettings] File [C:/Users/harsh.DESKTOP-UNEK68K/Desktop/Multiplayer/PuzzlePlatforms/Saved/Config/Windows/Engine.ini]
[2020.08.08-01.16.07:960][  0]LogConfig: Setting CVar [[r.GPUCrashDebugging:0]]
[2020.08.08-01.16.07:960][  0]LogConfig: Applying CVar settings from Section [/Script/Engine.RendererOverrideSettings] File [C:/Users/harsh.DESKTOP-UNEK68K/Desktop/Multiplayer/PuzzlePlatforms/Saved/Config/Windows/Engine.ini]
[2020.08.08-01.16.07:960][  0]LogConfig: Applying CVar settings from Section [/Script/Engine.StreamingSettings] File [C:/Users/harsh.DESKTOP-UNEK68K/Desktop/Multiplayer/PuzzlePlatforms/Saved/Config/Windows/Engine.ini]
[2020.08.08-01.16.07:960][  0]LogConfig: Setting CVar [[s.MinBulkDataSizeForAsyncLoading:131072]]
[2020.08.08-01.16.07:960][  0]LogConfig: Setting CVar [[s.AsyncLoadingThreadEnabled:0]]
[2020.08.08-01.16.07:960][  0]LogConfig: Setting CVar [[s.EventDrivenLoaderEnabled:1]]
[2020.08.08-01.16.07:960][  0]LogConfig: Setting CVar [[s.WarnIfTimeLimitExceeded:0]]
[2020.08.08-01.16.07:960][  0]LogConfig: Setting CVar [[s.TimeLimitExceededMultiplier:1.5]]
[2020.08.08-01.16.07:960][  0]LogConfig: Setting CVar [[s.TimeLimitExceededMinTime:0.005]]
[2020.08.08-01.16.07:960][  0]LogConfig: Setting CVar [[s.UseBackgroundLevelStreaming:1]]
[2020.08.08-01.16.07:960][  0]LogConfig: Setting CVar [[s.PriorityAsyncLoadingExtraTime:15.0]]
[2020.08.08-01.16.07:960][  0]LogConfig: Setting CVar [[s.LevelStreamingActorsUpdateTimeLimit:5.0]]
[2020.08.08-01.16.07:960][  0]LogConfig: Setting CVar [[s.PriorityLevelStreamingActorsUpdateExtraTime:5.0]]
[2020.08.08-01.16.07:960][  0]LogConfig: Setting CVar [[s.LevelStreamingComponentsRegistrationGranularity:10]]
[2020.08.08-01.16.07:960][  0]LogConfig: Setting CVar [[s.UnregisterComponentsTimeLimit:1.0]]
[2020.08.08-01.16.07:960][  0]LogConfig: Setting CVar [[s.LevelStreamingComponentsUnregistrationGranularity:5]]
[2020.08.08-01.16.07:960][  0]LogConfig: Setting CVar [[s.FlushStreamingOnExit:1]]
[2020.08.08-01.16.07:961][  0]LogConfig: Applying CVar settings from Section [/Script/Engine.GarbageCollectionSettings] File [C:/Users/harsh.DESKTOP-UNEK68K/Desktop/Multiplayer/PuzzlePlatforms/Saved/Config/Windows/Engine.ini]
[2020.08.08-01.16.07:961][  0]LogConfig: Setting CVar [[gc.MaxObjectsNotConsideredByGC:1]]
[2020.08.08-01.16.07:961][  0]LogConfig: Setting CVar [[gc.SizeOfPermanentObjectPool:0]]
[2020.08.08-01.16.07:961][  0]LogConfig: Setting CVar [[gc.FlushStreamingOnGC:0]]
[2020.08.08-01.16.07:961][  0]LogConfig: Setting CVar [[gc.NumRetriesBeforeForcingGC:10]]
[2020.08.08-01.16.07:961][  0]LogConfig: Setting CVar [[gc.AllowParallelGC:1]]
[2020.08.08-01.16.07:961][  0]LogConfig: Setting CVar [[gc.TimeBetweenPurgingPendingKillObjects:61.1]]
[2020.08.08-01.16.07:961][  0]LogConfig: Setting CVar [[gc.MaxObjectsInEditor:25165824]]
[2020.08.08-01.16.07:961][  0]LogConfig: Setting CVar [[gc.IncrementalBeginDestroyEnabled:1]]
[2020.08.08-01.16.07:961][  0]LogConfig: Setting CVar [[gc.CreateGCClusters:1]]
[2020.08.08-01.16.07:961][  0]LogConfig: Setting CVar [[gc.MinGCClusterSize:5]]
[2020.08.08-01.16.07:961][  0]LogConfig: Setting CVar [[gc.ActorClusteringEnabled:0]]
[2020.08.08-01.16.07:961][  0]LogConfig: Setting CVar [[gc.BlueprintClusteringEnabled:0]]
[2020.08.08-01.16.07:961][  0]LogConfig: Setting CVar [[gc.UseDisregardForGCOnDedicatedServers:0]]
[2020.08.08-01.16.07:961][  0]LogConfig: Applying CVar settings from Section [/Script/Engine.NetworkSettings] File [C:/Users/harsh.DESKTOP-UNEK68K/Desktop/Multiplayer/PuzzlePlatforms/Saved/Config/Windows/Engine.ini]
[2020.08.08-01.16.07:961][  0]LogConfig: Applying CVar settings from Section [/Script/UnrealEd.CookerSettings] File [C:/Users/harsh.DESKTOP-UNEK68K/Desktop/Multiplayer/PuzzlePlatforms/Saved/Config/Windows/Engine.ini]
[2020.08.08-01.16.07:963][  0]LogConfig: Applying CVar settings from Section [ViewDistanceQuality@3] File [C:/Users/harsh.DESKTOP-UNEK68K/Desktop/Multiplayer/PuzzlePlatforms/Saved/Config/Windows/Scalability.ini]
[2020.08.08-01.16.07:963][  0]LogConfig: Setting CVar [[r.SkeletalMeshLODBias:0]]
[2020.08.08-01.16.07:963][  0]LogConfig: Setting CVar [[r.ViewDistanceScale:1.0]]
[2020.08.08-01.16.07:963][  0]LogConfig: Applying CVar settings from Section [AntiAliasingQuality@3] File [C:/Users/harsh.DESKTOP-UNEK68K/Desktop/Multiplayer/PuzzlePlatforms/Saved/Config/Windows/Scalability.ini]
[2020.08.08-01.16.07:963][  0]LogConfig: Setting CVar [[r.PostProcessAAQuality:4]]
[2020.08.08-01.16.07:964][  0]LogConfig: Applying CVar settings from Section [ShadowQuality@3] File [C:/Users/harsh.DESKTOP-UNEK68K/Desktop/Multiplayer/PuzzlePlatforms/Saved/Config/Windows/Scalability.ini]
[2020.08.08-01.16.07:964][  0]LogConfig: Setting CVar [[r.LightFunctionQuality:1]]
[2020.08.08-01.16.07:964][  0]LogConfig: Setting CVar [[r.ShadowQuality:5]]
[2020.08.08-01.16.07:964][  0]LogConfig: Setting CVar [[r.Shadow.CSM.MaxCascades:10]]
[2020.08.08-01.16.07:964][  0]LogConfig: Setting CVar [[r.Shadow.MaxResolution:2048]]
[2020.08.08-01.16.07:964][  0]LogConfig: Setting CVar [[r.Shadow.MaxCSMResolution:2048]]
[2020.08.08-01.16.07:964][  0]LogConfig: Setting CVar [[r.Shadow.RadiusThreshold:0.01]]
[2020.08.08-01.16.07:964][  0]LogConfig: Setting CVar [[r.Shadow.DistanceScale:1.0]]
[2020.08.08-01.16.07:964][  0]LogConfig: Setting CVar [[r.Shadow.CSM.TransitionScale:1.0]]
[2020.08.08-01.16.07:964][  0]LogConfig: Setting CVar [[r.Shadow.PreShadowResolutionFactor:1.0]]
[2020.08.08-01.16.07:964][  0]LogConfig: Setting CVar [[r.DistanceFieldShadowing:1]]
[2020.08.08-01.16.07:964][  0]LogConfig: Setting CVar [[r.DistanceFieldAO:1]]
[2020.08.08-01.16.07:964][  0]LogConfig: Setting CVar [[r.AOQuality:2]]
[2020.08.08-01.16.07:964][  0]LogConfig: Setting CVar [[r.VolumetricFog:1]]
[2020.08.08-01.16.07:964][  0]LogConfig: Setting CVar [[r.VolumetricFog.GridPixelSize:8]]
[2020.08.08-01.16.07:964][  0]LogConfig: Setting CVar [[r.VolumetricFog.GridSizeZ:128]]
[2020.08.08-01.16.07:964][  0]LogConfig: Setting CVar [[r.VolumetricFog.HistoryMissSupersampleCount:4]]
[2020.08.08-01.16.07:964][  0]LogConfig: Setting CVar [[r.LightMaxDrawDistanceScale:1]]
[2020.08.08-01.16.07:964][  0]LogConfig: Setting CVar [[r.CapsuleShadows:1]]
[2020.08.08-01.16.07:964][  0]LogConfig: Applying CVar settings from Section [PostProcessQuality@3] File [C:/Users/harsh.DESKTOP-UNEK68K/Desktop/Multiplayer/PuzzlePlatforms/Saved/Config/Windows/Scalability.ini]
[2020.08.08-01.16.07:964][  0]LogConfig: Setting CVar [[r.MotionBlurQuality:4]]
[2020.08.08-01.16.07:964][  0]LogConfig: Setting CVar [[r.AmbientOcclusionMipLevelFactor:0.4]]
[2020.08.08-01.16.07:964][  0]LogConfig: Setting CVar [[r.AmbientOcclusionMaxQuality:100]]
[2020.08.08-01.16.07:964][  0]LogConfig: Setting CVar [[r.AmbientOcclusionLevels:-1]]
[2020.08.08-01.16.07:964][  0]LogConfig: Setting CVar [[r.AmbientOcclusionRadiusScale:1.0]]
[2020.08.08-01.16.07:964][  0]LogConfig: Setting CVar [[r.DepthOfFieldQuality:2]]
[2020.08.08-01.16.07:964][  0]LogConfig: Setting CVar [[r.RenderTargetPoolMin:400]]
[2020.08.08-01.16.07:964][  0]LogConfig: Setting CVar [[r.LensFlareQuality:2]]
[2020.08.08-01.16.07:964][  0]LogConfig: Setting CVar [[r.SceneColorFringeQuality:1]]
[2020.08.08-01.16.07:964][  0]LogConfig: Setting CVar [[r.EyeAdaptationQuality:2]]
[2020.08.08-01.16.07:964][  0]LogConfig: Setting CVar [[r.BloomQuality:5]]
[2020.08.08-01.16.07:964][  0]LogConfig: Setting CVar [[r.FastBlurThreshold:100]]
[2020.08.08-01.16.07:964][  0]LogConfig: Setting CVar [[r.Upscale.Quality:3]]
[2020.08.08-01.16.07:964][  0]LogConfig: Setting CVar [[r.Tonemapper.GrainQuantization:1]]
[2020.08.08-01.16.07:964][  0]LogConfig: Setting CVar [[r.LightShaftQuality:1]]
[2020.08.08-01.16.07:964][  0]LogConfig: Setting CVar [[r.Filter.SizeScale:1]]
[2020.08.08-01.16.07:964][  0]LogConfig: Setting CVar [[r.Tonemapper.Quality:5]]
[2020.08.08-01.16.07:964][  0]LogConfig: Setting CVar [[r.DOF.Gather.AccumulatorQuality:1        ; higher gathering accumulator quality]]
[2020.08.08-01.16.07:964][  0]LogConfig: Setting CVar [[r.DOF.Gather.PostfilterMethod:1          ; Median3x3 postfilering method]]
[2020.08.08-01.16.07:964][  0]LogConfig: Setting CVar [[r.DOF.Gather.EnableBokehSettings:0       ; no bokeh simulation when gathering]]
[2020.08.08-01.16.07:964][  0]LogConfig: Setting CVar [[r.DOF.Gather.RingCount:4                 ; medium number of samples when gathering]]
[2020.08.08-01.16.07:964][  0]LogConfig: Setting CVar [[r.DOF.Scatter.ForegroundCompositing:1    ; additive foreground scattering]]
[2020.08.08-01.16.07:964][  0]LogConfig: Setting CVar [[r.DOF.Scatter.BackgroundCompositing:2    ; additive background scattering]]
[2020.08.08-01.16.07:964][  0]LogConfig: Setting CVar [[r.DOF.Scatter.EnableBokehSettings:1      ; bokeh simulation when scattering]]
[2020.08.08-01.16.07:964][  0]LogConfig: Setting CVar [[r.DOF.Scatter.MaxSpriteRatio:0.1         ; only a maximum of 10% of scattered bokeh]]
[2020.08.08-01.16.07:964][  0]LogConfig: Setting CVar [[r.DOF.Recombine.Quality:1                ; cheap slight out of focus]]
[2020.08.08-01.16.07:964][  0]LogConfig: Setting CVar [[r.DOF.Recombine.EnableBokehSettings:0    ; no bokeh simulation on slight out of focus]]
[2020.08.08-01.16.07:964][  0]LogConfig: Setting CVar [[r.DOF.TemporalAAQuality:1                ; more stable temporal accumulation]]
[2020.08.08-01.16.07:964][  0]LogConfig: Setting CVar [[r.DOF.Kernel.MaxForegroundRadius:0.025]]
[2020.08.08-01.16.07:964][  0]LogConfig: Setting CVar [[r.DOF.Kernel.MaxBackgroundRadius:0.025]]
[2020.08.08-01.16.07:964][  0]LogConfig: Applying CVar settings from Section [TextureQuality@3] File [C:/Users/harsh.DESKTOP-UNEK68K/Desktop/Multiplayer/PuzzlePlatforms/Saved/Config/Windows/Scalability.ini]
[2020.08.08-01.16.07:964][  0]LogConfig: Setting CVar [[r.Streaming.MipBias:0]]
[2020.08.08-01.16.07:964][  0]LogConfig: Setting CVar [[r.Streaming.AmortizeCPUToGPUCopy:0]]
[2020.08.08-01.16.07:964][  0]LogConfig: Setting CVar [[r.Streaming.MaxNumTexturesToStreamPerFrame:0]]
[2020.08.08-01.16.07:964][  0]LogConfig: Setting CVar [[r.Streaming.Boost:1]]
[2020.08.08-01.16.07:964][  0]LogConfig: Setting CVar [[r.MaxAnisotropy:8]]
[2020.08.08-01.16.07:964][  0]LogConfig: Setting CVar [[r.VT.MaxAnisotropy:8]]
[2020.08.08-01.16.07:964][  0]LogConfig: Setting CVar [[r.Streaming.LimitPoolSizeToVRAM:0]]
[2020.08.08-01.16.07:964][  0]LogConfig: Setting CVar [[r.Streaming.PoolSize:1000]]
[2020.08.08-01.16.07:964][  0]LogConfig: Setting CVar [[r.Streaming.MaxEffectiveScreenSize:0]]
[2020.08.08-01.16.07:964][  0]LogConfig: Applying CVar settings from Section [EffectsQuality@3] File [C:/Users/harsh.DESKTOP-UNEK68K/Desktop/Multiplayer/PuzzlePlatforms/Saved/Config/Windows/Scalability.ini]
[2020.08.08-01.16.07:964][  0]LogConfig: Setting CVar [[r.TranslucencyLightingVolumeDim:64]]
[2020.08.08-01.16.07:965][  0]LogConfig: Setting CVar [[r.RefractionQuality:2]]
[2020.08.08-01.16.07:965][  0]LogConfig: Setting CVar [[r.SSR.Quality:3]]
[2020.08.08-01.16.07:965][  0]LogConfig: Setting CVar [[r.SSR.HalfResSceneColor:0]]
[2020.08.08-01.16.07:965][  0]LogConfig: Setting CVar [[r.SceneColorFormat:4]]
[2020.08.08-01.16.07:965][  0]LogConfig: Setting CVar [[r.DetailMode:2]]
[2020.08.08-01.16.07:965][  0]LogConfig: Setting CVar [[r.TranslucencyVolumeBlur:1]]
[2020.08.08-01.16.07:965][  0]LogConfig: Setting CVar [[r.MaterialQualityLevel:1 ; High quality]]
[2020.08.08-01.16.07:965][  0]LogConfig: Setting CVar [[r.SSS.Scale:1]]
[2020.08.08-01.16.07:965][  0]LogConfig: Setting CVar [[r.SSS.SampleSet:2]]
[2020.08.08-01.16.07:965][  0]LogConfig: Setting CVar [[r.SSS.Quality:1]]
[2020.08.08-01.16.07:965][  0]LogConfig: Setting CVar [[r.SSS.HalfRes:1]]
[2020.08.08-01.16.07:965][  0]LogConfig: Setting CVar [[r.SSGI.Quality:3]]
[2020.08.08-01.16.07:965][  0]LogConfig: Setting CVar [[r.EmitterSpawnRateScale:1.0]]
[2020.08.08-01.16.07:965][  0]LogConfig: Setting CVar [[r.ParticleLightQuality:2]]
[2020.08.08-01.16.07:965][  0]LogConfig: Setting CVar [[r.SkyAtmosphere.AerialPerspectiveLUT.FastApplyOnOpaque:1 ; Always have FastSkyLUT 1 in this case to avoid wrong sky]]
[2020.08.08-01.16.07:965][  0]LogConfig: Setting CVar [[r.SkyAtmosphere.AerialPerspectiveLUT.SampleCountPerSlice:1]]
[2020.08.08-01.16.07:965][  0]LogConfig: Setting CVar [[r.SkyAtmosphere.AerialPerspectiveLUT.DepthResolution:16.0]]
[2020.08.08-01.16.07:965][  0]LogConfig: Setting CVar [[r.SkyAtmosphere.FastSkyLUT:1]]
[2020.08.08-01.16.07:965][  0]LogConfig: Setting CVar [[r.SkyAtmosphere.FastSkyLUT.SampleCountMin:4.0]]
[2020.08.08-01.16.07:965][  0]LogConfig: Setting CVar [[r.SkyAtmosphere.FastSkyLUT.SampleCountMax:32.0]]
[2020.08.08-01.16.07:965][  0]LogConfig: Setting CVar [[r.SkyAtmosphere.SampleCountMin:4.0]]
[2020.08.08-01.16.07:965][  0]LogConfig: Setting CVar [[r.SkyAtmosphere.SampleCountMax:32.0]]
[2020.08.08-01.16.07:965][  0]LogConfig: Setting CVar [[r.SkyAtmosphere.TransmittanceLUT.UseSmallFormat:0]]
[2020.08.08-01.16.07:965][  0]LogConfig: Setting CVar [[r.SkyAtmosphere.TransmittanceLUT.SampleCount:10.0]]
[2020.08.08-01.16.07:965][  0]LogConfig: Setting CVar [[r.SkyAtmosphere.MultiScatteringLUT.SampleCount:15.0]]
[2020.08.08-01.16.07:965][  0]LogConfig: Applying CVar settings from Section [FoliageQuality@3] File [C:/Users/harsh.DESKTOP-UNEK68K/Desktop/Multiplayer/PuzzlePlatforms/Saved/Config/Windows/Scalability.ini]
[2020.08.08-01.16.07:965][  0]LogConfig: Setting CVar [[foliage.DensityScale:1.0]]
[2020.08.08-01.16.07:965][  0]LogConfig: Setting CVar [[grass.DensityScale:1.0]]
[2020.08.08-01.16.07:965][  0]LogConfig: Applying CVar settings from Section [ShadingQuality@3] File [C:/Users/harsh.DESKTOP-UNEK68K/Desktop/Multiplayer/PuzzlePlatforms/Saved/Config/Windows/Scalability.ini]
[2020.08.08-01.16.07:965][  0]LogConfig: Setting CVar [[r.HairStrands.SkyLighting.SampleCount:16]]
[2020.08.08-01.16.07:965][  0]LogConfig: Setting CVar [[r.HairStrands.SkyLighting.JitterIntegration:0]]
[2020.08.08-01.16.07:965][  0]LogConfig: Setting CVar [[r.HairStrands.SkyAO.SampleCount:16]]
[2020.08.08-01.16.07:965][  0]LogInit: Selected Device Profile: [Windows]
[2020.08.08-01.16.07:965][  0]LogInit: Applying CVar settings loaded from the selected device profile: [Windows]
[2020.08.08-01.16.07:969][  0]LogHAL: Display: Platform has ~ 8 GB [8449904640 / 8589934592 / 8], which maps to Default [LargestMinGB=32, LargerMinGB=12, DefaultMinGB=8, SmallerMinGB=6, SmallestMinGB=0)
[2020.08.08-01.16.07:969][  0]LogInit: Going up to parent DeviceProfile []
[2020.08.08-01.16.07:969][  0]LogConfig: Applying CVar settings from Section [ViewDistanceQuality@3] File [C:/Users/harsh.DESKTOP-UNEK68K/Desktop/Multiplayer/PuzzlePlatforms/Saved/Config/Windows/Scalability.ini]
[2020.08.08-01.16.07:969][  0]LogConfig: Setting CVar [[r.SkeletalMeshLODBias:0]]
[2020.08.08-01.16.07:970][  0]LogConfig: Setting CVar [[r.ViewDistanceScale:1.0]]
[2020.08.08-01.16.07:970][  0]LogConfig: Applying CVar settings from Section [AntiAliasingQuality@3] File [C:/Users/harsh.DESKTOP-UNEK68K/Desktop/Multiplayer/PuzzlePlatforms/Saved/Config/Windows/Scalability.ini]
[2020.08.08-01.16.07:970][  0]LogConfig: Setting CVar [[r.PostProcessAAQuality:4]]
[2020.08.08-01.16.07:970][  0]LogConfig: Applying CVar settings from Section [ShadowQuality@3] File [C:/Users/harsh.DESKTOP-UNEK68K/Desktop/Multiplayer/PuzzlePlatforms/Saved/Config/Windows/Scalability.ini]
[2020.08.08-01.16.07:970][  0]LogConfig: Setting CVar [[r.LightFunctionQuality:1]]
[2020.08.08-01.16.07:970][  0]LogConfig: Setting CVar [[r.ShadowQuality:5]]
[2020.08.08-01.16.07:970][  0]LogConfig: Setting CVar [[r.Shadow.CSM.MaxCascades:10]]
[2020.08.08-01.16.07:970][  0]LogConfig: Setting CVar [[r.Shadow.MaxResolution:2048]]
[2020.08.08-01.16.07:970][  0]LogConfig: Setting CVar [[r.Shadow.MaxCSMResolution:2048]]
[2020.08.08-01.16.07:970][  0]LogConfig: Setting CVar [[r.Shadow.RadiusThreshold:0.01]]
[2020.08.08-01.16.07:970][  0]LogConfig: Setting CVar [[r.Shadow.DistanceScale:1.0]]
[2020.08.08-01.16.07:970][  0]LogConfig: Setting CVar [[r.Shadow.CSM.TransitionScale:1.0]]
[2020.08.08-01.16.07:970][  0]LogConfig: Setting CVar [[r.Shadow.PreShadowResolutionFactor:1.0]]
[2020.08.08-01.16.07:970][  0]LogConfig: Setting CVar [[r.DistanceFieldShadowing:1]]
[2020.08.08-01.16.07:970][  0]LogConfig: Setting CVar [[r.DistanceFieldAO:1]]
[2020.08.08-01.16.07:970][  0]LogConfig: Setting CVar [[r.AOQuality:2]]
[2020.08.08-01.16.07:971][  0]LogConfig: Setting CVar [[r.VolumetricFog:1]]
[2020.08.08-01.16.07:971][  0]LogConfig: Setting CVar [[r.VolumetricFog.GridPixelSize:8]]
[2020.08.08-01.16.07:971][  0]LogConfig: Setting CVar [[r.VolumetricFog.GridSizeZ:128]]
[2020.08.08-01.16.07:971][  0]LogConfig: Setting CVar [[r.VolumetricFog.HistoryMissSupersampleCount:4]]
[2020.08.08-01.16.07:971][  0]LogConfig: Setting CVar [[r.LightMaxDrawDistanceScale:1]]
[2020.08.08-01.16.07:971][  0]LogConfig: Setting CVar [[r.CapsuleShadows:1]]
[2020.08.08-01.16.07:971][  0]LogConfig: Applying CVar settings from Section [PostProcessQuality@3] File [C:/Users/harsh.DESKTOP-UNEK68K/Desktop/Multiplayer/PuzzlePlatforms/Saved/Config/Windows/Scalability.ini]
[2020.08.08-01.16.07:971][  0]LogConfig: Setting CVar [[r.MotionBlurQuality:4]]
[2020.08.08-01.16.07:971][  0]LogConfig: Setting CVar [[r.AmbientOcclusionMipLevelFactor:0.4]]
[2020.08.08-01.16.07:971][  0]LogConfig: Setting CVar [[r.AmbientOcclusionMaxQuality:100]]
[2020.08.08-01.16.07:971][  0]LogConfig: Setting CVar [[r.AmbientOcclusionLevels:-1]]
[2020.08.08-01.16.07:971][  0]LogConfig: Setting CVar [[r.AmbientOcclusionRadiusScale:1.0]]
[2020.08.08-01.16.07:971][  0]LogConfig: Setting CVar [[r.DepthOfFieldQuality:2]]
[2020.08.08-01.16.07:971][  0]LogConfig: Setting CVar [[r.RenderTargetPoolMin:400]]
[2020.08.08-01.16.07:971][  0]LogConfig: Setting CVar [[r.LensFlareQuality:2]]
[2020.08.08-01.16.07:971][  0]LogConfig: Setting CVar [[r.SceneColorFringeQuality:1]]
[2020.08.08-01.16.07:971][  0]LogConfig: Setting CVar [[r.EyeAdaptationQuality:2]]
[2020.08.08-01.16.07:971][  0]LogConfig: Setting CVar [[r.BloomQuality:5]]
[2020.08.08-01.16.07:971][  0]LogConfig: Setting CVar [[r.FastBlurThreshold:100]]
[2020.08.08-01.16.07:971][  0]LogConfig: Setting CVar [[r.Upscale.Quality:3]]
[2020.08.08-01.16.07:971][  0]LogConfig: Setting CVar [[r.Tonemapper.GrainQuantization:1]]
[2020.08.08-01.16.07:971][  0]LogConfig: Setting CVar [[r.LightShaftQuality:1]]
[2020.08.08-01.16.07:971][  0]LogConfig: Setting CVar [[r.Filter.SizeScale:1]]
[2020.08.08-01.16.07:971][  0]LogConfig: Setting CVar [[r.Tonemapper.Quality:5]]
[2020.08.08-01.16.07:971][  0]LogConfig: Setting CVar [[r.DOF.Gather.AccumulatorQuality:1        ; higher gathering accumulator quality]]
[2020.08.08-01.16.07:971][  0]LogConfig: Setting CVar [[r.DOF.Gather.PostfilterMethod:1          ; Median3x3 postfilering method]]
[2020.08.08-01.16.07:971][  0]LogConfig: Setting CVar [[r.DOF.Gather.EnableBokehSettings:0       ; no bokeh simulation when gathering]]
[2020.08.08-01.16.07:971][  0]LogConfig: Setting CVar [[r.DOF.Gather.RingCount:4                 ; medium number of samples when gathering]]
[2020.08.08-01.16.07:971][  0]LogConfig: Setting CVar [[r.DOF.Scatter.ForegroundCompositing:1    ; additive foreground scattering]]
[2020.08.08-01.16.07:971][  0]LogConfig: Setting CVar [[r.DOF.Scatter.BackgroundCompositing:2    ; additive background scattering]]
[2020.08.08-01.16.07:971][  0]LogConfig: Setting CVar [[r.DOF.Scatter.EnableBokehSettings:1      ; bokeh simulation when scattering]]
[2020.08.08-01.16.07:971][  0]LogConfig: Setting CVar [[r.DOF.Scatter.MaxSpriteRatio:0.1         ; only a maximum of 10% of scattered bokeh]]
[2020.08.08-01.16.07:971][  0]LogConfig: Setting CVar [[r.DOF.Recombine.Quality:1                ; cheap slight out of focus]]
[2020.08.08-01.16.07:971][  0]LogConfig: Setting CVar [[r.DOF.Recombine.EnableBokehSettings:0    ; no bokeh simulation on slight out of focus]]
[2020.08.08-01.16.07:971][  0]LogConfig: Setting CVar [[r.DOF.TemporalAAQuality:1                ; more stable temporal accumulation]]
[2020.08.08-01.16.07:971][  0]LogConfig: Setting CVar [[r.DOF.Kernel.MaxForegroundRadius:0.025]]
[2020.08.08-01.16.07:971][  0]LogConfig: Setting CVar [[r.DOF.Kernel.MaxBackgroundRadius:0.025]]
[2020.08.08-01.16.07:971][  0]LogConfig: Applying CVar settings from Section [TextureQuality@3] File [C:/Users/harsh.DESKTOP-UNEK68K/Desktop/Multiplayer/PuzzlePlatforms/Saved/Config/Windows/Scalability.ini]
[2020.08.08-01.16.07:971][  0]LogConfig: Setting CVar [[r.Streaming.MipBias:0]]
[2020.08.08-01.16.07:971][  0]LogConfig: Setting CVar [[r.Streaming.AmortizeCPUToGPUCopy:0]]
[2020.08.08-01.16.07:971][  0]LogConfig: Setting CVar [[r.Streaming.MaxNumTexturesToStreamPerFrame:0]]
[2020.08.08-01.16.07:971][  0]LogConfig: Setting CVar [[r.Streaming.Boost:1]]
[2020.08.08-01.16.07:971][  0]LogConfig: Setting CVar [[r.MaxAnisotropy:8]]
[2020.08.08-01.16.07:971][  0]LogConfig: Setting CVar [[r.VT.MaxAnisotropy:8]]
[2020.08.08-01.16.07:971][  0]LogConfig: Setting CVar [[r.Streaming.LimitPoolSizeToVRAM:0]]
[2020.08.08-01.16.07:971][  0]LogConfig: Setting CVar [[r.Streaming.PoolSize:1000]]
[2020.08.08-01.16.07:971][  0]LogConfig: Setting CVar [[r.Streaming.MaxEffectiveScreenSize:0]]
[2020.08.08-01.16.07:971][  0]LogConfig: Applying CVar settings from Section [EffectsQuality@3] File [C:/Users/harsh.DESKTOP-UNEK68K/Desktop/Multiplayer/PuzzlePlatforms/Saved/Config/Windows/Scalability.ini]
[2020.08.08-01.16.07:971][  0]LogConfig: Setting CVar [[r.TranslucencyLightingVolumeDim:64]]
[2020.08.08-01.16.07:972][  0]LogConfig: Setting CVar [[r.RefractionQuality:2]]
[2020.08.08-01.16.07:972][  0]LogConfig: Setting CVar [[r.SSR.Quality:3]]
[2020.08.08-01.16.07:972][  0]LogConfig: Setting CVar [[r.SSR.HalfResSceneColor:0]]
[2020.08.08-01.16.07:972][  0]LogConfig: Setting CVar [[r.SceneColorFormat:4]]
[2020.08.08-01.16.07:972][  0]LogConfig: Setting CVar [[r.DetailMode:2]]
[2020.08.08-01.16.07:972][  0]LogConfig: Setting CVar [[r.TranslucencyVolumeBlur:1]]
[2020.08.08-01.16.07:972][  0]LogConfig: Setting CVar [[r.MaterialQualityLevel:1 ; High quality]]
[2020.08.08-01.16.07:972][  0]LogConfig: Setting CVar [[r.SSS.Scale:1]]
[2020.08.08-01.16.07:972][  0]LogConfig: Setting CVar [[r.SSS.SampleSet:2]]
[2020.08.08-01.16.07:972][  0]LogConfig: Setting CVar [[r.SSS.Quality:1]]
[2020.08.08-01.16.07:972][  0]LogConfig: Setting CVar [[r.SSS.HalfRes:1]]
[2020.08.08-01.16.07:972][  0]LogConfig: Setting CVar [[r.SSGI.Quality:3]]
[2020.08.08-01.16.07:972][  0]LogConfig: Setting CVar [[r.EmitterSpawnRateScale:1.0]]
[2020.08.08-01.16.07:972][  0]LogConfig: Setting CVar [[r.ParticleLightQuality:2]]
[2020.08.08-01.16.07:972][  0]LogConfig: Setting CVar [[r.SkyAtmosphere.AerialPerspectiveLUT.FastApplyOnOpaque:1 ; Always have FastSkyLUT 1 in this case to avoid wrong sky]]
[2020.08.08-01.16.07:972][  0]LogConfig: Setting CVar [[r.SkyAtmosphere.AerialPerspectiveLUT.SampleCountPerSlice:1]]
[2020.08.08-01.16.07:972][  0]LogConfig: Setting CVar [[r.SkyAtmosphere.AerialPerspectiveLUT.DepthResolution:16.0]]
[2020.08.08-01.16.07:972][  0]LogConfig: Setting CVar [[r.SkyAtmosphere.FastSkyLUT:1]]
[2020.08.08-01.16.07:972][  0]LogConfig: Setting CVar [[r.SkyAtmosphere.FastSkyLUT.SampleCountMin:4.0]]
[2020.08.08-01.16.07:972][  0]LogConfig: Setting CVar [[r.SkyAtmosphere.FastSkyLUT.SampleCountMax:32.0]]
[2020.08.08-01.16.07:972][  0]LogConfig: Setting CVar [[r.SkyAtmosphere.SampleCountMin:4.0]]
[2020.08.08-01.16.07:972][  0]LogConfig: Setting CVar [[r.SkyAtmosphere.SampleCountMax:32.0]]
[2020.08.08-01.16.07:972][  0]LogConfig: Setting CVar [[r.SkyAtmosphere.TransmittanceLUT.UseSmallFormat:0]]
[2020.08.08-01.16.07:972][  0]LogConfig: Setting CVar [[r.SkyAtmosphere.TransmittanceLUT.SampleCount:10.0]]
[2020.08.08-01.16.07:972][  0]LogConfig: Setting CVar [[r.SkyAtmosphere.MultiScatteringLUT.SampleCount:15.0]]
[2020.08.08-01.16.07:972][  0]LogConfig: Applying CVar settings from Section [FoliageQuality@3] File [C:/Users/harsh.DESKTOP-UNEK68K/Desktop/Multiplayer/PuzzlePlatforms/Saved/Config/Windows/Scalability.ini]
[2020.08.08-01.16.07:972][  0]LogConfig: Setting CVar [[foliage.DensityScale:1.0]]
[2020.08.08-01.16.07:972][  0]LogConfig: Setting CVar [[grass.DensityScale:1.0]]
[2020.08.08-01.16.07:972][  0]LogConfig: Applying CVar settings from Section [ShadingQuality@3] File [C:/Users/harsh.DESKTOP-UNEK68K/Desktop/Multiplayer/PuzzlePlatforms/Saved/Config/Windows/Scalability.ini]
[2020.08.08-01.16.07:972][  0]LogConfig: Setting CVar [[r.HairStrands.SkyLighting.SampleCount:16]]
[2020.08.08-01.16.07:972][  0]LogConfig: Setting CVar [[r.HairStrands.SkyLighting.JitterIntegration:0]]
[2020.08.08-01.16.07:972][  0]LogConfig: Setting CVar [[r.HairStrands.SkyAO.SampleCount:16]]
[2020.08.08-01.16.07:972][  0]LogConfig: Applying CVar settings from Section [Startup] File [../../../Engine/Config/ConsoleVariables.ini]
[2020.08.08-01.16.07:972][  0]LogConfig: Setting CVar [[net.UseAdaptiveNetUpdateFrequency:0]]
[2020.08.08-01.16.07:972][  0]LogConfig: Setting CVar [[p.chaos.AllowCreatePhysxBodies:1]]
[2020.08.08-01.16.07:973][  0]LogConfig: Applying CVar settings from Section [ConsoleVariables] File [C:/Users/harsh.DESKTOP-UNEK68K/Desktop/Multiplayer/PuzzlePlatforms/Saved/Config/Windows/Engine.ini]
[2020.08.08-01.16.07:973][  0]LogInit: Computer: DESKTOP-UNEK68K
[2020.08.08-01.16.07:973][  0]LogInit: User: harsh
[2020.08.08-01.16.07:973][  0]LogInit: CPU Page size=4096, Cores=4
[2020.08.08-01.16.07:973][  0]LogInit: High frequency timer resolution =10.000000 MHz
[2020.08.08-01.16.07:973][  0]LogMemory: Memory total: Physical=7.9GB (8GB approx)
[2020.08.08-01.16.07:974][  0]LogMemory: Platform Memory Stats for Windows
[2020.08.08-01.16.07:974][  0]LogMemory: Process Physical Memory: 105.96 MB used, 105.96 MB peak
[2020.08.08-01.16.07:974][  0]LogMemory: Process Virtual Memory: 100.06 MB used, 100.06 MB peak
[2020.08.08-01.16.07:974][  0]LogMemory: Physical Memory: 5847.88 MB used,  2210.57 MB free, 8058.46 MB total
[2020.08.08-01.16.07:974][  0]LogMemory: Virtual Memory: 5122.20 MB used,  134212608.00 MB free, 134217728.00 MB total
[2020.08.08-01.16.07:979][  0]LogWindows: WindowsPlatformFeatures enabled
[2020.08.08-01.16.08:048][  0]LogInit: Using OS detected language (en-US).
[2020.08.08-01.16.08:048][  0]LogInit: Using OS detected locale (en-US).
[2020.08.08-01.16.08:049][  0]LogTextLocalizationManager: No specific localization for 'en-US' exists, so the 'en' localization will be used.
[2020.08.08-01.16.08:478][  0]LogSlate: New Slate User Created.  User Index 0, Is Virtual User: 0
[2020.08.08-01.16.08:478][  0]LogSlate: Slate User Registered.  User Index 0, Is Virtual User: 0
[2020.08.08-01.16.08:531][  0]LogHMD: Failed to initialize OpenVR with code 110
[2020.08.08-01.16.08:531][  0]LogD3D11RHI: D3D11 min allowed feature level: 11_0
[2020.08.08-01.16.08:531][  0]LogD3D11RHI: D3D11 max allowed feature level: 11_0
[2020.08.08-01.16.08:531][  0]LogD3D11RHI: D3D11 adapters:
[2020.08.08-01.16.08:695][  0]LogD3D11RHI:    0. 'NVIDIA GeForce GTX 1050' (Feature Level 11_0)
[2020.08.08-01.16.08:696][  0]LogD3D11RHI:       4019/0/4029 MB DedicatedVideo/DedicatedSystem/SharedSystem, Outputs:1, VendorId:0x10de
[2020.08.08-01.16.08:709][  0]LogD3D11RHI:    1. 'Intel(R) HD Graphics 630' (Feature Level 11_0)
[2020.08.08-01.16.08:709][  0]LogD3D11RHI:       128/0/4029 MB DedicatedVideo/DedicatedSystem/SharedSystem, Outputs:0, VendorId:0x8086
[2020.08.08-01.16.08:715][  0]LogD3D11RHI:    2. 'Microsoft Basic Render Driver' (Feature Level 11_0)
[2020.08.08-01.16.08:715][  0]LogD3D11RHI:       0/0/4029 MB DedicatedVideo/DedicatedSystem/SharedSystem, Outputs:0, VendorId:0x1414
[2020.08.08-01.16.08:715][  0]LogD3D11RHI: Chosen D3D11 Adapter: 0
[2020.08.08-01.16.08:761][  0]LogD3D11RHI: Creating new Direct3DDevice
[2020.08.08-01.16.08:761][  0]LogD3D11RHI:     GPU DeviceId: 0x1c8d (for the marketing name, search the web for "GPU Device Id")
[2020.08.08-01.16.08:761][  0]LogWindows: EnumDisplayDevices:
[2020.08.08-01.16.08:761][  0]LogWindows:    0. 'Intel(R) HD Graphics 630' (P:1 D:1)
[2020.08.08-01.16.08:762][  0]LogWindows:    1. 'Intel(R) HD Graphics 630' (P:0 D:0)
[2020.08.08-01.16.08:762][  0]LogWindows:    2. 'Intel(R) HD Graphics 630' (P:0 D:0)
[2020.08.08-01.16.08:762][  0]LogWindows:    3. 'NVIDIA GeForce GTX 1050' (P:0 D:0)
[2020.08.08-01.16.08:763][  0]LogWindows: DebugString: PrimaryIsNotTheChoosenAdapter PrimaryIsNotTheChoosenAdapter PrimaryIsNotTheChoosenAdapter 
[2020.08.08-01.16.08:763][  0]LogD3D11RHI:     Adapter Name: NVIDIA GeForce GTX 1050
[2020.08.08-01.16.08:763][  0]LogD3D11RHI:   Driver Version: 442.23 (internal:26.21.14.4223, unified:442.23)
[2020.08.08-01.16.08:763][  0]LogD3D11RHI:      Driver Date: 1-31-2020
[2020.08.08-01.16.08:763][  0]LogRHI: Texture pool is 2813 MB (70% of 4019 MB)
[2020.08.08-01.16.08:818][  0]LogD3D11RHI: RHI has support for 64 bit atomics
[2020.08.08-01.16.08:818][  0]LogD3D11RHI: Async texture creation enabled
[2020.08.08-01.16.08:847][  0]LogD3D11RHI: GPU Timing Frequency: 1000.000000 (Debug: 2 1)
[2020.08.08-01.16.09:859][  0]LogTargetPlatformManager: Display: Loaded TargetPlatform 'WindowsNoEditor'
[2020.08.08-01.16.09:864][  0]LogTargetPlatformManager: Display: Loaded TargetPlatform 'Windows'
[2020.08.08-01.16.09:874][  0]LogTargetPlatformManager: Display: Loaded TargetPlatform 'WindowsClient'
[2020.08.08-01.16.09:883][  0]LogTargetPlatformManager: Display: Loaded TargetPlatform 'WindowsServer'
[2020.08.08-01.16.09:883][  0]LogTargetPlatformManager: Display: Building Assets For Windows
[2020.08.08-01.16.09:892][  0]LogAudioDebug: Display: Lib vorbis DLL was dynamically loaded.
[2020.08.08-01.16.09:954][  0]LogShaderCompilers: Guid format shader working directory is -20 characters bigger than the processId version (../../../../../../Users/harsh.DESKTOP-UNEK68K/Desktop/Multiplayer/PuzzlePlatforms/Intermediate/Shaders/WorkingDirectory/30176/).
[2020.08.08-01.16.09:954][  0]LogShaderCompilers: Cleaned the shader compiler working directory 'C:/Users/harsh.DESKTOP-UNEK68K/AppData/Local/Temp/UnrealShaderWorkingDir/1FE05F164FF7E6699C7FEF872D335B87/'.
[2020.08.08-01.16.09:956][  0]LogXGEController: Cannot use XGE Controller as Incredibuild is not installed on this machine.
[2020.08.08-01.16.09:956][  0]LogShaderCompilers: Cannot use XGE Shader Compiler as Incredibuild is not installed on this machine.
[2020.08.08-01.16.09:956][  0]LogShaderCompilers: Display: Using Local Shader Compiler.
[2020.08.08-01.16.11:221][  0]LogDerivedDataCache: Display: Max Cache Size: 512 MB
[2020.08.08-01.16.11:483][  0]LogDerivedDataCache: Loaded boot cache 0.26s 83MB C:/Users/harsh.DESKTOP-UNEK68K/AppData/Local/UnrealEngine/4.24/DerivedDataCache/Boot.ddc.
[2020.08.08-01.16.11:483][  0]LogDerivedDataCache: Display: Loaded Boot cache: C:/Users/harsh.DESKTOP-UNEK68K/AppData/Local/UnrealEngine/4.24/DerivedDataCache/Boot.ddc
[2020.08.08-01.16.11:483][  0]LogDerivedDataCache: FDerivedDataBackendGraph:  Pak pak cache file ../../../../../../Users/harsh.DESKTOP-UNEK68K/Desktop/Multiplayer/PuzzlePlatforms/DerivedDataCache/DDC.ddp not found, will not use a pak cache.
[2020.08.08-01.16.11:483][  0]LogDerivedDataCache: Unable to find inner node Pak for hierarchical cache Hierarchy.
[2020.08.08-01.16.11:483][  0]LogDerivedDataCache: FDerivedDataBackendGraph:  CompressedPak pak cache file ../../../../../../Users/harsh.DESKTOP-UNEK68K/Desktop/Multiplayer/PuzzlePlatforms/DerivedDataCache/Compressed.ddp not found, will not use a pak cache.
[2020.08.08-01.16.11:483][  0]LogDerivedDataCache: Unable to find inner node CompressedPak for hierarchical cache Hierarchy.
[2020.08.08-01.16.11:498][  0]LogDerivedDataCache: Display: Pak cache opened for reading ../../../Engine/DerivedDataCache/Compressed.ddp.
[2020.08.08-01.16.11:498][  0]LogDerivedDataCache: FDerivedDataBackendGraph:  EnterprisePak pak cache file ../../../Enterprise/DerivedDataCache/Compressed.ddp not found, will not use a pak cache.
[2020.08.08-01.16.11:499][  0]LogDerivedDataCache: Unable to find inner node EnterprisePak for hierarchical cache Hierarchy.
[2020.08.08-01.16.11:500][  0]LogDerivedDataCache: Using Local data cache path C:/Users/harsh.DESKTOP-UNEK68K/AppData/Local/UnrealEngine/Common/DerivedDataCache: Writable
[2020.08.08-01.16.11:500][  0]LogDerivedDataCache: Shared data cache path not found in *engine.ini, will not use an Shared cache.
[2020.08.08-01.16.11:500][  0]LogDerivedDataCache: Unable to find inner node Shared for hierarchical cache Hierarchy.
[2020.08.08-01.16.11:533][  0]LogMaterial: Verifying Global Shaders for PCD3D_SM5
[2020.08.08-01.16.11:544][  0]LogSlate: Using FreeType 2.10.0
[2020.08.08-01.16.11:546][  0]LogSlate: SlateFontServices - WITH_FREETYPE: 1, WITH_HARFBUZZ: 1
[2020.08.08-01.16.12:030][  0]LogInit: Using OS detected language (en-US).
[2020.08.08-01.16.12:030][  0]LogInit: Using OS detected locale (en-US).
[2020.08.08-01.16.12:030][  0]LogTextLocalizationManager: No localization for 'en-US' exists, so 'en' will be used for the language.
[2020.08.08-01.16.12:030][  0]LogTextLocalizationManager: No localization for 'en-US' exists, so 'en' will be used for the locale.
[2020.08.08-01.16.12:031][  0]LogSlate: FontCache flush requested. Reason: Culture for localization was changed
[2020.08.08-01.16.12:031][  0]LogSlate: FontCache flush requested. Reason: Culture for localization was changed
[2020.08.08-01.16.12:033][  0]LogTextLocalizationManager: Compacting localization data took   0.01ms
[2020.08.08-01.16.12:039][  0]LogAssetRegistry: FAssetRegistry took 0.0032 seconds to start up
[2020.08.08-01.16.12:520][  0]LogPackageLocalizationCache: Processed 10 localized package path(s) for 1 prioritized culture(s) in 0.068192 seconds
[2020.08.08-01.16.12:622][  0]LogInit: Selected Device Profile: [Windows]
[2020.08.08-01.16.14:070][  0]LogMeshReduction: Using QuadricMeshReduction for automatic static mesh reduction
[2020.08.08-01.16.14:070][  0]LogMeshReduction: Using SimplygonMeshReduction for automatic skeletal mesh reduction
[2020.08.08-01.16.14:070][  0]LogMeshReduction: Using ProxyLODMeshReduction for automatic mesh merging
[2020.08.08-01.16.14:070][  0]LogMeshReduction: No distributed automatic mesh merging module available
[2020.08.08-01.16.14:071][  0]LogMeshMerging: No distributed automatic mesh merging module available
[2020.08.08-01.16.14:091][  0]LogNetVersion: PuzzlePlatforms 1.0.0, NetCL: 10570792, EngineNetVer: 13, GameNetVer: 0 (Checksum: 2226377169)
[2020.08.08-01.16.15:209][  0]LogMoviePlayer: Initializing movie player
[2020.08.08-01.16.15:646][  0]SourceControl: Source control is disabled
[2020.08.08-01.16.15:646][  0]SourceControl: Source control is disabled
[2020.08.08-01.16.15:649][  0]SourceControl: Source control is disabled
[2020.08.08-01.16.15:725][  0]LogAndroidPermission: UAndroidPermissionCallbackProxy::GetInstance
[2020.08.08-01.16.15:738][  0]LogAudioCaptureCore: Display: No Audio Capture implementations found. Audio input will be silent.
[2020.08.08-01.16.15:739][  0]LogAudioCaptureCore: Display: No Audio Capture implementations found. Audio input will be silent.
[2020.08.08-01.16.15:836][  0]LogOcInput: OculusInput pre-init called
[2020.08.08-01.16.15:851][  0]LogUObjectArray: 53915 objects as part of root set at end of initial load.
[2020.08.08-01.16.15:851][  0]LogUObjectAllocator: 9838552 out of 0 bytes used by permanent object pool.
[2020.08.08-01.16.15:851][  0]LogUObjectArray: CloseDisregardForGC: 0/0 objects in disregard for GC pool
[2020.08.08-01.16.15:980][  0]LogEngine: Initializing Engine...
[2020.08.08-01.16.15:981][  0]LogHMD: Failed to initialize OpenVR with code 110
[2020.08.08-01.16.16:022][  0]LogStats: UGameplayTagsManager::InitializeManager -  0.001 s
[2020.08.08-01.16.16:307][  0]LogInit: Initializing FReadOnlyCVARCache
[2020.08.08-01.16.16:311][  0]LogAudioMixer: Display: Audio Mixer Platform Settings:
[2020.08.08-01.16.16:311][  0]LogAudioMixer: Display: 	Sample Rate:						  48000
[2020.08.08-01.16.16:311][  0]LogAudioMixer: Display: 	Callback Buffer Frame Size Requested: 1024
[2020.08.08-01.16.16:311][  0]LogAudioMixer: Display: 	Callback Buffer Frame Size To Use:	  1024
[2020.08.08-01.16.16:311][  0]LogAudioMixer: Display: 	Number of buffers to queue:			  2
[2020.08.08-01.16.16:311][  0]LogAudioMixer: Display: 	Max Channels (voices):				  32
[2020.08.08-01.16.16:311][  0]LogAudioMixer: Display: 	Number of Async Source Workers:		  0
[2020.08.08-01.16.16:311][  0]LogAudio: Display: AudioDevice MaxSources: 32
[2020.08.08-01.16.16:311][  0]LogAudio: Display: Using built-in audio occlusion.
[2020.08.08-01.16.16:311][  0]LogAudioMixer: Display: Initializing audio mixer.
[2020.08.08-01.16.16:349][  0]LogAudioMixer: Display: Audio Device Output Speaker Info:
[2020.08.08-01.16.16:349][  0]LogAudioMixer: Display: Name: Speakers / Headphones (Realtek Audio)
[2020.08.08-01.16.16:349][  0]LogAudioMixer: Display: Is Default: Yes
[2020.08.08-01.16.16:349][  0]LogAudioMixer: Display: Sample Rate: 48000
[2020.08.08-01.16.16:349][  0]LogAudioMixer: Display: Channel Count Used: 2
[2020.08.08-01.16.16:349][  0]LogAudioMixer: Display: Device Channel Count: 2
[2020.08.08-01.16.16:349][  0]LogAudioMixer: Display: Channel Order:
[2020.08.08-01.16.16:350][  0]LogAudioMixer: Display: 0: FrontLeft
[2020.08.08-01.16.16:350][  0]LogAudioMixer: Display: 1: FrontRight
[2020.08.08-01.16.16:908][  0]LogAudioMixer: Display: Using Audio Device Speakers / Headphones (Realtek Audio)
[2020.08.08-01.16.16:923][  0]LogInit: FAudioDevice initialized.
[2020.08.08-01.16.17:095][  0]LogNetVersion: Set ProjectVersion to 1.0.0.0. Version Checksum will be recalculated on next use.
[2020.08.08-01.16.17:223][  0]LogDerivedDataCache: Saved boot cache 0.13s 83MB C:/Users/harsh.DESKTOP-UNEK68K/AppData/Local/UnrealEngine/4.24/DerivedDataCache/Boot.ddc.
[2020.08.08-01.16.17:227][  0]LogInit: Texture streaming: Enabled
[2020.08.08-01.16.17:422][  0]LogTemp: Warning: Found class WBP_MainMenu_C
[2020.08.08-01.16.17:425][  0]LogSlate: Updating window title bar state: overlay mode, drag disabled, window buttons hidden, title bar hidden
[2020.08.08-01.16.17:426][  0]LogInit: Display: Game Engine Initialized.
[2020.08.08-01.16.17:447][  0]LogInit: Display: Starting Game.
[2020.08.08-01.16.17:448][  0]LogNet: Browse: /Game/MenuSystem/MainMenu?Name=Player
[2020.08.08-01.16.17:448][  0]LogLoad: LoadMap: /Game/MenuSystem/MainMenu?Name=Player
[2020.08.08-01.16.17:448][  0]LogWorld: BeginTearingDown for /Temp/Untitled_0
[2020.08.08-01.16.17:448][  0]LogWorld: UWorld::CleanupWorld for Untitled, bSessionEnded=true, bCleanupResources=true
[2020.08.08-01.16.17:449][  0]LogSlate: InvalidateAllWidgets triggered.  All widgets were invalidated
[2020.08.08-01.16.17:923][  0]LogAudioMixer: Display: No commands were queued while flushing the source manager.
[2020.08.08-01.16.17:926][  0]LogUObjectHash: Compacting FUObjectHashTables data took   2.25ms
[2020.08.08-01.16.17:949][  0]LogAIModule: Creating AISystem for world MainMenu
[2020.08.08-01.16.17:949][  0]LogLoad: Game class is 'PuzzlePlatformsGameMode'
[2020.08.08-01.16.17:951][  0]LogWorld: Bringing World /Game/MenuSystem/MainMenu.MainMenu up for play (max tick rate 0) at 2020.08.08-02.16.17
[2020.08.08-01.16.17:952][  0]LogWorld: Bringing up level for play took: 0.001358
[2020.08.08-01.16.17:954][  0]LogGameMode: FindPlayerStart: PATHS NOT DEFINED or NO PLAYERSTART with positive rating
[2020.08.08-01.16.17:962][  0]LogPlayerController: Error: InputMode:UIOnly - Attempting to focus Non-Focusable widget SObjectWidget [Widget.cpp(776)]!
[2020.08.08-01.16.17:962][  0]LogLoad: Took 0.514489 seconds to LoadMap(/Game/MenuSystem/MainMenu)
[2020.08.08-01.16.18:001][  0]LogRenderer: Reallocating scene render targets to support 1536x864 Format 10 NumSamples 1 (Frame:1).
[2020.08.08-01.16.18:001][  0]LogLoad: (Engine Initialization) Total time: 12.12 seconds
[2020.08.08-01.16.18:001][  0]LogLoad: (Engine Initialization) Total Blueprint compile time: 0.00 seconds
[2020.08.08-01.16.18:045][  0]LogContentStreaming: Texture pool size now 1000 MB
[2020.08.08-01.16.18:049][  0]LogSlate: InvalidateAllWidgets triggered.  All widgets were invalidated
[2020.08.08-01.16.19:463][170]LogAudio: Display: Waited 36.258801 ms for audio thread.
[2020.08.08-01.16.19:471][170]LogAudio: Display: Waited 44.746399 ms for audio thread.
[2020.08.08-01.16.25:802][ 49]LogAudio: Display: Waited 36.030800 ms for audio thread.
[2020.08.08-01.16.25:815][ 49]LogAudio: Display: Waited 49.609901 ms for audio thread.
[2020.08.08-01.16.26:082][ 75]LogAudio: Display: Waited 47.855499 ms for audio thread.
[2020.08.08-01.16.26:097][ 75]LogAudio: Display: Waited 62.565701 ms for audio thread.
[2020.08.08-01.16.31:395][377]LogAudio: Display: Waited 35.715500 ms for audio thread.
[2020.08.08-01.16.31:406][377]LogAudio: Display: Waited 47.792503 ms for audio thread.
[2020.08.08-01.16.42:384][415]LogAudioMixer: Display: Audio Buffer Underrun detected.
[2020.08.08-01.16.43:718][569]LogAudio: Display: Waited 35.905701 ms for audio thread.
[2020.08.08-01.16.43:721][569]LogAudio: Display: Waited 39.084599 ms for audio thread.
[2020.08.08-01.16.46:185][971]LogAudio: Display: Waited 35.627800 ms for audio thread.
[2020.08.08-01.16.46:188][971]LogAudio: Display: Waited 38.859299 ms for audio thread.
[2020.08.08-01.16.47:670][188]LogAudio: Display: Waited 35.040298 ms for audio thread.
[2020.08.08-01.16.47:681][188]LogAudio: Display: Waited 46.061501 ms for audio thread.
[2020.08.08-01.16.48:357][282]LogAudioMixer: Display: Audio Buffer Underrun detected.
[2020.08.08-01.16.59:897][777]LogAudio: Display: Waited 70.465897 ms for audio thread.
[2020.08.08-01.16.59:933][777]LogAudio: Display: Waited 106.476204 ms for audio thread.
[2020.08.08-01.16.59:969][777]LogAudio: Display: Waited 142.445297 ms for audio thread.
[2020.08.08-01.17.00:005][777]LogAudio: Display: Waited 178.380692 ms for audio thread.
[2020.08.08-01.17.00:041][777]LogAudio: Display: Waited 214.023804 ms for audio thread.
[2020.08.08-01.17.00:077][777]LogAudio: Display: Waited 249.923386 ms for audio thread.
[2020.08.08-01.17.00:113][777]LogAudio: Display: Waited 286.004913 ms for audio thread.
[2020.08.08-01.17.00:206][777]LogAudioMixer: Display: Audio Buffer Underrun detected.
[2020.08.08-01.17.00:206][777]LogAudio: Display: Waited 379.327209 ms for audio thread.
[2020.08.08-01.17.00:241][777]LogAudio: Display: Waited 414.720215 ms for audio thread.
[2020.08.08-01.17.00:277][777]LogAudio: Display: Waited 450.403290 ms for audio thread.
[2020.08.08-01.17.00:312][777]LogAudio: Display: Waited 485.434875 ms for audio thread.
[2020.08.08-01.17.00:352][777]LogAudio: Display: Waited 526.007996 ms for audio thread.
[2020.08.08-01.17.00:387][777]LogAudio: Display: Waited 560.393066 ms for audio thread.
[2020.08.08-01.17.00:404][777]LogAudio: Display: Waited 577.369202 ms for audio thread.
[2020.08.08-01.17.00:708][807]LogAudio: Display: Waited 36.254303 ms for audio thread.
[2020.08.08-01.17.00:713][807]LogAudio: Display: Waited 42.838398 ms for audio thread.
[2020.08.08-01.17.03:727][239]LogAudio: Display: Waited 35.431198 ms for audio thread.
[2020.08.08-01.17.03:763][239]LogAudio: Display: Waited 71.356400 ms for audio thread.
[2020.08.08-01.17.03:799][239]LogAudio: Display: Waited 107.303101 ms for audio thread.
[2020.08.08-01.17.03:835][239]LogAudio: Display: Waited 143.146393 ms for audio thread.
[2020.08.08-01.17.03:871][239]LogAudio: Display: Waited 179.073303 ms for audio thread.
[2020.08.08-01.17.03:907][239]LogAudio: Display: Waited 215.087296 ms for audio thread.
[2020.08.08-01.17.03:943][239]LogAudio: Display: Waited 250.856308 ms for audio thread.
[2020.08.08-01.17.03:980][239]LogAudio: Display: Waited 288.045807 ms for audio thread.
[2020.08.08-01.17.04:015][239]LogAudio: Display: Waited 323.700897 ms for audio thread.
[2020.08.08-01.17.04:051][239]LogAudio: Display: Waited 359.636200 ms for audio thread.
[2020.08.08-01.17.04:091][239]LogAudio: Display: Waited 399.676300 ms for audio thread.
[2020.08.08-01.17.04:126][239]LogAudio: Display: Waited 434.531219 ms for audio thread.
[2020.08.08-01.17.04:164][239]LogAudio: Display: Waited 472.582916 ms for audio thread.
[2020.08.08-01.17.04:200][239]LogAudio: Display: Waited 509.177979 ms for audio thread.
[2020.08.08-01.17.04:236][239]LogAudio: Display: Waited 544.546143 ms for audio thread.
[2020.08.08-01.17.04:271][239]LogAudio: Display: Waited 579.590820 ms for audio thread.
[2020.08.08-01.17.04:309][239]LogAudio: Display: Waited 617.833801 ms for audio thread.
[2020.08.08-01.17.04:345][239]LogAudio: Display: Waited 653.852234 ms for audio thread.
[2020.08.08-01.17.04:380][239]LogAudio: Display: Waited 688.602905 ms for audio thread.
[2020.08.08-01.17.04:415][239]LogAudio: Display: Waited 723.631897 ms for audio thread.
[2020.08.08-01.17.04:450][239]LogAudio: Display: Waited 758.596497 ms for audio thread.
[2020.08.08-01.17.04:486][239]LogAudio: Display: Waited 795.057495 ms for audio thread.
[2020.08.08-01.17.04:521][239]LogAudio: Display: Waited 829.621338 ms for audio thread.
[2020.08.08-01.17.04:556][239]LogAudio: Display: Waited 864.632935 ms for audio thread.
[2020.08.08-01.17.04:591][239]LogAudio: Display: Waited 899.692566 ms for audio thread.
[2020.08.08-01.17.04:626][239]LogAudio: Display: Waited 934.719177 ms for audio thread.
[2020.08.08-01.17.04:662][239]LogAudio: Display: Waited 970.665710 ms for audio thread.
[2020.08.08-01.17.04:697][239]LogAudio: Display: Waited 1005.661255 ms for audio thread.
[2020.08.08-01.17.04:732][239]LogAudio: Display: Waited 1040.705078 ms for audio thread.
[2020.08.08-01.17.04:746][239]LogAudio: Display: Waited 1055.588623 ms for audio thread.
[2020.08.08-01.17.04:811][241]LogAudio: Display: Waited 35.525799 ms for audio thread.
[2020.08.08-01.17.04:819][241]LogAudio: Display: Waited 43.684402 ms for audio thread.
[2020.08.08-01.17.04:857][242]LogAudio: Display: Waited 35.762001 ms for audio thread.
[2020.08.08-01.17.04:893][242]LogAudio: Display: Waited 71.583099 ms for audio thread.
[2020.08.08-01.17.04:928][242]LogAudio: Display: Waited 106.654007 ms for audio thread.
[2020.08.08-01.17.04:979][244]LogAudio: Display: Waited 42.304901 ms for audio thread.
[2020.08.08-01.17.05:015][244]LogAudio: Display: Waited 77.683998 ms for audio thread.
[2020.08.08-01.17.05:045][244]LogAudio: Display: Waited 108.082901 ms for audio thread.
[2020.08.08-01.17.05:083][245]LogAudio: Display: Waited 35.934601 ms for audio thread.
[2020.08.08-01.17.05:108][245]LogAudio: Display: Waited 61.614597 ms for audio thread.
[2020.08.08-01.17.05:174][249]LogAudio: Display: Waited 35.515598 ms for audio thread.
[2020.08.08-01.17.05:210][249]LogAudio: Display: Waited 71.493797 ms for audio thread.
[2020.08.08-01.17.05:246][249]LogAudio: Display: Waited 107.305603 ms for audio thread.
[2020.08.08-01.17.05:277][249]LogAudio: Display: Waited 138.335800 ms for audio thread.
[2020.08.08-01.17.05:315][250]LogAudio: Display: Waited 37.051102 ms for audio thread.
[2020.08.08-01.17.05:327][250]LogAudio: Display: Waited 48.485001 ms for audio thread.
[2020.08.08-01.17.05:390][254]LogAudio: Display: Waited 35.245800 ms for audio thread.
[2020.08.08-01.17.05:403][254]LogAudio: Display: Waited 48.288403 ms for audio thread.
[2020.08.08-01.17.05:440][255]LogAudio: Display: Waited 35.659298 ms for audio thread.
[2020.08.08-01.17.05:446][255]LogAudio: Display: Waited 41.840500 ms for audio thread.
[2020.08.08-01.17.05:484][256]LogAudio: Display: Waited 35.624798 ms for audio thread.
[2020.08.08-01.17.05:504][256]LogAudio: Display: Waited 55.875000 ms for audio thread.
[2020.08.08-01.17.06:191][352]LogAudio: Display: Waited 36.654202 ms for audio thread.
[2020.08.08-01.17.06:224][352]LogAudio: Display: Waited 70.536896 ms for audio thread.
[2020.08.08-01.17.08:487][652]LogAudio: Display: Waited 37.366798 ms for audio thread.
[2020.08.08-01.17.08:490][652]LogAudio: Display: Waited 40.412800 ms for audio thread.
[2020.08.08-01.17.08:631][665]LogAudio: Display: Waited 36.769699 ms for audio thread.
[2020.08.08-01.17.08:633][665]LogAudio: Display: Waited 38.858997 ms for audio thread.
[2020.08.08-01.17.08:754][676]LogAudio: Display: Waited 35.544601 ms for audio thread.
[2020.08.08-01.17.08:792][676]LogAudio: Display: Waited 73.881996 ms for audio thread.
[2020.08.08-01.17.08:828][676]LogAudio: Display: Waited 109.536995 ms for audio thread.
[2020.08.08-01.17.08:863][676]LogAudio: Display: Waited 144.489609 ms for audio thread.
[2020.08.08-01.17.08:900][676]LogAudio: Display: Waited 181.857300 ms for audio thread.
[2020.08.08-01.17.08:936][676]LogAudio: Display: Waited 217.832993 ms for audio thread.
[2020.08.08-01.17.08:972][676]LogAudio: Display: Waited 253.419785 ms for audio thread.
[2020.08.08-01.17.09:008][676]LogAudio: Display: Waited 289.407623 ms for audio thread.
[2020.08.08-01.17.09:043][676]LogAudio: Display: Waited 324.353394 ms for audio thread.
[2020.08.08-01.17.09:078][676]LogAudio: Display: Waited 360.146393 ms for audio thread.
[2020.08.08-01.17.09:114][676]LogAudio: Display: Waited 395.314819 ms for audio thread.
[2020.08.08-01.17.09:149][676]LogAudio: Display: Waited 430.477997 ms for audio thread.
[2020.08.08-01.17.09:185][676]LogAudio: Display: Waited 466.289185 ms for audio thread.
[2020.08.08-01.17.09:221][676]LogAudio: Display: Waited 502.304779 ms for audio thread.
[2020.08.08-01.17.09:256][676]LogAudio: Display: Waited 537.337585 ms for audio thread.
[2020.08.08-01.17.09:291][676]LogAudio: Display: Waited 573.140808 ms for audio thread.
[2020.08.08-01.17.09:327][676]LogAudio: Display: Waited 608.212585 ms for audio thread.
[2020.08.08-01.17.09:362][676]LogAudio: Display: Waited 643.301208 ms for audio thread.
[2020.08.08-01.17.09:398][676]LogAudio: Display: Waited 679.264465 ms for audio thread.
[2020.08.08-01.17.09:434][676]LogAudio: Display: Waited 715.255920 ms for audio thread.
[2020.08.08-01.17.09:469][676]LogAudio: Display: Waited 750.244080 ms for audio thread.
[2020.08.08-01.17.09:505][676]LogAudio: Display: Waited 786.215454 ms for audio thread.
[2020.08.08-01.17.09:541][676]LogAudio: Display: Waited 822.297241 ms for audio thread.
[2020.08.08-01.17.09:577][676]LogAudio: Display: Waited 858.169006 ms for audio thread.
[2020.08.08-01.17.09:613][676]LogAudio: Display: Waited 894.183838 ms for audio thread.
[2020.08.08-01.17.09:648][676]LogAudio: Display: Waited 929.288696 ms for audio thread.
[2020.08.08-01.17.09:684][676]LogAudio: Display: Waited 965.305969 ms for audio thread.
[2020.08.08-01.17.09:720][676]LogAudio: Display: Waited 1001.740479 ms for audio thread.
[2020.08.08-01.17.09:757][676]LogAudio: Display: Waited 1038.146362 ms for audio thread.
[2020.08.08-01.17.09:764][676]LogAudio: Display: Waited 1045.406372 ms for audio thread.
[2020.08.08-01.17.09:873][686]LogAudio: Display: Waited 36.412201 ms for audio thread.
[2020.08.08-01.17.09:906][686]LogAudio: Display: Waited 69.903297 ms for audio thread.
[2020.08.08-01.17.09:944][687]LogAudio: Display: Waited 35.659000 ms for audio thread.
[2020.08.08-01.17.09:980][687]LogAudio: Display: Waited 71.669601 ms for audio thread.
[2020.08.08-01.17.09:985][687]LogAudio: Display: Waited 77.211601 ms for audio thread.
[2020.08.08-01.17.10:023][688]LogAudio: Display: Waited 35.748001 ms for audio thread.
[2020.08.08-01.17.10:032][688]LogAudio: Display: Waited 45.298100 ms for audio thread.
[2020.08.08-01.17.10:120][693]LogAudio: Display: Waited 35.235100 ms for audio thread.
[2020.08.08-01.17.10:147][693]LogAudio: Display: Waited 62.714897 ms for audio thread.
[2020.08.08-01.17.10:220][696]LogAudio: Display: Waited 35.239101 ms for audio thread.
[2020.08.08-01.17.10:257][696]LogAudio: Display: Waited 72.452003 ms for audio thread.
[2020.08.08-01.17.10:293][696]LogAudio: Display: Waited 108.150604 ms for audio thread.
[2020.08.08-01.17.10:328][696]LogAudio: Display: Waited 143.617401 ms for audio thread.
[2020.08.08-01.17.10:363][696]LogAudio: Display: Waited 179.069901 ms for audio thread.
[2020.08.08-01.17.10:399][696]LogAudio: Display: Waited 215.169098 ms for audio thread.
[2020.08.08-01.17.10:435][696]LogAudio: Display: Waited 251.031494 ms for audio thread.
[2020.08.08-01.17.10:450][696]LogAudio: Display: Waited 266.948700 ms for audio thread.
[2020.08.08-01.17.10:863][743]LogAudio: Display: Waited 36.007801 ms for audio thread.
[2020.08.08-01.17.10:896][743]LogAudioMixer: Display: Audio Buffer Underrun detected.
[2020.08.08-01.17.10:896][743]LogAudio: Display: Waited 69.182999 ms for audio thread.
[2020.08.08-01.17.13:234][ 58]LogAudio: Display: Waited 37.739502 ms for audio thread.
[2020.08.08-01.17.13:236][ 58]LogAudio: Display: Waited 39.864998 ms for audio thread.
[2020.08.08-01.17.13:532][103]LogAudio: Display: Waited 35.613701 ms for audio thread.
[2020.08.08-01.17.13:567][103]LogAudio: Display: Waited 71.035698 ms for audio thread.
[2020.08.08-01.17.13:603][103]LogAudio: Display: Waited 106.756004 ms for audio thread.
[2020.08.08-01.17.13:639][103]LogAudio: Display: Waited 143.142807 ms for audio thread.
[2020.08.08-01.17.13:675][103]LogAudio: Display: Waited 178.568298 ms for audio thread.
[2020.08.08-01.17.13:711][103]LogAudio: Display: Waited 214.736603 ms for audio thread.
[2020.08.08-01.17.13:746][103]LogAudio: Display: Waited 249.463394 ms for audio thread.
[2020.08.08-01.17.13:782][103]LogAudio: Display: Waited 285.398407 ms for audio thread.
[2020.08.08-01.17.13:817][103]LogAudio: Display: Waited 320.884094 ms for audio thread.
[2020.08.08-01.17.13:853][103]LogAudio: Display: Waited 356.404999 ms for audio thread.
[2020.08.08-01.17.13:888][103]LogAudio: Display: Waited 391.421692 ms for audio thread.
[2020.08.08-01.17.13:897][103]LogAudio: Display: Waited 400.671021 ms for audio thread.
[2020.08.08-01.17.15:682][405]LogAudio: Display: Waited 35.165802 ms for audio thread.
[2020.08.08-01.17.16:192][476]LogAudio: Display: Waited 44.132500 ms for audio thread.
[2020.08.08-01.17.16:193][476]LogAudio: Display: Waited 45.329102 ms for audio thread.
[2020.08.08-01.17.16:671][533]LogAudio: Display: Waited 35.698700 ms for audio thread.
[2020.08.08-01.17.16:707][533]LogAudio: Display: Waited 71.762802 ms for audio thread.
[2020.08.08-01.17.16:743][533]LogAudio: Display: Waited 107.642700 ms for audio thread.
[2020.08.08-01.17.16:794][533]LogAudio: Display: Waited 159.382294 ms for audio thread.
[2020.08.08-01.17.16:828][533]LogAudio: Display: Waited 192.348801 ms for audio thread.
[2020.08.08-01.17.23:923][580]LogAudioMixer: Display: Audio Buffer Underrun detected.
[2020.08.08-01.17.25:182][648]LogAudio: Display: Waited 42.064598 ms for audio thread.
[2020.08.08-01.17.25:187][648]LogAudio: Display: Waited 46.215500 ms for audio thread.
[2020.08.08-01.17.28:848][993]LogAudioMixer: Display: Audio Buffer Underrun detected.
[2020.08.08-01.17.28:850][993]LogSlate: WidgetSwitcher ('None') active index changed to 1
[2020.08.08-01.17.28:852][993]LogSlate: Took 0.000258 seconds to synchronously load lazily loaded font '../../../Engine/Content/Slate/Fonts/Roboto-Regular.ttf' (155K)
[2020.08.08-01.17.38:362][274]LogNet: Browse: 192.168.1.7//Game/MenuSystem/MainMenu
[2020.08.08-01.17.38:371][274]LogInit: WinSock: I am DESKTOP-UNEK68K (192.168.1.7:0)
[2020.08.08-01.17.38:371][274]LogInit: WinSock: Socket queue. Rx: 32768 (config 32768) Tx: 32768 (config 32768)
[2020.08.08-01.17.38:371][274]PacketHandlerLog: Loaded PacketHandler component: Engine.EngineHandlerComponentFactory (StatelessConnectHandlerComponent)
[2020.08.08-01.17.38:372][274]LogNet: Game client on port 7777, rate 10000
[2020.08.08-01.17.38:403][278]LogHandshake: SendChallengeResponse. Timestamp: 68.721230, Cookie: 178167099231072249011098022235015128143103254168234030072217
[2020.08.08-01.17.38:640][318]LogNetVersion: PuzzlePlatforms 1.0.0.0, NetCL: 10570792, EngineNetVer: 13, GameNetVer: 0 (Checksum: 3101645828)
[2020.08.08-01.17.38:640][318]LogNet: UPendingNetGame::SendInitialJoin: Sending hello. [UNetConnection] RemoteAddr: 192.168.1.7:7777, Name: IpConnection_0, Driver: PendingNetDriver IpNetDriver_0, IsServer: NO, PC: NULL, Owner: NULL, UniqueId: INVALID
[2020.08.08-01.17.39:088][384]LogNet: Welcomed by server (Level: /Game/industrial_area/maps/industrial_area_demo, Game: /Script/PuzzlePlatforms.PuzzlePlatformsGameMode)
[2020.08.08-01.17.39:089][384]LogLoad: LoadMap: 192.168.1.7//Game/industrial_area/maps/industrial_area_demo?game=/Script/PuzzlePlatforms.PuzzlePlatformsGameMode
[2020.08.08-01.17.39:089][384]LogWorld: BeginTearingDown for /Game/MenuSystem/MainMenu
[2020.08.08-01.17.39:091][384]LogWorld: UWorld::CleanupWorld for MainMenu, bSessionEnded=true, bCleanupResources=true
[2020.08.08-01.17.39:091][384]LogSlate: InvalidateAllWidgets triggered.  All widgets were invalidated
[2020.08.08-01.17.39:152][384]LogAudioMixer: Display: Flush succeeded in the source manager command queue (1).
[2020.08.08-01.17.39:152][384]LogAudioMixer: Display: Flush succeeded the source manager command queue (2).
[2020.08.08-01.17.39:157][384]LogUObjectHash: Compacting FUObjectHashTables data took   4.77ms
[2020.08.08-01.17.42:708][384]LogWorld: Bringing World /Game/industrial_area/maps/industrial_area_demo.industrial_area_demo up for play (max tick rate 0) at 2020.08.08-02.17.42
[2020.08.08-01.17.42:712][384]LogWorld: Bringing up level for play took: 0.856762
[2020.08.08-01.17.42:729][384]LogLoad: Took 3.640868 seconds to LoadMap(/Game/industrial_area/maps/industrial_area_demo)
[2020.08.08-01.17.43:475][386]LogOnlineSession: Warning: OSS: No game present to join for session (GameSession)
[2020.08.08-01.17.43:475][386]LogOnlineSession: Warning: OSS: No game present to join for session (GameSession)
[2020.08.08-01.18.00:116][756]LogD3D11RHI: Timed out while waiting for GPU to catch up. (0.5 s) (ErrorCode 00000001)
[2020.08.08-01.18.06:019][861]LogD3D11RHI: Timed out while waiting for GPU to catch up. (0.5 s) (ErrorCode 00000001)
[2020.08.08-01.18.07:582][864]LogD3D11RHI: Timed out while waiting for GPU to catch up. (0.5 s) (ErrorCode 00000001)
[2020.08.08-01.18.13:763][ 24]LogD3D11RHI: Timed out while waiting for GPU to catch up. (0.5 s) (ErrorCode 00000001)
[2020.08.08-01.18.17:214][145]LogWindowsDesktop: Alt-F4 pressed!
[2020.08.08-01.18.17:249][145]LogSlate: Window 'PuzzlePlatforms (64-bit Development PCD3D_SM5) ' being destroyed
[2020.08.08-01.18.17:253][145]LogWindowsTextInputMethodSystem: Display: IME system now deactivated.
[2020.08.08-01.18.17:269][145]LogSlate: Updating window title bar state: overlay mode, drag disabled, window buttons hidden, title bar hidden
[2020.08.08-01.18.17:269][145]LogEngine: All Windows Closed
[2020.08.08-01.18.17:269][145]LogWindows: FPlatformMisc::RequestExit(0)
[2020.08.08-01.18.17:269][145]LogCore: Engine exit requested (reason: Win RequestExit)
[2020.08.08-01.18.17:271][146]LogCore: Engine exit requested (reason: EngineExit() was called; note: exit was already requested)
[2020.08.08-01.18.17:294][146]LogAudioMixer: Display: No commands were queued while flushing the source manager.
[2020.08.08-01.18.17:393][146]LogInit: Display: PreExit Game.
[2020.08.08-01.18.17:471][146]LogWorld: BeginTearingDown for /Game/industrial_area/maps/industrial_area_demo
[2020.08.08-01.18.17:471][146]LogNet: World NetDriver shutdown IpNetDriver_0 [GameNetDriver]
[2020.08.08-01.18.17:471][146]LogNet: DestroyNamedNetDriver IpNetDriver_0 [GameNetDriver]
[2020.08.08-01.18.17:473][146]LogNet: UNetConnection::Close: [UNetConnection] RemoteAddr: 192.168.1.7:7777, Name: IpConnection_0, Driver: GameNetDriver IpNetDriver_0, IsServer: NO, PC: PlayerController_1, Owner: PlayerController_1, UniqueId: NULL:DESKTOP-UNEK68K-1D888CEE47E06F73829C7DB413471EEE, Channels: 10, Time: 2020.08.08-01.18.17
[2020.08.08-01.18.17:475][146]LogNet: UChannel::Close: Sending CloseBunch. ChIndex == 0. Name: [UChannel] ChIndex: 0, Closing: 0 [UNetConnection] RemoteAddr: 192.168.1.7:7777, Name: IpConnection_0, Driver: GameNetDriver IpNetDriver_0, IsServer: NO, PC: PlayerController_1, Owner: PlayerController_1, UniqueId: NULL:DESKTOP-UNEK68K-1D888CEE47E06F73829C7DB413471EEE
[2020.08.08-01.18.17:475][146]LogExit: GameNetDriver IpNetDriver_0 shut down
[2020.08.08-01.18.17:478][146]LogWorld: UWorld::CleanupWorld for industrial_area_demo, bSessionEnded=true, bCleanupResources=true
[2020.08.08-01.18.17:515][146]LogSlate: InvalidateAllWidgets triggered.  All widgets were invalidated
[2020.08.08-01.18.18:162][146]LogExit: Preparing to exit.
[2020.08.08-01.18.18:162][146]LogMoviePlayer: Shutting down movie player
[2020.08.08-01.18.18:211][146]LogSlate: Updating window title bar state: overlay mode, drag disabled, window buttons hidden, title bar hidden
[2020.08.08-01.18.18:254][146]LogDemo: Cleaned up 0 splitscreen connections with owner deletion
[2020.08.08-01.18.18:266][146]LogExit: Game engine shut down
[2020.08.08-01.18.18:466][146]LogExit: Object subsystem successfully closed.
[2020.08.08-01.18.18:518][146]LogShaderCompilers: Display: Shaders left to compile 0
[2020.08.08-01.18.18:577][146]LogModuleManager: Shutting down and abandoning module SequenceRecorderSections (436)
[2020.08.08-01.18.18:577][146]LogModuleManager: Shutting down and abandoning module SequenceRecorder (434)
[2020.08.08-01.18.18:577][146]LogModuleManager: Shutting down and abandoning module AutomationController (432)
[2020.08.08-01.18.18:578][146]LogModuleManager: Shutting down and abandoning module AutomationWorker (430)
[2020.08.08-01.18.18:578][146]LogModuleManager: Shutting down and abandoning module Voice (428)
[2020.08.08-01.18.18:579][146]LogModuleManager: Shutting down and abandoning module AIModule (426)
[2020.08.08-01.18.18:579][146]LogModuleManager: Shutting down and abandoning module GameplayDebugger (425)
[2020.08.08-01.18.18:579][146]LogModuleManager: Shutting down and abandoning module AITestSuite (423)
[2020.08.08-01.18.18:579][146]LogModuleManager: Shutting down and abandoning module NavigationSystem (421)
[2020.08.08-01.18.18:579][146]LogModuleManager: Shutting down and abandoning module OculusMR (418)
[2020.08.08-01.18.18:579][146]LogModuleManager: Shutting down and abandoning module WmfMediaFactory (416)
[2020.08.08-01.18.18:580][146]LogModuleManager: Shutting down and abandoning module WebMMediaFactory (414)
[2020.08.08-01.18.18:580][146]LogModuleManager: Shutting down and abandoning module WebMMedia (412)
[2020.08.08-01.18.18:580][146]LogModuleManager: Shutting down and abandoning module OpenExrWrapper (410)
[2020.08.08-01.18.18:580][146]LogModuleManager: Shutting down and abandoning module ImgMediaFactory (408)
[2020.08.08-01.18.18:580][146]LogModuleManager: Shutting down and abandoning module AvfMediaFactory (406)
[2020.08.08-01.18.18:580][146]LogModuleManager: Shutting down and abandoning module MagicLeapMediaCodecFactory (404)
[2020.08.08-01.18.18:580][146]LogModuleManager: Shutting down and abandoning module MagicLeapMediaFactory (402)
[2020.08.08-01.18.18:580][146]LogModuleManager: Shutting down and abandoning module CharacterAI (400)
[2020.08.08-01.18.18:580][146]LogModuleManager: Shutting down and abandoning module SessionServices (398)
[2020.08.08-01.18.18:580][146]LogModuleManager: Shutting down and abandoning module MovieSceneCapture (396)
[2020.08.08-01.18.18:580][146]LogModuleManager: Shutting down and abandoning module LiveCoding (394)
[2020.08.08-01.18.18:582][146]LogModuleManager: Shutting down and abandoning module LevelSequence (392)
[2020.08.08-01.18.18:582][146]LogModuleManager: Shutting down and abandoning module MovieSceneTracks (390)
[2020.08.08-01.18.18:582][146]LogModuleManager: Shutting down and abandoning module MovieScene (388)
[2020.08.08-01.18.18:582][146]LogModuleManager: Shutting down and abandoning module StreamingPauseRendering (386)
[2020.08.08-01.18.18:583][146]LogModuleManager: Shutting down and abandoning module PortalServices (384)
[2020.08.08-01.18.18:583][146]LogModuleManager: Shutting down and abandoning module PortalRpc (382)
[2020.08.08-01.18.18:583][146]LogModuleManager: Shutting down and abandoning module MessagingRpc (380)
[2020.08.08-01.18.18:583][146]LogModuleManager: Shutting down and abandoning module AudioMixerXAudio2 (378)
[2020.08.08-01.18.18:583][146]LogModuleManager: Shutting down and abandoning module ImageWriteQueue (376)
[2020.08.08-01.18.18:587][146]LogModuleManager: Shutting down and abandoning module ProfilerService (374)
[2020.08.08-01.18.18:810][146]LogModuleManager: Shutting down and abandoning module TaskGraph (372)
[2020.08.08-01.18.18:832][146]LogModuleManager: Shutting down and abandoning module ProceduralMeshComponent (370)
[2020.08.08-01.18.18:832][146]LogModuleManager: Shutting down and abandoning module OculusInput (368)
[2020.08.08-01.18.18:832][146]LogModuleManager: Shutting down and abandoning module MobilePatchingUtils (366)
[2020.08.08-01.18.18:832][146]LogModuleManager: Shutting down and abandoning module EditableMesh (364)
[2020.08.08-01.18.18:833][146]LogModuleManager: Shutting down and abandoning module CustomMeshComponent (362)
[2020.08.08-01.18.18:833][146]LogModuleManager: Shutting down and abandoning module CableComponent (360)
[2020.08.08-01.18.18:833][146]LogModuleManager: Shutting down and abandoning module AudioCapture (358)
[2020.08.08-01.18.18:833][146]LogModuleManager: Shutting down and abandoning module AudioCaptureRtAudio (357)
[2020.08.08-01.18.18:833][146]LogModuleManager: Shutting down and abandoning module AssetTags (354)
[2020.08.08-01.18.18:833][146]LogModuleManager: Shutting down and abandoning module ArchVisCharacter (352)
[2020.08.08-01.18.18:833][146]LogModuleManager: Shutting down and abandoning module AppleImageUtilsBlueprintSupport (350)
[2020.08.08-01.18.18:833][146]LogModuleManager: Shutting down and abandoning module AppleImageUtils (348)
[2020.08.08-01.18.18:833][146]LogModuleManager: Shutting down and abandoning module AndroidPermission (346)
[2020.08.08-01.18.18:833][146]LogModuleManager: Shutting down and abandoning module NUTUnrealEngine4 (344)
[2020.08.08-01.18.18:833][146]LogModuleManager: Shutting down and abandoning module NetcodeUnitTest (342)
[2020.08.08-01.18.18:835][146]LogModuleManager: Shutting down and abandoning module MediaCompositing (340)
[2020.08.08-01.18.18:835][146]LogModuleManager: Shutting down and abandoning module ImgMedia (338)
[2020.08.08-01.18.18:835][146]LogModuleManager: Shutting down and abandoning module MagicLeapHelperVulkan (336)
[2020.08.08-01.18.18:835][146]LogModuleManager: Shutting down and abandoning module MagicLeapHelperOpenGL (334)
[2020.08.08-01.18.18:835][146]LogModuleManager: Shutting down and abandoning module MagicLeapAudio (332)
[2020.08.08-01.18.18:835][146]LogModuleManager: Shutting down and abandoning module GeometryCacheTracks (330)
[2020.08.08-01.18.18:835][146]LogModuleManager: Shutting down and abandoning module GeometryCacheSequencer (329)
[2020.08.08-01.18.18:835][146]LogModuleManager: Shutting down and abandoning module GeometryCache (326)
[2020.08.08-01.18.18:835][146]LogModuleManager: Shutting down and abandoning module GeometryCacheEd (325)
[2020.08.08-01.18.18:835][146]LogModuleManager: Shutting down and abandoning module BackChannel (322)
[2020.08.08-01.18.18:836][146]LogModuleManager: Shutting down and abandoning module AutomationUtils (320)
[2020.08.08-01.18.18:836][146]LogModuleManager: Shutting down and abandoning module VisualStudioSourceCodeAccess (318)
[2020.08.08-01.18.18:836][146]LogModuleManager: Shutting down and abandoning module HotReload (317)
[2020.08.08-01.18.18:836][146]LogModuleManager: Shutting down and abandoning module DirectoryWatcher (316)
[2020.08.08-01.18.18:836][146]LogModuleManager: Shutting down and abandoning module VisualStudioCodeSourceCodeAccess (312)
[2020.08.08-01.18.18:836][146]LogModuleManager: Shutting down and abandoning module UObjectPlugin (310)
[2020.08.08-01.18.18:836][146]LogModuleManager: Shutting down and abandoning module SubversionSourceControl (308)
[2020.08.08-01.18.18:837][146]LogModuleManager: Shutting down and abandoning module PerforceSourceControl (306)
[2020.08.08-01.18.18:840][146]LogModuleManager: Shutting down and abandoning module SourceControl (305)
[2020.08.08-01.18.18:840][146]LogModuleManager: Shutting down and abandoning module CLionSourceCodeAccess (302)
[2020.08.08-01.18.18:841][146]LogModuleManager: Shutting down and abandoning module ActorLayerUtilities (300)
[2020.08.08-01.18.18:841][146]LogModuleManager: Shutting down and abandoning module PuzzlePlatforms (298)
[2020.08.08-01.18.18:841][146]LogModuleManager: Shutting down and abandoning module SignificanceManager (296)
[2020.08.08-01.18.18:841][146]LogModuleManager: Shutting down and abandoning module RuntimePhysXCooking (294)
[2020.08.08-01.18.18:841][146]LogModuleManager: Shutting down and abandoning module PhysXVehiclesEditor (292)
[2020.08.08-01.18.18:841][146]LogModuleManager: Shutting down and abandoning module LocationServicesBPLibrary (288)
[2020.08.08-01.18.18:841][146]LogModuleManager: Shutting down and abandoning module ActorSequence (286)
[2020.08.08-01.18.18:841][146]LogModuleManager: Shutting down and abandoning module UdpMessaging (284)
[2020.08.08-01.18.18:841][146]LogModuleManager: Shutting down and abandoning module TcpMessaging (282)
[2020.08.08-01.18.18:842][146]LogModuleManager: Shutting down and abandoning module MagicLeapPrivileges (280)
[2020.08.08-01.18.18:843][146]LogModuleManager: Shutting down and abandoning module MagicLeapPlanes (278)
[2020.08.08-01.18.18:843][146]LogMagicLeapPlanes: Planes tracker already destroyed.
[2020.08.08-01.18.18:844][146]LogModuleManager: Shutting down and abandoning module MagicLeapIdentity (276)
[2020.08.08-01.18.18:844][146]LogModuleManager: Shutting down and abandoning module MagicLeapSecureStorage (274)
[2020.08.08-01.18.18:844][146]LogModuleManager: Shutting down and abandoning module MagicLeapImageTracker (272)
[2020.08.08-01.18.18:844][146]LogModuleManager: Shutting down and abandoning module MagicLeapHandTracking (270)
[2020.08.08-01.18.18:844][146]LogModuleManager: Shutting down and abandoning module MagicLeapHandMeshing (268)
[2020.08.08-01.18.18:844][146]LogModuleManager: Shutting down and abandoning module MagicLeapEyeTracker (266)
[2020.08.08-01.18.18:844][146]LogModuleManager: Shutting down and abandoning module MagicLeapController (264)
[2020.08.08-01.18.18:845][146]LogSlate: Slate User Destroyed.  User Index 0, Is Virtual User: 0
[2020.08.08-01.18.18:845][146]LogModuleManager: Shutting down and abandoning module MagicLeapARPin (262)
[2020.08.08-01.18.18:845][146]LogModuleManager: Shutting down and abandoning module MagicLeapAR (260)
[2020.08.08-01.18.18:845][146]LogModuleManager: Shutting down and abandoning module AugmentedReality (259)
[2020.08.08-01.18.18:845][146]LogModuleManager: Shutting down and abandoning module GameplayTagsEditor (256)
[2020.08.08-01.18.18:845][146]LogModuleManager: Shutting down and abandoning module FacialAnimation (254)
[2020.08.08-01.18.18:845][146]LogModuleManager: Shutting down and abandoning module AssetManagerEditor (252)
[2020.08.08-01.18.18:846][146]LogModuleManager: Shutting down and abandoning module TreeMap (251)
[2020.08.08-01.18.18:846][146]LogModuleManager: Shutting down and abandoning module AnimationSharing (248)
[2020.08.08-01.18.18:846][146]LogModuleManager: Shutting down and abandoning module LightPropagationVolumeRuntime (246)
[2020.08.08-01.18.18:846][146]LogModuleManager: Shutting down and abandoning module Paper2D (244)
[2020.08.08-01.18.18:847][146]LogModuleManager: Shutting down and abandoning module WindowsMoviePlayer (242)
[2020.08.08-01.18.18:853][146]LogModuleManager: Shutting down and abandoning module WebMMoviePlayer (240)
[2020.08.08-01.18.18:853][146]LogModuleManager: Shutting down and abandoning module NetworkReplayStreaming (238)
[2020.08.08-01.18.18:853][146]LogModuleManager: Shutting down and abandoning module PacketHandler (236)
[2020.08.08-01.18.18:853][146]LogModuleManager: Shutting down and abandoning module ClothingSystemEditor (234)
[2020.08.08-01.18.18:853][146]LogModuleManager: Shutting down and abandoning module ClothingSystemRuntimeNv (232)
[2020.08.08-01.18.18:853][146]LogModuleManager: Shutting down and abandoning module MediaAssets (230)
[2020.08.08-01.18.18:853][146]LogModuleManager: Shutting down and abandoning module Overlay (228)
[2020.08.08-01.18.18:853][146]LogModuleManager: Shutting down and abandoning module OverlayEditor (227)
[2020.08.08-01.18.18:853][146]LogModuleManager: Shutting down and abandoning module VREditor (224)
[2020.08.08-01.18.18:853][146]LogModuleManager: Shutting down and abandoning module StringTableEditor (222)
[2020.08.08-01.18.18:853][146]LogModuleManager: Shutting down and abandoning module GameplayTasksEditor (220)
[2020.08.08-01.18.18:854][146]LogModuleManager: Shutting down and abandoning module BehaviorTreeEditor (218)
[2020.08.08-01.18.18:855][146]LogModuleManager: Shutting down and abandoning module FunctionalTesting (216)
[2020.08.08-01.18.18:855][146]LogModuleManager: Shutting down and abandoning module CollisionAnalyzer (214)
[2020.08.08-01.18.18:857][146]LogModuleManager: Shutting down and abandoning module WorkspaceMenuStructure (213)
[2020.08.08-01.18.18:857][146]LogModuleManager: Shutting down and abandoning module UMG (210)
[2020.08.08-01.18.18:857][146]LogModuleManager: Shutting down and abandoning module UMGEditor (209)
[2020.08.08-01.18.18:857][146]LogModuleManager: Shutting down and abandoning module Sequencer (208)
[2020.08.08-01.18.18:860][146]LogModuleManager: Shutting down and abandoning module MessageLog (205)
[2020.08.08-01.18.18:862][146]LogModuleManager: Shutting down and abandoning module SlateReflector (200)
[2020.08.08-01.18.18:865][146]LogModuleManager: Shutting down and abandoning module Slate (198)
[2020.08.08-01.18.18:865][146]LogModuleManager: Shutting down and abandoning module SlateCore (196)
[2020.08.08-01.18.18:865][146]LogModuleManager: Shutting down and abandoning module LandscapeEditorUtilities (194)
[2020.08.08-01.18.18:865][146]LogModuleManager: Shutting down and abandoning module EditorStyle (192)
[2020.08.08-01.18.18:866][146]LogModuleManager: Shutting down and abandoning module UnrealEd (190)
[2020.08.08-01.18.18:867][146]LogModuleManager: Shutting down and abandoning module MRMesh (188)
[2020.08.08-01.18.18:867][146]LogModuleManager: Shutting down and abandoning module Messaging (186)
[2020.08.08-01.18.18:867][146]LogModuleManager: Shutting down and abandoning module SourceCodeAccess (184)
[2020.08.08-01.18.18:867][146]LogModuleManager: Shutting down and abandoning module HeadMountedDisplay (182)
[2020.08.08-01.18.18:867][146]LogModuleManager: Shutting down and abandoning module XAudio2 (180)
[2020.08.08-01.18.18:868][146]LogModuleManager: Shutting down and abandoning module Networking (178)
[2020.08.08-01.18.18:868][146]LogModuleManager: Shutting down and abandoning module Core (176)
[2020.08.08-01.18.18:868][146]LogModuleManager: Shutting down and abandoning module MovieSceneTools (174)
[2020.08.08-01.18.18:868][146]LogModuleManager: Shutting down and abandoning module KismetCompiler (172)
[2020.08.08-01.18.18:869][146]LogModuleManager: Shutting down and abandoning module MeshUtilities (170)
[2020.08.08-01.18.18:869][146]LogModuleManager: Shutting down and abandoning module MeshMergeUtilities (169)
[2020.08.08-01.18.18:870][146]LogModuleManager: Shutting down and abandoning module MeshReductionInterface (168)
[2020.08.08-01.18.18:870][146]LogModuleManager: Shutting down and abandoning module MeshBoneReduction (167)
[2020.08.08-01.18.18:870][146]LogModuleManager: Shutting down and abandoning module SkeletalMeshReduction (165)
[2020.08.08-01.18.18:871][146]LogModuleManager: Shutting down and abandoning module ProxyLODMeshReduction (163)
[2020.08.08-01.18.18:872][146]LogModuleManager: Shutting down and abandoning module QuadricMeshReduction (161)
[2020.08.08-01.18.18:874][146]LogModuleManager: Shutting down and abandoning module MaterialBaking (157)
[2020.08.08-01.18.18:876][146]LogModuleManager: Shutting down and abandoning module NullInstallBundleManager (152)
[2020.08.08-01.18.18:876][146]LogModuleManager: Shutting down and abandoning module PIEPreviewDeviceProfileSelector (150)
[2020.08.08-01.18.18:877][146]LogModuleManager: Shutting down and abandoning module DerivedDataCache (148)
[2020.08.08-01.18.18:877][146]LogDerivedDataCache: Shutdown
[2020.08.08-01.18.18:877][146]LogModuleManager: Shutting down and abandoning module XGEController (146)
[2020.08.08-01.18.18:877][146]LogModuleManager: Shutting down and abandoning module TargetPlatform (144)
[2020.08.08-01.18.18:877][146]LogModuleManager: Shutting down and abandoning module VulkanShaderFormat (143)
[2020.08.08-01.18.18:878][146]LogModuleManager: Shutting down and abandoning module ShaderFormatVectorVM (141)
[2020.08.08-01.18.18:879][146]LogModuleManager: Shutting down and abandoning module ShaderFormatOpenGL (139)
[2020.08.08-01.18.18:879][146]LogModuleManager: Shutting down and abandoning module ShaderFormatD3D (137)
[2020.08.08-01.18.18:879][146]LogModuleManager: Shutting down and abandoning module MetalShaderFormat (135)
[2020.08.08-01.18.18:880][146]LogModuleManager: Shutting down and abandoning module TextureFormatUncompressed (133)
[2020.08.08-01.18.18:880][146]LogModuleManager: Shutting down and abandoning module TextureFormatPVR (131)
[2020.08.08-01.18.18:880][146]LogModuleManager: Shutting down and abandoning module TextureFormatDXT (129)
[2020.08.08-01.18.18:880][146]LogModuleManager: Shutting down and abandoning module TextureFormatIntelISPCTexComp (127)
[2020.08.08-01.18.18:881][146]LogModuleManager: Shutting down and abandoning module TextureFormatASTC (125)
[2020.08.08-01.18.18:881][146]LogModuleManager: Shutting down and abandoning module ImageWrapper (124)
[2020.08.08-01.18.18:881][146]LogModuleManager: Shutting down and abandoning module TextureFormatAndroid (121)
[2020.08.08-01.18.18:881][146]LogModuleManager: Shutting down and abandoning module AudioFormatOpus (119)
[2020.08.08-01.18.18:882][146]LogModuleManager: Shutting down and abandoning module AudioFormatOgg (117)
[2020.08.08-01.18.18:882][146]LogModuleManager: Shutting down and abandoning module AudioFormatADPCM (115)
[2020.08.08-01.18.18:882][146]LogModuleManager: Shutting down and abandoning module WindowsServerTargetPlatform (113)
[2020.08.08-01.18.18:882][146]LogModuleManager: Shutting down and abandoning module WindowsClientTargetPlatform (111)
[2020.08.08-01.18.18:882][146]LogModuleManager: Shutting down and abandoning module WindowsTargetPlatform (109)
[2020.08.08-01.18.18:882][146]LogModuleManager: Shutting down and abandoning module WindowsNoEditorTargetPlatform (107)
[2020.08.08-01.18.18:882][146]LogModuleManager: Shutting down and abandoning module InputCore (104)
[2020.08.08-01.18.18:882][146]LogModuleManager: Shutting down and abandoning module Settings (102)
[2020.08.08-01.18.18:883][146]LogModuleManager: Shutting down and abandoning module PhysXCooking (100)
[2020.08.08-01.18.18:883][146]LogModuleManager: Shutting down and abandoning module ChaosSolvers (98)
[2020.08.08-01.18.18:884][146]LogModuleManager: Shutting down and abandoning module FieldSystemEngine (97)
[2020.08.08-01.18.18:884][146]LogModuleManager: Shutting down and abandoning module Chaos (94)
[2020.08.08-01.18.18:884][146]LogModuleManager: Shutting down and abandoning module WindowsPlatformFeatures (92)
[2020.08.08-01.18.18:884][146]LogModuleManager: Shutting down and abandoning module GameplayMediaEncoder (91)
[2020.08.08-01.18.18:884][146]LogModuleManager: Shutting down and abandoning module SteamVRInputDevice (88)
[2020.08.08-01.18.18:884][146]LogModuleManager: Shutting down and abandoning module SteamVRInput (86)
[2020.08.08-01.18.18:885][146]LogModuleManager: Shutting down and abandoning module SteamVR (84)
[2020.08.08-01.18.18:886][146]LogHMD: Freeing OpenVRDLLHandle.
[2020.08.08-01.18.18:886][146]LogModuleManager: Shutting down and abandoning module OculusHMD (82)
[2020.08.08-01.18.18:887][146]LogModuleManager: Shutting down and abandoning module ExampleDeviceProfileSelector (80)
[2020.08.08-01.18.18:887][146]LogModuleManager: Shutting down and abandoning module LauncherChunkInstaller (78)
[2020.08.08-01.18.18:887][146]LogModuleManager: Shutting down and abandoning module OnlineBlueprintSupport (76)
[2020.08.08-01.18.18:887][146]LogModuleManager: Shutting down and abandoning module OnlineSubsystem (72)
[2020.08.08-01.18.18:889][146]LogModuleManager: Shutting down and abandoning module XMPP (67)
[2020.08.08-01.18.18:891][146]LogModuleManager: Shutting down and abandoning module WebSockets (66)
[2020.08.08-01.18.18:912][146]LogModuleManager: Shutting down and abandoning module HTTP (63)
[2020.08.08-01.18.18:947][146]LogModuleManager: Shutting down and abandoning module SSL (62)
[2020.08.08-01.18.18:949][146]LogModuleManager: Shutting down and abandoning module WmfMedia (58)
[2020.08.08-01.18.18:951][146]LogModuleManager: Shutting down and abandoning module Media (57)
[2020.08.08-01.18.18:952][146]LogModuleManager: Shutting down and abandoning module MagicLeap (54)
[2020.08.08-01.18.18:952][146]LogModuleManager: Shutting down and abandoning module VariantManagerContent (52)
[2020.08.08-01.18.18:952][146]LogModuleManager: Shutting down and abandoning module DatasmithContent (50)
[2020.08.08-01.18.18:952][146]LogModuleManager: Shutting down and abandoning module AISupportModule (48)
[2020.08.08-01.18.18:952][146]LogModuleManager: Shutting down and abandoning module DesktopPlatform (46)
[2020.08.08-01.18.18:952][146]LogModuleManager: Shutting down and abandoning module PlatformCryptoOpenSSL (44)
[2020.08.08-01.18.18:953][146]LogModuleManager: Shutting down and abandoning module PlatformCryptoTypes (42)
[2020.08.08-01.18.18:953][146]LogModuleManager: Shutting down and abandoning module PlatformCrypto (40)
[2020.08.08-01.18.18:953][146]LogModuleManager: Shutting down and abandoning module AnimationModifiers (38)
[2020.08.08-01.18.18:954][146]LogModuleManager: Shutting down and abandoning module PropertyEditor (37)
[2020.08.08-01.18.18:954][146]LogModuleManager: Shutting down and abandoning module AudioEditor (34)
[2020.08.08-01.18.18:957][146]LogModuleManager: Shutting down and abandoning module TextureCompressor (32)
[2020.08.08-01.18.18:958][146]LogModuleManager: Shutting down and abandoning module RenderCore (30)
[2020.08.08-01.18.18:959][146]LogModuleManager: Shutting down and abandoning module Landscape (28)
[2020.08.08-01.18.18:959][146]LogModuleManager: Shutting down and abandoning module SlateRHIRenderer (26)
[2020.08.08-01.18.18:962][146]LogModuleManager: Shutting down and abandoning module OpenGLDrv (24)
[2020.08.08-01.18.18:962][146]LogModuleManager: Shutting down and abandoning module D3D11RHI (22)
[2020.08.08-01.18.18:962][146]LogModuleManager: Shutting down and abandoning module AnimGraphRuntime (20)
[2020.08.08-01.18.18:963][146]LogModuleManager: Shutting down and abandoning module Renderer (18)
[2020.08.08-01.18.18:964][146]LogModuleManager: Shutting down and abandoning module Engine (16)
[2020.08.08-01.18.18:964][146]LogModuleManager: Shutting down and abandoning module CoreUObject (14)
[2020.08.08-01.18.18:964][146]LogModuleManager: Shutting down and abandoning module NetworkFile (12)
[2020.08.08-01.18.18:964][146]LogModuleManager: Shutting down and abandoning module CookedIterativeFile (10)
[2020.08.08-01.18.18:964][146]LogModuleManager: Shutting down and abandoning module StreamingFile (8)
[2020.08.08-01.18.18:964][146]LogModuleManager: Shutting down and abandoning module SandboxFile (6)
[2020.08.08-01.18.18:965][146]LogModuleManager: Shutting down and abandoning module PakFile (4)
[2020.08.08-01.18.18:965][146]LogModuleManager: Shutting down and abandoning module RSA (3)
[2020.08.08-01.18.18:966][146]LogD3D11RHI: Shutdown
[2020.08.08-01.18.18:966][146]LogD3D11RHI: CleanupD3DDevice
[2020.08.08-01.18.19:002][146]LogExit: Exiting.
[2020.08.08-01.18.19:014][146]Log file closed, 08/08/20 02:18:19
