Log file open, 08/01/20 19:39:53
LogWindows: Failed to load 'aqProf.dll' (GetLastError=126)
LogWindows: File 'aqProf.dll' does not exist
LogWindows: Failed to load 'VtuneApi.dll' (GetLastError=126)
LogWindows: File 'VtuneApi.dll' does not exist
LogWindows: Failed to load 'VtuneApi32e.dll' (GetLastError=126)
LogWindows: File 'VtuneApi32e.dll' does not exist
LogConsoleResponse: Display: Failed to find resolution value strings in scalability ini. Falling back to default.
LogInit: Display: Running engine for game: PuzzlePlatforms
LogPlatformFile: Not using cached read wrapper
LogTaskGraph: Started task graph with 5 named threads and 14 total threads with 3 sets of task threads.
LogStats: Stats thread started at 0.086740
LogD3D11RHI: Loaded GFSDK_Aftermath_Lib.x64.dll
LogICUInternationalization: ICU TimeZone Detection - Raw Offset: +0:00, Platform Override: ''
LogPluginManager: Mounting plugin Paper2D
LogPluginManager: Mounting plugin AISupport
LogPluginManager: Mounting plugin LightPropagationVolume
LogPluginManager: Mounting plugin ActorLayerUtilities
LogPluginManager: Mounting plugin AnimationSharing
LogPluginManager: Mounting plugin CLionSourceCodeAccess
LogPluginManager: Mounting plugin CodeLiteSourceCodeAccess
LogPluginManager: Mounting plugin GitSourceControl
LogPluginManager: Mounting plugin KDevelopSourceCodeAccess
LogPluginManager: Mounting plugin NullSourceCodeAccess
LogPluginManager: Mounting plugin PerforceSourceControl
LogPluginManager: Mounting plugin PlasticSourceControl
LogPluginManager: Mounting plugin SubversionSourceControl
LogPluginManager: Mounting plugin UObjectPlugin
LogPluginManager: Mounting plugin VisualStudioCodeSourceCodeAccess
LogPluginManager: Mounting plugin VisualStudioSourceCodeAccess
LogPluginManager: Mounting plugin XCodeSourceCodeAccess
LogPluginManager: Mounting plugin AssetManagerEditor
LogPluginManager: Mounting plugin CryptoKeys
LogPluginManager: Mounting plugin CurveEditorTools
LogPluginManager: Mounting plugin DataValidation
LogPluginManager: Mounting plugin FacialAnimation
LogPluginManager: Mounting plugin GameplayTagsEditor
LogPluginManager: Mounting plugin MacGraphicsSwitching
LogPluginManager: Mounting plugin MaterialAnalyzer
LogPluginManager: Mounting plugin MobileLauncherProfileWizard
LogPluginManager: Mounting plugin PluginBrowser
LogPluginManager: Mounting plugin SpeedTreeImporter
LogPluginManager: Mounting plugin DatasmithContent
LogPluginManager: Mounting plugin VariantManagerContent
LogPluginManager: Mounting plugin AlembicImporter
LogPluginManager: Mounting plugin AutomationUtils
LogPluginManager: Mounting plugin BackChannel
LogPluginManager: Mounting plugin CharacterAI
LogPluginManager: Mounting plugin GeometryCache
LogPluginManager: Mounting plugin PlatformCrypto
LogPluginManager: Mounting plugin ProxyLODPlugin
LogPluginManager: Mounting plugin SkeletalReduction
LogPluginManager: Mounting plugin MagicLeap
LogPluginManager: Mounting plugin MagicLeapMedia
LogPluginManager: Mounting plugin MLSDK
LogPluginManager: Mounting plugin AndroidMedia
LogPluginManager: Mounting plugin AvfMedia
LogPluginManager: Mounting plugin ImgMedia
LogPluginManager: Mounting plugin MediaCompositing
LogPluginManager: Mounting plugin MediaPlayerEditor
LogPluginManager: Mounting plugin WebMMedia
LogPluginManager: Mounting plugin WmfMedia
LogPluginManager: Mounting plugin TcpMessaging
LogPluginManager: Mounting plugin UdpMessaging
LogPluginManager: Mounting plugin ActorSequence
LogPluginManager: Mounting plugin LevelSequenceEditor
LogPluginManager: Mounting plugin MatineeToLevelSequence
LogPluginManager: Mounting plugin NetcodeUnitTest
LogPluginManager: Mounting plugin NUTUnrealEngine4
LogPluginManager: Mounting plugin OnlineSubsystemGooglePlay
LogPluginManager: Mounting plugin OnlineSubsystemIOS
LogPluginManager: Mounting plugin OnlineSubsystem
LogPluginManager: Mounting plugin OnlineSubsystemNull
LogPluginManager: Mounting plugin OnlineSubsystemUtils
LogPluginManager: Mounting plugin LauncherChunkInstaller
LogPluginManager: Mounting plugin AndroidDeviceProfileSelector
LogPluginManager: Mounting plugin AndroidMoviePlayer
LogPluginManager: Mounting plugin AndroidPermission
LogPluginManager: Mounting plugin AppleImageUtils
LogPluginManager: Mounting plugin AppleMoviePlayer
LogPluginManager: Mounting plugin ArchVisCharacter
LogPluginManager: Mounting plugin AssetTags
LogPluginManager: Mounting plugin AudioCapture
LogPluginManager: Mounting plugin CableComponent
LogPluginManager: Mounting plugin CustomMeshComponent
LogPluginManager: Mounting plugin EditableMesh
LogPluginManager: Mounting plugin ExampleDeviceProfileSelector
LogPluginManager: Mounting plugin GoogleCloudMessaging
LogPluginManager: Mounting plugin IOSDeviceProfileSelector
LogPluginManager: Mounting plugin LinuxDeviceProfileSelector
LogPluginManager: Mounting plugin LocationServicesBPLibrary
LogPluginManager: Mounting plugin MobilePatchingUtils
LogPluginManager: Mounting plugin OculusVR
LogPluginManager: Mounting plugin PhysXVehicles
LogPluginManager: Mounting plugin PostSplashScreen
LogPluginManager: Mounting plugin ProceduralMeshComponent
LogPluginManager: Mounting plugin RuntimePhysXCooking
LogPluginManager: Mounting plugin SignificanceManager
LogPluginManager: Mounting plugin SteamVR
LogPluginManager: Mounting plugin WebMMoviePlayer
LogPluginManager: Mounting plugin WindowsMoviePlayer
LogPluginManager: Mounting plugin ScreenshotTools
LogInit: Using libcurl 7.55.1-DEV
LogInit:  - built for x86_64-pc-win32
LogInit:  - supports SSL with OpenSSL/1.1.1
LogInit:  - supports HTTP deflate (compression) using libz 1.2.8
LogInit:  - other features:
LogInit:      CURL_VERSION_SSL
LogInit:      CURL_VERSION_LIBZ
LogInit:      CURL_VERSION_IPV6
LogInit:      CURL_VERSION_ASYNCHDNS
LogInit:      CURL_VERSION_LARGEFILE
LogInit:      CURL_VERSION_IDN
LogInit:  CurlRequestOptions (configurable via config and command line):
LogInit:  - bVerifyPeer = true  - Libcurl will verify peer certificate
LogInit:  - bUseHttpProxy = false  - Libcurl will NOT use HTTP proxy
LogInit:  - bDontReuseConnections = false  - Libcurl will reuse connections
LogInit:  - MaxHostConnections = 16  - Libcurl will limit the number of connections to a host
LogInit:  - LocalHostAddr = Default
LogInit:  - BufferSize = 65536
LogOnline: OSS: Creating online subsystem instance for: NULL
LogInit: WinSock: version 1.1 (2.2), MaxSocks=32767, MaxUdp=65467
LogOnline: OSS: TryLoadSubsystemAndSetDefault: Loaded subsystem for module [NULL]
LogInit: Build: ++UE4+Release-4.24-CL-11100242
LogInit: Engine Version: 4.24.2-11100242+++UE4+Release-4.24
LogInit: Compatible Engine Version: 4.24.0-10570792+++UE4+Release-4.24
LogInit: Net CL: 10570792
LogInit: OS: Windows 10 (Release 1909) (), CPU: Intel(R) Core(TM) i5-7300HQ CPU @ 2.50GHz, GPU: Intel(R) HD Graphics 630
LogInit: Compiled (64-bit): Jan 24 2020 02:05:53
LogInit: Compiled with Visual C++: 19.16.27032.01
LogInit: Build Configuration: Development
LogInit: Branch Name: ++UE4+Release-4.24
LogInit: Command Line: -log -game
LogInit: Base Directory: C:/Program Files/Epic Games/UE_4.24/Engine/Binaries/Win64/
LogInit: Installed Engine Build: 1
LogDevObjectVersion: Number of dev versions registered: 25
LogDevObjectVersion:   Dev-Blueprints (B0D832E4-1F89-4F0D-ACCF-7EB736FD4AA2): 10
LogDevObjectVersion:   Dev-Build (E1C64328-A22C-4D53-A36C-8E866417BD8C): 0
LogDevObjectVersion:   Dev-Core (375EC13C-06E4-48FB-B500-84F0262A717E): 3
LogDevObjectVersion:   Dev-Editor (E4B068ED-F494-42E9-A231-DA0B2E46BB41): 37
LogDevObjectVersion:   Dev-Framework (CFFC743F-43B0-4480-9391-14DF171D2073): 36
LogDevObjectVersion:   Dev-Mobile (B02B49B5-BB20-44E9-A304-32B752E40360): 2
LogDevObjectVersion:   Dev-Networking (A4E4105C-59A1-49B5-A7C5-40C4547EDFEE): 0
LogDevObjectVersion:   Dev-Online (39C831C9-5AE6-47DC-9A44-9C173E1C8E7C): 0
LogDevObjectVersion:   Dev-Physics (78F01B33-EBEA-4F98-B9B4-84EACCB95AA2): 2
LogDevObjectVersion:   Dev-Platform (6631380F-2D4D-43E0-8009-CF276956A95A): 0
LogDevObjectVersion:   Dev-Rendering (12F88B9F-8875-4AFC-A67C-D90C383ABD29): 36
LogDevObjectVersion:   Dev-Sequencer (7B5AE74C-D270-4C10-A958-57980B212A5A): 11
LogDevObjectVersion:   Dev-VR (D7296918-1DD6-4BDD-9DE2-64A83CC13884): 2
LogDevObjectVersion:   Dev-LoadTimes (C2A15278-BFE7-4AFE-6C17-90FF531DF755): 1
LogDevObjectVersion:   Private-Geometry (6EACA3D4-40EC-4CC1-B786-8BED09428FC5): 3
LogDevObjectVersion:   Dev-AnimPhys (29E575DD-E0A3-4627-9D10-D276232CDCEA): 17
LogDevObjectVersion:   Dev-Anim (AF43A65D-7FD3-4947-9873-3E8ED9C1BB05): 2
LogDevObjectVersion:   Dev-ReflectionCapture (6B266CEC-1EC7-4B8F-A30B-E4D90942FC07): 1
LogDevObjectVersion:   Dev-Automation (0DF73D61-A23F-47EA-B727-89E90C41499A): 1
LogDevObjectVersion:   FortniteMain (601D1886-AC64-4F84-AA16-D3DE0DEAC7D6): 31
LogDevObjectVersion:   Dev-Enterprise (9DFFBCD6-494F-0158-E221-12823C92A888): 8
LogDevObjectVersion:   Dev-Niagara (F2AED0AC-9AFE-416F-8664-AA7FFA26D6FC): 1
LogDevObjectVersion:   Dev-Destruction (174F1F0B-B4C6-45A5-B13F-2EE8D0FB917D): 9
LogDevObjectVersion:   Dev-Physics-Ext (35F94A83-E258-406C-A318-09F59610247C): 8
LogDevObjectVersion:   Dev-CineCamera (B2E18506-4273-CFC2-A54E-F4BB758BBA07): 1
LogInit: Presizing for max 25165824 objects, including 0 objects not considered by GC, pre-allocating 0 bytes for permanent pool.
LogInit: Object subsystem initialized
LogConfig: Setting CVar [[con.DebugEarlyDefault:1]]
LogConfig: Setting CVar [[r.setres:1280x720]]
[2020.08.01-18.39.54:327][  0]LogConfig: Setting CVar [[con.DebugEarlyDefault:1]]
[2020.08.01-18.39.54:328][  0]LogConfig: Setting CVar [[r.setres:1280x720]]
[2020.08.01-18.39.54:328][  0]LogConfig: Applying CVar settings from Section [/Script/Engine.RendererSettings] File [C:/Users/harsh.DESKTOP-UNEK68K/Desktop/Multiplayer/PuzzlePlatforms/Saved/Config/Windows/Engine.ini]
[2020.08.01-18.39.54:329][  0]LogConfig: Setting CVar [[r.GPUCrashDebugging:0]]
[2020.08.01-18.39.54:329][  0]LogConfig: Applying CVar settings from Section [/Script/Engine.RendererOverrideSettings] File [C:/Users/harsh.DESKTOP-UNEK68K/Desktop/Multiplayer/PuzzlePlatforms/Saved/Config/Windows/Engine.ini]
[2020.08.01-18.39.54:330][  0]LogConfig: Applying CVar settings from Section [/Script/Engine.StreamingSettings] File [C:/Users/harsh.DESKTOP-UNEK68K/Desktop/Multiplayer/PuzzlePlatforms/Saved/Config/Windows/Engine.ini]
[2020.08.01-18.39.54:336][  0]LogConfig: Setting CVar [[s.MinBulkDataSizeForAsyncLoading:131072]]
[2020.08.01-18.39.54:336][  0]LogConfig: Setting CVar [[s.AsyncLoadingThreadEnabled:0]]
[2020.08.01-18.39.54:340][  0]LogConfig: Setting CVar [[s.EventDrivenLoaderEnabled:1]]
[2020.08.01-18.39.54:340][  0]LogConfig: Setting CVar [[s.WarnIfTimeLimitExceeded:0]]
[2020.08.01-18.39.54:341][  0]LogConfig: Setting CVar [[s.TimeLimitExceededMultiplier:1.5]]
[2020.08.01-18.39.54:342][  0]LogConfig: Setting CVar [[s.TimeLimitExceededMinTime:0.005]]
[2020.08.01-18.39.54:342][  0]LogConfig: Setting CVar [[s.UseBackgroundLevelStreaming:1]]
[2020.08.01-18.39.54:343][  0]LogConfig: Setting CVar [[s.PriorityAsyncLoadingExtraTime:15.0]]
[2020.08.01-18.39.54:343][  0]LogConfig: Setting CVar [[s.LevelStreamingActorsUpdateTimeLimit:5.0]]
[2020.08.01-18.39.54:345][  0]LogConfig: Setting CVar [[s.PriorityLevelStreamingActorsUpdateExtraTime:5.0]]
[2020.08.01-18.39.54:349][  0]LogConfig: Setting CVar [[s.LevelStreamingComponentsRegistrationGranularity:10]]
[2020.08.01-18.39.54:351][  0]LogConfig: Setting CVar [[s.UnregisterComponentsTimeLimit:1.0]]
[2020.08.01-18.39.54:353][  0]LogConfig: Setting CVar [[s.LevelStreamingComponentsUnregistrationGranularity:5]]
[2020.08.01-18.39.54:353][  0]LogConfig: Setting CVar [[s.FlushStreamingOnExit:1]]
[2020.08.01-18.39.54:355][  0]LogConfig: Applying CVar settings from Section [/Script/Engine.GarbageCollectionSettings] File [C:/Users/harsh.DESKTOP-UNEK68K/Desktop/Multiplayer/PuzzlePlatforms/Saved/Config/Windows/Engine.ini]
[2020.08.01-18.39.54:357][  0]LogConfig: Setting CVar [[gc.MaxObjectsNotConsideredByGC:1]]
[2020.08.01-18.39.54:361][  0]LogConfig: Setting CVar [[gc.SizeOfPermanentObjectPool:0]]
[2020.08.01-18.39.54:361][  0]LogConfig: Setting CVar [[gc.FlushStreamingOnGC:0]]
[2020.08.01-18.39.54:361][  0]LogConfig: Setting CVar [[gc.NumRetriesBeforeForcingGC:10]]
[2020.08.01-18.39.54:363][  0]LogConfig: Setting CVar [[gc.AllowParallelGC:1]]
[2020.08.01-18.39.54:364][  0]LogConfig: Setting CVar [[gc.TimeBetweenPurgingPendingKillObjects:61.1]]
[2020.08.01-18.39.54:367][  0]LogConfig: Setting CVar [[gc.MaxObjectsInEditor:25165824]]
[2020.08.01-18.39.54:369][  0]LogConfig: Setting CVar [[gc.IncrementalBeginDestroyEnabled:1]]
[2020.08.01-18.39.54:369][  0]LogConfig: Setting CVar [[gc.CreateGCClusters:1]]
[2020.08.01-18.39.54:372][  0]LogConfig: Setting CVar [[gc.MinGCClusterSize:5]]
[2020.08.01-18.39.54:373][  0]LogConfig: Setting CVar [[gc.ActorClusteringEnabled:0]]
[2020.08.01-18.39.54:373][  0]LogConfig: Setting CVar [[gc.BlueprintClusteringEnabled:0]]
[2020.08.01-18.39.54:374][  0]LogConfig: Setting CVar [[gc.UseDisregardForGCOnDedicatedServers:0]]
[2020.08.01-18.39.54:374][  0]LogConfig: Applying CVar settings from Section [/Script/Engine.NetworkSettings] File [C:/Users/harsh.DESKTOP-UNEK68K/Desktop/Multiplayer/PuzzlePlatforms/Saved/Config/Windows/Engine.ini]
[2020.08.01-18.39.54:375][  0]LogConfig: Applying CVar settings from Section [/Script/UnrealEd.CookerSettings] File [C:/Users/harsh.DESKTOP-UNEK68K/Desktop/Multiplayer/PuzzlePlatforms/Saved/Config/Windows/Engine.ini]
[2020.08.01-18.39.54:377][  0]LogConfig: Applying CVar settings from Section [ViewDistanceQuality@3] File [C:/Users/harsh.DESKTOP-UNEK68K/Desktop/Multiplayer/PuzzlePlatforms/Saved/Config/Windows/Scalability.ini]
[2020.08.01-18.39.54:378][  0]LogConfig: Setting CVar [[r.SkeletalMeshLODBias:0]]
[2020.08.01-18.39.54:385][  0]LogConfig: Setting CVar [[r.ViewDistanceScale:1.0]]
[2020.08.01-18.39.54:387][  0]LogConfig: Applying CVar settings from Section [AntiAliasingQuality@3] File [C:/Users/harsh.DESKTOP-UNEK68K/Desktop/Multiplayer/PuzzlePlatforms/Saved/Config/Windows/Scalability.ini]
[2020.08.01-18.39.54:388][  0]LogConfig: Setting CVar [[r.PostProcessAAQuality:4]]
[2020.08.01-18.39.54:389][  0]LogConfig: Applying CVar settings from Section [ShadowQuality@3] File [C:/Users/harsh.DESKTOP-UNEK68K/Desktop/Multiplayer/PuzzlePlatforms/Saved/Config/Windows/Scalability.ini]
[2020.08.01-18.39.54:391][  0]LogConfig: Setting CVar [[r.LightFunctionQuality:1]]
[2020.08.01-18.39.54:391][  0]LogConfig: Setting CVar [[r.ShadowQuality:5]]
[2020.08.01-18.39.54:395][  0]LogConfig: Setting CVar [[r.Shadow.CSM.MaxCascades:10]]
[2020.08.01-18.39.54:395][  0]LogConfig: Setting CVar [[r.Shadow.MaxResolution:2048]]
[2020.08.01-18.39.54:396][  0]LogConfig: Setting CVar [[r.Shadow.MaxCSMResolution:2048]]
[2020.08.01-18.39.54:398][  0]LogConfig: Setting CVar [[r.Shadow.RadiusThreshold:0.01]]
[2020.08.01-18.39.54:400][  0]LogConfig: Setting CVar [[r.Shadow.DistanceScale:1.0]]
[2020.08.01-18.39.54:403][  0]LogConfig: Setting CVar [[r.Shadow.CSM.TransitionScale:1.0]]
[2020.08.01-18.39.54:403][  0]LogConfig: Setting CVar [[r.Shadow.PreShadowResolutionFactor:1.0]]
[2020.08.01-18.39.54:406][  0]LogConfig: Setting CVar [[r.DistanceFieldShadowing:1]]
[2020.08.01-18.39.54:407][  0]LogConfig: Setting CVar [[r.DistanceFieldAO:1]]
[2020.08.01-18.39.54:408][  0]LogConfig: Setting CVar [[r.AOQuality:2]]
[2020.08.01-18.39.54:408][  0]LogConfig: Setting CVar [[r.VolumetricFog:1]]
[2020.08.01-18.39.54:409][  0]LogConfig: Setting CVar [[r.VolumetricFog.GridPixelSize:8]]
[2020.08.01-18.39.54:409][  0]LogConfig: Setting CVar [[r.VolumetricFog.GridSizeZ:128]]
[2020.08.01-18.39.54:410][  0]LogConfig: Setting CVar [[r.VolumetricFog.HistoryMissSupersampleCount:4]]
[2020.08.01-18.39.54:410][  0]LogConfig: Setting CVar [[r.LightMaxDrawDistanceScale:1]]
[2020.08.01-18.39.54:411][  0]LogConfig: Setting CVar [[r.CapsuleShadows:1]]
[2020.08.01-18.39.54:412][  0]LogConfig: Applying CVar settings from Section [PostProcessQuality@3] File [C:/Users/harsh.DESKTOP-UNEK68K/Desktop/Multiplayer/PuzzlePlatforms/Saved/Config/Windows/Scalability.ini]
[2020.08.01-18.39.54:417][  0]LogConfig: Setting CVar [[r.MotionBlurQuality:4]]
[2020.08.01-18.39.54:419][  0]LogConfig: Setting CVar [[r.AmbientOcclusionMipLevelFactor:0.4]]
[2020.08.01-18.39.54:420][  0]LogConfig: Setting CVar [[r.AmbientOcclusionMaxQuality:100]]
[2020.08.01-18.39.54:420][  0]LogConfig: Setting CVar [[r.AmbientOcclusionLevels:-1]]
[2020.08.01-18.39.54:421][  0]LogConfig: Setting CVar [[r.AmbientOcclusionRadiusScale:1.0]]
[2020.08.01-18.39.54:421][  0]LogConfig: Setting CVar [[r.DepthOfFieldQuality:2]]
[2020.08.01-18.39.54:422][  0]LogConfig: Setting CVar [[r.RenderTargetPoolMin:400]]
[2020.08.01-18.39.54:423][  0]LogConfig: Setting CVar [[r.LensFlareQuality:2]]
[2020.08.01-18.39.54:423][  0]LogConfig: Setting CVar [[r.SceneColorFringeQuality:1]]
[2020.08.01-18.39.54:424][  0]LogConfig: Setting CVar [[r.EyeAdaptationQuality:2]]
[2020.08.01-18.39.54:426][  0]LogConfig: Setting CVar [[r.BloomQuality:5]]
[2020.08.01-18.39.54:426][  0]LogConfig: Setting CVar [[r.FastBlurThreshold:100]]
[2020.08.01-18.39.54:430][  0]LogConfig: Setting CVar [[r.Upscale.Quality:3]]
[2020.08.01-18.39.54:431][  0]LogConfig: Setting CVar [[r.Tonemapper.GrainQuantization:1]]
[2020.08.01-18.39.54:434][  0]LogConfig: Setting CVar [[r.LightShaftQuality:1]]
[2020.08.01-18.39.54:434][  0]LogConfig: Setting CVar [[r.Filter.SizeScale:1]]
[2020.08.01-18.39.54:435][  0]LogConfig: Setting CVar [[r.Tonemapper.Quality:5]]
[2020.08.01-18.39.54:437][  0]LogConfig: Setting CVar [[r.DOF.Gather.AccumulatorQuality:1        ; higher gathering accumulator quality]]
[2020.08.01-18.39.54:437][  0]LogConfig: Setting CVar [[r.DOF.Gather.PostfilterMethod:1          ; Median3x3 postfilering method]]
[2020.08.01-18.39.54:441][  0]LogConfig: Setting CVar [[r.DOF.Gather.EnableBokehSettings:0       ; no bokeh simulation when gathering]]
[2020.08.01-18.39.54:441][  0]LogConfig: Setting CVar [[r.DOF.Gather.RingCount:4                 ; medium number of samples when gathering]]
[2020.08.01-18.39.54:442][  0]LogConfig: Setting CVar [[r.DOF.Scatter.ForegroundCompositing:1    ; additive foreground scattering]]
[2020.08.01-18.39.54:442][  0]LogConfig: Setting CVar [[r.DOF.Scatter.BackgroundCompositing:2    ; additive background scattering]]
[2020.08.01-18.39.54:443][  0]LogConfig: Setting CVar [[r.DOF.Scatter.EnableBokehSettings:1      ; bokeh simulation when scattering]]
[2020.08.01-18.39.54:443][  0]LogConfig: Setting CVar [[r.DOF.Scatter.MaxSpriteRatio:0.1         ; only a maximum of 10% of scattered bokeh]]
[2020.08.01-18.39.54:444][  0]LogConfig: Setting CVar [[r.DOF.Recombine.Quality:1                ; cheap slight out of focus]]
[2020.08.01-18.39.54:444][  0]LogConfig: Setting CVar [[r.DOF.Recombine.EnableBokehSettings:0    ; no bokeh simulation on slight out of focus]]
[2020.08.01-18.39.54:445][  0]LogConfig: Setting CVar [[r.DOF.TemporalAAQuality:1                ; more stable temporal accumulation]]
[2020.08.01-18.39.54:445][  0]LogConfig: Setting CVar [[r.DOF.Kernel.MaxForegroundRadius:0.025]]
[2020.08.01-18.39.54:446][  0]LogConfig: Setting CVar [[r.DOF.Kernel.MaxBackgroundRadius:0.025]]
[2020.08.01-18.39.54:451][  0]LogConfig: Applying CVar settings from Section [TextureQuality@3] File [C:/Users/harsh.DESKTOP-UNEK68K/Desktop/Multiplayer/PuzzlePlatforms/Saved/Config/Windows/Scalability.ini]
[2020.08.01-18.39.54:451][  0]LogConfig: Setting CVar [[r.Streaming.MipBias:0]]
[2020.08.01-18.39.54:454][  0]LogConfig: Setting CVar [[r.Streaming.AmortizeCPUToGPUCopy:0]]
[2020.08.01-18.39.54:454][  0]LogConfig: Setting CVar [[r.Streaming.MaxNumTexturesToStreamPerFrame:0]]
[2020.08.01-18.39.54:455][  0]LogConfig: Setting CVar [[r.Streaming.Boost:1]]
[2020.08.01-18.39.54:455][  0]LogConfig: Setting CVar [[r.MaxAnisotropy:8]]
[2020.08.01-18.39.54:456][  0]LogConfig: Setting CVar [[r.VT.MaxAnisotropy:8]]
[2020.08.01-18.39.54:457][  0]LogConfig: Setting CVar [[r.Streaming.LimitPoolSizeToVRAM:0]]
[2020.08.01-18.39.54:457][  0]LogConfig: Setting CVar [[r.Streaming.PoolSize:1000]]
[2020.08.01-18.39.54:457][  0]LogConfig: Setting CVar [[r.Streaming.MaxEffectiveScreenSize:0]]
[2020.08.01-18.39.54:458][  0]LogConfig: Applying CVar settings from Section [EffectsQuality@3] File [C:/Users/harsh.DESKTOP-UNEK68K/Desktop/Multiplayer/PuzzlePlatforms/Saved/Config/Windows/Scalability.ini]
[2020.08.01-18.39.54:458][  0]LogConfig: Setting CVar [[r.TranslucencyLightingVolumeDim:64]]
[2020.08.01-18.39.54:459][  0]LogConfig: Setting CVar [[r.RefractionQuality:2]]
[2020.08.01-18.39.54:462][  0]LogConfig: Setting CVar [[r.SSR.Quality:3]]
[2020.08.01-18.39.54:464][  0]LogConfig: Setting CVar [[r.SSR.HalfResSceneColor:0]]
[2020.08.01-18.39.54:464][  0]LogConfig: Setting CVar [[r.SceneColorFormat:4]]
[2020.08.01-18.39.54:467][  0]LogConfig: Setting CVar [[r.DetailMode:2]]
[2020.08.01-18.39.54:467][  0]LogConfig: Setting CVar [[r.TranslucencyVolumeBlur:1]]
[2020.08.01-18.39.54:468][  0]LogConfig: Setting CVar [[r.MaterialQualityLevel:1 ; High quality]]
[2020.08.01-18.39.54:468][  0]LogConfig: Setting CVar [[r.SSS.Scale:1]]
[2020.08.01-18.39.54:469][  0]LogConfig: Setting CVar [[r.SSS.SampleSet:2]]
[2020.08.01-18.39.54:469][  0]LogConfig: Setting CVar [[r.SSS.Quality:1]]
[2020.08.01-18.39.54:469][  0]LogConfig: Setting CVar [[r.SSS.HalfRes:1]]
[2020.08.01-18.39.54:470][  0]LogConfig: Setting CVar [[r.SSGI.Quality:3]]
[2020.08.01-18.39.54:472][  0]LogConfig: Setting CVar [[r.EmitterSpawnRateScale:1.0]]
[2020.08.01-18.39.54:475][  0]LogConfig: Setting CVar [[r.ParticleLightQuality:2]]
[2020.08.01-18.39.54:476][  0]LogConfig: Setting CVar [[r.SkyAtmosphere.AerialPerspectiveLUT.FastApplyOnOpaque:1 ; Always have FastSkyLUT 1 in this case to avoid wrong sky]]
[2020.08.01-18.39.54:476][  0]LogConfig: Setting CVar [[r.SkyAtmosphere.AerialPerspectiveLUT.SampleCountPerSlice:1]]
[2020.08.01-18.39.54:477][  0]LogConfig: Setting CVar [[r.SkyAtmosphere.AerialPerspectiveLUT.DepthResolution:16.0]]
[2020.08.01-18.39.54:478][  0]LogConfig: Setting CVar [[r.SkyAtmosphere.FastSkyLUT:1]]
[2020.08.01-18.39.54:478][  0]LogConfig: Setting CVar [[r.SkyAtmosphere.FastSkyLUT.SampleCountMin:4.0]]
[2020.08.01-18.39.54:479][  0]LogConfig: Setting CVar [[r.SkyAtmosphere.FastSkyLUT.SampleCountMax:32.0]]
[2020.08.01-18.39.54:480][  0]LogConfig: Setting CVar [[r.SkyAtmosphere.SampleCountMin:4.0]]
[2020.08.01-18.39.54:484][  0]LogConfig: Setting CVar [[r.SkyAtmosphere.SampleCountMax:32.0]]
[2020.08.01-18.39.54:485][  0]LogConfig: Setting CVar [[r.SkyAtmosphere.TransmittanceLUT.UseSmallFormat:0]]
[2020.08.01-18.39.54:488][  0]LogConfig: Setting CVar [[r.SkyAtmosphere.TransmittanceLUT.SampleCount:10.0]]
[2020.08.01-18.39.54:488][  0]LogConfig: Setting CVar [[r.SkyAtmosphere.MultiScatteringLUT.SampleCount:15.0]]
[2020.08.01-18.39.54:489][  0]LogConfig: Applying CVar settings from Section [FoliageQuality@3] File [C:/Users/harsh.DESKTOP-UNEK68K/Desktop/Multiplayer/PuzzlePlatforms/Saved/Config/Windows/Scalability.ini]
[2020.08.01-18.39.54:489][  0]LogConfig: Setting CVar [[foliage.DensityScale:1.0]]
[2020.08.01-18.39.54:490][  0]LogConfig: Setting CVar [[grass.DensityScale:1.0]]
[2020.08.01-18.39.54:491][  0]LogConfig: Applying CVar settings from Section [ShadingQuality@3] File [C:/Users/harsh.DESKTOP-UNEK68K/Desktop/Multiplayer/PuzzlePlatforms/Saved/Config/Windows/Scalability.ini]
[2020.08.01-18.39.54:491][  0]LogConfig: Setting CVar [[r.HairStrands.SkyLighting.SampleCount:16]]
[2020.08.01-18.39.54:492][  0]LogConfig: Setting CVar [[r.HairStrands.SkyLighting.JitterIntegration:0]]
[2020.08.01-18.39.54:492][  0]LogConfig: Setting CVar [[r.HairStrands.SkyAO.SampleCount:16]]
[2020.08.01-18.39.54:493][  0]LogInit: Selected Device Profile: [Windows]
[2020.08.01-18.39.54:496][  0]LogInit: Applying CVar settings loaded from the selected device profile: [Windows]
[2020.08.01-18.39.54:505][  0]LogHAL: Display: Platform has ~ 8 GB [8449904640 / 8589934592 / 8], which maps to Default [LargestMinGB=32, LargerMinGB=12, DefaultMinGB=8, SmallerMinGB=6, SmallestMinGB=0)
[2020.08.01-18.39.54:506][  0]LogInit: Going up to parent DeviceProfile []
[2020.08.01-18.39.54:506][  0]LogConfig: Applying CVar settings from Section [ViewDistanceQuality@3] File [C:/Users/harsh.DESKTOP-UNEK68K/Desktop/Multiplayer/PuzzlePlatforms/Saved/Config/Windows/Scalability.ini]
[2020.08.01-18.39.54:510][  0]LogConfig: Setting CVar [[r.SkeletalMeshLODBias:0]]
[2020.08.01-18.39.54:511][  0]LogConfig: Setting CVar [[r.ViewDistanceScale:1.0]]
[2020.08.01-18.39.54:511][  0]LogConfig: Applying CVar settings from Section [AntiAliasingQuality@3] File [C:/Users/harsh.DESKTOP-UNEK68K/Desktop/Multiplayer/PuzzlePlatforms/Saved/Config/Windows/Scalability.ini]
[2020.08.01-18.39.54:512][  0]LogConfig: Setting CVar [[r.PostProcessAAQuality:4]]
[2020.08.01-18.39.54:512][  0]LogConfig: Applying CVar settings from Section [ShadowQuality@3] File [C:/Users/harsh.DESKTOP-UNEK68K/Desktop/Multiplayer/PuzzlePlatforms/Saved/Config/Windows/Scalability.ini]
[2020.08.01-18.39.54:513][  0]LogConfig: Setting CVar [[r.LightFunctionQuality:1]]
[2020.08.01-18.39.54:518][  0]LogConfig: Setting CVar [[r.ShadowQuality:5]]
[2020.08.01-18.39.54:518][  0]LogConfig: Setting CVar [[r.Shadow.CSM.MaxCascades:10]]
[2020.08.01-18.39.54:521][  0]LogConfig: Setting CVar [[r.Shadow.MaxResolution:2048]]
[2020.08.01-18.39.54:522][  0]LogConfig: Setting CVar [[r.Shadow.MaxCSMResolution:2048]]
[2020.08.01-18.39.54:523][  0]LogConfig: Setting CVar [[r.Shadow.RadiusThreshold:0.01]]
[2020.08.01-18.39.54:523][  0]LogConfig: Setting CVar [[r.Shadow.DistanceScale:1.0]]
[2020.08.01-18.39.54:524][  0]LogConfig: Setting CVar [[r.Shadow.CSM.TransitionScale:1.0]]
[2020.08.01-18.39.54:524][  0]LogConfig: Setting CVar [[r.Shadow.PreShadowResolutionFactor:1.0]]
[2020.08.01-18.39.54:525][  0]LogConfig: Setting CVar [[r.DistanceFieldShadowing:1]]
[2020.08.01-18.39.54:525][  0]LogConfig: Setting CVar [[r.DistanceFieldAO:1]]
[2020.08.01-18.39.54:526][  0]LogConfig: Setting CVar [[r.AOQuality:2]]
[2020.08.01-18.39.54:527][  0]LogConfig: Setting CVar [[r.VolumetricFog:1]]
[2020.08.01-18.39.54:529][  0]LogConfig: Setting CVar [[r.VolumetricFog.GridPixelSize:8]]
[2020.08.01-18.39.54:535][  0]LogConfig: Setting CVar [[r.VolumetricFog.GridSizeZ:128]]
[2020.08.01-18.39.54:536][  0]LogConfig: Setting CVar [[r.VolumetricFog.HistoryMissSupersampleCount:4]]
[2020.08.01-18.39.54:536][  0]LogConfig: Setting CVar [[r.LightMaxDrawDistanceScale:1]]
[2020.08.01-18.39.54:537][  0]LogConfig: Setting CVar [[r.CapsuleShadows:1]]
[2020.08.01-18.39.54:538][  0]LogConfig: Applying CVar settings from Section [PostProcessQuality@3] File [C:/Users/harsh.DESKTOP-UNEK68K/Desktop/Multiplayer/PuzzlePlatforms/Saved/Config/Windows/Scalability.ini]
[2020.08.01-18.39.54:540][  0]LogConfig: Setting CVar [[r.MotionBlurQuality:4]]
[2020.08.01-18.39.54:540][  0]LogConfig: Setting CVar [[r.AmbientOcclusionMipLevelFactor:0.4]]
[2020.08.01-18.39.54:544][  0]LogConfig: Setting CVar [[r.AmbientOcclusionMaxQuality:100]]
[2020.08.01-18.39.54:544][  0]LogConfig: Setting CVar [[r.AmbientOcclusionLevels:-1]]
[2020.08.01-18.39.54:545][  0]LogConfig: Setting CVar [[r.AmbientOcclusionRadiusScale:1.0]]
[2020.08.01-18.39.54:546][  0]LogConfig: Setting CVar [[r.DepthOfFieldQuality:2]]
[2020.08.01-18.39.54:546][  0]LogConfig: Setting CVar [[r.RenderTargetPoolMin:400]]
[2020.08.01-18.39.54:547][  0]LogConfig: Setting CVar [[r.LensFlareQuality:2]]
[2020.08.01-18.39.54:549][  0]LogConfig: Setting CVar [[r.SceneColorFringeQuality:1]]
[2020.08.01-18.39.54:552][  0]LogConfig: Setting CVar [[r.EyeAdaptationQuality:2]]
[2020.08.01-18.39.54:552][  0]LogConfig: Setting CVar [[r.BloomQuality:5]]
[2020.08.01-18.39.54:555][  0]LogConfig: Setting CVar [[r.FastBlurThreshold:100]]
[2020.08.01-18.39.54:556][  0]LogConfig: Setting CVar [[r.Upscale.Quality:3]]
[2020.08.01-18.39.54:557][  0]LogConfig: Setting CVar [[r.Tonemapper.GrainQuantization:1]]
[2020.08.01-18.39.54:557][  0]LogConfig: Setting CVar [[r.LightShaftQuality:1]]
[2020.08.01-18.39.54:558][  0]LogConfig: Setting CVar [[r.Filter.SizeScale:1]]
[2020.08.01-18.39.54:558][  0]LogConfig: Setting CVar [[r.Tonemapper.Quality:5]]
[2020.08.01-18.39.54:559][  0]LogConfig: Setting CVar [[r.DOF.Gather.AccumulatorQuality:1        ; higher gathering accumulator quality]]
[2020.08.01-18.39.54:560][  0]LogConfig: Setting CVar [[r.DOF.Gather.PostfilterMethod:1          ; Median3x3 postfilering method]]
[2020.08.01-18.39.54:562][  0]LogConfig: Setting CVar [[r.DOF.Gather.EnableBokehSettings:0       ; no bokeh simulation when gathering]]
[2020.08.01-18.39.54:563][  0]LogConfig: Setting CVar [[r.DOF.Gather.RingCount:4                 ; medium number of samples when gathering]]
[2020.08.01-18.39.54:568][  0]LogConfig: Setting CVar [[r.DOF.Scatter.ForegroundCompositing:1    ; additive foreground scattering]]
[2020.08.01-18.39.54:568][  0]LogConfig: Setting CVar [[r.DOF.Scatter.BackgroundCompositing:2    ; additive background scattering]]
[2020.08.01-18.39.54:569][  0]LogConfig: Setting CVar [[r.DOF.Scatter.EnableBokehSettings:1      ; bokeh simulation when scattering]]
[2020.08.01-18.39.54:570][  0]LogConfig: Setting CVar [[r.DOF.Scatter.MaxSpriteRatio:0.1         ; only a maximum of 10% of scattered bokeh]]
[2020.08.01-18.39.54:570][  0]LogConfig: Setting CVar [[r.DOF.Recombine.Quality:1                ; cheap slight out of focus]]
[2020.08.01-18.39.54:571][  0]LogConfig: Setting CVar [[r.DOF.Recombine.EnableBokehSettings:0    ; no bokeh simulation on slight out of focus]]
[2020.08.01-18.39.54:573][  0]LogConfig: Setting CVar [[r.DOF.TemporalAAQuality:1                ; more stable temporal accumulation]]
[2020.08.01-18.39.54:576][  0]LogConfig: Setting CVar [[r.DOF.Kernel.MaxForegroundRadius:0.025]]
[2020.08.01-18.39.54:577][  0]LogConfig: Setting CVar [[r.DOF.Kernel.MaxBackgroundRadius:0.025]]
[2020.08.01-18.39.54:577][  0]LogConfig: Applying CVar settings from Section [TextureQuality@3] File [C:/Users/harsh.DESKTOP-UNEK68K/Desktop/Multiplayer/PuzzlePlatforms/Saved/Config/Windows/Scalability.ini]
[2020.08.01-18.39.54:578][  0]LogConfig: Setting CVar [[r.Streaming.MipBias:0]]
[2020.08.01-18.39.54:578][  0]LogConfig: Setting CVar [[r.Streaming.AmortizeCPUToGPUCopy:0]]
[2020.08.01-18.39.54:579][  0]LogConfig: Setting CVar [[r.Streaming.MaxNumTexturesToStreamPerFrame:0]]
[2020.08.01-18.39.54:580][  0]LogConfig: Setting CVar [[r.Streaming.Boost:1]]
[2020.08.01-18.39.54:583][  0]LogConfig: Setting CVar [[r.MaxAnisotropy:8]]
[2020.08.01-18.39.54:583][  0]LogConfig: Setting CVar [[r.VT.MaxAnisotropy:8]]
[2020.08.01-18.39.54:586][  0]LogConfig: Setting CVar [[r.Streaming.LimitPoolSizeToVRAM:0]]
[2020.08.01-18.39.54:587][  0]LogConfig: Setting CVar [[r.Streaming.PoolSize:1000]]
[2020.08.01-18.39.54:587][  0]LogConfig: Setting CVar [[r.Streaming.MaxEffectiveScreenSize:0]]
[2020.08.01-18.39.54:588][  0]LogConfig: Applying CVar settings from Section [EffectsQuality@3] File [C:/Users/harsh.DESKTOP-UNEK68K/Desktop/Multiplayer/PuzzlePlatforms/Saved/Config/Windows/Scalability.ini]
[2020.08.01-18.39.54:589][  0]LogConfig: Setting CVar [[r.TranslucencyLightingVolumeDim:64]]
[2020.08.01-18.39.54:589][  0]LogConfig: Setting CVar [[r.RefractionQuality:2]]
[2020.08.01-18.39.54:590][  0]LogConfig: Setting CVar [[r.SSR.Quality:3]]
[2020.08.01-18.39.54:590][  0]LogConfig: Setting CVar [[r.SSR.HalfResSceneColor:0]]
[2020.08.01-18.39.54:591][  0]LogConfig: Setting CVar [[r.SceneColorFormat:4]]
[2020.08.01-18.39.54:594][  0]LogConfig: Setting CVar [[r.DetailMode:2]]
[2020.08.01-18.39.54:594][  0]LogConfig: Setting CVar [[r.TranslucencyVolumeBlur:1]]
[2020.08.01-18.39.54:597][  0]LogConfig: Setting CVar [[r.MaterialQualityLevel:1 ; High quality]]
[2020.08.01-18.39.54:598][  0]LogConfig: Setting CVar [[r.SSS.Scale:1]]
[2020.08.01-18.39.54:599][  0]LogConfig: Setting CVar [[r.SSS.SampleSet:2]]
[2020.08.01-18.39.54:600][  0]LogConfig: Setting CVar [[r.SSS.Quality:1]]
[2020.08.01-18.39.54:600][  0]LogConfig: Setting CVar [[r.SSS.HalfRes:1]]
[2020.08.01-18.39.54:601][  0]LogConfig: Setting CVar [[r.SSGI.Quality:3]]
[2020.08.01-18.39.54:602][  0]LogConfig: Setting CVar [[r.EmitterSpawnRateScale:1.0]]
[2020.08.01-18.39.54:604][  0]LogConfig: Setting CVar [[r.ParticleLightQuality:2]]
[2020.08.01-18.39.54:604][  0]LogConfig: Setting CVar [[r.SkyAtmosphere.AerialPerspectiveLUT.FastApplyOnOpaque:1 ; Always have FastSkyLUT 1 in this case to avoid wrong sky]]
[2020.08.01-18.39.54:608][  0]LogConfig: Setting CVar [[r.SkyAtmosphere.AerialPerspectiveLUT.SampleCountPerSlice:1]]
[2020.08.01-18.39.54:608][  0]LogConfig: Setting CVar [[r.SkyAtmosphere.AerialPerspectiveLUT.DepthResolution:16.0]]
[2020.08.01-18.39.54:609][  0]LogConfig: Setting CVar [[r.SkyAtmosphere.FastSkyLUT:1]]
[2020.08.01-18.39.54:609][  0]LogConfig: Setting CVar [[r.SkyAtmosphere.FastSkyLUT.SampleCountMin:4.0]]
[2020.08.01-18.39.54:610][  0]LogConfig: Setting CVar [[r.SkyAtmosphere.FastSkyLUT.SampleCountMax:32.0]]
[2020.08.01-18.39.54:610][  0]LogConfig: Setting CVar [[r.SkyAtmosphere.SampleCountMin:4.0]]
[2020.08.01-18.39.54:611][  0]LogConfig: Setting CVar [[r.SkyAtmosphere.SampleCountMax:32.0]]
[2020.08.01-18.39.54:612][  0]LogConfig: Setting CVar [[r.SkyAtmosphere.TransmittanceLUT.UseSmallFormat:0]]
[2020.08.01-18.39.54:616][  0]LogConfig: Setting CVar [[r.SkyAtmosphere.TransmittanceLUT.SampleCount:10.0]]
[2020.08.01-18.39.54:616][  0]LogConfig: Setting CVar [[r.SkyAtmosphere.MultiScatteringLUT.SampleCount:15.0]]
[2020.08.01-18.39.54:619][  0]LogConfig: Applying CVar settings from Section [FoliageQuality@3] File [C:/Users/harsh.DESKTOP-UNEK68K/Desktop/Multiplayer/PuzzlePlatforms/Saved/Config/Windows/Scalability.ini]
[2020.08.01-18.39.54:619][  0]LogConfig: Setting CVar [[foliage.DensityScale:1.0]]
[2020.08.01-18.39.54:620][  0]LogConfig: Setting CVar [[grass.DensityScale:1.0]]
[2020.08.01-18.39.54:620][  0]LogConfig: Applying CVar settings from Section [ShadingQuality@3] File [C:/Users/harsh.DESKTOP-UNEK68K/Desktop/Multiplayer/PuzzlePlatforms/Saved/Config/Windows/Scalability.ini]
[2020.08.01-18.39.54:621][  0]LogConfig: Setting CVar [[r.HairStrands.SkyLighting.SampleCount:16]]
[2020.08.01-18.39.54:622][  0]LogConfig: Setting CVar [[r.HairStrands.SkyLighting.JitterIntegration:0]]
[2020.08.01-18.39.54:622][  0]LogConfig: Setting CVar [[r.HairStrands.SkyAO.SampleCount:16]]
[2020.08.01-18.39.54:623][  0]LogConfig: Applying CVar settings from Section [Startup] File [../../../Engine/Config/ConsoleVariables.ini]
[2020.08.01-18.39.54:624][  0]LogConfig: Setting CVar [[net.UseAdaptiveNetUpdateFrequency:0]]
[2020.08.01-18.39.54:624][  0]LogConfig: Setting CVar [[p.chaos.AllowCreatePhysxBodies:1]]
[2020.08.01-18.39.54:627][  0]LogConfig: Applying CVar settings from Section [ConsoleVariables] File [C:/Users/harsh.DESKTOP-UNEK68K/Desktop/Multiplayer/PuzzlePlatforms/Saved/Config/Windows/Engine.ini]
[2020.08.01-18.39.54:630][  0]LogInit: Computer: DESKTOP-UNEK68K
[2020.08.01-18.39.54:631][  0]LogInit: User: harsh
[2020.08.01-18.39.54:631][  0]LogInit: CPU Page size=4096, Cores=4
[2020.08.01-18.39.54:632][  0]LogInit: High frequency timer resolution =10.000000 MHz
[2020.08.01-18.39.54:633][  0]LogMemory: Memory total: Physical=7.9GB (8GB approx)
[2020.08.01-18.39.54:633][  0]LogMemory: Platform Memory Stats for Windows
[2020.08.01-18.39.54:633][  0]LogMemory: Process Physical Memory: 105.49 MB used, 105.49 MB peak
[2020.08.01-18.39.54:634][  0]LogMemory: Process Virtual Memory: 100.05 MB used, 100.05 MB peak
[2020.08.01-18.39.54:637][  0]LogMemory: Physical Memory: 4157.36 MB used,  3901.10 MB free, 8058.46 MB total
[2020.08.01-18.39.54:637][  0]LogMemory: Virtual Memory: 5122.20 MB used,  134212608.00 MB free, 134217728.00 MB total
[2020.08.01-18.39.54:646][  0]LogWindows: WindowsPlatformFeatures enabled
[2020.08.01-18.39.54:672][  0]LogInit: Using OS detected language (en-US).
[2020.08.01-18.39.54:672][  0]LogInit: Using OS detected locale (en-US).
[2020.08.01-18.39.54:675][  0]LogTextLocalizationManager: No specific localization for 'en-US' exists, so the 'en' localization will be used.
[2020.08.01-18.39.54:898][  0]LogSlate: New Slate User Created.  User Index 0, Is Virtual User: 0
[2020.08.01-18.39.54:898][  0]LogSlate: Slate User Registered.  User Index 0, Is Virtual User: 0
[2020.08.01-18.39.54:952][  0]LogHMD: Failed to initialize OpenVR with code 110
[2020.08.01-18.39.54:952][  0]LogD3D11RHI: D3D11 min allowed feature level: 11_0
[2020.08.01-18.39.54:954][  0]LogD3D11RHI: D3D11 max allowed feature level: 11_0
[2020.08.01-18.39.54:957][  0]LogD3D11RHI: D3D11 adapters:
[2020.08.01-18.39.55:849][  0]LogD3D11RHI:    0. 'NVIDIA GeForce GTX 1050' (Feature Level 11_0)
[2020.08.01-18.39.55:850][  0]LogD3D11RHI:       4019/0/4029 MB DedicatedVideo/DedicatedSystem/SharedSystem, Outputs:1, VendorId:0x10de
[2020.08.01-18.39.55:871][  0]LogD3D11RHI:    1. 'Intel(R) HD Graphics 630' (Feature Level 11_0)
[2020.08.01-18.39.55:871][  0]LogD3D11RHI:       128/0/4029 MB DedicatedVideo/DedicatedSystem/SharedSystem, Outputs:0, VendorId:0x8086
[2020.08.01-18.39.55:875][  0]LogD3D11RHI:    2. 'Microsoft Basic Render Driver' (Feature Level 11_0)
[2020.08.01-18.39.55:876][  0]LogD3D11RHI:       0/0/4029 MB DedicatedVideo/DedicatedSystem/SharedSystem, Outputs:0, VendorId:0x1414
[2020.08.01-18.39.55:876][  0]LogD3D11RHI: Chosen D3D11 Adapter: 0
[2020.08.01-18.39.55:920][  0]LogD3D11RHI: Creating new Direct3DDevice
[2020.08.01-18.39.55:921][  0]LogD3D11RHI:     GPU DeviceId: 0x1c8d (for the marketing name, search the web for "GPU Device Id")
[2020.08.01-18.39.55:922][  0]LogWindows: EnumDisplayDevices:
[2020.08.01-18.39.55:927][  0]LogWindows:    0. 'Intel(R) HD Graphics 630' (P:1 D:1)
[2020.08.01-18.39.55:928][  0]LogWindows:    1. 'Intel(R) HD Graphics 630' (P:0 D:0)
[2020.08.01-18.39.55:928][  0]LogWindows:    2. 'Intel(R) HD Graphics 630' (P:0 D:0)
[2020.08.01-18.39.55:929][  0]LogWindows:    3. 'NVIDIA GeForce GTX 1050' (P:0 D:0)
[2020.08.01-18.39.55:932][  0]LogWindows: DebugString: PrimaryIsNotTheChoosenAdapter PrimaryIsNotTheChoosenAdapter PrimaryIsNotTheChoosenAdapter 
[2020.08.01-18.39.55:932][  0]LogD3D11RHI:     Adapter Name: NVIDIA GeForce GTX 1050
[2020.08.01-18.39.55:935][  0]LogD3D11RHI:   Driver Version: 417.35 (internal:25.21.14.1735, unified:417.35)
[2020.08.01-18.39.55:935][  0]LogD3D11RHI:      Driver Date: 12-11-2018
[2020.08.01-18.39.55:937][  0]LogRHI: Texture pool is 2813 MB (70% of 4019 MB)
[2020.08.01-18.39.55:989][  0]LogD3D11RHI: RHI has support for 64 bit atomics
[2020.08.01-18.39.55:989][  0]LogD3D11RHI: Async texture creation enabled
[2020.08.01-18.39.56:017][  0]LogD3D11RHI: GPU Timing Frequency: 1000.000000 (Debug: 2 2)
[2020.08.01-18.39.56:317][  0]LogTargetPlatformManager: Display: Loaded TargetPlatform 'WindowsNoEditor'
[2020.08.01-18.39.56:321][  0]LogTargetPlatformManager: Display: Loaded TargetPlatform 'Windows'
[2020.08.01-18.39.56:333][  0]LogTargetPlatformManager: Display: Loaded TargetPlatform 'WindowsClient'
[2020.08.01-18.39.56:343][  0]LogTargetPlatformManager: Display: Loaded TargetPlatform 'WindowsServer'
[2020.08.01-18.39.56:343][  0]LogTargetPlatformManager: Display: Building Assets For Windows
[2020.08.01-18.39.56:349][  0]LogAudioDebug: Display: Lib vorbis DLL was dynamically loaded.
[2020.08.01-18.39.56:385][  0]LogShaderCompilers: Guid format shader working directory is -20 characters bigger than the processId version (../../../../../../Users/harsh.DESKTOP-UNEK68K/Desktop/Multiplayer/PuzzlePlatforms/Intermediate/Shaders/WorkingDirectory/20968/).
[2020.08.01-18.39.56:385][  0]LogShaderCompilers: Cleaned the shader compiler working directory 'C:/Users/harsh.DESKTOP-UNEK68K/AppData/Local/Temp/UnrealShaderWorkingDir/97D728BD44ADB5FDF3783C953518D083/'.
[2020.08.01-18.39.56:387][  0]LogXGEController: Cleaning working directory: C:/Users/harsh.DESKTOP-UNEK68K/AppData/Local/Temp/UnrealXGEWorkingDir/
[2020.08.01-18.39.56:388][  0]LogXGEController: Cannot use XGE Controller as Incredibuild is not installed on this machine.
[2020.08.01-18.39.56:391][  0]LogShaderCompilers: Cannot use XGE Shader Compiler as Incredibuild is not installed on this machine.
[2020.08.01-18.39.56:392][  0]LogShaderCompilers: Display: Using Local Shader Compiler.
[2020.08.01-18.39.57:196][  0]LogDerivedDataCache: Display: Max Cache Size: 512 MB
[2020.08.01-18.39.57:268][  0]LogDerivedDataCache: Loaded boot cache 0.07s 82MB C:/Users/harsh.DESKTOP-UNEK68K/AppData/Local/UnrealEngine/4.24/DerivedDataCache/Boot.ddc.
[2020.08.01-18.39.57:269][  0]LogDerivedDataCache: Display: Loaded Boot cache: C:/Users/harsh.DESKTOP-UNEK68K/AppData/Local/UnrealEngine/4.24/DerivedDataCache/Boot.ddc
[2020.08.01-18.39.57:270][  0]LogDerivedDataCache: FDerivedDataBackendGraph:  Pak pak cache file ../../../../../../Users/harsh.DESKTOP-UNEK68K/Desktop/Multiplayer/PuzzlePlatforms/DerivedDataCache/DDC.ddp not found, will not use a pak cache.
[2020.08.01-18.39.57:274][  0]LogDerivedDataCache: Unable to find inner node Pak for hierarchical cache Hierarchy.
[2020.08.01-18.39.57:275][  0]LogDerivedDataCache: FDerivedDataBackendGraph:  CompressedPak pak cache file ../../../../../../Users/harsh.DESKTOP-UNEK68K/Desktop/Multiplayer/PuzzlePlatforms/DerivedDataCache/Compressed.ddp not found, will not use a pak cache.
[2020.08.01-18.39.57:276][  0]LogDerivedDataCache: Unable to find inner node CompressedPak for hierarchical cache Hierarchy.
[2020.08.01-18.39.57:297][  0]LogDerivedDataCache: Display: Pak cache opened for reading ../../../Engine/DerivedDataCache/Compressed.ddp.
[2020.08.01-18.39.57:298][  0]LogDerivedDataCache: FDerivedDataBackendGraph:  EnterprisePak pak cache file ../../../Enterprise/DerivedDataCache/Compressed.ddp not found, will not use a pak cache.
[2020.08.01-18.39.57:300][  0]LogDerivedDataCache: Unable to find inner node EnterprisePak for hierarchical cache Hierarchy.
[2020.08.01-18.39.57:305][  0]LogDerivedDataCache: Using Local data cache path C:/Users/harsh.DESKTOP-UNEK68K/AppData/Local/UnrealEngine/Common/DerivedDataCache: Writable
[2020.08.01-18.39.57:306][  0]LogDerivedDataCache: Shared data cache path not found in *engine.ini, will not use an Shared cache.
[2020.08.01-18.39.57:307][  0]LogDerivedDataCache: Unable to find inner node Shared for hierarchical cache Hierarchy.
[2020.08.01-18.39.57:366][  0]LogMaterial: Verifying Global Shaders for PCD3D_SM5
[2020.08.01-18.39.57:371][  0]LogSlate: Using FreeType 2.10.0
[2020.08.01-18.39.57:373][  0]LogSlate: SlateFontServices - WITH_FREETYPE: 1, WITH_HARFBUZZ: 1
[2020.08.01-18.39.57:649][  0]LogInit: Using OS detected language (en-US).
[2020.08.01-18.39.57:649][  0]LogInit: Using OS detected locale (en-US).
[2020.08.01-18.39.57:652][  0]LogTextLocalizationManager: No localization for 'en-US' exists, so 'en' will be used for the language.
[2020.08.01-18.39.57:656][  0]LogTextLocalizationManager: No localization for 'en-US' exists, so 'en' will be used for the locale.
[2020.08.01-18.39.57:657][  0]LogSlate: FontCache flush requested. Reason: Culture for localization was changed
[2020.08.01-18.39.57:659][  0]LogSlate: FontCache flush requested. Reason: Culture for localization was changed
[2020.08.01-18.39.57:664][  0]LogTextLocalizationManager: Compacting localization data took   0.00ms
[2020.08.01-18.39.57:671][  0]LogAssetRegistry: FAssetRegistry took 0.0023 seconds to start up
[2020.08.01-18.39.57:945][  0]LogPackageLocalizationCache: Processed 10 localized package path(s) for 1 prioritized culture(s) in 0.012246 seconds
[2020.08.01-18.39.58:008][  0]LogInit: Selected Device Profile: [Windows]
[2020.08.01-18.39.58:159][  0]LogMeshReduction: Using QuadricMeshReduction for automatic static mesh reduction
[2020.08.01-18.39.58:159][  0]LogMeshReduction: Using SimplygonMeshReduction for automatic skeletal mesh reduction
[2020.08.01-18.39.58:161][  0]LogMeshReduction: Using ProxyLODMeshReduction for automatic mesh merging
[2020.08.01-18.39.58:161][  0]LogMeshReduction: No distributed automatic mesh merging module available
[2020.08.01-18.39.58:165][  0]LogMeshMerging: No distributed automatic mesh merging module available
[2020.08.01-18.39.58:182][  0]LogNetVersion: PuzzlePlatforms 1.0.0, NetCL: 10570792, EngineNetVer: 13, GameNetVer: 0 (Checksum: 2226377169)
[2020.08.01-18.39.58:905][  0]LogMoviePlayer: Initializing movie player
[2020.08.01-18.39.59:274][  0]SourceControl: Source control is disabled
[2020.08.01-18.39.59:276][  0]SourceControl: Source control is disabled
[2020.08.01-18.39.59:282][  0]SourceControl: Source control is disabled
[2020.08.01-18.39.59:317][  0]LogAndroidPermission: UAndroidPermissionCallbackProxy::GetInstance
[2020.08.01-18.39.59:324][  0]LogAudioCaptureCore: Display: No Audio Capture implementations found. Audio input will be silent.
[2020.08.01-18.39.59:324][  0]LogAudioCaptureCore: Display: No Audio Capture implementations found. Audio input will be silent.
[2020.08.01-18.39.59:384][  0]LogOcInput: OculusInput pre-init called
[2020.08.01-18.39.59:395][  0]LogUObjectArray: 53662 objects as part of root set at end of initial load.
[2020.08.01-18.39.59:395][  0]LogUObjectAllocator: 9727480 out of 0 bytes used by permanent object pool.
[2020.08.01-18.39.59:396][  0]LogUObjectArray: CloseDisregardForGC: 0/0 objects in disregard for GC pool
[2020.08.01-18.39.59:459][  0]LogEngine: Initializing Engine...
[2020.08.01-18.39.59:460][  0]LogHMD: Failed to initialize OpenVR with code 110
[2020.08.01-18.39.59:462][  0]LogStats: UGameplayTagsManager::InitializeManager -  0.000 s
[2020.08.01-18.39.59:692][  0]LogInit: Initializing FReadOnlyCVARCache
[2020.08.01-18.39.59:695][  0]LogAudioMixer: Display: Audio Mixer Platform Settings:
[2020.08.01-18.39.59:698][  0]LogAudioMixer: Display: 	Sample Rate:						  48000
[2020.08.01-18.39.59:699][  0]LogAudioMixer: Display: 	Callback Buffer Frame Size Requested: 1024
[2020.08.01-18.39.59:699][  0]LogAudioMixer: Display: 	Callback Buffer Frame Size To Use:	  1024
[2020.08.01-18.39.59:700][  0]LogAudioMixer: Display: 	Number of buffers to queue:			  2
[2020.08.01-18.39.59:701][  0]LogAudioMixer: Display: 	Max Channels (voices):				  32
[2020.08.01-18.39.59:701][  0]LogAudioMixer: Display: 	Number of Async Source Workers:		  0
[2020.08.01-18.39.59:702][  0]LogAudio: Display: AudioDevice MaxSources: 32
[2020.08.01-18.39.59:703][  0]LogAudio: Display: Using built-in audio occlusion.
[2020.08.01-18.39.59:705][  0]LogAudioMixer: Display: Initializing audio mixer.
[2020.08.01-18.39.59:734][  0]LogAudioMixer: Display: Audio Device Output Speaker Info:
[2020.08.01-18.39.59:734][  0]LogAudioMixer: Display: Name: Speakers / Headphones (Realtek Audio)
[2020.08.01-18.39.59:735][  0]LogAudioMixer: Display: Is Default: Yes
[2020.08.01-18.39.59:736][  0]LogAudioMixer: Display: Sample Rate: 48000
[2020.08.01-18.39.59:740][  0]LogAudioMixer: Display: Channel Count Used: 2
[2020.08.01-18.39.59:740][  0]LogAudioMixer: Display: Device Channel Count: 2
[2020.08.01-18.39.59:740][  0]LogAudioMixer: Display: Channel Order:
[2020.08.01-18.39.59:741][  0]LogAudioMixer: Display: 0: FrontLeft
[2020.08.01-18.39.59:741][  0]LogAudioMixer: Display: 1: FrontRight
[2020.08.01-18.39.59:898][  0]LogAudioMixer: Display: Using Audio Device Speakers / Headphones (Realtek Audio)
[2020.08.01-18.39.59:920][  0]LogInit: FAudioDevice initialized.
[2020.08.01-18.39.59:922][  0]LogNetVersion: Set ProjectVersion to 1.0.0.0. Version Checksum will be recalculated on next use.
[2020.08.01-18.40.00:034][  0]LogDerivedDataCache: Saved boot cache 0.11s 82MB C:/Users/harsh.DESKTOP-UNEK68K/AppData/Local/UnrealEngine/4.24/DerivedDataCache/Boot.ddc.
[2020.08.01-18.40.00:035][  0]LogInit: Texture streaming: Enabled
[2020.08.01-18.40.00:196][  0]LogSlate: Updating window title bar state: overlay mode, drag disabled, window buttons hidden, title bar hidden
[2020.08.01-18.40.00:198][  0]LogInit: Display: Game Engine Initialized.
[2020.08.01-18.40.00:218][  0]LogInit: Display: Starting Game.
[2020.08.01-18.40.00:218][  0]LogNet: Browse: /Game/ThirdPersonCPP/Maps/ThirdPersonExampleMap?Name=Player
[2020.08.01-18.40.00:220][  0]LogLoad: LoadMap: /Game/ThirdPersonCPP/Maps/ThirdPersonExampleMap?Name=Player
[2020.08.01-18.40.00:223][  0]LogWorld: BeginTearingDown for /Temp/Untitled_0
[2020.08.01-18.40.00:229][  0]LogWorld: UWorld::CleanupWorld for Untitled, bSessionEnded=true, bCleanupResources=true
[2020.08.01-18.40.00:230][  0]LogSlate: InvalidateAllWidgets triggered.  All widgets were invalidated
[2020.08.01-18.40.00:263][  0]LogAudioMixer: Display: No commands were queued while flushing the source manager.
[2020.08.01-18.40.00:267][  0]LogUObjectHash: Compacting FUObjectHashTables data took   3.23ms
[2020.08.01-18.40.00:359][  0]LogAIModule: Creating AISystem for world ThirdPersonExampleMap
[2020.08.01-18.40.00:360][  0]LogLoad: Game class is 'PuzzlePlatformsGameMode'
[2020.08.01-18.40.00:369][  0]LogWorld: Bringing World /Game/ThirdPersonCPP/Maps/ThirdPersonExampleMap.ThirdPersonExampleMap up for play (max tick rate 0) at 2020.08.01-19.40.00
[2020.08.01-18.40.00:369][  0]LogWorld: Bringing up level for play took: 0.004000
[2020.08.01-18.40.00:372][  0]LogLoad: Took 0.152935 seconds to LoadMap(/Game/ThirdPersonCPP/Maps/ThirdPersonExampleMap)
[2020.08.01-18.40.00:401][  0]LogRenderer: Reallocating scene render targets to support 1536x864 Format 10 NumSamples 1 (Frame:1).
[2020.08.01-18.40.00:401][  0]LogLoad: (Engine Initialization) Total time: 7.61 seconds
[2020.08.01-18.40.00:403][  0]LogLoad: (Engine Initialization) Total Blueprint compile time: 0.00 seconds
[2020.08.01-18.40.00:439][  0]LogContentStreaming: Texture pool size now 1000 MB
[2020.08.01-18.40.00:443][  0]LogSlate: InvalidateAllWidgets triggered.  All widgets were invalidated
[2020.08.01-18.40.00:568][  0]LogRenderer: Reallocating scene render targets to support 128x128 Format 10 NumSamples 1 (Frame:1).
[2020.08.01-18.40.00:603][  0]LogRenderer: Reallocating scene render targets to support 1536x864 Format 10 NumSamples 1 (Frame:2).
[2020.08.01-18.40.31:517][937]LogWindowsDesktop: Alt-F4 pressed!
[2020.08.01-18.40.31:572][937]LogSlate: Window 'PuzzlePlatforms (64-bit Development PCD3D_SM5) ' being destroyed
[2020.08.01-18.40.31:574][937]LogWindowsTextInputMethodSystem: Display: IME system now deactivated.
[2020.08.01-18.40.31:597][937]LogSlate: Updating window title bar state: overlay mode, drag disabled, window buttons hidden, title bar hidden
[2020.08.01-18.40.31:598][937]LogEngine: All Windows Closed
[2020.08.01-18.40.31:600][937]LogWindows: FPlatformMisc::RequestExit(0)
[2020.08.01-18.40.31:600][937]LogCore: Engine exit requested (reason: Win RequestExit)
[2020.08.01-18.40.31:606][938]LogCore: Engine exit requested (reason: EngineExit() was called; note: exit was already requested)
[2020.08.01-18.40.31:618][938]LogAudioMixer: Display: No commands were queued while flushing the source manager.
[2020.08.01-18.40.31:645][938]LogInit: Display: PreExit Game.
[2020.08.01-18.40.31:727][938]LogWorld: BeginTearingDown for /Game/ThirdPersonCPP/Maps/ThirdPersonExampleMap
[2020.08.01-18.40.31:728][938]LogWorld: UWorld::CleanupWorld for ThirdPersonExampleMap, bSessionEnded=true, bCleanupResources=true
[2020.08.01-18.40.31:732][938]LogSlate: InvalidateAllWidgets triggered.  All widgets were invalidated
[2020.08.01-18.40.32:515][938]LogExit: Preparing to exit.
[2020.08.01-18.40.32:516][938]LogMoviePlayer: Shutting down movie player
[2020.08.01-18.40.32:556][938]LogSlate: Updating window title bar state: overlay mode, drag disabled, window buttons hidden, title bar hidden
[2020.08.01-18.40.32:560][938]LogDemo: Cleaned up 0 splitscreen connections with owner deletion
[2020.08.01-18.40.32:578][938]LogExit: Game engine shut down
[2020.08.01-18.40.32:726][938]LogExit: Object subsystem successfully closed.
[2020.08.01-18.40.32:747][938]LogShaderCompilers: Display: Shaders left to compile 0
[2020.08.01-18.40.32:772][938]LogModuleManager: Shutting down and abandoning module SequenceRecorderSections (436)
[2020.08.01-18.40.32:773][938]LogModuleManager: Shutting down and abandoning module SequenceRecorder (434)
[2020.08.01-18.40.32:774][938]LogModuleManager: Shutting down and abandoning module AutomationController (432)
[2020.08.01-18.40.32:778][938]LogModuleManager: Shutting down and abandoning module AutomationWorker (430)
[2020.08.01-18.40.32:778][938]LogModuleManager: Shutting down and abandoning module Voice (428)
[2020.08.01-18.40.32:779][938]LogModuleManager: Shutting down and abandoning module AIModule (426)
[2020.08.01-18.40.32:779][938]LogModuleManager: Shutting down and abandoning module GameplayDebugger (425)
[2020.08.01-18.40.32:780][938]LogModuleManager: Shutting down and abandoning module AITestSuite (423)
[2020.08.01-18.40.32:780][938]LogModuleManager: Shutting down and abandoning module NavigationSystem (421)
[2020.08.01-18.40.32:781][938]LogModuleManager: Shutting down and abandoning module OculusMR (418)
[2020.08.01-18.40.32:781][938]LogModuleManager: Shutting down and abandoning module WmfMediaFactory (416)
[2020.08.01-18.40.32:782][938]LogModuleManager: Shutting down and abandoning module WebMMediaFactory (414)
[2020.08.01-18.40.32:785][938]LogModuleManager: Shutting down and abandoning module WebMMedia (412)
[2020.08.01-18.40.32:785][938]LogModuleManager: Shutting down and abandoning module OpenExrWrapper (410)
[2020.08.01-18.40.32:790][938]LogModuleManager: Shutting down and abandoning module ImgMediaFactory (408)
[2020.08.01-18.40.32:790][938]LogModuleManager: Shutting down and abandoning module AvfMediaFactory (406)
[2020.08.01-18.40.32:791][938]LogModuleManager: Shutting down and abandoning module MagicLeapMediaCodecFactory (404)
[2020.08.01-18.40.32:791][938]LogModuleManager: Shutting down and abandoning module MagicLeapMediaFactory (402)
[2020.08.01-18.40.32:791][938]LogModuleManager: Shutting down and abandoning module CharacterAI (400)
[2020.08.01-18.40.32:792][938]LogModuleManager: Shutting down and abandoning module SessionServices (398)
[2020.08.01-18.40.32:792][938]LogModuleManager: Shutting down and abandoning module MovieSceneCapture (396)
[2020.08.01-18.40.32:793][938]LogModuleManager: Shutting down and abandoning module LiveCoding (394)
[2020.08.01-18.40.32:795][938]LogModuleManager: Shutting down and abandoning module LevelSequence (392)
[2020.08.01-18.40.32:799][938]LogModuleManager: Shutting down and abandoning module MovieSceneTracks (390)
[2020.08.01-18.40.32:799][938]LogModuleManager: Shutting down and abandoning module MovieScene (388)
[2020.08.01-18.40.32:799][938]LogModuleManager: Shutting down and abandoning module StreamingPauseRendering (386)
[2020.08.01-18.40.32:799][938]LogModuleManager: Shutting down and abandoning module PortalServices (384)
[2020.08.01-18.40.32:800][938]LogModuleManager: Shutting down and abandoning module PortalRpc (382)
[2020.08.01-18.40.32:800][938]LogModuleManager: Shutting down and abandoning module MessagingRpc (380)
[2020.08.01-18.40.32:801][938]LogModuleManager: Shutting down and abandoning module AudioMixerXAudio2 (378)
[2020.08.01-18.40.32:801][938]LogModuleManager: Shutting down and abandoning module ImageWriteQueue (376)
[2020.08.01-18.40.32:807][938]LogModuleManager: Shutting down and abandoning module ProfilerService (374)
[2020.08.01-18.40.32:985][938]LogModuleManager: Shutting down and abandoning module TaskGraph (372)
[2020.08.01-18.40.32:985][938]LogModuleManager: Shutting down and abandoning module ProceduralMeshComponent (370)
[2020.08.01-18.40.32:992][938]LogModuleManager: Shutting down and abandoning module OculusInput (368)
[2020.08.01-18.40.32:994][938]LogModuleManager: Shutting down and abandoning module MobilePatchingUtils (366)
[2020.08.01-18.40.32:994][938]LogModuleManager: Shutting down and abandoning module EditableMesh (364)
[2020.08.01-18.40.32:995][938]LogModuleManager: Shutting down and abandoning module CustomMeshComponent (362)
[2020.08.01-18.40.32:997][938]LogModuleManager: Shutting down and abandoning module CableComponent (360)
[2020.08.01-18.40.33:001][938]LogModuleManager: Shutting down and abandoning module AudioCapture (358)
[2020.08.01-18.40.33:001][938]LogModuleManager: Shutting down and abandoning module AudioCaptureRtAudio (357)
[2020.08.01-18.40.33:001][938]LogModuleManager: Shutting down and abandoning module AssetTags (354)
[2020.08.01-18.40.33:001][938]LogModuleManager: Shutting down and abandoning module ArchVisCharacter (352)
[2020.08.01-18.40.33:002][938]LogModuleManager: Shutting down and abandoning module AppleImageUtilsBlueprintSupport (350)
[2020.08.01-18.40.33:002][938]LogModuleManager: Shutting down and abandoning module AppleImageUtils (348)
[2020.08.01-18.40.33:003][938]LogModuleManager: Shutting down and abandoning module AndroidPermission (346)
[2020.08.01-18.40.33:003][938]LogModuleManager: Shutting down and abandoning module NUTUnrealEngine4 (344)
[2020.08.01-18.40.33:006][938]LogModuleManager: Shutting down and abandoning module NetcodeUnitTest (342)
[2020.08.01-18.40.33:008][938]LogModuleManager: Shutting down and abandoning module MediaCompositing (340)
[2020.08.01-18.40.33:011][938]LogModuleManager: Shutting down and abandoning module ImgMedia (338)
[2020.08.01-18.40.33:011][938]LogModuleManager: Shutting down and abandoning module MagicLeapHelperVulkan (336)
[2020.08.01-18.40.33:012][938]LogModuleManager: Shutting down and abandoning module MagicLeapHelperOpenGL (334)
[2020.08.01-18.40.33:012][938]LogModuleManager: Shutting down and abandoning module MagicLeapAudio (332)
[2020.08.01-18.40.33:013][938]LogModuleManager: Shutting down and abandoning module GeometryCacheTracks (330)
[2020.08.01-18.40.33:013][938]LogModuleManager: Shutting down and abandoning module GeometryCacheSequencer (329)
[2020.08.01-18.40.33:014][938]LogModuleManager: Shutting down and abandoning module GeometryCache (326)
[2020.08.01-18.40.33:014][938]LogModuleManager: Shutting down and abandoning module GeometryCacheEd (325)
[2020.08.01-18.40.33:015][938]LogModuleManager: Shutting down and abandoning module BackChannel (322)
[2020.08.01-18.40.33:015][938]LogModuleManager: Shutting down and abandoning module AutomationUtils (320)
[2020.08.01-18.40.33:016][938]LogModuleManager: Shutting down and abandoning module VisualStudioSourceCodeAccess (318)
[2020.08.01-18.40.33:019][938]LogModuleManager: Shutting down and abandoning module HotReload (317)
[2020.08.01-18.40.33:019][938]LogModuleManager: Shutting down and abandoning module DirectoryWatcher (316)
[2020.08.01-18.40.33:024][938]LogModuleManager: Shutting down and abandoning module VisualStudioCodeSourceCodeAccess (312)
[2020.08.01-18.40.33:025][938]LogModuleManager: Shutting down and abandoning module UObjectPlugin (310)
[2020.08.01-18.40.33:025][938]LogModuleManager: Shutting down and abandoning module SubversionSourceControl (308)
[2020.08.01-18.40.33:026][938]LogModuleManager: Shutting down and abandoning module PerforceSourceControl (306)
[2020.08.01-18.40.33:027][938]LogModuleManager: Shutting down and abandoning module SourceControl (305)
[2020.08.01-18.40.33:030][938]LogModuleManager: Shutting down and abandoning module CLionSourceCodeAccess (302)
[2020.08.01-18.40.33:030][938]LogModuleManager: Shutting down and abandoning module ActorLayerUtilities (300)
[2020.08.01-18.40.33:034][938]LogModuleManager: Shutting down and abandoning module PuzzlePlatforms (298)
[2020.08.01-18.40.33:035][938]LogModuleManager: Shutting down and abandoning module SignificanceManager (296)
[2020.08.01-18.40.33:035][938]LogModuleManager: Shutting down and abandoning module RuntimePhysXCooking (294)
[2020.08.01-18.40.33:037][938]LogModuleManager: Shutting down and abandoning module PhysXVehiclesEditor (292)
[2020.08.01-18.40.33:038][938]LogModuleManager: Shutting down and abandoning module LocationServicesBPLibrary (288)
[2020.08.01-18.40.33:039][938]LogModuleManager: Shutting down and abandoning module ActorSequence (286)
[2020.08.01-18.40.33:042][938]LogModuleManager: Shutting down and abandoning module UdpMessaging (284)
[2020.08.01-18.40.33:045][938]LogModuleManager: Shutting down and abandoning module TcpMessaging (282)
[2020.08.01-18.40.33:045][938]LogModuleManager: Shutting down and abandoning module MagicLeapPrivileges (280)
[2020.08.01-18.40.33:046][938]LogModuleManager: Shutting down and abandoning module MagicLeapPlanes (278)
[2020.08.01-18.40.33:047][938]LogMagicLeapPlanes: Planes tracker already destroyed.
[2020.08.01-18.40.33:047][938]LogModuleManager: Shutting down and abandoning module MagicLeapIdentity (276)
[2020.08.01-18.40.33:048][938]LogModuleManager: Shutting down and abandoning module MagicLeapSecureStorage (274)
[2020.08.01-18.40.33:049][938]LogModuleManager: Shutting down and abandoning module MagicLeapImageTracker (272)
[2020.08.01-18.40.33:049][938]LogModuleManager: Shutting down and abandoning module MagicLeapHandTracking (270)
[2020.08.01-18.40.33:050][938]LogModuleManager: Shutting down and abandoning module MagicLeapHandMeshing (268)
[2020.08.01-18.40.33:053][938]LogModuleManager: Shutting down and abandoning module MagicLeapEyeTracker (266)
[2020.08.01-18.40.33:059][938]LogModuleManager: Shutting down and abandoning module MagicLeapController (264)
[2020.08.01-18.40.33:060][938]LogSlate: Slate User Destroyed.  User Index 0, Is Virtual User: 0
[2020.08.01-18.40.33:060][938]LogModuleManager: Shutting down and abandoning module MagicLeapARPin (262)
[2020.08.01-18.40.33:061][938]LogModuleManager: Shutting down and abandoning module MagicLeapAR (260)
[2020.08.01-18.40.33:062][938]LogModuleManager: Shutting down and abandoning module AugmentedReality (259)
[2020.08.01-18.40.33:064][938]LogModuleManager: Shutting down and abandoning module GameplayTagsEditor (256)
[2020.08.01-18.40.33:064][938]LogModuleManager: Shutting down and abandoning module FacialAnimation (254)
[2020.08.01-18.40.33:068][938]LogModuleManager: Shutting down and abandoning module AssetManagerEditor (252)
[2020.08.01-18.40.33:068][938]LogModuleManager: Shutting down and abandoning module TreeMap (251)
[2020.08.01-18.40.33:068][938]LogModuleManager: Shutting down and abandoning module AnimationSharing (248)
[2020.08.01-18.40.33:069][938]LogModuleManager: Shutting down and abandoning module LightPropagationVolumeRuntime (246)
[2020.08.01-18.40.33:070][938]LogModuleManager: Shutting down and abandoning module Paper2D (244)
[2020.08.01-18.40.33:071][938]LogModuleManager: Shutting down and abandoning module WindowsMoviePlayer (242)
[2020.08.01-18.40.33:075][938]LogModuleManager: Shutting down and abandoning module WebMMoviePlayer (240)
[2020.08.01-18.40.33:076][938]LogModuleManager: Shutting down and abandoning module NetworkReplayStreaming (238)
[2020.08.01-18.40.33:077][938]LogModuleManager: Shutting down and abandoning module PacketHandler (236)
[2020.08.01-18.40.33:080][938]LogModuleManager: Shutting down and abandoning module ClothingSystemEditor (234)
[2020.08.01-18.40.33:081][938]LogModuleManager: Shutting down and abandoning module ClothingSystemRuntimeNv (232)
[2020.08.01-18.40.33:081][938]LogModuleManager: Shutting down and abandoning module MediaAssets (230)
[2020.08.01-18.40.33:082][938]LogModuleManager: Shutting down and abandoning module Overlay (228)
[2020.08.01-18.40.33:082][938]LogModuleManager: Shutting down and abandoning module OverlayEditor (227)
[2020.08.01-18.40.33:083][938]LogModuleManager: Shutting down and abandoning module VREditor (224)
[2020.08.01-18.40.33:084][938]LogModuleManager: Shutting down and abandoning module StringTableEditor (222)
[2020.08.01-18.40.33:084][938]LogModuleManager: Shutting down and abandoning module GameplayTasksEditor (220)
[2020.08.01-18.40.33:085][938]LogModuleManager: Shutting down and abandoning module BehaviorTreeEditor (218)
[2020.08.01-18.40.33:088][938]LogModuleManager: Shutting down and abandoning module FunctionalTesting (216)
[2020.08.01-18.40.33:092][938]LogModuleManager: Shutting down and abandoning module CollisionAnalyzer (214)
[2020.08.01-18.40.33:093][938]LogModuleManager: Shutting down and abandoning module WorkspaceMenuStructure (213)
[2020.08.01-18.40.33:093][938]LogModuleManager: Shutting down and abandoning module UMG (210)
[2020.08.01-18.40.33:094][938]LogModuleManager: Shutting down and abandoning module UMGEditor (209)
[2020.08.01-18.40.33:094][938]LogModuleManager: Shutting down and abandoning module Sequencer (208)
[2020.08.01-18.40.33:095][938]LogModuleManager: Shutting down and abandoning module MessageLog (205)
[2020.08.01-18.40.33:096][938]LogModuleManager: Shutting down and abandoning module SlateReflector (200)
[2020.08.01-18.40.33:096][938]LogModuleManager: Shutting down and abandoning module Slate (198)
[2020.08.01-18.40.33:097][938]LogModuleManager: Shutting down and abandoning module SlateCore (196)
[2020.08.01-18.40.33:099][938]LogModuleManager: Shutting down and abandoning module LandscapeEditorUtilities (194)
[2020.08.01-18.40.33:102][938]LogModuleManager: Shutting down and abandoning module EditorStyle (192)
[2020.08.01-18.40.33:105][938]LogModuleManager: Shutting down and abandoning module UnrealEd (190)
[2020.08.01-18.40.33:106][938]LogModuleManager: Shutting down and abandoning module MRMesh (188)
[2020.08.01-18.40.33:106][938]LogModuleManager: Shutting down and abandoning module Messaging (186)
[2020.08.01-18.40.33:106][938]LogModuleManager: Shutting down and abandoning module SourceCodeAccess (184)
[2020.08.01-18.40.33:106][938]LogModuleManager: Shutting down and abandoning module HeadMountedDisplay (182)
[2020.08.01-18.40.33:107][938]LogModuleManager: Shutting down and abandoning module XAudio2 (180)
[2020.08.01-18.40.33:113][938]LogModuleManager: Shutting down and abandoning module Networking (178)
[2020.08.01-18.40.33:113][938]LogModuleManager: Shutting down and abandoning module Core (176)
[2020.08.01-18.40.33:114][938]LogModuleManager: Shutting down and abandoning module MovieSceneTools (174)
[2020.08.01-18.40.33:115][938]LogModuleManager: Shutting down and abandoning module KismetCompiler (172)
[2020.08.01-18.40.33:115][938]LogModuleManager: Shutting down and abandoning module MeshUtilities (170)
[2020.08.01-18.40.33:115][938]LogModuleManager: Shutting down and abandoning module MeshMergeUtilities (169)
[2020.08.01-18.40.33:116][938]LogModuleManager: Shutting down and abandoning module MeshReductionInterface (168)
[2020.08.01-18.40.33:117][938]LogModuleManager: Shutting down and abandoning module MeshBoneReduction (167)
[2020.08.01-18.40.33:117][938]LogModuleManager: Shutting down and abandoning module SkeletalMeshReduction (165)
[2020.08.01-18.40.33:118][938]LogModuleManager: Shutting down and abandoning module ProxyLODMeshReduction (163)
[2020.08.01-18.40.33:125][938]LogModuleManager: Shutting down and abandoning module QuadricMeshReduction (161)
[2020.08.01-18.40.33:125][938]LogModuleManager: Shutting down and abandoning module MaterialBaking (157)
[2020.08.01-18.40.33:125][938]LogModuleManager: Shutting down and abandoning module NullInstallBundleManager (152)
[2020.08.01-18.40.33:126][938]LogModuleManager: Shutting down and abandoning module PIEPreviewDeviceProfileSelector (150)
[2020.08.01-18.40.33:126][938]LogModuleManager: Shutting down and abandoning module DerivedDataCache (148)
[2020.08.01-18.40.33:127][938]LogDerivedDataCache: Shutdown
[2020.08.01-18.40.33:128][938]LogModuleManager: Shutting down and abandoning module XGEController (146)
[2020.08.01-18.40.33:128][938]LogXGEController: Cleaning working directory: C:/Users/harsh.DESKTOP-UNEK68K/AppData/Local/Temp/UnrealXGEWorkingDir/
[2020.08.01-18.40.33:129][938]LogModuleManager: Shutting down and abandoning module TargetPlatform (144)
[2020.08.01-18.40.33:134][938]LogModuleManager: Shutting down and abandoning module VulkanShaderFormat (143)
[2020.08.01-18.40.33:134][938]LogModuleManager: Shutting down and abandoning module ShaderFormatVectorVM (141)
[2020.08.01-18.40.33:135][938]LogModuleManager: Shutting down and abandoning module ShaderFormatOpenGL (139)
[2020.08.01-18.40.33:135][938]LogModuleManager: Shutting down and abandoning module ShaderFormatD3D (137)
[2020.08.01-18.40.33:136][938]LogModuleManager: Shutting down and abandoning module MetalShaderFormat (135)
[2020.08.01-18.40.33:137][938]LogModuleManager: Shutting down and abandoning module TextureFormatUncompressed (133)
[2020.08.01-18.40.33:137][938]LogModuleManager: Shutting down and abandoning module TextureFormatPVR (131)
[2020.08.01-18.40.33:139][938]LogModuleManager: Shutting down and abandoning module TextureFormatDXT (129)
[2020.08.01-18.40.33:139][938]LogModuleManager: Shutting down and abandoning module TextureFormatIntelISPCTexComp (127)
[2020.08.01-18.40.33:140][938]LogModuleManager: Shutting down and abandoning module TextureFormatASTC (125)
[2020.08.01-18.40.33:142][938]LogModuleManager: Shutting down and abandoning module ImageWrapper (124)
[2020.08.01-18.40.33:146][938]LogModuleManager: Shutting down and abandoning module TextureFormatAndroid (121)
[2020.08.01-18.40.33:146][938]LogModuleManager: Shutting down and abandoning module AudioFormatOpus (119)
[2020.08.01-18.40.33:147][938]LogModuleManager: Shutting down and abandoning module AudioFormatOgg (117)
[2020.08.01-18.40.33:147][938]LogModuleManager: Shutting down and abandoning module AudioFormatADPCM (115)
[2020.08.01-18.40.33:147][938]LogModuleManager: Shutting down and abandoning module WindowsServerTargetPlatform (113)
[2020.08.01-18.40.33:148][938]LogModuleManager: Shutting down and abandoning module WindowsClientTargetPlatform (111)
[2020.08.01-18.40.33:148][938]LogModuleManager: Shutting down and abandoning module WindowsTargetPlatform (109)
[2020.08.01-18.40.33:149][938]LogModuleManager: Shutting down and abandoning module WindowsNoEditorTargetPlatform (107)
[2020.08.01-18.40.33:150][938]LogModuleManager: Shutting down and abandoning module InputCore (104)
[2020.08.01-18.40.33:150][938]LogModuleManager: Shutting down and abandoning module Settings (102)
[2020.08.01-18.40.33:151][938]LogModuleManager: Shutting down and abandoning module PhysXCooking (100)
[2020.08.01-18.40.33:155][938]LogModuleManager: Shutting down and abandoning module ChaosSolvers (98)
[2020.08.01-18.40.33:157][938]LogModuleManager: Shutting down and abandoning module FieldSystemEngine (97)
[2020.08.01-18.40.33:158][938]LogModuleManager: Shutting down and abandoning module Chaos (94)
[2020.08.01-18.40.33:158][938]LogModuleManager: Shutting down and abandoning module WindowsPlatformFeatures (92)
[2020.08.01-18.40.33:159][938]LogModuleManager: Shutting down and abandoning module GameplayMediaEncoder (91)
[2020.08.01-18.40.33:159][938]LogModuleManager: Shutting down and abandoning module SteamVRInputDevice (88)
[2020.08.01-18.40.33:160][938]LogModuleManager: Shutting down and abandoning module SteamVRInput (86)
[2020.08.01-18.40.33:161][938]LogModuleManager: Shutting down and abandoning module SteamVR (84)
[2020.08.01-18.40.33:164][938]LogHMD: Freeing OpenVRDLLHandle.
[2020.08.01-18.40.33:164][938]LogModuleManager: Shutting down and abandoning module OculusHMD (82)
[2020.08.01-18.40.33:168][938]LogModuleManager: Shutting down and abandoning module ExampleDeviceProfileSelector (80)
[2020.08.01-18.40.33:168][938]LogModuleManager: Shutting down and abandoning module LauncherChunkInstaller (78)
[2020.08.01-18.40.33:168][938]LogModuleManager: Shutting down and abandoning module OnlineBlueprintSupport (76)
[2020.08.01-18.40.33:169][938]LogModuleManager: Shutting down and abandoning module OnlineSubsystem (72)
[2020.08.01-18.40.33:172][938]LogModuleManager: Shutting down and abandoning module XMPP (67)
[2020.08.01-18.40.33:172][938]LogModuleManager: Shutting down and abandoning module WebSockets (66)
[2020.08.01-18.40.33:203][938]LogModuleManager: Shutting down and abandoning module HTTP (63)
[2020.08.01-18.40.33:231][938]LogModuleManager: Shutting down and abandoning module SSL (62)
[2020.08.01-18.40.33:234][938]LogModuleManager: Shutting down and abandoning module WmfMedia (58)
[2020.08.01-18.40.33:239][938]LogModuleManager: Shutting down and abandoning module Media (57)
[2020.08.01-18.40.33:241][938]LogModuleManager: Shutting down and abandoning module MagicLeap (54)
[2020.08.01-18.40.33:241][938]LogModuleManager: Shutting down and abandoning module VariantManagerContent (52)
[2020.08.01-18.40.33:242][938]LogModuleManager: Shutting down and abandoning module DatasmithContent (50)
[2020.08.01-18.40.33:248][938]LogModuleManager: Shutting down and abandoning module AISupportModule (48)
[2020.08.01-18.40.33:250][938]LogModuleManager: Shutting down and abandoning module DesktopPlatform (46)
[2020.08.01-18.40.33:251][938]LogModuleManager: Shutting down and abandoning module PlatformCryptoOpenSSL (44)
[2020.08.01-18.40.33:252][938]LogModuleManager: Shutting down and abandoning module PlatformCryptoTypes (42)
[2020.08.01-18.40.33:254][938]LogModuleManager: Shutting down and abandoning module PlatformCrypto (40)
[2020.08.01-18.40.33:259][938]LogModuleManager: Shutting down and abandoning module AnimationModifiers (38)
[2020.08.01-18.40.33:262][938]LogModuleManager: Shutting down and abandoning module PropertyEditor (37)
[2020.08.01-18.40.33:264][938]LogModuleManager: Shutting down and abandoning module AudioEditor (34)
[2020.08.01-18.40.33:266][938]LogModuleManager: Shutting down and abandoning module TextureCompressor (32)
[2020.08.01-18.40.33:269][938]LogModuleManager: Shutting down and abandoning module RenderCore (30)
[2020.08.01-18.40.33:274][938]LogModuleManager: Shutting down and abandoning module Landscape (28)
[2020.08.01-18.40.33:276][938]LogModuleManager: Shutting down and abandoning module SlateRHIRenderer (26)
[2020.08.01-18.40.33:278][938]LogModuleManager: Shutting down and abandoning module OpenGLDrv (24)
[2020.08.01-18.40.33:281][938]LogModuleManager: Shutting down and abandoning module D3D11RHI (22)
[2020.08.01-18.40.33:282][938]LogModuleManager: Shutting down and abandoning module AnimGraphRuntime (20)
[2020.08.01-18.40.33:286][938]LogModuleManager: Shutting down and abandoning module Renderer (18)
[2020.08.01-18.40.33:287][938]LogModuleManager: Shutting down and abandoning module Engine (16)
[2020.08.01-18.40.33:289][938]LogModuleManager: Shutting down and abandoning module CoreUObject (14)
[2020.08.01-18.40.33:290][938]LogModuleManager: Shutting down and abandoning module NetworkFile (12)
[2020.08.01-18.40.33:294][938]LogModuleManager: Shutting down and abandoning module CookedIterativeFile (10)
[2020.08.01-18.40.33:298][938]LogModuleManager: Shutting down and abandoning module StreamingFile (8)
[2020.08.01-18.40.33:298][938]LogModuleManager: Shutting down and abandoning module SandboxFile (6)
[2020.08.01-18.40.33:299][938]LogModuleManager: Shutting down and abandoning module PakFile (4)
[2020.08.01-18.40.33:299][938]LogModuleManager: Shutting down and abandoning module RSA (3)
[2020.08.01-18.40.33:301][938]LogD3D11RHI: Shutdown
[2020.08.01-18.40.33:301][938]LogD3D11RHI: CleanupD3DDevice
[2020.08.01-18.40.33:313][938]LogExit: Exiting.
[2020.08.01-18.40.33:326][938]Log file closed, 08/01/20 19:40:33
