Log file open, 08/03/20 14:54:04
LogWindows: Failed to load 'aqProf.dll' (GetLastError=126)
LogWindows: File 'aqProf.dll' does not exist
LogWindows: Failed to load 'VtuneApi.dll' (GetLastError=126)
LogWindows: File 'VtuneApi.dll' does not exist
LogWindows: Failed to load 'VtuneApi32e.dll' (GetLastError=126)
LogWindows: File 'VtuneApi32e.dll' does not exist
LogConsoleResponse: Display: Failed to find resolution value strings in scalability ini. Falling back to default.
LogInit: Display: Running engine for game: PuzzlePlatforms
LogPlatformFile: Not using cached read wrapper
LogTaskGraph: Started task graph with 5 named threads and 14 total threads with 3 sets of task threads.
LogStats: Stats thread started at 0.148004
LogD3D11RHI: Loaded GFSDK_Aftermath_Lib.x64.dll
LogICUInternationalization: ICU TimeZone Detection - Raw Offset: +0:00, Platform Override: ''
LogPluginManager: Mounting plugin Paper2D
LogPluginManager: Mounting plugin AISupport
LogPluginManager: Mounting plugin LightPropagationVolume
LogPluginManager: Mounting plugin ActorLayerUtilities
LogPluginManager: Mounting plugin AnimationSharing
LogPluginManager: Mounting plugin CLionSourceCodeAccess
LogPluginManager: Mounting plugin CodeLiteSourceCodeAccess
LogPluginManager: Mounting plugin GitSourceControl
LogPluginManager: Mounting plugin KDevelopSourceCodeAccess
LogPluginManager: Mounting plugin NullSourceCodeAccess
LogPluginManager: Mounting plugin PerforceSourceControl
LogPluginManager: Mounting plugin PlasticSourceControl
LogPluginManager: Mounting plugin SubversionSourceControl
LogPluginManager: Mounting plugin UObjectPlugin
LogPluginManager: Mounting plugin VisualStudioCodeSourceCodeAccess
LogPluginManager: Mounting plugin VisualStudioSourceCodeAccess
LogPluginManager: Mounting plugin XCodeSourceCodeAccess
LogPluginManager: Mounting plugin AssetManagerEditor
LogPluginManager: Mounting plugin CryptoKeys
LogPluginManager: Mounting plugin CurveEditorTools
LogPluginManager: Mounting plugin DataValidation
LogPluginManager: Mounting plugin FacialAnimation
LogPluginManager: Mounting plugin GameplayTagsEditor
LogPluginManager: Mounting plugin MacGraphicsSwitching
LogPluginManager: Mounting plugin MaterialAnalyzer
LogPluginManager: Mounting plugin MobileLauncherProfileWizard
LogPluginManager: Mounting plugin PluginBrowser
LogPluginManager: Mounting plugin SpeedTreeImporter
LogPluginManager: Mounting plugin DatasmithContent
LogPluginManager: Mounting plugin VariantManagerContent
LogPluginManager: Mounting plugin AlembicImporter
LogPluginManager: Mounting plugin AutomationUtils
LogPluginManager: Mounting plugin BackChannel
LogPluginManager: Mounting plugin CharacterAI
LogPluginManager: Mounting plugin GeometryCache
LogPluginManager: Mounting plugin PlatformCrypto
LogPluginManager: Mounting plugin ProxyLODPlugin
LogPluginManager: Mounting plugin SkeletalReduction
LogPluginManager: Mounting plugin MagicLeap
LogPluginManager: Mounting plugin MagicLeapMedia
LogPluginManager: Mounting plugin MLSDK
LogPluginManager: Mounting plugin AndroidMedia
LogPluginManager: Mounting plugin AvfMedia
LogPluginManager: Mounting plugin ImgMedia
LogPluginManager: Mounting plugin MediaCompositing
LogPluginManager: Mounting plugin MediaPlayerEditor
LogPluginManager: Mounting plugin WebMMedia
LogPluginManager: Mounting plugin WmfMedia
LogPluginManager: Mounting plugin TcpMessaging
LogPluginManager: Mounting plugin UdpMessaging
LogPluginManager: Mounting plugin ActorSequence
LogPluginManager: Mounting plugin LevelSequenceEditor
LogPluginManager: Mounting plugin MatineeToLevelSequence
LogPluginManager: Mounting plugin NetcodeUnitTest
LogPluginManager: Mounting plugin NUTUnrealEngine4
LogPluginManager: Mounting plugin OnlineSubsystemGooglePlay
LogPluginManager: Mounting plugin OnlineSubsystemIOS
LogPluginManager: Mounting plugin OnlineSubsystem
LogPluginManager: Mounting plugin OnlineSubsystemNull
LogPluginManager: Mounting plugin OnlineSubsystemUtils
LogPluginManager: Mounting plugin LauncherChunkInstaller
LogPluginManager: Mounting plugin AndroidDeviceProfileSelector
LogPluginManager: Mounting plugin AndroidMoviePlayer
LogPluginManager: Mounting plugin AndroidPermission
LogPluginManager: Mounting plugin AppleImageUtils
LogPluginManager: Mounting plugin AppleMoviePlayer
LogPluginManager: Mounting plugin ArchVisCharacter
LogPluginManager: Mounting plugin AssetTags
LogPluginManager: Mounting plugin AudioCapture
LogPluginManager: Mounting plugin CableComponent
LogPluginManager: Mounting plugin CustomMeshComponent
LogPluginManager: Mounting plugin EditableMesh
LogPluginManager: Mounting plugin ExampleDeviceProfileSelector
LogPluginManager: Mounting plugin GoogleCloudMessaging
LogPluginManager: Mounting plugin IOSDeviceProfileSelector
LogPluginManager: Mounting plugin LinuxDeviceProfileSelector
LogPluginManager: Mounting plugin LocationServicesBPLibrary
LogPluginManager: Mounting plugin MobilePatchingUtils
LogPluginManager: Mounting plugin OculusVR
LogPluginManager: Mounting plugin PhysXVehicles
LogPluginManager: Mounting plugin PostSplashScreen
LogPluginManager: Mounting plugin ProceduralMeshComponent
LogPluginManager: Mounting plugin RuntimePhysXCooking
LogPluginManager: Mounting plugin SignificanceManager
LogPluginManager: Mounting plugin SteamVR
LogPluginManager: Mounting plugin WebMMoviePlayer
LogPluginManager: Mounting plugin WindowsMoviePlayer
LogPluginManager: Mounting plugin ScreenshotTools
LogInit: Using libcurl 7.55.1-DEV
LogInit:  - built for x86_64-pc-win32
LogInit:  - supports SSL with OpenSSL/1.1.1
LogInit:  - supports HTTP deflate (compression) using libz 1.2.8
LogInit:  - other features:
LogInit:      CURL_VERSION_SSL
LogInit:      CURL_VERSION_LIBZ
LogInit:      CURL_VERSION_IPV6
LogInit:      CURL_VERSION_ASYNCHDNS
LogInit:      CURL_VERSION_LARGEFILE
LogInit:      CURL_VERSION_IDN
LogInit:  CurlRequestOptions (configurable via config and command line):
LogInit:  - bVerifyPeer = true  - Libcurl will verify peer certificate
LogInit:  - bUseHttpProxy = false  - Libcurl will NOT use HTTP proxy
LogInit:  - bDontReuseConnections = false  - Libcurl will reuse connections
LogInit:  - MaxHostConnections = 16  - Libcurl will limit the number of connections to a host
LogInit:  - LocalHostAddr = Default
LogInit:  - BufferSize = 65536
LogOnline: OSS: Creating online subsystem instance for: NULL
LogInit: WinSock: version 1.1 (2.2), MaxSocks=32767, MaxUdp=65467
LogOnline: OSS: TryLoadSubsystemAndSetDefault: Loaded subsystem for module [NULL]
LogInit: Build: ++UE4+Release-4.24-CL-11100242
LogInit: Engine Version: 4.24.2-11100242+++UE4+Release-4.24
LogInit: Compatible Engine Version: 4.24.0-10570792+++UE4+Release-4.24
LogInit: Net CL: 10570792
LogInit: OS: Windows 10 (Release 1909) (), CPU: Intel(R) Core(TM) i5-7300HQ CPU @ 2.50GHz, GPU: Intel(R) HD Graphics 630
LogInit: Compiled (64-bit): Jan 24 2020 02:05:53
LogInit: Compiled with Visual C++: 19.16.27032.01
LogInit: Build Configuration: Development
LogInit: Branch Name: ++UE4+Release-4.24
LogInit: Command Line:  25.57.95.48 -game -log
LogInit: Base Directory: C:/Program Files/Epic Games/UE_4.24/Engine/Binaries/Win64/
LogInit: Installed Engine Build: 1
LogDevObjectVersion: Number of dev versions registered: 25
LogDevObjectVersion:   Dev-Blueprints (B0D832E4-1F89-4F0D-ACCF-7EB736FD4AA2): 10
LogDevObjectVersion:   Dev-Build (E1C64328-A22C-4D53-A36C-8E866417BD8C): 0
LogDevObjectVersion:   Dev-Core (375EC13C-06E4-48FB-B500-84F0262A717E): 3
LogDevObjectVersion:   Dev-Editor (E4B068ED-F494-42E9-A231-DA0B2E46BB41): 37
LogDevObjectVersion:   Dev-Framework (CFFC743F-43B0-4480-9391-14DF171D2073): 36
LogDevObjectVersion:   Dev-Mobile (B02B49B5-BB20-44E9-A304-32B752E40360): 2
LogDevObjectVersion:   Dev-Networking (A4E4105C-59A1-49B5-A7C5-40C4547EDFEE): 0
LogDevObjectVersion:   Dev-Online (39C831C9-5AE6-47DC-9A44-9C173E1C8E7C): 0
LogDevObjectVersion:   Dev-Physics (78F01B33-EBEA-4F98-B9B4-84EACCB95AA2): 2
LogDevObjectVersion:   Dev-Platform (6631380F-2D4D-43E0-8009-CF276956A95A): 0
LogDevObjectVersion:   Dev-Rendering (12F88B9F-8875-4AFC-A67C-D90C383ABD29): 36
LogDevObjectVersion:   Dev-Sequencer (7B5AE74C-D270-4C10-A958-57980B212A5A): 11
LogDevObjectVersion:   Dev-VR (D7296918-1DD6-4BDD-9DE2-64A83CC13884): 2
LogDevObjectVersion:   Dev-LoadTimes (C2A15278-BFE7-4AFE-6C17-90FF531DF755): 1
LogDevObjectVersion:   Private-Geometry (6EACA3D4-40EC-4CC1-B786-8BED09428FC5): 3
LogDevObjectVersion:   Dev-AnimPhys (29E575DD-E0A3-4627-9D10-D276232CDCEA): 17
LogDevObjectVersion:   Dev-Anim (AF43A65D-7FD3-4947-9873-3E8ED9C1BB05): 2
LogDevObjectVersion:   Dev-ReflectionCapture (6B266CEC-1EC7-4B8F-A30B-E4D90942FC07): 1
LogDevObjectVersion:   Dev-Automation (0DF73D61-A23F-47EA-B727-89E90C41499A): 1
LogDevObjectVersion:   FortniteMain (601D1886-AC64-4F84-AA16-D3DE0DEAC7D6): 31
LogDevObjectVersion:   Dev-Enterprise (9DFFBCD6-494F-0158-E221-12823C92A888): 8
LogDevObjectVersion:   Dev-Niagara (F2AED0AC-9AFE-416F-8664-AA7FFA26D6FC): 1
LogDevObjectVersion:   Dev-Destruction (174F1F0B-B4C6-45A5-B13F-2EE8D0FB917D): 9
LogDevObjectVersion:   Dev-Physics-Ext (35F94A83-E258-406C-A318-09F59610247C): 8
LogDevObjectVersion:   Dev-CineCamera (B2E18506-4273-CFC2-A54E-F4BB758BBA07): 1
LogInit: Presizing for max 25165824 objects, including 0 objects not considered by GC, pre-allocating 0 bytes for permanent pool.
LogInit: Object subsystem initialized
LogConfig: Setting CVar [[con.DebugEarlyDefault:1]]
LogConfig: Setting CVar [[r.setres:1280x720]]
[2020.08.03-13.54.05:217][  0]LogConfig: Setting CVar [[con.DebugEarlyDefault:1]]
[2020.08.03-13.54.05:218][  0]LogConfig: Setting CVar [[r.setres:1280x720]]
[2020.08.03-13.54.05:218][  0]LogConfig: Applying CVar settings from Section [/Script/Engine.RendererSettings] File [C:/Users/harsh.DESKTOP-UNEK68K/Desktop/Multiplayer/PuzzlePlatforms/Saved/Config/Windows/Engine.ini]
[2020.08.03-13.54.05:219][  0]LogConfig: Setting CVar [[r.GPUCrashDebugging:0]]
[2020.08.03-13.54.05:219][  0]LogConfig: Applying CVar settings from Section [/Script/Engine.RendererOverrideSettings] File [C:/Users/harsh.DESKTOP-UNEK68K/Desktop/Multiplayer/PuzzlePlatforms/Saved/Config/Windows/Engine.ini]
[2020.08.03-13.54.05:219][  0]LogConfig: Applying CVar settings from Section [/Script/Engine.StreamingSettings] File [C:/Users/harsh.DESKTOP-UNEK68K/Desktop/Multiplayer/PuzzlePlatforms/Saved/Config/Windows/Engine.ini]
[2020.08.03-13.54.05:220][  0]LogConfig: Setting CVar [[s.MinBulkDataSizeForAsyncLoading:131072]]
[2020.08.03-13.54.05:220][  0]LogConfig: Setting CVar [[s.AsyncLoadingThreadEnabled:0]]
[2020.08.03-13.54.05:221][  0]LogConfig: Setting CVar [[s.EventDrivenLoaderEnabled:1]]
[2020.08.03-13.54.05:224][  0]LogConfig: Setting CVar [[s.WarnIfTimeLimitExceeded:0]]
[2020.08.03-13.54.05:225][  0]LogConfig: Setting CVar [[s.TimeLimitExceededMultiplier:1.5]]
[2020.08.03-13.54.05:225][  0]LogConfig: Setting CVar [[s.TimeLimitExceededMinTime:0.005]]
[2020.08.03-13.54.05:226][  0]LogConfig: Setting CVar [[s.UseBackgroundLevelStreaming:1]]
[2020.08.03-13.54.05:226][  0]LogConfig: Setting CVar [[s.PriorityAsyncLoadingExtraTime:15.0]]
[2020.08.03-13.54.05:227][  0]LogConfig: Setting CVar [[s.LevelStreamingActorsUpdateTimeLimit:5.0]]
[2020.08.03-13.54.05:227][  0]LogConfig: Setting CVar [[s.PriorityLevelStreamingActorsUpdateExtraTime:5.0]]
[2020.08.03-13.54.05:228][  0]LogConfig: Setting CVar [[s.LevelStreamingComponentsRegistrationGranularity:10]]
[2020.08.03-13.54.05:230][  0]LogConfig: Setting CVar [[s.UnregisterComponentsTimeLimit:1.0]]
[2020.08.03-13.54.05:231][  0]LogConfig: Setting CVar [[s.LevelStreamingComponentsUnregistrationGranularity:5]]
[2020.08.03-13.54.05:232][  0]LogConfig: Setting CVar [[s.FlushStreamingOnExit:1]]
[2020.08.03-13.54.05:233][  0]LogConfig: Applying CVar settings from Section [/Script/Engine.GarbageCollectionSettings] File [C:/Users/harsh.DESKTOP-UNEK68K/Desktop/Multiplayer/PuzzlePlatforms/Saved/Config/Windows/Engine.ini]
[2020.08.03-13.54.05:233][  0]LogConfig: Setting CVar [[gc.MaxObjectsNotConsideredByGC:1]]
[2020.08.03-13.54.05:239][  0]LogConfig: Setting CVar [[gc.SizeOfPermanentObjectPool:0]]
[2020.08.03-13.54.05:246][  0]LogConfig: Setting CVar [[gc.FlushStreamingOnGC:0]]
[2020.08.03-13.54.05:247][  0]LogConfig: Setting CVar [[gc.NumRetriesBeforeForcingGC:10]]
[2020.08.03-13.54.05:248][  0]LogConfig: Setting CVar [[gc.AllowParallelGC:1]]
[2020.08.03-13.54.05:249][  0]LogConfig: Setting CVar [[gc.TimeBetweenPurgingPendingKillObjects:61.1]]
[2020.08.03-13.54.05:249][  0]LogConfig: Setting CVar [[gc.MaxObjectsInEditor:25165824]]
[2020.08.03-13.54.05:250][  0]LogConfig: Setting CVar [[gc.IncrementalBeginDestroyEnabled:1]]
[2020.08.03-13.54.05:250][  0]LogConfig: Setting CVar [[gc.CreateGCClusters:1]]
[2020.08.03-13.54.05:251][  0]LogConfig: Setting CVar [[gc.MinGCClusterSize:5]]
[2020.08.03-13.54.05:252][  0]LogConfig: Setting CVar [[gc.ActorClusteringEnabled:0]]
[2020.08.03-13.54.05:252][  0]LogConfig: Setting CVar [[gc.BlueprintClusteringEnabled:0]]
[2020.08.03-13.54.05:252][  0]LogConfig: Setting CVar [[gc.UseDisregardForGCOnDedicatedServers:0]]
[2020.08.03-13.54.05:253][  0]LogConfig: Applying CVar settings from Section [/Script/Engine.NetworkSettings] File [C:/Users/harsh.DESKTOP-UNEK68K/Desktop/Multiplayer/PuzzlePlatforms/Saved/Config/Windows/Engine.ini]
[2020.08.03-13.54.05:253][  0]LogConfig: Applying CVar settings from Section [/Script/UnrealEd.CookerSettings] File [C:/Users/harsh.DESKTOP-UNEK68K/Desktop/Multiplayer/PuzzlePlatforms/Saved/Config/Windows/Engine.ini]
[2020.08.03-13.54.05:258][  0]LogConfig: Applying CVar settings from Section [ViewDistanceQuality@3] File [C:/Users/harsh.DESKTOP-UNEK68K/Desktop/Multiplayer/PuzzlePlatforms/Saved/Config/Windows/Scalability.ini]
[2020.08.03-13.54.05:260][  0]LogConfig: Setting CVar [[r.SkeletalMeshLODBias:0]]
[2020.08.03-13.54.05:262][  0]LogConfig: Setting CVar [[r.ViewDistanceScale:1.0]]
[2020.08.03-13.54.05:262][  0]LogConfig: Applying CVar settings from Section [AntiAliasingQuality@3] File [C:/Users/harsh.DESKTOP-UNEK68K/Desktop/Multiplayer/PuzzlePlatforms/Saved/Config/Windows/Scalability.ini]
[2020.08.03-13.54.05:263][  0]LogConfig: Setting CVar [[r.PostProcessAAQuality:4]]
[2020.08.03-13.54.05:263][  0]LogConfig: Applying CVar settings from Section [ShadowQuality@3] File [C:/Users/harsh.DESKTOP-UNEK68K/Desktop/Multiplayer/PuzzlePlatforms/Saved/Config/Windows/Scalability.ini]
[2020.08.03-13.54.05:264][  0]LogConfig: Setting CVar [[r.LightFunctionQuality:1]]
[2020.08.03-13.54.05:265][  0]LogConfig: Setting CVar [[r.ShadowQuality:5]]
[2020.08.03-13.54.05:266][  0]LogConfig: Setting CVar [[r.Shadow.CSM.MaxCascades:10]]
[2020.08.03-13.54.05:268][  0]LogConfig: Setting CVar [[r.Shadow.MaxResolution:2048]]
[2020.08.03-13.54.05:268][  0]LogConfig: Setting CVar [[r.Shadow.MaxCSMResolution:2048]]
[2020.08.03-13.54.05:269][  0]LogConfig: Setting CVar [[r.Shadow.RadiusThreshold:0.01]]
[2020.08.03-13.54.05:273][  0]LogConfig: Setting CVar [[r.Shadow.DistanceScale:1.0]]
[2020.08.03-13.54.05:273][  0]LogConfig: Setting CVar [[r.Shadow.CSM.TransitionScale:1.0]]
[2020.08.03-13.54.05:274][  0]LogConfig: Setting CVar [[r.Shadow.PreShadowResolutionFactor:1.0]]
[2020.08.03-13.54.05:274][  0]LogConfig: Setting CVar [[r.DistanceFieldShadowing:1]]
[2020.08.03-13.54.05:275][  0]LogConfig: Setting CVar [[r.DistanceFieldAO:1]]
[2020.08.03-13.54.05:276][  0]LogConfig: Setting CVar [[r.AOQuality:2]]
[2020.08.03-13.54.05:278][  0]LogConfig: Setting CVar [[r.VolumetricFog:1]]
[2020.08.03-13.54.05:278][  0]LogConfig: Setting CVar [[r.VolumetricFog.GridPixelSize:8]]
[2020.08.03-13.54.05:279][  0]LogConfig: Setting CVar [[r.VolumetricFog.GridSizeZ:128]]
[2020.08.03-13.54.05:282][  0]LogConfig: Setting CVar [[r.VolumetricFog.HistoryMissSupersampleCount:4]]
[2020.08.03-13.54.05:284][  0]LogConfig: Setting CVar [[r.LightMaxDrawDistanceScale:1]]
[2020.08.03-13.54.05:285][  0]LogConfig: Setting CVar [[r.CapsuleShadows:1]]
[2020.08.03-13.54.05:286][  0]LogConfig: Applying CVar settings from Section [PostProcessQuality@3] File [C:/Users/harsh.DESKTOP-UNEK68K/Desktop/Multiplayer/PuzzlePlatforms/Saved/Config/Windows/Scalability.ini]
[2020.08.03-13.54.05:287][  0]LogConfig: Setting CVar [[r.MotionBlurQuality:4]]
[2020.08.03-13.54.05:287][  0]LogConfig: Setting CVar [[r.AmbientOcclusionMipLevelFactor:0.4]]
[2020.08.03-13.54.05:288][  0]LogConfig: Setting CVar [[r.AmbientOcclusionMaxQuality:100]]
[2020.08.03-13.54.05:289][  0]LogConfig: Setting CVar [[r.AmbientOcclusionLevels:-1]]
[2020.08.03-13.54.05:289][  0]LogConfig: Setting CVar [[r.AmbientOcclusionRadiusScale:1.0]]
[2020.08.03-13.54.05:292][  0]LogConfig: Setting CVar [[r.DepthOfFieldQuality:2]]
[2020.08.03-13.54.05:297][  0]LogConfig: Setting CVar [[r.RenderTargetPoolMin:400]]
[2020.08.03-13.54.05:298][  0]LogConfig: Setting CVar [[r.LensFlareQuality:2]]
[2020.08.03-13.54.05:299][  0]LogConfig: Setting CVar [[r.SceneColorFringeQuality:1]]
[2020.08.03-13.54.05:300][  0]LogConfig: Setting CVar [[r.EyeAdaptationQuality:2]]
[2020.08.03-13.54.05:301][  0]LogConfig: Setting CVar [[r.BloomQuality:5]]
[2020.08.03-13.54.05:302][  0]LogConfig: Setting CVar [[r.FastBlurThreshold:100]]
[2020.08.03-13.54.05:303][  0]LogConfig: Setting CVar [[r.Upscale.Quality:3]]
[2020.08.03-13.54.05:303][  0]LogConfig: Setting CVar [[r.Tonemapper.GrainQuantization:1]]
[2020.08.03-13.54.05:304][  0]LogConfig: Setting CVar [[r.LightShaftQuality:1]]
[2020.08.03-13.54.05:304][  0]LogConfig: Setting CVar [[r.Filter.SizeScale:1]]
[2020.08.03-13.54.05:305][  0]LogConfig: Setting CVar [[r.Tonemapper.Quality:5]]
[2020.08.03-13.54.05:309][  0]LogConfig: Setting CVar [[r.DOF.Gather.AccumulatorQuality:1        ; higher gathering accumulator quality]]
[2020.08.03-13.54.05:309][  0]LogConfig: Setting CVar [[r.DOF.Gather.PostfilterMethod:1          ; Median3x3 postfilering method]]
[2020.08.03-13.54.05:310][  0]LogConfig: Setting CVar [[r.DOF.Gather.EnableBokehSettings:0       ; no bokeh simulation when gathering]]
[2020.08.03-13.54.05:310][  0]LogConfig: Setting CVar [[r.DOF.Gather.RingCount:4                 ; medium number of samples when gathering]]
[2020.08.03-13.54.05:311][  0]LogConfig: Setting CVar [[r.DOF.Scatter.ForegroundCompositing:1    ; additive foreground scattering]]
[2020.08.03-13.54.05:312][  0]LogConfig: Setting CVar [[r.DOF.Scatter.BackgroundCompositing:2    ; additive background scattering]]
[2020.08.03-13.54.05:314][  0]LogConfig: Setting CVar [[r.DOF.Scatter.EnableBokehSettings:1      ; bokeh simulation when scattering]]
[2020.08.03-13.54.05:315][  0]LogConfig: Setting CVar [[r.DOF.Scatter.MaxSpriteRatio:0.1         ; only a maximum of 10% of scattered bokeh]]
[2020.08.03-13.54.05:316][  0]LogConfig: Setting CVar [[r.DOF.Recombine.Quality:1                ; cheap slight out of focus]]
[2020.08.03-13.54.05:319][  0]LogConfig: Setting CVar [[r.DOF.Recombine.EnableBokehSettings:0    ; no bokeh simulation on slight out of focus]]
[2020.08.03-13.54.05:319][  0]LogConfig: Setting CVar [[r.DOF.TemporalAAQuality:1                ; more stable temporal accumulation]]
[2020.08.03-13.54.05:320][  0]LogConfig: Setting CVar [[r.DOF.Kernel.MaxForegroundRadius:0.025]]
[2020.08.03-13.54.05:320][  0]LogConfig: Setting CVar [[r.DOF.Kernel.MaxBackgroundRadius:0.025]]
[2020.08.03-13.54.05:321][  0]LogConfig: Applying CVar settings from Section [TextureQuality@3] File [C:/Users/harsh.DESKTOP-UNEK68K/Desktop/Multiplayer/PuzzlePlatforms/Saved/Config/Windows/Scalability.ini]
[2020.08.03-13.54.05:321][  0]LogConfig: Setting CVar [[r.Streaming.MipBias:0]]
[2020.08.03-13.54.05:322][  0]LogConfig: Setting CVar [[r.Streaming.AmortizeCPUToGPUCopy:0]]
[2020.08.03-13.54.05:322][  0]LogConfig: Setting CVar [[r.Streaming.MaxNumTexturesToStreamPerFrame:0]]
[2020.08.03-13.54.05:324][  0]LogConfig: Setting CVar [[r.Streaming.Boost:1]]
[2020.08.03-13.54.05:324][  0]LogConfig: Setting CVar [[r.MaxAnisotropy:8]]
[2020.08.03-13.54.05:325][  0]LogConfig: Setting CVar [[r.VT.MaxAnisotropy:8]]
[2020.08.03-13.54.05:326][  0]LogConfig: Setting CVar [[r.Streaming.LimitPoolSizeToVRAM:0]]
[2020.08.03-13.54.05:326][  0]LogConfig: Setting CVar [[r.Streaming.PoolSize:1000]]
[2020.08.03-13.54.05:334][  0]LogConfig: Setting CVar [[r.Streaming.MaxEffectiveScreenSize:0]]
[2020.08.03-13.54.05:336][  0]LogConfig: Applying CVar settings from Section [EffectsQuality@3] File [C:/Users/harsh.DESKTOP-UNEK68K/Desktop/Multiplayer/PuzzlePlatforms/Saved/Config/Windows/Scalability.ini]
[2020.08.03-13.54.05:337][  0]LogConfig: Setting CVar [[r.TranslucencyLightingVolumeDim:64]]
[2020.08.03-13.54.05:338][  0]LogConfig: Setting CVar [[r.RefractionQuality:2]]
[2020.08.03-13.54.05:338][  0]LogConfig: Setting CVar [[r.SSR.Quality:3]]
[2020.08.03-13.54.05:339][  0]LogConfig: Setting CVar [[r.SSR.HalfResSceneColor:0]]
[2020.08.03-13.54.05:339][  0]LogConfig: Setting CVar [[r.SceneColorFormat:4]]
[2020.08.03-13.54.05:340][  0]LogConfig: Setting CVar [[r.DetailMode:2]]
[2020.08.03-13.54.05:340][  0]LogConfig: Setting CVar [[r.TranslucencyVolumeBlur:1]]
[2020.08.03-13.54.05:341][  0]LogConfig: Setting CVar [[r.MaterialQualityLevel:1 ; High quality]]
[2020.08.03-13.54.05:342][  0]LogConfig: Setting CVar [[r.SSS.Scale:1]]
[2020.08.03-13.54.05:343][  0]LogConfig: Setting CVar [[r.SSS.SampleSet:2]]
[2020.08.03-13.54.05:349][  0]LogConfig: Setting CVar [[r.SSS.Quality:1]]
[2020.08.03-13.54.05:350][  0]LogConfig: Setting CVar [[r.SSS.HalfRes:1]]
[2020.08.03-13.54.05:350][  0]LogConfig: Setting CVar [[r.SSGI.Quality:3]]
[2020.08.03-13.54.05:351][  0]LogConfig: Setting CVar [[r.EmitterSpawnRateScale:1.0]]
[2020.08.03-13.54.05:351][  0]LogConfig: Setting CVar [[r.ParticleLightQuality:2]]
[2020.08.03-13.54.05:352][  0]LogConfig: Setting CVar [[r.SkyAtmosphere.AerialPerspectiveLUT.FastApplyOnOpaque:1 ; Always have FastSkyLUT 1 in this case to avoid wrong sky]]
[2020.08.03-13.54.05:352][  0]LogConfig: Setting CVar [[r.SkyAtmosphere.AerialPerspectiveLUT.SampleCountPerSlice:1]]
[2020.08.03-13.54.05:354][  0]LogConfig: Setting CVar [[r.SkyAtmosphere.AerialPerspectiveLUT.DepthResolution:16.0]]
[2020.08.03-13.54.05:354][  0]LogConfig: Setting CVar [[r.SkyAtmosphere.FastSkyLUT:1]]
[2020.08.03-13.54.05:355][  0]LogConfig: Setting CVar [[r.SkyAtmosphere.FastSkyLUT.SampleCountMin:4.0]]
[2020.08.03-13.54.05:356][  0]LogConfig: Setting CVar [[r.SkyAtmosphere.FastSkyLUT.SampleCountMax:32.0]]
[2020.08.03-13.54.05:356][  0]LogConfig: Setting CVar [[r.SkyAtmosphere.SampleCountMin:4.0]]
[2020.08.03-13.54.05:357][  0]LogConfig: Setting CVar [[r.SkyAtmosphere.SampleCountMax:32.0]]
[2020.08.03-13.54.05:361][  0]LogConfig: Setting CVar [[r.SkyAtmosphere.TransmittanceLUT.UseSmallFormat:0]]
[2020.08.03-13.54.05:368][  0]LogConfig: Setting CVar [[r.SkyAtmosphere.TransmittanceLUT.SampleCount:10.0]]
[2020.08.03-13.54.05:368][  0]LogConfig: Setting CVar [[r.SkyAtmosphere.MultiScatteringLUT.SampleCount:15.0]]
[2020.08.03-13.54.05:369][  0]LogConfig: Applying CVar settings from Section [FoliageQuality@3] File [C:/Users/harsh.DESKTOP-UNEK68K/Desktop/Multiplayer/PuzzlePlatforms/Saved/Config/Windows/Scalability.ini]
[2020.08.03-13.54.05:371][  0]LogConfig: Setting CVar [[foliage.DensityScale:1.0]]
[2020.08.03-13.54.05:372][  0]LogConfig: Setting CVar [[grass.DensityScale:1.0]]
[2020.08.03-13.54.05:373][  0]LogConfig: Applying CVar settings from Section [ShadingQuality@3] File [C:/Users/harsh.DESKTOP-UNEK68K/Desktop/Multiplayer/PuzzlePlatforms/Saved/Config/Windows/Scalability.ini]
[2020.08.03-13.54.05:373][  0]LogConfig: Setting CVar [[r.HairStrands.SkyLighting.SampleCount:16]]
[2020.08.03-13.54.05:373][  0]LogConfig: Setting CVar [[r.HairStrands.SkyLighting.JitterIntegration:0]]
[2020.08.03-13.54.05:374][  0]LogConfig: Setting CVar [[r.HairStrands.SkyAO.SampleCount:16]]
[2020.08.03-13.54.05:374][  0]LogInit: Selected Device Profile: [Windows]
[2020.08.03-13.54.05:375][  0]LogInit: Applying CVar settings loaded from the selected device profile: [Windows]
[2020.08.03-13.54.05:387][  0]LogHAL: Display: Platform has ~ 8 GB [8449904640 / 8589934592 / 8], which maps to Default [LargestMinGB=32, LargerMinGB=12, DefaultMinGB=8, SmallerMinGB=6, SmallestMinGB=0)
[2020.08.03-13.54.05:388][  0]LogInit: Going up to parent DeviceProfile []
[2020.08.03-13.54.05:388][  0]LogConfig: Applying CVar settings from Section [ViewDistanceQuality@3] File [C:/Users/harsh.DESKTOP-UNEK68K/Desktop/Multiplayer/PuzzlePlatforms/Saved/Config/Windows/Scalability.ini]
[2020.08.03-13.54.05:389][  0]LogConfig: Setting CVar [[r.SkeletalMeshLODBias:0]]
[2020.08.03-13.54.05:389][  0]LogConfig: Setting CVar [[r.ViewDistanceScale:1.0]]
[2020.08.03-13.54.05:390][  0]LogConfig: Applying CVar settings from Section [AntiAliasingQuality@3] File [C:/Users/harsh.DESKTOP-UNEK68K/Desktop/Multiplayer/PuzzlePlatforms/Saved/Config/Windows/Scalability.ini]
[2020.08.03-13.54.05:391][  0]LogConfig: Setting CVar [[r.PostProcessAAQuality:4]]
[2020.08.03-13.54.05:392][  0]LogConfig: Applying CVar settings from Section [ShadowQuality@3] File [C:/Users/harsh.DESKTOP-UNEK68K/Desktop/Multiplayer/PuzzlePlatforms/Saved/Config/Windows/Scalability.ini]
[2020.08.03-13.54.05:394][  0]LogConfig: Setting CVar [[r.LightFunctionQuality:1]]
[2020.08.03-13.54.05:394][  0]LogConfig: Setting CVar [[r.ShadowQuality:5]]
[2020.08.03-13.54.05:395][  0]LogConfig: Setting CVar [[r.Shadow.CSM.MaxCascades:10]]
[2020.08.03-13.54.05:401][  0]LogConfig: Setting CVar [[r.Shadow.MaxResolution:2048]]
[2020.08.03-13.54.05:402][  0]LogConfig: Setting CVar [[r.Shadow.MaxCSMResolution:2048]]
[2020.08.03-13.54.05:402][  0]LogConfig: Setting CVar [[r.Shadow.RadiusThreshold:0.01]]
[2020.08.03-13.54.05:404][  0]LogConfig: Setting CVar [[r.Shadow.DistanceScale:1.0]]
[2020.08.03-13.54.05:404][  0]LogConfig: Setting CVar [[r.Shadow.CSM.TransitionScale:1.0]]
[2020.08.03-13.54.05:405][  0]LogConfig: Setting CVar [[r.Shadow.PreShadowResolutionFactor:1.0]]
[2020.08.03-13.54.05:405][  0]LogConfig: Setting CVar [[r.DistanceFieldShadowing:1]]
[2020.08.03-13.54.05:406][  0]LogConfig: Setting CVar [[r.DistanceFieldAO:1]]
[2020.08.03-13.54.05:407][  0]LogConfig: Setting CVar [[r.AOQuality:2]]
[2020.08.03-13.54.05:408][  0]LogConfig: Setting CVar [[r.VolumetricFog:1]]
[2020.08.03-13.54.05:408][  0]LogConfig: Setting CVar [[r.VolumetricFog.GridPixelSize:8]]
[2020.08.03-13.54.05:409][  0]LogConfig: Setting CVar [[r.VolumetricFog.GridSizeZ:128]]
[2020.08.03-13.54.05:414][  0]LogConfig: Setting CVar [[r.VolumetricFog.HistoryMissSupersampleCount:4]]
[2020.08.03-13.54.05:417][  0]LogConfig: Setting CVar [[r.LightMaxDrawDistanceScale:1]]
[2020.08.03-13.54.05:417][  0]LogConfig: Setting CVar [[r.CapsuleShadows:1]]
[2020.08.03-13.54.05:418][  0]LogConfig: Applying CVar settings from Section [PostProcessQuality@3] File [C:/Users/harsh.DESKTOP-UNEK68K/Desktop/Multiplayer/PuzzlePlatforms/Saved/Config/Windows/Scalability.ini]
[2020.08.03-13.54.05:418][  0]LogConfig: Setting CVar [[r.MotionBlurQuality:4]]
[2020.08.03-13.54.05:419][  0]LogConfig: Setting CVar [[r.AmbientOcclusionMipLevelFactor:0.4]]
[2020.08.03-13.54.05:419][  0]LogConfig: Setting CVar [[r.AmbientOcclusionMaxQuality:100]]
[2020.08.03-13.54.05:420][  0]LogConfig: Setting CVar [[r.AmbientOcclusionLevels:-1]]
[2020.08.03-13.54.05:421][  0]LogConfig: Setting CVar [[r.AmbientOcclusionRadiusScale:1.0]]
[2020.08.03-13.54.05:421][  0]LogConfig: Setting CVar [[r.DepthOfFieldQuality:2]]
[2020.08.03-13.54.05:421][  0]LogConfig: Setting CVar [[r.RenderTargetPoolMin:400]]
[2020.08.03-13.54.05:422][  0]LogConfig: Setting CVar [[r.LensFlareQuality:2]]
[2020.08.03-13.54.05:422][  0]LogConfig: Setting CVar [[r.SceneColorFringeQuality:1]]
[2020.08.03-13.54.05:423][  0]LogConfig: Setting CVar [[r.EyeAdaptationQuality:2]]
[2020.08.03-13.54.05:423][  0]LogConfig: Setting CVar [[r.BloomQuality:5]]
[2020.08.03-13.54.05:424][  0]LogConfig: Setting CVar [[r.FastBlurThreshold:100]]
[2020.08.03-13.54.05:424][  0]LogConfig: Setting CVar [[r.Upscale.Quality:3]]
[2020.08.03-13.54.05:425][  0]LogConfig: Setting CVar [[r.Tonemapper.GrainQuantization:1]]
[2020.08.03-13.54.05:434][  0]LogConfig: Setting CVar [[r.LightShaftQuality:1]]
[2020.08.03-13.54.05:436][  0]LogConfig: Setting CVar [[r.Filter.SizeScale:1]]
[2020.08.03-13.54.05:437][  0]LogConfig: Setting CVar [[r.Tonemapper.Quality:5]]
[2020.08.03-13.54.05:437][  0]LogConfig: Setting CVar [[r.DOF.Gather.AccumulatorQuality:1        ; higher gathering accumulator quality]]
[2020.08.03-13.54.05:438][  0]LogConfig: Setting CVar [[r.DOF.Gather.PostfilterMethod:1          ; Median3x3 postfilering method]]
[2020.08.03-13.54.05:439][  0]LogConfig: Setting CVar [[r.DOF.Gather.EnableBokehSettings:0       ; no bokeh simulation when gathering]]
[2020.08.03-13.54.05:439][  0]LogConfig: Setting CVar [[r.DOF.Gather.RingCount:4                 ; medium number of samples when gathering]]
[2020.08.03-13.54.05:441][  0]LogConfig: Setting CVar [[r.DOF.Scatter.ForegroundCompositing:1    ; additive foreground scattering]]
[2020.08.03-13.54.05:444][  0]LogConfig: Setting CVar [[r.DOF.Scatter.BackgroundCompositing:2    ; additive background scattering]]
[2020.08.03-13.54.05:444][  0]LogConfig: Setting CVar [[r.DOF.Scatter.EnableBokehSettings:1      ; bokeh simulation when scattering]]
[2020.08.03-13.54.05:445][  0]LogConfig: Setting CVar [[r.DOF.Scatter.MaxSpriteRatio:0.1         ; only a maximum of 10% of scattered bokeh]]
[2020.08.03-13.54.05:446][  0]LogConfig: Setting CVar [[r.DOF.Recombine.Quality:1                ; cheap slight out of focus]]
[2020.08.03-13.54.05:448][  0]LogConfig: Setting CVar [[r.DOF.Recombine.EnableBokehSettings:0    ; no bokeh simulation on slight out of focus]]
[2020.08.03-13.54.05:449][  0]LogConfig: Setting CVar [[r.DOF.TemporalAAQuality:1                ; more stable temporal accumulation]]
[2020.08.03-13.54.05:450][  0]LogConfig: Setting CVar [[r.DOF.Kernel.MaxForegroundRadius:0.025]]
[2020.08.03-13.54.05:452][  0]LogConfig: Setting CVar [[r.DOF.Kernel.MaxBackgroundRadius:0.025]]
[2020.08.03-13.54.05:454][  0]LogConfig: Applying CVar settings from Section [TextureQuality@3] File [C:/Users/harsh.DESKTOP-UNEK68K/Desktop/Multiplayer/PuzzlePlatforms/Saved/Config/Windows/Scalability.ini]
[2020.08.03-13.54.05:455][  0]LogConfig: Setting CVar [[r.Streaming.MipBias:0]]
[2020.08.03-13.54.05:455][  0]LogConfig: Setting CVar [[r.Streaming.AmortizeCPUToGPUCopy:0]]
[2020.08.03-13.54.05:456][  0]LogConfig: Setting CVar [[r.Streaming.MaxNumTexturesToStreamPerFrame:0]]
[2020.08.03-13.54.05:456][  0]LogConfig: Setting CVar [[r.Streaming.Boost:1]]
[2020.08.03-13.54.05:457][  0]LogConfig: Setting CVar [[r.MaxAnisotropy:8]]
[2020.08.03-13.54.05:457][  0]LogConfig: Setting CVar [[r.VT.MaxAnisotropy:8]]
[2020.08.03-13.54.05:458][  0]LogConfig: Setting CVar [[r.Streaming.LimitPoolSizeToVRAM:0]]
[2020.08.03-13.54.05:458][  0]LogConfig: Setting CVar [[r.Streaming.PoolSize:1000]]
[2020.08.03-13.54.05:459][  0]LogConfig: Setting CVar [[r.Streaming.MaxEffectiveScreenSize:0]]
[2020.08.03-13.54.05:462][  0]LogConfig: Applying CVar settings from Section [EffectsQuality@3] File [C:/Users/harsh.DESKTOP-UNEK68K/Desktop/Multiplayer/PuzzlePlatforms/Saved/Config/Windows/Scalability.ini]
[2020.08.03-13.54.05:463][  0]LogConfig: Setting CVar [[r.TranslucencyLightingVolumeDim:64]]
[2020.08.03-13.54.05:469][  0]LogConfig: Setting CVar [[r.RefractionQuality:2]]
[2020.08.03-13.54.05:469][  0]LogConfig: Setting CVar [[r.SSR.Quality:3]]
[2020.08.03-13.54.05:470][  0]LogConfig: Setting CVar [[r.SSR.HalfResSceneColor:0]]
[2020.08.03-13.54.05:471][  0]LogConfig: Setting CVar [[r.SceneColorFormat:4]]
[2020.08.03-13.54.05:471][  0]LogConfig: Setting CVar [[r.DetailMode:2]]
[2020.08.03-13.54.05:473][  0]LogConfig: Setting CVar [[r.TranslucencyVolumeBlur:1]]
[2020.08.03-13.54.05:473][  0]LogConfig: Setting CVar [[r.MaterialQualityLevel:1 ; High quality]]
[2020.08.03-13.54.05:474][  0]LogConfig: Setting CVar [[r.SSS.Scale:1]]
[2020.08.03-13.54.05:474][  0]LogConfig: Setting CVar [[r.SSS.SampleSet:2]]
[2020.08.03-13.54.05:474][  0]LogConfig: Setting CVar [[r.SSS.Quality:1]]
[2020.08.03-13.54.05:475][  0]LogConfig: Setting CVar [[r.SSS.HalfRes:1]]
[2020.08.03-13.54.05:476][  0]LogConfig: Setting CVar [[r.SSGI.Quality:3]]
[2020.08.03-13.54.05:477][  0]LogConfig: Setting CVar [[r.EmitterSpawnRateScale:1.0]]
[2020.08.03-13.54.05:483][  0]LogConfig: Setting CVar [[r.ParticleLightQuality:2]]
[2020.08.03-13.54.05:483][  0]LogConfig: Setting CVar [[r.SkyAtmosphere.AerialPerspectiveLUT.FastApplyOnOpaque:1 ; Always have FastSkyLUT 1 in this case to avoid wrong sky]]
[2020.08.03-13.54.05:484][  0]LogConfig: Setting CVar [[r.SkyAtmosphere.AerialPerspectiveLUT.SampleCountPerSlice:1]]
[2020.08.03-13.54.05:485][  0]LogConfig: Setting CVar [[r.SkyAtmosphere.AerialPerspectiveLUT.DepthResolution:16.0]]
[2020.08.03-13.54.05:485][  0]LogConfig: Setting CVar [[r.SkyAtmosphere.FastSkyLUT:1]]
[2020.08.03-13.54.05:485][  0]LogConfig: Setting CVar [[r.SkyAtmosphere.FastSkyLUT.SampleCountMin:4.0]]
[2020.08.03-13.54.05:486][  0]LogConfig: Setting CVar [[r.SkyAtmosphere.FastSkyLUT.SampleCountMax:32.0]]
[2020.08.03-13.54.05:486][  0]LogConfig: Setting CVar [[r.SkyAtmosphere.SampleCountMin:4.0]]
[2020.08.03-13.54.05:487][  0]LogConfig: Setting CVar [[r.SkyAtmosphere.SampleCountMax:32.0]]
[2020.08.03-13.54.05:487][  0]LogConfig: Setting CVar [[r.SkyAtmosphere.TransmittanceLUT.UseSmallFormat:0]]
[2020.08.03-13.54.05:488][  0]LogConfig: Setting CVar [[r.SkyAtmosphere.TransmittanceLUT.SampleCount:10.0]]
[2020.08.03-13.54.05:489][  0]LogConfig: Setting CVar [[r.SkyAtmosphere.MultiScatteringLUT.SampleCount:15.0]]
[2020.08.03-13.54.05:490][  0]LogConfig: Applying CVar settings from Section [FoliageQuality@3] File [C:/Users/harsh.DESKTOP-UNEK68K/Desktop/Multiplayer/PuzzlePlatforms/Saved/Config/Windows/Scalability.ini]
[2020.08.03-13.54.05:490][  0]LogConfig: Setting CVar [[foliage.DensityScale:1.0]]
[2020.08.03-13.54.05:491][  0]LogConfig: Setting CVar [[grass.DensityScale:1.0]]
[2020.08.03-13.54.05:497][  0]LogConfig: Applying CVar settings from Section [ShadingQuality@3] File [C:/Users/harsh.DESKTOP-UNEK68K/Desktop/Multiplayer/PuzzlePlatforms/Saved/Config/Windows/Scalability.ini]
[2020.08.03-13.54.05:498][  0]LogConfig: Setting CVar [[r.HairStrands.SkyLighting.SampleCount:16]]
[2020.08.03-13.54.05:499][  0]LogConfig: Setting CVar [[r.HairStrands.SkyLighting.JitterIntegration:0]]
[2020.08.03-13.54.05:500][  0]LogConfig: Setting CVar [[r.HairStrands.SkyAO.SampleCount:16]]
[2020.08.03-13.54.05:500][  0]LogConfig: Applying CVar settings from Section [Startup] File [../../../Engine/Config/ConsoleVariables.ini]
[2020.08.03-13.54.05:501][  0]LogConfig: Setting CVar [[net.UseAdaptiveNetUpdateFrequency:0]]
[2020.08.03-13.54.05:501][  0]LogConfig: Setting CVar [[p.chaos.AllowCreatePhysxBodies:1]]
[2020.08.03-13.54.05:502][  0]LogConfig: Applying CVar settings from Section [ConsoleVariables] File [C:/Users/harsh.DESKTOP-UNEK68K/Desktop/Multiplayer/PuzzlePlatforms/Saved/Config/Windows/Engine.ini]
[2020.08.03-13.54.05:502][  0]LogInit: Computer: DESKTOP-UNEK68K
[2020.08.03-13.54.05:503][  0]LogInit: User: harsh
[2020.08.03-13.54.05:503][  0]LogInit: CPU Page size=4096, Cores=4
[2020.08.03-13.54.05:504][  0]LogInit: High frequency timer resolution =10.000000 MHz
[2020.08.03-13.54.05:505][  0]LogMemory: Memory total: Physical=7.9GB (8GB approx)
[2020.08.03-13.54.05:508][  0]LogMemory: Platform Memory Stats for Windows
[2020.08.03-13.54.05:510][  0]LogMemory: Process Physical Memory: 105.57 MB used, 105.57 MB peak
[2020.08.03-13.54.05:511][  0]LogMemory: Process Virtual Memory: 100.36 MB used, 100.36 MB peak
[2020.08.03-13.54.05:513][  0]LogMemory: Physical Memory: 5872.23 MB used,  2186.23 MB free, 8058.46 MB total
[2020.08.03-13.54.05:514][  0]LogMemory: Virtual Memory: 5122.20 MB used,  134212608.00 MB free, 134217728.00 MB total
[2020.08.03-13.54.05:523][  0]LogWindows: WindowsPlatformFeatures enabled
[2020.08.03-13.54.05:553][  0]LogInit: Using OS detected language (en-US).
[2020.08.03-13.54.05:553][  0]LogInit: Using OS detected locale (en-US).
[2020.08.03-13.54.05:556][  0]LogTextLocalizationManager: No specific localization for 'en-US' exists, so the 'en' localization will be used.
[2020.08.03-13.54.05:900][  0]LogSlate: New Slate User Created.  User Index 0, Is Virtual User: 0
[2020.08.03-13.54.05:901][  0]LogSlate: Slate User Registered.  User Index 0, Is Virtual User: 0
[2020.08.03-13.54.05:970][  0]LogHMD: Failed to initialize OpenVR with code 110
[2020.08.03-13.54.05:970][  0]LogD3D11RHI: D3D11 min allowed feature level: 11_0
[2020.08.03-13.54.05:972][  0]LogD3D11RHI: D3D11 max allowed feature level: 11_0
[2020.08.03-13.54.05:973][  0]LogD3D11RHI: D3D11 adapters:
[2020.08.03-13.54.06:081][  0]LogD3D11RHI:    0. 'NVIDIA GeForce GTX 1050' (Feature Level 11_0)
[2020.08.03-13.54.06:082][  0]LogD3D11RHI:       4019/0/4029 MB DedicatedVideo/DedicatedSystem/SharedSystem, Outputs:1, VendorId:0x10de
[2020.08.03-13.54.06:104][  0]LogD3D11RHI:    1. 'Intel(R) HD Graphics 630' (Feature Level 11_0)
[2020.08.03-13.54.06:104][  0]LogD3D11RHI:       128/0/4029 MB DedicatedVideo/DedicatedSystem/SharedSystem, Outputs:0, VendorId:0x8086
[2020.08.03-13.54.06:114][  0]LogD3D11RHI:    2. 'Microsoft Basic Render Driver' (Feature Level 11_0)
[2020.08.03-13.54.06:117][  0]LogD3D11RHI:       0/0/4029 MB DedicatedVideo/DedicatedSystem/SharedSystem, Outputs:0, VendorId:0x1414
[2020.08.03-13.54.06:118][  0]LogD3D11RHI: Chosen D3D11 Adapter: 0
[2020.08.03-13.54.06:184][  0]LogD3D11RHI: Creating new Direct3DDevice
[2020.08.03-13.54.06:184][  0]LogD3D11RHI:     GPU DeviceId: 0x1c8d (for the marketing name, search the web for "GPU Device Id")
[2020.08.03-13.54.06:186][  0]LogWindows: EnumDisplayDevices:
[2020.08.03-13.54.06:187][  0]LogWindows:    0. 'Intel(R) HD Graphics 630' (P:1 D:1)
[2020.08.03-13.54.06:187][  0]LogWindows:    1. 'Intel(R) HD Graphics 630' (P:0 D:0)
[2020.08.03-13.54.06:188][  0]LogWindows:    2. 'Intel(R) HD Graphics 630' (P:0 D:0)
[2020.08.03-13.54.06:189][  0]LogWindows:    3. 'NVIDIA GeForce GTX 1050' (P:0 D:0)
[2020.08.03-13.54.06:190][  0]LogWindows: DebugString: PrimaryIsNotTheChoosenAdapter PrimaryIsNotTheChoosenAdapter PrimaryIsNotTheChoosenAdapter 
[2020.08.03-13.54.06:192][  0]LogD3D11RHI:     Adapter Name: NVIDIA GeForce GTX 1050
[2020.08.03-13.54.06:193][  0]LogD3D11RHI:   Driver Version: 417.35 (internal:25.21.14.1735, unified:417.35)
[2020.08.03-13.54.06:194][  0]LogD3D11RHI:      Driver Date: 12-11-2018
[2020.08.03-13.54.06:195][  0]LogRHI: Texture pool is 2813 MB (70% of 4019 MB)
[2020.08.03-13.54.06:266][  0]LogD3D11RHI: RHI has support for 64 bit atomics
[2020.08.03-13.54.06:267][  0]LogD3D11RHI: Async texture creation enabled
[2020.08.03-13.54.06:304][  0]LogD3D11RHI: GPU Timing Frequency: 1000.000000 (Debug: 2 2)
[2020.08.03-13.54.06:975][  0]LogTargetPlatformManager: Display: Loaded TargetPlatform 'WindowsNoEditor'
[2020.08.03-13.54.06:981][  0]LogTargetPlatformManager: Display: Loaded TargetPlatform 'Windows'
[2020.08.03-13.54.06:996][  0]LogTargetPlatformManager: Display: Loaded TargetPlatform 'WindowsClient'
[2020.08.03-13.54.07:010][  0]LogTargetPlatformManager: Display: Loaded TargetPlatform 'WindowsServer'
[2020.08.03-13.54.07:016][  0]LogTargetPlatformManager: Display: Building Assets For Windows
[2020.08.03-13.54.07:020][  0]LogAudioDebug: Display: Lib vorbis DLL was dynamically loaded.
[2020.08.03-13.54.07:064][  0]LogShaderCompilers: Guid format shader working directory is -20 characters bigger than the processId version (../../../../../../Users/harsh.DESKTOP-UNEK68K/Desktop/Multiplayer/PuzzlePlatforms/Intermediate/Shaders/WorkingDirectory/21172/).
[2020.08.03-13.54.07:065][  0]LogShaderCompilers: Cleaned the shader compiler working directory 'C:/Users/harsh.DESKTOP-UNEK68K/AppData/Local/Temp/UnrealShaderWorkingDir/8F07F9164861271556E89495E17381E5/'.
[2020.08.03-13.54.07:067][  0]LogXGEController: Cannot use XGE Controller as Incredibuild is not installed on this machine.
[2020.08.03-13.54.07:067][  0]LogShaderCompilers: Cannot use XGE Shader Compiler as Incredibuild is not installed on this machine.
[2020.08.03-13.54.07:068][  0]LogShaderCompilers: Display: Using Local Shader Compiler.
[2020.08.03-13.54.08:282][  0]LogDerivedDataCache: Display: Max Cache Size: 512 MB
[2020.08.03-13.54.08:401][  0]LogDerivedDataCache: Loaded boot cache 0.12s 82MB C:/Users/harsh.DESKTOP-UNEK68K/AppData/Local/UnrealEngine/4.24/DerivedDataCache/Boot.ddc.
[2020.08.03-13.54.08:402][  0]LogDerivedDataCache: Display: Loaded Boot cache: C:/Users/harsh.DESKTOP-UNEK68K/AppData/Local/UnrealEngine/4.24/DerivedDataCache/Boot.ddc
[2020.08.03-13.54.08:404][  0]LogDerivedDataCache: FDerivedDataBackendGraph:  Pak pak cache file ../../../../../../Users/harsh.DESKTOP-UNEK68K/Desktop/Multiplayer/PuzzlePlatforms/DerivedDataCache/DDC.ddp not found, will not use a pak cache.
[2020.08.03-13.54.08:405][  0]LogDerivedDataCache: Unable to find inner node Pak for hierarchical cache Hierarchy.
[2020.08.03-13.54.08:405][  0]LogDerivedDataCache: FDerivedDataBackendGraph:  CompressedPak pak cache file ../../../../../../Users/harsh.DESKTOP-UNEK68K/Desktop/Multiplayer/PuzzlePlatforms/DerivedDataCache/Compressed.ddp not found, will not use a pak cache.
[2020.08.03-13.54.08:406][  0]LogDerivedDataCache: Unable to find inner node CompressedPak for hierarchical cache Hierarchy.
[2020.08.03-13.54.08:424][  0]LogDerivedDataCache: Display: Pak cache opened for reading ../../../Engine/DerivedDataCache/Compressed.ddp.
[2020.08.03-13.54.08:424][  0]LogDerivedDataCache: FDerivedDataBackendGraph:  EnterprisePak pak cache file ../../../Enterprise/DerivedDataCache/Compressed.ddp not found, will not use a pak cache.
[2020.08.03-13.54.08:427][  0]LogDerivedDataCache: Unable to find inner node EnterprisePak for hierarchical cache Hierarchy.
[2020.08.03-13.54.08:430][  0]LogDerivedDataCache: Using Local data cache path C:/Users/harsh.DESKTOP-UNEK68K/AppData/Local/UnrealEngine/Common/DerivedDataCache: Writable
[2020.08.03-13.54.08:430][  0]LogDerivedDataCache: Shared data cache path not found in *engine.ini, will not use an Shared cache.
[2020.08.03-13.54.08:433][  0]LogDerivedDataCache: Unable to find inner node Shared for hierarchical cache Hierarchy.
[2020.08.03-13.54.08:480][  0]LogMaterial: Verifying Global Shaders for PCD3D_SM5
[2020.08.03-13.54.08:484][  0]LogSlate: Using FreeType 2.10.0
[2020.08.03-13.54.08:485][  0]LogSlate: SlateFontServices - WITH_FREETYPE: 1, WITH_HARFBUZZ: 1
[2020.08.03-13.54.08:821][  0]LogInit: Using OS detected language (en-US).
[2020.08.03-13.54.08:828][  0]LogInit: Using OS detected locale (en-US).
[2020.08.03-13.54.08:831][  0]LogTextLocalizationManager: No localization for 'en-US' exists, so 'en' will be used for the language.
[2020.08.03-13.54.08:832][  0]LogTextLocalizationManager: No localization for 'en-US' exists, so 'en' will be used for the locale.
[2020.08.03-13.54.08:833][  0]LogSlate: FontCache flush requested. Reason: Culture for localization was changed
[2020.08.03-13.54.08:834][  0]LogSlate: FontCache flush requested. Reason: Culture for localization was changed
[2020.08.03-13.54.08:837][  0]LogTextLocalizationManager: Compacting localization data took   0.00ms
[2020.08.03-13.54.08:842][  0]LogAssetRegistry: FAssetRegistry took 0.0036 seconds to start up
[2020.08.03-13.54.09:211][  0]LogPackageLocalizationCache: Processed 10 localized package path(s) for 1 prioritized culture(s) in 0.013938 seconds
[2020.08.03-13.54.09:296][  0]LogInit: Selected Device Profile: [Windows]
[2020.08.03-13.54.09:454][  0]LogMeshReduction: Using QuadricMeshReduction for automatic static mesh reduction
[2020.08.03-13.54.09:454][  0]LogMeshReduction: Using SimplygonMeshReduction for automatic skeletal mesh reduction
[2020.08.03-13.54.09:456][  0]LogMeshReduction: Using ProxyLODMeshReduction for automatic mesh merging
[2020.08.03-13.54.09:456][  0]LogMeshReduction: No distributed automatic mesh merging module available
[2020.08.03-13.54.09:456][  0]LogMeshMerging: No distributed automatic mesh merging module available
[2020.08.03-13.54.09:473][  0]LogNetVersion: PuzzlePlatforms 1.0.0, NetCL: 10570792, EngineNetVer: 13, GameNetVer: 0 (Checksum: 2226377169)
[2020.08.03-13.54.10:181][  0]LogMoviePlayer: Initializing movie player
[2020.08.03-13.54.10:530][  0]SourceControl: Source control is disabled
[2020.08.03-13.54.10:535][  0]SourceControl: Source control is disabled
[2020.08.03-13.54.10:537][  0]SourceControl: Source control is disabled
[2020.08.03-13.54.10:585][  0]LogAndroidPermission: UAndroidPermissionCallbackProxy::GetInstance
[2020.08.03-13.54.10:598][  0]LogAudioCaptureCore: Display: No Audio Capture implementations found. Audio input will be silent.
[2020.08.03-13.54.10:599][  0]LogAudioCaptureCore: Display: No Audio Capture implementations found. Audio input will be silent.
[2020.08.03-13.54.10:695][  0]LogOcInput: OculusInput pre-init called
[2020.08.03-13.54.10:714][  0]LogUObjectArray: 53665 objects as part of root set at end of initial load.
[2020.08.03-13.54.10:714][  0]LogUObjectAllocator: 9728856 out of 0 bytes used by permanent object pool.
[2020.08.03-13.54.10:714][  0]LogUObjectArray: CloseDisregardForGC: 0/0 objects in disregard for GC pool
[2020.08.03-13.54.10:795][  0]LogEngine: Initializing Engine...
[2020.08.03-13.54.10:796][  0]LogHMD: Failed to initialize OpenVR with code 110
[2020.08.03-13.54.10:799][  0]LogStats: UGameplayTagsManager::InitializeManager -  0.000 s
[2020.08.03-13.54.11:126][  0]LogInit: Initializing FReadOnlyCVARCache
[2020.08.03-13.54.11:128][  0]LogAudioMixer: Display: Audio Mixer Platform Settings:
[2020.08.03-13.54.11:129][  0]LogAudioMixer: Display: 	Sample Rate:						  48000
[2020.08.03-13.54.11:130][  0]LogAudioMixer: Display: 	Callback Buffer Frame Size Requested: 1024
[2020.08.03-13.54.11:130][  0]LogAudioMixer: Display: 	Callback Buffer Frame Size To Use:	  1024
[2020.08.03-13.54.11:132][  0]LogAudioMixer: Display: 	Number of buffers to queue:			  2
[2020.08.03-13.54.11:132][  0]LogAudioMixer: Display: 	Max Channels (voices):				  32
[2020.08.03-13.54.11:133][  0]LogAudioMixer: Display: 	Number of Async Source Workers:		  0
[2020.08.03-13.54.11:133][  0]LogAudio: Display: AudioDevice MaxSources: 32
[2020.08.03-13.54.11:134][  0]LogAudio: Display: Using built-in audio occlusion.
[2020.08.03-13.54.11:135][  0]LogAudioMixer: Display: Initializing audio mixer.
[2020.08.03-13.54.11:168][  0]LogAudioMixer: Display: Audio Device Output Speaker Info:
[2020.08.03-13.54.11:168][  0]LogAudioMixer: Display: Name: Speakers / Headphones (Realtek Audio)
[2020.08.03-13.54.11:172][  0]LogAudioMixer: Display: Is Default: Yes
[2020.08.03-13.54.11:173][  0]LogAudioMixer: Display: Sample Rate: 48000
[2020.08.03-13.54.11:173][  0]LogAudioMixer: Display: Channel Count Used: 2
[2020.08.03-13.54.11:174][  0]LogAudioMixer: Display: Device Channel Count: 2
[2020.08.03-13.54.11:175][  0]LogAudioMixer: Display: Channel Order:
[2020.08.03-13.54.11:175][  0]LogAudioMixer: Display: 0: FrontLeft
[2020.08.03-13.54.11:176][  0]LogAudioMixer: Display: 1: FrontRight
[2020.08.03-13.54.11:315][  0]LogAudioMixer: Display: Using Audio Device Speakers / Headphones (Realtek Audio)
[2020.08.03-13.54.11:330][  0]LogInit: FAudioDevice initialized.
[2020.08.03-13.54.11:332][  0]LogNetVersion: Set ProjectVersion to 1.0.0.0. Version Checksum will be recalculated on next use.
[2020.08.03-13.54.11:452][  0]LogDerivedDataCache: Saved boot cache 0.12s 81MB C:/Users/harsh.DESKTOP-UNEK68K/AppData/Local/UnrealEngine/4.24/DerivedDataCache/Boot.ddc.
[2020.08.03-13.54.11:461][  0]LogInit: Texture streaming: Enabled
[2020.08.03-13.54.11:666][  0]LogSlate: Updating window title bar state: overlay mode, drag disabled, window buttons hidden, title bar hidden
[2020.08.03-13.54.11:670][  0]LogInit: Display: Game Engine Initialized.
[2020.08.03-13.54.11:691][  0]LogInit: Display: Starting Game.
[2020.08.03-13.54.11:692][  0]LogNet: Browse: 25.57.95.48//Game/ThirdPersonCPP/Maps/ThirdPersonExampleMap?Name=Player
[2020.08.03-13.54.11:700][  0]LogInit: WinSock: I am DESKTOP-UNEK68K (192.168.1.7:0)
[2020.08.03-13.54.11:700][  0]LogInit: WinSock: Socket queue. Rx: 32768 (config 32768) Tx: 32768 (config 32768)
[2020.08.03-13.54.11:701][  0]PacketHandlerLog: Loaded PacketHandler component: Engine.EngineHandlerComponentFactory (StatelessConnectHandlerComponent)
[2020.08.03-13.54.11:702][  0]LogNet: Game client on port 7777, rate 10000
[2020.08.03-13.54.11:743][  0]LogLoad: (Engine Initialization) Total time: 8.95 seconds
[2020.08.03-13.54.11:743][  0]LogLoad: (Engine Initialization) Total Blueprint compile time: 0.00 seconds
[2020.08.03-13.54.11:749][  0]LogContentStreaming: Texture pool size now 1000 MB
[2020.08.03-13.54.11:755][  0]LogSlate: InvalidateAllWidgets triggered.  All widgets were invalidated
[2020.08.03-13.54.15:815][454]LogAudio: Display: Waited 42.217300 ms for audio thread.
[2020.08.03-13.54.15:822][454]LogAudio: Display: Waited 49.452599 ms for audio thread.
[2020.08.03-13.55.11:753][ 12]LogNet: Warning: UNetConnection::Tick: Connection TIMED OUT. Closing connection.. Elapsed: 60.01, Real: 60.01, Good: 60.01, DriverTime: 60.01, Threshold: 60.00, [UNetConnection] RemoteAddr: 25.57.95.48:7777, Name: IpConnection_0, Driver: PendingNetDriver IpNetDriver_0, IsServer: NO, PC: NULL, Owner: NULL, UniqueId: INVALID
[2020.08.03-13.55.11:757][ 12]LogNet: Error: UEngine::BroadcastNetworkFailure: FailureType = ConnectionTimeout, ErrorString = UNetConnection::Tick: Connection TIMED OUT. Closing connection.. Elapsed: 60.01, Real: 60.01, Good: 60.01, DriverTime: 60.01, Threshold: 60.00, [UNetConnection] RemoteAddr: 25.57.95.48:7777, Name: IpConnection_0, Driver: PendingNetDriver IpNetDriver_0, IsServer: NO, PC: NULL, Owner: NULL, UniqueId: INVALID, Driver = PendingNetDriver IpNetDriver_0
[2020.08.03-13.55.11:759][ 12]LogNet: Warning: Network Failure: PendingNetDriver[ConnectionTimeout]: UNetConnection::Tick: Connection TIMED OUT. Closing connection.. Elapsed: 60.01, Real: 60.01, Good: 60.01, DriverTime: 60.01, Threshold: 60.00, [UNetConnection] RemoteAddr: 25.57.95.48:7777, Name: IpConnection_0, Driver: PendingNetDriver IpNetDriver_0, IsServer: NO, PC: NULL, Owner: NULL, UniqueId: INVALID
[2020.08.03-13.55.11:761][ 12]LogNet: NetworkFailure: ConnectionTimeout, Error: 'UNetConnection::Tick: Connection TIMED OUT. Closing connection.. Elapsed: 60.01, Real: 60.01, Good: 60.01, DriverTime: 60.01, Threshold: 60.00, [UNetConnection] RemoteAddr: 25.57.95.48:7777, Name: IpConnection_0, Driver: PendingNetDriver IpNetDriver_0, IsServer: NO, PC: NULL, Owner: NULL, UniqueId: INVALID'
[2020.08.03-13.55.11:763][ 12]LogNet: UNetConnection::Close: [UNetConnection] RemoteAddr: 25.57.95.48:7777, Name: IpConnection_0, Driver: PendingNetDriver IpNetDriver_0, IsServer: NO, PC: NULL, Owner: NULL, UniqueId: INVALID, Channels: 2, Time: 2020.08.03-13.55.11
[2020.08.03-13.55.11:764][ 12]LogNet: UChannel::Close: Sending CloseBunch. ChIndex == 0. Name: [UChannel] ChIndex: 0, Closing: 0 [UNetConnection] RemoteAddr: 25.57.95.48:7777, Name: IpConnection_0, Driver: PendingNetDriver IpNetDriver_0, IsServer: NO, PC: NULL, Owner: NULL, UniqueId: INVALID
[2020.08.03-13.55.11:765][ 12]LogNet: DestroyNamedNetDriver IpNetDriver_0 [PendingNetDriver]
[2020.08.03-13.55.11:772][ 12]LogExit: PendingNetDriver IpNetDriver_0 shut down
[2020.08.03-13.55.11:774][ 13]LogNet: Browse: /Game/ThirdPersonCPP/Maps/ThirdPersonExampleMap?closed
[2020.08.03-13.55.11:774][ 13]LogNet: Connection failed; returning to Entry
[2020.08.03-13.55.11:775][ 13]LogLoad: LoadMap: /Game/ThirdPersonCPP/Maps/ThirdPersonExampleMap?closed
[2020.08.03-13.55.11:777][ 13]LogWorld: BeginTearingDown for /Temp/Untitled_0
[2020.08.03-13.55.11:778][ 13]LogWorld: UWorld::CleanupWorld for Untitled, bSessionEnded=true, bCleanupResources=true
[2020.08.03-13.55.11:779][ 13]LogSlate: InvalidateAllWidgets triggered.  All widgets were invalidated
[2020.08.03-13.55.11:823][ 13]LogAudioMixer: Display: No commands were queued while flushing the source manager.
[2020.08.03-13.55.11:824][ 13]LogNet: UChannel::CleanUp: ChIndex == 0. Closing connection. [UChannel] ChIndex: 0, Closing: 0 [UNetConnection] RemoteAddr: 25.57.95.48:7777, Name: None, Driver: PendingNetDriver None, IsServer: NO, PC: NULL, Owner: NULL, UniqueId: INVALID
[2020.08.03-13.55.11:826][ 13]LogNet: UNetConnection::PendingConnectionLost. [UNetConnection] RemoteAddr: 25.57.95.48:7777, Name: None, Driver: PendingNetDriver None, IsServer: YES, PC: NULL, Owner: NULL, UniqueId: INVALID bPendingDestroy=0 
[2020.08.03-13.55.11:833][ 13]LogUObjectHash: Compacting FUObjectHashTables data took   5.40ms
[2020.08.03-13.55.11:980][ 13]LogAIModule: Creating AISystem for world ThirdPersonExampleMap
[2020.08.03-13.55.11:982][ 13]LogLoad: Game class is 'PuzzlePlatformsGameMode'
[2020.08.03-13.55.11:995][ 13]LogWorld: Bringing World /Game/ThirdPersonCPP/Maps/ThirdPersonExampleMap.ThirdPersonExampleMap up for play (max tick rate 0) at 2020.08.03-14.55.11
[2020.08.03-13.55.11:996][ 13]LogWorld: Bringing up level for play took: 0.011097
[2020.08.03-13.55.12:000][ 13]LogSlate: Took 0.000259 seconds to synchronously load lazily loaded font '../../../Engine/Content/Slate/Fonts/Roboto-Regular.ttf' (155K)
[2020.08.03-13.55.12:003][ 13]LogRenderer: Reallocating scene render targets to support 1536x864 Format 10 NumSamples 1 (Frame:1).
[2020.08.03-13.55.12:003][ 13]LogLoad: Took 0.228656 seconds to LoadMap(/Game/ThirdPersonCPP/Maps/ThirdPersonExampleMap)
[2020.08.03-13.55.12:058][ 13]LogUObjectHash: Compacting FUObjectHashTables data took   2.90ms
[2020.08.03-13.55.12:065][ 15]LogRenderer: Reallocating scene render targets to support 128x128 Format 10 NumSamples 1 (Frame:1).
[2020.08.03-13.55.12:167][ 15]LogRenderer: Reallocating scene render targets to support 1536x864 Format 10 NumSamples 1 (Frame:2).
[2020.08.03-13.56.00:906][850]LogAudio: Display: Waited 35.847298 ms for audio thread.
[2020.08.03-13.56.00:909][850]LogAudio: Display: Waited 39.547802 ms for audio thread.
