Log file open, 08/04/20 01:34:01
LogWindows: Failed to load 'aqProf.dll' (GetLastError=126)
LogWindows: File 'aqProf.dll' does not exist
LogWindows: Failed to load 'VtuneApi.dll' (GetLastError=126)
LogWindows: File 'VtuneApi.dll' does not exist
LogWindows: Failed to load 'VtuneApi32e.dll' (GetLastError=126)
LogWindows: File 'VtuneApi32e.dll' does not exist
LogConsoleResponse: Display: Failed to find resolution value strings in scalability ini. Falling back to default.
LogInit: Display: Running engine for game: PuzzlePlatforms
LogPlatformFile: Not using cached read wrapper
LogTaskGraph: Started task graph with 5 named threads and 14 total threads with 3 sets of task threads.
LogStats: Stats thread started at 0.261360
LogD3D11RHI: Loaded GFSDK_Aftermath_Lib.x64.dll
LogICUInternationalization: ICU TimeZone Detection - Raw Offset: +0:00, Platform Override: ''
LogPluginManager: Mounting plugin Paper2D
LogPluginManager: Mounting plugin AISupport
LogPluginManager: Mounting plugin LightPropagationVolume
LogPluginManager: Mounting plugin ActorLayerUtilities
LogPluginManager: Mounting plugin AnimationSharing
LogPluginManager: Mounting plugin CLionSourceCodeAccess
LogPluginManager: Mounting plugin CodeLiteSourceCodeAccess
LogPluginManager: Mounting plugin GitSourceControl
LogPluginManager: Mounting plugin KDevelopSourceCodeAccess
LogPluginManager: Mounting plugin NullSourceCodeAccess
LogPluginManager: Mounting plugin PerforceSourceControl
LogPluginManager: Mounting plugin PlasticSourceControl
LogPluginManager: Mounting plugin SubversionSourceControl
LogPluginManager: Mounting plugin UObjectPlugin
LogPluginManager: Mounting plugin VisualStudioCodeSourceCodeAccess
LogPluginManager: Mounting plugin VisualStudioSourceCodeAccess
LogPluginManager: Mounting plugin XCodeSourceCodeAccess
LogPluginManager: Mounting plugin AssetManagerEditor
LogPluginManager: Mounting plugin CryptoKeys
LogPluginManager: Mounting plugin CurveEditorTools
LogPluginManager: Mounting plugin DataValidation
LogPluginManager: Mounting plugin FacialAnimation
LogPluginManager: Mounting plugin GameplayTagsEditor
LogPluginManager: Mounting plugin MacGraphicsSwitching
LogPluginManager: Mounting plugin MaterialAnalyzer
LogPluginManager: Mounting plugin MobileLauncherProfileWizard
LogPluginManager: Mounting plugin PluginBrowser
LogPluginManager: Mounting plugin SpeedTreeImporter
LogPluginManager: Mounting plugin DatasmithContent
LogPluginManager: Mounting plugin VariantManagerContent
LogPluginManager: Mounting plugin AlembicImporter
LogPluginManager: Mounting plugin AutomationUtils
LogPluginManager: Mounting plugin BackChannel
LogPluginManager: Mounting plugin CharacterAI
LogPluginManager: Mounting plugin GeometryCache
LogPluginManager: Mounting plugin PlatformCrypto
LogPluginManager: Mounting plugin ProxyLODPlugin
LogPluginManager: Mounting plugin SkeletalReduction
LogPluginManager: Mounting plugin MagicLeap
LogPluginManager: Mounting plugin MagicLeapMedia
LogPluginManager: Mounting plugin MLSDK
LogPluginManager: Mounting plugin AndroidMedia
LogPluginManager: Mounting plugin AvfMedia
LogPluginManager: Mounting plugin ImgMedia
LogPluginManager: Mounting plugin MediaCompositing
LogPluginManager: Mounting plugin MediaPlayerEditor
LogPluginManager: Mounting plugin WebMMedia
LogPluginManager: Mounting plugin WmfMedia
LogPluginManager: Mounting plugin TcpMessaging
LogPluginManager: Mounting plugin UdpMessaging
LogPluginManager: Mounting plugin ActorSequence
LogPluginManager: Mounting plugin LevelSequenceEditor
LogPluginManager: Mounting plugin MatineeToLevelSequence
LogPluginManager: Mounting plugin NetcodeUnitTest
LogPluginManager: Mounting plugin NUTUnrealEngine4
LogPluginManager: Mounting plugin OnlineSubsystemGooglePlay
LogPluginManager: Mounting plugin OnlineSubsystemIOS
LogPluginManager: Mounting plugin OnlineSubsystem
LogPluginManager: Mounting plugin OnlineSubsystemNull
LogPluginManager: Mounting plugin OnlineSubsystemUtils
LogPluginManager: Mounting plugin LauncherChunkInstaller
LogPluginManager: Mounting plugin AndroidDeviceProfileSelector
LogPluginManager: Mounting plugin AndroidMoviePlayer
LogPluginManager: Mounting plugin AndroidPermission
LogPluginManager: Mounting plugin AppleImageUtils
LogPluginManager: Mounting plugin AppleMoviePlayer
LogPluginManager: Mounting plugin ArchVisCharacter
LogPluginManager: Mounting plugin AssetTags
LogPluginManager: Mounting plugin AudioCapture
LogPluginManager: Mounting plugin CableComponent
LogPluginManager: Mounting plugin CustomMeshComponent
LogPluginManager: Mounting plugin EditableMesh
LogPluginManager: Mounting plugin ExampleDeviceProfileSelector
LogPluginManager: Mounting plugin GoogleCloudMessaging
LogPluginManager: Mounting plugin IOSDeviceProfileSelector
LogPluginManager: Mounting plugin LinuxDeviceProfileSelector
LogPluginManager: Mounting plugin LocationServicesBPLibrary
LogPluginManager: Mounting plugin MobilePatchingUtils
LogPluginManager: Mounting plugin OculusVR
LogPluginManager: Mounting plugin PhysXVehicles
LogPluginManager: Mounting plugin PostSplashScreen
LogPluginManager: Mounting plugin ProceduralMeshComponent
LogPluginManager: Mounting plugin RuntimePhysXCooking
LogPluginManager: Mounting plugin SignificanceManager
LogPluginManager: Mounting plugin SteamVR
LogPluginManager: Mounting plugin WebMMoviePlayer
LogPluginManager: Mounting plugin WindowsMoviePlayer
LogPluginManager: Mounting plugin ScreenshotTools
LogInit: Using libcurl 7.55.1-DEV
LogInit:  - built for x86_64-pc-win32
LogInit:  - supports SSL with OpenSSL/1.1.1
LogInit:  - supports HTTP deflate (compression) using libz 1.2.8
LogInit:  - other features:
LogInit:      CURL_VERSION_SSL
LogInit:      CURL_VERSION_LIBZ
LogInit:      CURL_VERSION_IPV6
LogInit:      CURL_VERSION_ASYNCHDNS
LogInit:      CURL_VERSION_LARGEFILE
LogInit:      CURL_VERSION_IDN
LogInit:  CurlRequestOptions (configurable via config and command line):
LogInit:  - bVerifyPeer = true  - Libcurl will verify peer certificate
LogInit:  - bUseHttpProxy = false  - Libcurl will NOT use HTTP proxy
LogInit:  - bDontReuseConnections = false  - Libcurl will reuse connections
LogInit:  - MaxHostConnections = 16  - Libcurl will limit the number of connections to a host
LogInit:  - LocalHostAddr = Default
LogInit:  - BufferSize = 65536
LogOnline: OSS: Creating online subsystem instance for: NULL
LogInit: WinSock: version 1.1 (2.2), MaxSocks=32767, MaxUdp=65467
LogOnline: OSS: TryLoadSubsystemAndSetDefault: Loaded subsystem for module [NULL]
LogInit: Build: ++UE4+Release-4.24-CL-11100242
LogInit: Engine Version: 4.24.2-11100242+++UE4+Release-4.24
LogInit: Compatible Engine Version: 4.24.0-10570792+++UE4+Release-4.24
LogInit: Net CL: 10570792
LogInit: OS: Windows 10 (Release 1909) (), CPU: Intel(R) Core(TM) i5-7300HQ CPU @ 2.50GHz, GPU: Intel(R) HD Graphics 630
LogInit: Compiled (64-bit): Jan 24 2020 02:05:53
LogInit: Compiled with Visual C++: 19.16.27032.01
LogInit: Build Configuration: Development
LogInit: Branch Name: ++UE4+Release-4.24
LogInit: Command Line:  192.168.1.7 -game -log
LogInit: Base Directory: C:/Program Files/Epic Games/UE_4.24/Engine/Binaries/Win64/
LogInit: Installed Engine Build: 1
LogDevObjectVersion: Number of dev versions registered: 25
LogDevObjectVersion:   Dev-Blueprints (B0D832E4-1F89-4F0D-ACCF-7EB736FD4AA2): 10
LogDevObjectVersion:   Dev-Build (E1C64328-A22C-4D53-A36C-8E866417BD8C): 0
LogDevObjectVersion:   Dev-Core (375EC13C-06E4-48FB-B500-84F0262A717E): 3
LogDevObjectVersion:   Dev-Editor (E4B068ED-F494-42E9-A231-DA0B2E46BB41): 37
LogDevObjectVersion:   Dev-Framework (CFFC743F-43B0-4480-9391-14DF171D2073): 36
LogDevObjectVersion:   Dev-Mobile (B02B49B5-BB20-44E9-A304-32B752E40360): 2
LogDevObjectVersion:   Dev-Networking (A4E4105C-59A1-49B5-A7C5-40C4547EDFEE): 0
LogDevObjectVersion:   Dev-Online (39C831C9-5AE6-47DC-9A44-9C173E1C8E7C): 0
LogDevObjectVersion:   Dev-Physics (78F01B33-EBEA-4F98-B9B4-84EACCB95AA2): 2
LogDevObjectVersion:   Dev-Platform (6631380F-2D4D-43E0-8009-CF276956A95A): 0
LogDevObjectVersion:   Dev-Rendering (12F88B9F-8875-4AFC-A67C-D90C383ABD29): 36
LogDevObjectVersion:   Dev-Sequencer (7B5AE74C-D270-4C10-A958-57980B212A5A): 11
LogDevObjectVersion:   Dev-VR (D7296918-1DD6-4BDD-9DE2-64A83CC13884): 2
LogDevObjectVersion:   Dev-LoadTimes (C2A15278-BFE7-4AFE-6C17-90FF531DF755): 1
LogDevObjectVersion:   Private-Geometry (6EACA3D4-40EC-4CC1-B786-8BED09428FC5): 3
LogDevObjectVersion:   Dev-AnimPhys (29E575DD-E0A3-4627-9D10-D276232CDCEA): 17
LogDevObjectVersion:   Dev-Anim (AF43A65D-7FD3-4947-9873-3E8ED9C1BB05): 2
LogDevObjectVersion:   Dev-ReflectionCapture (6B266CEC-1EC7-4B8F-A30B-E4D90942FC07): 1
LogDevObjectVersion:   Dev-Automation (0DF73D61-A23F-47EA-B727-89E90C41499A): 1
LogDevObjectVersion:   FortniteMain (601D1886-AC64-4F84-AA16-D3DE0DEAC7D6): 31
LogDevObjectVersion:   Dev-Enterprise (9DFFBCD6-494F-0158-E221-12823C92A888): 8
LogDevObjectVersion:   Dev-Niagara (F2AED0AC-9AFE-416F-8664-AA7FFA26D6FC): 1
LogDevObjectVersion:   Dev-Destruction (174F1F0B-B4C6-45A5-B13F-2EE8D0FB917D): 9
LogDevObjectVersion:   Dev-Physics-Ext (35F94A83-E258-406C-A318-09F59610247C): 8
LogDevObjectVersion:   Dev-CineCamera (B2E18506-4273-CFC2-A54E-F4BB758BBA07): 1
LogInit: Presizing for max 25165824 objects, including 0 objects not considered by GC, pre-allocating 0 bytes for permanent pool.
LogInit: Object subsystem initialized
LogConfig: Setting CVar [[con.DebugEarlyDefault:1]]
LogConfig: Setting CVar [[r.setres:1280x720]]
[2020.08.04-00.34.02:304][  0]LogConfig: Setting CVar [[con.DebugEarlyDefault:1]]
[2020.08.04-00.34.02:306][  0]LogConfig: Setting CVar [[r.setres:1280x720]]
[2020.08.04-00.34.02:307][  0]LogConfig: Applying CVar settings from Section [/Script/Engine.RendererSettings] File [C:/Users/harsh.DESKTOP-UNEK68K/Desktop/Multiplayer/PuzzlePlatforms/Saved/Config/Windows/Engine.ini]
[2020.08.04-00.34.02:307][  0]LogConfig: Setting CVar [[r.GPUCrashDebugging:0]]
[2020.08.04-00.34.02:309][  0]LogConfig: Applying CVar settings from Section [/Script/Engine.RendererOverrideSettings] File [C:/Users/harsh.DESKTOP-UNEK68K/Desktop/Multiplayer/PuzzlePlatforms/Saved/Config/Windows/Engine.ini]
[2020.08.04-00.34.02:315][  0]LogConfig: Applying CVar settings from Section [/Script/Engine.StreamingSettings] File [C:/Users/harsh.DESKTOP-UNEK68K/Desktop/Multiplayer/PuzzlePlatforms/Saved/Config/Windows/Engine.ini]
[2020.08.04-00.34.02:316][  0]LogConfig: Setting CVar [[s.MinBulkDataSizeForAsyncLoading:131072]]
[2020.08.04-00.34.02:317][  0]LogConfig: Setting CVar [[s.AsyncLoadingThreadEnabled:0]]
[2020.08.04-00.34.02:317][  0]LogConfig: Setting CVar [[s.EventDrivenLoaderEnabled:1]]
[2020.08.04-00.34.02:317][  0]LogConfig: Setting CVar [[s.WarnIfTimeLimitExceeded:0]]
[2020.08.04-00.34.02:318][  0]LogConfig: Setting CVar [[s.TimeLimitExceededMultiplier:1.5]]
[2020.08.04-00.34.02:318][  0]LogConfig: Setting CVar [[s.TimeLimitExceededMinTime:0.005]]
[2020.08.04-00.34.02:319][  0]LogConfig: Setting CVar [[s.UseBackgroundLevelStreaming:1]]
[2020.08.04-00.34.02:319][  0]LogConfig: Setting CVar [[s.PriorityAsyncLoadingExtraTime:15.0]]
[2020.08.04-00.34.02:320][  0]LogConfig: Setting CVar [[s.LevelStreamingActorsUpdateTimeLimit:5.0]]
[2020.08.04-00.34.02:320][  0]LogConfig: Setting CVar [[s.PriorityLevelStreamingActorsUpdateExtraTime:5.0]]
[2020.08.04-00.34.02:322][  0]LogConfig: Setting CVar [[s.LevelStreamingComponentsRegistrationGranularity:10]]
[2020.08.04-00.34.02:322][  0]LogConfig: Setting CVar [[s.UnregisterComponentsTimeLimit:1.0]]
[2020.08.04-00.34.02:323][  0]LogConfig: Setting CVar [[s.LevelStreamingComponentsUnregistrationGranularity:5]]
[2020.08.04-00.34.02:323][  0]LogConfig: Setting CVar [[s.FlushStreamingOnExit:1]]
[2020.08.04-00.34.02:324][  0]LogConfig: Applying CVar settings from Section [/Script/Engine.GarbageCollectionSettings] File [C:/Users/harsh.DESKTOP-UNEK68K/Desktop/Multiplayer/PuzzlePlatforms/Saved/Config/Windows/Engine.ini]
[2020.08.04-00.34.02:331][  0]LogConfig: Setting CVar [[gc.MaxObjectsNotConsideredByGC:1]]
[2020.08.04-00.34.02:332][  0]LogConfig: Setting CVar [[gc.SizeOfPermanentObjectPool:0]]
[2020.08.04-00.34.02:332][  0]LogConfig: Setting CVar [[gc.FlushStreamingOnGC:0]]
[2020.08.04-00.34.02:333][  0]LogConfig: Setting CVar [[gc.NumRetriesBeforeForcingGC:10]]
[2020.08.04-00.34.02:333][  0]LogConfig: Setting CVar [[gc.AllowParallelGC:1]]
[2020.08.04-00.34.02:334][  0]LogConfig: Setting CVar [[gc.TimeBetweenPurgingPendingKillObjects:61.1]]
[2020.08.04-00.34.02:334][  0]LogConfig: Setting CVar [[gc.MaxObjectsInEditor:25165824]]
[2020.08.04-00.34.02:335][  0]LogConfig: Setting CVar [[gc.IncrementalBeginDestroyEnabled:1]]
[2020.08.04-00.34.02:336][  0]LogConfig: Setting CVar [[gc.CreateGCClusters:1]]
[2020.08.04-00.34.02:336][  0]LogConfig: Setting CVar [[gc.MinGCClusterSize:5]]
[2020.08.04-00.34.02:337][  0]LogConfig: Setting CVar [[gc.ActorClusteringEnabled:0]]
[2020.08.04-00.34.02:339][  0]LogConfig: Setting CVar [[gc.BlueprintClusteringEnabled:0]]
[2020.08.04-00.34.02:346][  0]LogConfig: Setting CVar [[gc.UseDisregardForGCOnDedicatedServers:0]]
[2020.08.04-00.34.02:347][  0]LogConfig: Applying CVar settings from Section [/Script/Engine.NetworkSettings] File [C:/Users/harsh.DESKTOP-UNEK68K/Desktop/Multiplayer/PuzzlePlatforms/Saved/Config/Windows/Engine.ini]
[2020.08.04-00.34.02:347][  0]LogConfig: Applying CVar settings from Section [/Script/UnrealEd.CookerSettings] File [C:/Users/harsh.DESKTOP-UNEK68K/Desktop/Multiplayer/PuzzlePlatforms/Saved/Config/Windows/Engine.ini]
[2020.08.04-00.34.02:351][  0]LogConfig: Applying CVar settings from Section [ViewDistanceQuality@3] File [C:/Users/harsh.DESKTOP-UNEK68K/Desktop/Multiplayer/PuzzlePlatforms/Saved/Config/Windows/Scalability.ini]
[2020.08.04-00.34.02:351][  0]LogConfig: Setting CVar [[r.SkeletalMeshLODBias:0]]
[2020.08.04-00.34.02:352][  0]LogConfig: Setting CVar [[r.ViewDistanceScale:1.0]]
[2020.08.04-00.34.02:353][  0]LogConfig: Applying CVar settings from Section [AntiAliasingQuality@3] File [C:/Users/harsh.DESKTOP-UNEK68K/Desktop/Multiplayer/PuzzlePlatforms/Saved/Config/Windows/Scalability.ini]
[2020.08.04-00.34.02:353][  0]LogConfig: Setting CVar [[r.PostProcessAAQuality:4]]
[2020.08.04-00.34.02:354][  0]LogConfig: Applying CVar settings from Section [ShadowQuality@3] File [C:/Users/harsh.DESKTOP-UNEK68K/Desktop/Multiplayer/PuzzlePlatforms/Saved/Config/Windows/Scalability.ini]
[2020.08.04-00.34.02:360][  0]LogConfig: Setting CVar [[r.LightFunctionQuality:1]]
[2020.08.04-00.34.02:362][  0]LogConfig: Setting CVar [[r.ShadowQuality:5]]
[2020.08.04-00.34.02:364][  0]LogConfig: Setting CVar [[r.Shadow.CSM.MaxCascades:10]]
[2020.08.04-00.34.02:365][  0]LogConfig: Setting CVar [[r.Shadow.MaxResolution:2048]]
[2020.08.04-00.34.02:366][  0]LogConfig: Setting CVar [[r.Shadow.MaxCSMResolution:2048]]
[2020.08.04-00.34.02:367][  0]LogConfig: Setting CVar [[r.Shadow.RadiusThreshold:0.01]]
[2020.08.04-00.34.02:370][  0]LogConfig: Setting CVar [[r.Shadow.DistanceScale:1.0]]
[2020.08.04-00.34.02:370][  0]LogConfig: Setting CVar [[r.Shadow.CSM.TransitionScale:1.0]]
[2020.08.04-00.34.02:371][  0]LogConfig: Setting CVar [[r.Shadow.PreShadowResolutionFactor:1.0]]
[2020.08.04-00.34.02:374][  0]LogConfig: Setting CVar [[r.DistanceFieldShadowing:1]]
[2020.08.04-00.34.02:377][  0]LogConfig: Setting CVar [[r.DistanceFieldAO:1]]
[2020.08.04-00.34.02:378][  0]LogConfig: Setting CVar [[r.AOQuality:2]]
[2020.08.04-00.34.02:385][  0]LogConfig: Setting CVar [[r.VolumetricFog:1]]
[2020.08.04-00.34.02:386][  0]LogConfig: Setting CVar [[r.VolumetricFog.GridPixelSize:8]]
[2020.08.04-00.34.02:386][  0]LogConfig: Setting CVar [[r.VolumetricFog.GridSizeZ:128]]
[2020.08.04-00.34.02:386][  0]LogConfig: Setting CVar [[r.VolumetricFog.HistoryMissSupersampleCount:4]]
[2020.08.04-00.34.02:387][  0]LogConfig: Setting CVar [[r.LightMaxDrawDistanceScale:1]]
[2020.08.04-00.34.02:387][  0]LogConfig: Setting CVar [[r.CapsuleShadows:1]]
[2020.08.04-00.34.02:388][  0]LogConfig: Applying CVar settings from Section [PostProcessQuality@3] File [C:/Users/harsh.DESKTOP-UNEK68K/Desktop/Multiplayer/PuzzlePlatforms/Saved/Config/Windows/Scalability.ini]
[2020.08.04-00.34.02:391][  0]LogConfig: Setting CVar [[r.MotionBlurQuality:4]]
[2020.08.04-00.34.02:392][  0]LogConfig: Setting CVar [[r.AmbientOcclusionMipLevelFactor:0.4]]
[2020.08.04-00.34.02:398][  0]LogConfig: Setting CVar [[r.AmbientOcclusionMaxQuality:100]]
[2020.08.04-00.34.02:399][  0]LogConfig: Setting CVar [[r.AmbientOcclusionLevels:-1]]
[2020.08.04-00.34.02:400][  0]LogConfig: Setting CVar [[r.AmbientOcclusionRadiusScale:1.0]]
[2020.08.04-00.34.02:401][  0]LogConfig: Setting CVar [[r.DepthOfFieldQuality:2]]
[2020.08.04-00.34.02:402][  0]LogConfig: Setting CVar [[r.RenderTargetPoolMin:400]]
[2020.08.04-00.34.02:402][  0]LogConfig: Setting CVar [[r.LensFlareQuality:2]]
[2020.08.04-00.34.02:405][  0]LogConfig: Setting CVar [[r.SceneColorFringeQuality:1]]
[2020.08.04-00.34.02:415][  0]LogConfig: Setting CVar [[r.EyeAdaptationQuality:2]]
[2020.08.04-00.34.02:416][  0]LogConfig: Setting CVar [[r.BloomQuality:5]]
[2020.08.04-00.34.02:416][  0]LogConfig: Setting CVar [[r.FastBlurThreshold:100]]
[2020.08.04-00.34.02:417][  0]LogConfig: Setting CVar [[r.Upscale.Quality:3]]
[2020.08.04-00.34.02:418][  0]LogConfig: Setting CVar [[r.Tonemapper.GrainQuantization:1]]
[2020.08.04-00.34.02:419][  0]LogConfig: Setting CVar [[r.LightShaftQuality:1]]
[2020.08.04-00.34.02:420][  0]LogConfig: Setting CVar [[r.Filter.SizeScale:1]]
[2020.08.04-00.34.02:420][  0]LogConfig: Setting CVar [[r.Tonemapper.Quality:5]]
[2020.08.04-00.34.02:421][  0]LogConfig: Setting CVar [[r.DOF.Gather.AccumulatorQuality:1        ; higher gathering accumulator quality]]
[2020.08.04-00.34.02:428][  0]LogConfig: Setting CVar [[r.DOF.Gather.PostfilterMethod:1          ; Median3x3 postfilering method]]
[2020.08.04-00.34.02:429][  0]LogConfig: Setting CVar [[r.DOF.Gather.EnableBokehSettings:0       ; no bokeh simulation when gathering]]
[2020.08.04-00.34.02:430][  0]LogConfig: Setting CVar [[r.DOF.Gather.RingCount:4                 ; medium number of samples when gathering]]
[2020.08.04-00.34.02:431][  0]LogConfig: Setting CVar [[r.DOF.Scatter.ForegroundCompositing:1    ; additive foreground scattering]]
[2020.08.04-00.34.02:431][  0]LogConfig: Setting CVar [[r.DOF.Scatter.BackgroundCompositing:2    ; additive background scattering]]
[2020.08.04-00.34.02:432][  0]LogConfig: Setting CVar [[r.DOF.Scatter.EnableBokehSettings:1      ; bokeh simulation when scattering]]
[2020.08.04-00.34.02:433][  0]LogConfig: Setting CVar [[r.DOF.Scatter.MaxSpriteRatio:0.1         ; only a maximum of 10% of scattered bokeh]]
[2020.08.04-00.34.02:435][  0]LogConfig: Setting CVar [[r.DOF.Recombine.Quality:1                ; cheap slight out of focus]]
[2020.08.04-00.34.02:436][  0]LogConfig: Setting CVar [[r.DOF.Recombine.EnableBokehSettings:0    ; no bokeh simulation on slight out of focus]]
[2020.08.04-00.34.02:436][  0]LogConfig: Setting CVar [[r.DOF.TemporalAAQuality:1                ; more stable temporal accumulation]]
[2020.08.04-00.34.02:437][  0]LogConfig: Setting CVar [[r.DOF.Kernel.MaxForegroundRadius:0.025]]
[2020.08.04-00.34.02:439][  0]LogConfig: Setting CVar [[r.DOF.Kernel.MaxBackgroundRadius:0.025]]
[2020.08.04-00.34.02:441][  0]LogConfig: Applying CVar settings from Section [TextureQuality@3] File [C:/Users/harsh.DESKTOP-UNEK68K/Desktop/Multiplayer/PuzzlePlatforms/Saved/Config/Windows/Scalability.ini]
[2020.08.04-00.34.02:446][  0]LogConfig: Setting CVar [[r.Streaming.MipBias:0]]
[2020.08.04-00.34.02:449][  0]LogConfig: Setting CVar [[r.Streaming.AmortizeCPUToGPUCopy:0]]
[2020.08.04-00.34.02:450][  0]LogConfig: Setting CVar [[r.Streaming.MaxNumTexturesToStreamPerFrame:0]]
[2020.08.04-00.34.02:451][  0]LogConfig: Setting CVar [[r.Streaming.Boost:1]]
[2020.08.04-00.34.02:451][  0]LogConfig: Setting CVar [[r.MaxAnisotropy:8]]
[2020.08.04-00.34.02:452][  0]LogConfig: Setting CVar [[r.VT.MaxAnisotropy:8]]
[2020.08.04-00.34.02:452][  0]LogConfig: Setting CVar [[r.Streaming.LimitPoolSizeToVRAM:0]]
[2020.08.04-00.34.02:456][  0]LogConfig: Setting CVar [[r.Streaming.PoolSize:1000]]
[2020.08.04-00.34.02:458][  0]LogConfig: Setting CVar [[r.Streaming.MaxEffectiveScreenSize:0]]
[2020.08.04-00.34.02:464][  0]LogConfig: Applying CVar settings from Section [EffectsQuality@3] File [C:/Users/harsh.DESKTOP-UNEK68K/Desktop/Multiplayer/PuzzlePlatforms/Saved/Config/Windows/Scalability.ini]
[2020.08.04-00.34.02:465][  0]LogConfig: Setting CVar [[r.TranslucencyLightingVolumeDim:64]]
[2020.08.04-00.34.02:466][  0]LogConfig: Setting CVar [[r.RefractionQuality:2]]
[2020.08.04-00.34.02:467][  0]LogConfig: Setting CVar [[r.SSR.Quality:3]]
[2020.08.04-00.34.02:467][  0]LogConfig: Setting CVar [[r.SSR.HalfResSceneColor:0]]
[2020.08.04-00.34.02:468][  0]LogConfig: Setting CVar [[r.SceneColorFormat:4]]
[2020.08.04-00.34.02:469][  0]LogConfig: Setting CVar [[r.DetailMode:2]]
[2020.08.04-00.34.02:469][  0]LogConfig: Setting CVar [[r.TranslucencyVolumeBlur:1]]
[2020.08.04-00.34.02:470][  0]LogConfig: Setting CVar [[r.MaterialQualityLevel:1 ; High quality]]
[2020.08.04-00.34.02:474][  0]LogConfig: Setting CVar [[r.SSS.Scale:1]]
[2020.08.04-00.34.02:479][  0]LogConfig: Setting CVar [[r.SSS.SampleSet:2]]
[2020.08.04-00.34.02:480][  0]LogConfig: Setting CVar [[r.SSS.Quality:1]]
[2020.08.04-00.34.02:481][  0]LogConfig: Setting CVar [[r.SSS.HalfRes:1]]
[2020.08.04-00.34.02:481][  0]LogConfig: Setting CVar [[r.SSGI.Quality:3]]
[2020.08.04-00.34.02:482][  0]LogConfig: Setting CVar [[r.EmitterSpawnRateScale:1.0]]
[2020.08.04-00.34.02:483][  0]LogConfig: Setting CVar [[r.ParticleLightQuality:2]]
[2020.08.04-00.34.02:483][  0]LogConfig: Setting CVar [[r.SkyAtmosphere.AerialPerspectiveLUT.FastApplyOnOpaque:1 ; Always have FastSkyLUT 1 in this case to avoid wrong sky]]
[2020.08.04-00.34.02:483][  0]LogConfig: Setting CVar [[r.SkyAtmosphere.AerialPerspectiveLUT.SampleCountPerSlice:1]]
[2020.08.04-00.34.02:484][  0]LogConfig: Setting CVar [[r.SkyAtmosphere.AerialPerspectiveLUT.DepthResolution:16.0]]
[2020.08.04-00.34.02:487][  0]LogConfig: Setting CVar [[r.SkyAtmosphere.FastSkyLUT:1]]
[2020.08.04-00.34.02:489][  0]LogConfig: Setting CVar [[r.SkyAtmosphere.FastSkyLUT.SampleCountMin:4.0]]
[2020.08.04-00.34.02:491][  0]LogConfig: Setting CVar [[r.SkyAtmosphere.FastSkyLUT.SampleCountMax:32.0]]
[2020.08.04-00.34.02:496][  0]LogConfig: Setting CVar [[r.SkyAtmosphere.SampleCountMin:4.0]]
[2020.08.04-00.34.02:499][  0]LogConfig: Setting CVar [[r.SkyAtmosphere.SampleCountMax:32.0]]
[2020.08.04-00.34.02:500][  0]LogConfig: Setting CVar [[r.SkyAtmosphere.TransmittanceLUT.UseSmallFormat:0]]
[2020.08.04-00.34.02:503][  0]LogConfig: Setting CVar [[r.SkyAtmosphere.TransmittanceLUT.SampleCount:10.0]]
[2020.08.04-00.34.02:506][  0]LogConfig: Setting CVar [[r.SkyAtmosphere.MultiScatteringLUT.SampleCount:15.0]]
[2020.08.04-00.34.02:513][  0]LogConfig: Applying CVar settings from Section [FoliageQuality@3] File [C:/Users/harsh.DESKTOP-UNEK68K/Desktop/Multiplayer/PuzzlePlatforms/Saved/Config/Windows/Scalability.ini]
[2020.08.04-00.34.02:515][  0]LogConfig: Setting CVar [[foliage.DensityScale:1.0]]
[2020.08.04-00.34.02:516][  0]LogConfig: Setting CVar [[grass.DensityScale:1.0]]
[2020.08.04-00.34.02:516][  0]LogConfig: Applying CVar settings from Section [ShadingQuality@3] File [C:/Users/harsh.DESKTOP-UNEK68K/Desktop/Multiplayer/PuzzlePlatforms/Saved/Config/Windows/Scalability.ini]
[2020.08.04-00.34.02:517][  0]LogConfig: Setting CVar [[r.HairStrands.SkyLighting.SampleCount:16]]
[2020.08.04-00.34.02:518][  0]LogConfig: Setting CVar [[r.HairStrands.SkyLighting.JitterIntegration:0]]
[2020.08.04-00.34.02:520][  0]LogConfig: Setting CVar [[r.HairStrands.SkyAO.SampleCount:16]]
[2020.08.04-00.34.02:520][  0]LogInit: Selected Device Profile: [Windows]
[2020.08.04-00.34.02:525][  0]LogInit: Applying CVar settings loaded from the selected device profile: [Windows]
[2020.08.04-00.34.02:534][  0]LogHAL: Display: Platform has ~ 8 GB [8449904640 / 8589934592 / 8], which maps to Default [LargestMinGB=32, LargerMinGB=12, DefaultMinGB=8, SmallerMinGB=6, SmallestMinGB=0)
[2020.08.04-00.34.02:534][  0]LogInit: Going up to parent DeviceProfile []
[2020.08.04-00.34.02:535][  0]LogConfig: Applying CVar settings from Section [ViewDistanceQuality@3] File [C:/Users/harsh.DESKTOP-UNEK68K/Desktop/Multiplayer/PuzzlePlatforms/Saved/Config/Windows/Scalability.ini]
[2020.08.04-00.34.02:536][  0]LogConfig: Setting CVar [[r.SkeletalMeshLODBias:0]]
[2020.08.04-00.34.02:537][  0]LogConfig: Setting CVar [[r.ViewDistanceScale:1.0]]
[2020.08.04-00.34.02:537][  0]LogConfig: Applying CVar settings from Section [AntiAliasingQuality@3] File [C:/Users/harsh.DESKTOP-UNEK68K/Desktop/Multiplayer/PuzzlePlatforms/Saved/Config/Windows/Scalability.ini]
[2020.08.04-00.34.02:539][  0]LogConfig: Setting CVar [[r.PostProcessAAQuality:4]]
[2020.08.04-00.34.02:539][  0]LogConfig: Applying CVar settings from Section [ShadowQuality@3] File [C:/Users/harsh.DESKTOP-UNEK68K/Desktop/Multiplayer/PuzzlePlatforms/Saved/Config/Windows/Scalability.ini]
[2020.08.04-00.34.02:540][  0]LogConfig: Setting CVar [[r.LightFunctionQuality:1]]
[2020.08.04-00.34.02:540][  0]LogConfig: Setting CVar [[r.ShadowQuality:5]]
[2020.08.04-00.34.02:541][  0]LogConfig: Setting CVar [[r.Shadow.CSM.MaxCascades:10]]
[2020.08.04-00.34.02:542][  0]LogConfig: Setting CVar [[r.Shadow.MaxResolution:2048]]
[2020.08.04-00.34.02:547][  0]LogConfig: Setting CVar [[r.Shadow.MaxCSMResolution:2048]]
[2020.08.04-00.34.02:549][  0]LogConfig: Setting CVar [[r.Shadow.RadiusThreshold:0.01]]
[2020.08.04-00.34.02:550][  0]LogConfig: Setting CVar [[r.Shadow.DistanceScale:1.0]]
[2020.08.04-00.34.02:550][  0]LogConfig: Setting CVar [[r.Shadow.CSM.TransitionScale:1.0]]
[2020.08.04-00.34.02:551][  0]LogConfig: Setting CVar [[r.Shadow.PreShadowResolutionFactor:1.0]]
[2020.08.04-00.34.02:552][  0]LogConfig: Setting CVar [[r.DistanceFieldShadowing:1]]
[2020.08.04-00.34.02:557][  0]LogConfig: Setting CVar [[r.DistanceFieldAO:1]]
[2020.08.04-00.34.02:560][  0]LogConfig: Setting CVar [[r.AOQuality:2]]
[2020.08.04-00.34.02:560][  0]LogConfig: Setting CVar [[r.VolumetricFog:1]]
[2020.08.04-00.34.02:561][  0]LogConfig: Setting CVar [[r.VolumetricFog.GridPixelSize:8]]
[2020.08.04-00.34.02:562][  0]LogConfig: Setting CVar [[r.VolumetricFog.GridSizeZ:128]]
[2020.08.04-00.34.02:566][  0]LogConfig: Setting CVar [[r.VolumetricFog.HistoryMissSupersampleCount:4]]
[2020.08.04-00.34.02:567][  0]LogConfig: Setting CVar [[r.LightMaxDrawDistanceScale:1]]
[2020.08.04-00.34.02:567][  0]LogConfig: Setting CVar [[r.CapsuleShadows:1]]
[2020.08.04-00.34.02:568][  0]LogConfig: Applying CVar settings from Section [PostProcessQuality@3] File [C:/Users/harsh.DESKTOP-UNEK68K/Desktop/Multiplayer/PuzzlePlatforms/Saved/Config/Windows/Scalability.ini]
[2020.08.04-00.34.02:572][  0]LogConfig: Setting CVar [[r.MotionBlurQuality:4]]
[2020.08.04-00.34.02:575][  0]LogConfig: Setting CVar [[r.AmbientOcclusionMipLevelFactor:0.4]]
[2020.08.04-00.34.02:575][  0]LogConfig: Setting CVar [[r.AmbientOcclusionMaxQuality:100]]
[2020.08.04-00.34.02:577][  0]LogConfig: Setting CVar [[r.AmbientOcclusionLevels:-1]]
[2020.08.04-00.34.02:577][  0]LogConfig: Setting CVar [[r.AmbientOcclusionRadiusScale:1.0]]
[2020.08.04-00.34.02:581][  0]LogConfig: Setting CVar [[r.DepthOfFieldQuality:2]]
[2020.08.04-00.34.02:587][  0]LogConfig: Setting CVar [[r.RenderTargetPoolMin:400]]
[2020.08.04-00.34.02:588][  0]LogConfig: Setting CVar [[r.LensFlareQuality:2]]
[2020.08.04-00.34.02:590][  0]LogConfig: Setting CVar [[r.SceneColorFringeQuality:1]]
[2020.08.04-00.34.02:591][  0]LogConfig: Setting CVar [[r.EyeAdaptationQuality:2]]
[2020.08.04-00.34.02:595][  0]LogConfig: Setting CVar [[r.BloomQuality:5]]
[2020.08.04-00.34.02:595][  0]LogConfig: Setting CVar [[r.FastBlurThreshold:100]]
[2020.08.04-00.34.02:596][  0]LogConfig: Setting CVar [[r.Upscale.Quality:3]]
[2020.08.04-00.34.02:596][  0]LogConfig: Setting CVar [[r.Tonemapper.GrainQuantization:1]]
[2020.08.04-00.34.02:597][  0]LogConfig: Setting CVar [[r.LightShaftQuality:1]]
[2020.08.04-00.34.02:598][  0]LogConfig: Setting CVar [[r.Filter.SizeScale:1]]
[2020.08.04-00.34.02:598][  0]LogConfig: Setting CVar [[r.Tonemapper.Quality:5]]
[2020.08.04-00.34.02:599][  0]LogConfig: Setting CVar [[r.DOF.Gather.AccumulatorQuality:1        ; higher gathering accumulator quality]]
[2020.08.04-00.34.02:600][  0]LogConfig: Setting CVar [[r.DOF.Gather.PostfilterMethod:1          ; Median3x3 postfilering method]]
[2020.08.04-00.34.02:600][  0]LogConfig: Setting CVar [[r.DOF.Gather.EnableBokehSettings:0       ; no bokeh simulation when gathering]]
[2020.08.04-00.34.02:601][  0]LogConfig: Setting CVar [[r.DOF.Gather.RingCount:4                 ; medium number of samples when gathering]]
[2020.08.04-00.34.02:602][  0]LogConfig: Setting CVar [[r.DOF.Scatter.ForegroundCompositing:1    ; additive foreground scattering]]
[2020.08.04-00.34.02:602][  0]LogConfig: Setting CVar [[r.DOF.Scatter.BackgroundCompositing:2    ; additive background scattering]]
[2020.08.04-00.34.02:606][  0]LogConfig: Setting CVar [[r.DOF.Scatter.EnableBokehSettings:1      ; bokeh simulation when scattering]]
[2020.08.04-00.34.02:611][  0]LogConfig: Setting CVar [[r.DOF.Scatter.MaxSpriteRatio:0.1         ; only a maximum of 10% of scattered bokeh]]
[2020.08.04-00.34.02:611][  0]LogConfig: Setting CVar [[r.DOF.Recombine.Quality:1                ; cheap slight out of focus]]
[2020.08.04-00.34.02:614][  0]LogConfig: Setting CVar [[r.DOF.Recombine.EnableBokehSettings:0    ; no bokeh simulation on slight out of focus]]
[2020.08.04-00.34.02:615][  0]LogConfig: Setting CVar [[r.DOF.TemporalAAQuality:1                ; more stable temporal accumulation]]
[2020.08.04-00.34.02:615][  0]LogConfig: Setting CVar [[r.DOF.Kernel.MaxForegroundRadius:0.025]]
[2020.08.04-00.34.02:616][  0]LogConfig: Setting CVar [[r.DOF.Kernel.MaxBackgroundRadius:0.025]]
[2020.08.04-00.34.02:617][  0]LogConfig: Applying CVar settings from Section [TextureQuality@3] File [C:/Users/harsh.DESKTOP-UNEK68K/Desktop/Multiplayer/PuzzlePlatforms/Saved/Config/Windows/Scalability.ini]
[2020.08.04-00.34.02:618][  0]LogConfig: Setting CVar [[r.Streaming.MipBias:0]]
[2020.08.04-00.34.02:620][  0]LogConfig: Setting CVar [[r.Streaming.AmortizeCPUToGPUCopy:0]]
[2020.08.04-00.34.02:623][  0]LogConfig: Setting CVar [[r.Streaming.MaxNumTexturesToStreamPerFrame:0]]
[2020.08.04-00.34.02:623][  0]LogConfig: Setting CVar [[r.Streaming.Boost:1]]
[2020.08.04-00.34.02:625][  0]LogConfig: Setting CVar [[r.MaxAnisotropy:8]]
[2020.08.04-00.34.02:626][  0]LogConfig: Setting CVar [[r.VT.MaxAnisotropy:8]]
[2020.08.04-00.34.02:628][  0]LogConfig: Setting CVar [[r.Streaming.LimitPoolSizeToVRAM:0]]
[2020.08.04-00.34.02:628][  0]LogConfig: Setting CVar [[r.Streaming.PoolSize:1000]]
[2020.08.04-00.34.02:629][  0]LogConfig: Setting CVar [[r.Streaming.MaxEffectiveScreenSize:0]]
[2020.08.04-00.34.02:632][  0]LogConfig: Applying CVar settings from Section [EffectsQuality@3] File [C:/Users/harsh.DESKTOP-UNEK68K/Desktop/Multiplayer/PuzzlePlatforms/Saved/Config/Windows/Scalability.ini]
[2020.08.04-00.34.02:633][  0]LogConfig: Setting CVar [[r.TranslucencyLightingVolumeDim:64]]
[2020.08.04-00.34.02:634][  0]LogConfig: Setting CVar [[r.RefractionQuality:2]]
[2020.08.04-00.34.02:635][  0]LogConfig: Setting CVar [[r.SSR.Quality:3]]
[2020.08.04-00.34.02:635][  0]LogConfig: Setting CVar [[r.SSR.HalfResSceneColor:0]]
[2020.08.04-00.34.02:636][  0]LogConfig: Setting CVar [[r.SceneColorFormat:4]]
[2020.08.04-00.34.02:636][  0]LogConfig: Setting CVar [[r.DetailMode:2]]
[2020.08.04-00.34.02:636][  0]LogConfig: Setting CVar [[r.TranslucencyVolumeBlur:1]]
[2020.08.04-00.34.02:637][  0]LogConfig: Setting CVar [[r.MaterialQualityLevel:1 ; High quality]]
[2020.08.04-00.34.02:638][  0]LogConfig: Setting CVar [[r.SSS.Scale:1]]
[2020.08.04-00.34.02:639][  0]LogConfig: Setting CVar [[r.SSS.SampleSet:2]]
[2020.08.04-00.34.02:647][  0]LogConfig: Setting CVar [[r.SSS.Quality:1]]
[2020.08.04-00.34.02:647][  0]LogConfig: Setting CVar [[r.SSS.HalfRes:1]]
[2020.08.04-00.34.02:648][  0]LogConfig: Setting CVar [[r.SSGI.Quality:3]]
[2020.08.04-00.34.02:649][  0]LogConfig: Setting CVar [[r.EmitterSpawnRateScale:1.0]]
[2020.08.04-00.34.02:650][  0]LogConfig: Setting CVar [[r.ParticleLightQuality:2]]
[2020.08.04-00.34.02:651][  0]LogConfig: Setting CVar [[r.SkyAtmosphere.AerialPerspectiveLUT.FastApplyOnOpaque:1 ; Always have FastSkyLUT 1 in this case to avoid wrong sky]]
[2020.08.04-00.34.02:652][  0]LogConfig: Setting CVar [[r.SkyAtmosphere.AerialPerspectiveLUT.SampleCountPerSlice:1]]
[2020.08.04-00.34.02:652][  0]LogConfig: Setting CVar [[r.SkyAtmosphere.AerialPerspectiveLUT.DepthResolution:16.0]]
[2020.08.04-00.34.02:653][  0]LogConfig: Setting CVar [[r.SkyAtmosphere.FastSkyLUT:1]]
[2020.08.04-00.34.02:653][  0]LogConfig: Setting CVar [[r.SkyAtmosphere.FastSkyLUT.SampleCountMin:4.0]]
[2020.08.04-00.34.02:654][  0]LogConfig: Setting CVar [[r.SkyAtmosphere.FastSkyLUT.SampleCountMax:32.0]]
[2020.08.04-00.34.02:663][  0]LogConfig: Setting CVar [[r.SkyAtmosphere.SampleCountMin:4.0]]
[2020.08.04-00.34.02:663][  0]LogConfig: Setting CVar [[r.SkyAtmosphere.SampleCountMax:32.0]]
[2020.08.04-00.34.02:666][  0]LogConfig: Setting CVar [[r.SkyAtmosphere.TransmittanceLUT.UseSmallFormat:0]]
[2020.08.04-00.34.02:667][  0]LogConfig: Setting CVar [[r.SkyAtmosphere.TransmittanceLUT.SampleCount:10.0]]
[2020.08.04-00.34.02:670][  0]LogConfig: Setting CVar [[r.SkyAtmosphere.MultiScatteringLUT.SampleCount:15.0]]
[2020.08.04-00.34.02:671][  0]LogConfig: Applying CVar settings from Section [FoliageQuality@3] File [C:/Users/harsh.DESKTOP-UNEK68K/Desktop/Multiplayer/PuzzlePlatforms/Saved/Config/Windows/Scalability.ini]
[2020.08.04-00.34.02:673][  0]LogConfig: Setting CVar [[foliage.DensityScale:1.0]]
[2020.08.04-00.34.02:676][  0]LogConfig: Setting CVar [[grass.DensityScale:1.0]]
[2020.08.04-00.34.02:678][  0]LogConfig: Applying CVar settings from Section [ShadingQuality@3] File [C:/Users/harsh.DESKTOP-UNEK68K/Desktop/Multiplayer/PuzzlePlatforms/Saved/Config/Windows/Scalability.ini]
[2020.08.04-00.34.02:680][  0]LogConfig: Setting CVar [[r.HairStrands.SkyLighting.SampleCount:16]]
[2020.08.04-00.34.02:681][  0]LogConfig: Setting CVar [[r.HairStrands.SkyLighting.JitterIntegration:0]]
[2020.08.04-00.34.02:682][  0]LogConfig: Setting CVar [[r.HairStrands.SkyAO.SampleCount:16]]
[2020.08.04-00.34.02:682][  0]LogConfig: Applying CVar settings from Section [Startup] File [../../../Engine/Config/ConsoleVariables.ini]
[2020.08.04-00.34.02:683][  0]LogConfig: Setting CVar [[net.UseAdaptiveNetUpdateFrequency:0]]
[2020.08.04-00.34.02:684][  0]LogConfig: Setting CVar [[p.chaos.AllowCreatePhysxBodies:1]]
[2020.08.04-00.34.02:685][  0]LogConfig: Applying CVar settings from Section [ConsoleVariables] File [C:/Users/harsh.DESKTOP-UNEK68K/Desktop/Multiplayer/PuzzlePlatforms/Saved/Config/Windows/Engine.ini]
[2020.08.04-00.34.02:686][  0]LogInit: Computer: DESKTOP-UNEK68K
[2020.08.04-00.34.02:687][  0]LogInit: User: harsh
[2020.08.04-00.34.02:687][  0]LogInit: CPU Page size=4096, Cores=4
[2020.08.04-00.34.02:687][  0]LogInit: High frequency timer resolution =10.000000 MHz
[2020.08.04-00.34.02:692][  0]LogMemory: Memory total: Physical=7.9GB (8GB approx)
[2020.08.04-00.34.02:698][  0]LogMemory: Platform Memory Stats for Windows
[2020.08.04-00.34.02:699][  0]LogMemory: Process Physical Memory: 105.62 MB used, 105.63 MB peak
[2020.08.04-00.34.02:699][  0]LogMemory: Process Virtual Memory: 99.89 MB used, 99.89 MB peak
[2020.08.04-00.34.02:700][  0]LogMemory: Physical Memory: 7182.28 MB used,  876.18 MB free, 8058.46 MB total
[2020.08.04-00.34.02:700][  0]LogMemory: Virtual Memory: 5122.20 MB used,  134212608.00 MB free, 134217728.00 MB total
[2020.08.04-00.34.02:712][  0]LogWindows: WindowsPlatformFeatures enabled
[2020.08.04-00.34.02:749][  0]LogInit: Using OS detected language (en-US).
[2020.08.04-00.34.02:749][  0]LogInit: Using OS detected locale (en-US).
[2020.08.04-00.34.02:754][  0]LogTextLocalizationManager: No specific localization for 'en-US' exists, so the 'en' localization will be used.
[2020.08.04-00.34.03:254][  0]LogSlate: New Slate User Created.  User Index 0, Is Virtual User: 0
[2020.08.04-00.34.03:262][  0]LogSlate: Slate User Registered.  User Index 0, Is Virtual User: 0
[2020.08.04-00.34.03:344][  0]LogHMD: Failed to initialize OpenVR with code 110
[2020.08.04-00.34.03:353][  0]LogD3D11RHI: D3D11 min allowed feature level: 11_0
[2020.08.04-00.34.03:356][  0]LogD3D11RHI: D3D11 max allowed feature level: 11_0
[2020.08.04-00.34.03:363][  0]LogD3D11RHI: D3D11 adapters:
[2020.08.04-00.34.03:473][  0]LogD3D11RHI:    0. 'NVIDIA GeForce GTX 1050' (Feature Level 11_0)
[2020.08.04-00.34.03:477][  0]LogD3D11RHI:       4019/0/4029 MB DedicatedVideo/DedicatedSystem/SharedSystem, Outputs:1, VendorId:0x10de
[2020.08.04-00.34.03:529][  0]LogD3D11RHI:    1. 'Intel(R) HD Graphics 630' (Feature Level 11_0)
[2020.08.04-00.34.03:549][  0]LogD3D11RHI:       128/0/4029 MB DedicatedVideo/DedicatedSystem/SharedSystem, Outputs:0, VendorId:0x8086
[2020.08.04-00.34.03:558][  0]LogD3D11RHI:    2. 'Microsoft Basic Render Driver' (Feature Level 11_0)
[2020.08.04-00.34.03:562][  0]LogD3D11RHI:       0/0/4029 MB DedicatedVideo/DedicatedSystem/SharedSystem, Outputs:0, VendorId:0x1414
[2020.08.04-00.34.03:566][  0]LogD3D11RHI: Chosen D3D11 Adapter: 0
[2020.08.04-00.34.03:638][  0]LogD3D11RHI: Creating new Direct3DDevice
[2020.08.04-00.34.03:651][  0]LogD3D11RHI:     GPU DeviceId: 0x1c8d (for the marketing name, search the web for "GPU Device Id")
[2020.08.04-00.34.03:653][  0]LogWindows: EnumDisplayDevices:
[2020.08.04-00.34.03:654][  0]LogWindows:    0. 'Intel(R) HD Graphics 630' (P:1 D:1)
[2020.08.04-00.34.03:657][  0]LogWindows:    1. 'Intel(R) HD Graphics 630' (P:0 D:0)
[2020.08.04-00.34.03:658][  0]LogWindows:    2. 'Intel(R) HD Graphics 630' (P:0 D:0)
[2020.08.04-00.34.03:659][  0]LogWindows:    3. 'NVIDIA GeForce GTX 1050' (P:0 D:0)
[2020.08.04-00.34.03:661][  0]LogWindows: DebugString: PrimaryIsNotTheChoosenAdapter PrimaryIsNotTheChoosenAdapter PrimaryIsNotTheChoosenAdapter 
[2020.08.04-00.34.03:663][  0]LogD3D11RHI:     Adapter Name: NVIDIA GeForce GTX 1050
[2020.08.04-00.34.03:666][  0]LogD3D11RHI:   Driver Version: 417.35 (internal:25.21.14.1735, unified:417.35)
[2020.08.04-00.34.03:666][  0]LogD3D11RHI:      Driver Date: 12-11-2018
[2020.08.04-00.34.03:667][  0]LogRHI: Texture pool is 2813 MB (70% of 4019 MB)
[2020.08.04-00.34.03:749][  0]LogD3D11RHI: RHI has support for 64 bit atomics
[2020.08.04-00.34.03:753][  0]LogD3D11RHI: Async texture creation enabled
[2020.08.04-00.34.03:828][  0]LogD3D11RHI: GPU Timing Frequency: 1000.000000 (Debug: 2 2)
[2020.08.04-00.34.04:653][  0]LogTargetPlatformManager: Display: Loaded TargetPlatform 'WindowsNoEditor'
[2020.08.04-00.34.04:664][  0]LogTargetPlatformManager: Display: Loaded TargetPlatform 'Windows'
[2020.08.04-00.34.04:686][  0]LogTargetPlatformManager: Display: Loaded TargetPlatform 'WindowsClient'
[2020.08.04-00.34.04:702][  0]LogTargetPlatformManager: Display: Loaded TargetPlatform 'WindowsServer'
[2020.08.04-00.34.04:712][  0]LogTargetPlatformManager: Display: Building Assets For Windows
[2020.08.04-00.34.04:722][  0]LogAudioDebug: Display: Lib vorbis DLL was dynamically loaded.
[2020.08.04-00.34.04:770][  0]LogShaderCompilers: Guid format shader working directory is -20 characters bigger than the processId version (../../../../../../Users/harsh.DESKTOP-UNEK68K/Desktop/Multiplayer/PuzzlePlatforms/Intermediate/Shaders/WorkingDirectory/30960/).
[2020.08.04-00.34.04:775][  0]LogShaderCompilers: Cleaned the shader compiler working directory 'C:/Users/harsh.DESKTOP-UNEK68K/AppData/Local/Temp/UnrealShaderWorkingDir/39533D8D495C58C2374364B1D050139C/'.
[2020.08.04-00.34.04:798][  0]LogXGEController: Cannot use XGE Controller as Incredibuild is not installed on this machine.
[2020.08.04-00.34.04:804][  0]LogShaderCompilers: Cannot use XGE Shader Compiler as Incredibuild is not installed on this machine.
[2020.08.04-00.34.04:806][  0]LogShaderCompilers: Display: Using Local Shader Compiler.
[2020.08.04-00.34.06:037][  0]LogDerivedDataCache: Display: Max Cache Size: 512 MB
[2020.08.04-00.34.06:148][  0]LogDerivedDataCache: Loaded boot cache 0.11s 81MB C:/Users/harsh.DESKTOP-UNEK68K/AppData/Local/UnrealEngine/4.24/DerivedDataCache/Boot.ddc.
[2020.08.04-00.34.06:148][  0]LogDerivedDataCache: Display: Loaded Boot cache: C:/Users/harsh.DESKTOP-UNEK68K/AppData/Local/UnrealEngine/4.24/DerivedDataCache/Boot.ddc
[2020.08.04-00.34.06:150][  0]LogDerivedDataCache: FDerivedDataBackendGraph:  Pak pak cache file ../../../../../../Users/harsh.DESKTOP-UNEK68K/Desktop/Multiplayer/PuzzlePlatforms/DerivedDataCache/DDC.ddp not found, will not use a pak cache.
[2020.08.04-00.34.06:151][  0]LogDerivedDataCache: Unable to find inner node Pak for hierarchical cache Hierarchy.
[2020.08.04-00.34.06:152][  0]LogDerivedDataCache: FDerivedDataBackendGraph:  CompressedPak pak cache file ../../../../../../Users/harsh.DESKTOP-UNEK68K/Desktop/Multiplayer/PuzzlePlatforms/DerivedDataCache/Compressed.ddp not found, will not use a pak cache.
[2020.08.04-00.34.06:152][  0]LogDerivedDataCache: Unable to find inner node CompressedPak for hierarchical cache Hierarchy.
[2020.08.04-00.34.06:169][  0]LogDerivedDataCache: Display: Pak cache opened for reading ../../../Engine/DerivedDataCache/Compressed.ddp.
[2020.08.04-00.34.06:169][  0]LogDerivedDataCache: FDerivedDataBackendGraph:  EnterprisePak pak cache file ../../../Enterprise/DerivedDataCache/Compressed.ddp not found, will not use a pak cache.
[2020.08.04-00.34.06:171][  0]LogDerivedDataCache: Unable to find inner node EnterprisePak for hierarchical cache Hierarchy.
[2020.08.04-00.34.06:175][  0]LogDerivedDataCache: Using Local data cache path C:/Users/harsh.DESKTOP-UNEK68K/AppData/Local/UnrealEngine/Common/DerivedDataCache: Writable
[2020.08.04-00.34.06:175][  0]LogDerivedDataCache: Shared data cache path not found in *engine.ini, will not use an Shared cache.
[2020.08.04-00.34.06:176][  0]LogDerivedDataCache: Unable to find inner node Shared for hierarchical cache Hierarchy.
[2020.08.04-00.34.06:211][  0]LogMaterial: Verifying Global Shaders for PCD3D_SM5
[2020.08.04-00.34.06:215][  0]LogSlate: Using FreeType 2.10.0
[2020.08.04-00.34.06:215][  0]LogSlate: SlateFontServices - WITH_FREETYPE: 1, WITH_HARFBUZZ: 1
[2020.08.04-00.34.06:478][  0]LogInit: Using OS detected language (en-US).
[2020.08.04-00.34.06:482][  0]LogInit: Using OS detected locale (en-US).
[2020.08.04-00.34.06:486][  0]LogTextLocalizationManager: No localization for 'en-US' exists, so 'en' will be used for the language.
[2020.08.04-00.34.06:488][  0]LogTextLocalizationManager: No localization for 'en-US' exists, so 'en' will be used for the locale.
[2020.08.04-00.34.06:489][  0]LogSlate: FontCache flush requested. Reason: Culture for localization was changed
[2020.08.04-00.34.06:489][  0]LogSlate: FontCache flush requested. Reason: Culture for localization was changed
[2020.08.04-00.34.06:493][  0]LogTextLocalizationManager: Compacting localization data took   0.01ms
[2020.08.04-00.34.06:499][  0]LogAssetRegistry: FAssetRegistry took 0.0034 seconds to start up
[2020.08.04-00.34.06:812][  0]LogFileManager: Warning: DeleteFile was unable to delete '../../../../../../Users/harsh.DESKTOP-UNEK68K/Desktop/Multiplayer/PuzzlePlatforms/Intermediate/AssetRegistryCache/1f683343NoDeps.bin', retrying in .5s...
[2020.08.04-00.34.07:342][  0]LogFileManager: Error: Error deleting file '../../../../../../Users/harsh.DESKTOP-UNEK68K/Desktop/Multiplayer/PuzzlePlatforms/Intermediate/AssetRegistryCache/1f683343NoDeps.bin'.
[2020.08.04-00.34.07:346][  0]LogPackageLocalizationCache: Processed 10 localized package path(s) for 1 prioritized culture(s) in 0.551772 seconds
[2020.08.04-00.34.07:426][  0]LogInit: Selected Device Profile: [Windows]
[2020.08.04-00.34.07:579][  0]LogMeshReduction: Using QuadricMeshReduction for automatic static mesh reduction
[2020.08.04-00.34.07:580][  0]LogMeshReduction: Using SimplygonMeshReduction for automatic skeletal mesh reduction
[2020.08.04-00.34.07:581][  0]LogMeshReduction: Using ProxyLODMeshReduction for automatic mesh merging
[2020.08.04-00.34.07:583][  0]LogMeshReduction: No distributed automatic mesh merging module available
[2020.08.04-00.34.07:584][  0]LogMeshMerging: No distributed automatic mesh merging module available
[2020.08.04-00.34.07:600][  0]LogNetVersion: PuzzlePlatforms 1.0.0, NetCL: 10570792, EngineNetVer: 13, GameNetVer: 0 (Checksum: 2226377169)
[2020.08.04-00.34.08:426][  0]LogMoviePlayer: Initializing movie player
[2020.08.04-00.34.08:590][  0]LogTemp: Warning: GameInstance Constructor
[2020.08.04-00.34.08:806][  0]SourceControl: Source control is disabled
[2020.08.04-00.34.08:825][  0]SourceControl: Source control is disabled
[2020.08.04-00.34.08:827][  0]SourceControl: Source control is disabled
[2020.08.04-00.34.08:882][  0]LogAndroidPermission: UAndroidPermissionCallbackProxy::GetInstance
[2020.08.04-00.34.08:897][  0]LogAudioCaptureCore: Display: No Audio Capture implementations found. Audio input will be silent.
[2020.08.04-00.34.08:902][  0]LogAudioCaptureCore: Display: No Audio Capture implementations found. Audio input will be silent.
[2020.08.04-00.34.08:997][  0]LogOcInput: OculusInput pre-init called
[2020.08.04-00.34.09:023][  0]LogUObjectArray: 53689 objects as part of root set at end of initial load.
[2020.08.04-00.34.09:029][  0]LogUObjectAllocator: 9735320 out of 0 bytes used by permanent object pool.
[2020.08.04-00.34.09:038][  0]LogUObjectArray: CloseDisregardForGC: 0/0 objects in disregard for GC pool
[2020.08.04-00.34.09:125][  0]LogEngine: Initializing Engine...
[2020.08.04-00.34.09:130][  0]LogHMD: Failed to initialize OpenVR with code 110
[2020.08.04-00.34.09:137][  0]LogStats: UGameplayTagsManager::InitializeManager -  0.000 s
[2020.08.04-00.34.09:538][  0]LogInit: Initializing FReadOnlyCVARCache
[2020.08.04-00.34.09:584][  0]LogAudioMixer: Display: Audio Mixer Platform Settings:
[2020.08.04-00.34.09:606][  0]LogAudioMixer: Display: 	Sample Rate:						  48000
[2020.08.04-00.34.09:610][  0]LogAudioMixer: Display: 	Callback Buffer Frame Size Requested: 1024
[2020.08.04-00.34.09:611][  0]LogAudioMixer: Display: 	Callback Buffer Frame Size To Use:	  1024
[2020.08.04-00.34.09:611][  0]LogAudioMixer: Display: 	Number of buffers to queue:			  2
[2020.08.04-00.34.09:613][  0]LogAudioMixer: Display: 	Max Channels (voices):				  32
[2020.08.04-00.34.09:614][  0]LogAudioMixer: Display: 	Number of Async Source Workers:		  0
[2020.08.04-00.34.09:614][  0]LogAudio: Display: AudioDevice MaxSources: 32
[2020.08.04-00.34.09:615][  0]LogAudio: Display: Using built-in audio occlusion.
[2020.08.04-00.34.09:615][  0]LogAudioMixer: Display: Initializing audio mixer.
[2020.08.04-00.34.09:656][  0]LogAudioMixer: Display: Audio Device Output Speaker Info:
[2020.08.04-00.34.09:658][  0]LogAudioMixer: Display: Name: Speakers / Headphones (Realtek Audio)
[2020.08.04-00.34.09:662][  0]LogAudioMixer: Display: Is Default: Yes
[2020.08.04-00.34.09:663][  0]LogAudioMixer: Display: Sample Rate: 48000
[2020.08.04-00.34.09:664][  0]LogAudioMixer: Display: Channel Count Used: 2
[2020.08.04-00.34.09:666][  0]LogAudioMixer: Display: Device Channel Count: 2
[2020.08.04-00.34.09:667][  0]LogAudioMixer: Display: Channel Order:
[2020.08.04-00.34.09:668][  0]LogAudioMixer: Display: 0: FrontLeft
[2020.08.04-00.34.09:669][  0]LogAudioMixer: Display: 1: FrontRight
[2020.08.04-00.34.10:110][  0]LogAudioMixer: Display: Using Audio Device Speakers / Headphones (Realtek Audio)
[2020.08.04-00.34.10:129][  0]LogInit: FAudioDevice initialized.
[2020.08.04-00.34.10:132][  0]LogNetVersion: Set ProjectVersion to 1.0.0.0. Version Checksum will be recalculated on next use.
[2020.08.04-00.34.10:305][  0]LogDerivedDataCache: Saved boot cache 0.17s 81MB C:/Users/harsh.DESKTOP-UNEK68K/AppData/Local/UnrealEngine/4.24/DerivedDataCache/Boot.ddc.
[2020.08.04-00.34.10:316][  0]LogInit: Texture streaming: Enabled
[2020.08.04-00.34.10:731][  0]LogTemp: Warning: GameInstance Constructor
[2020.08.04-00.34.10:769][  0]LogTemp: Warning: GameInstance Init
[2020.08.04-00.34.10:792][  0]LogSlate: Updating window title bar state: overlay mode, drag disabled, window buttons hidden, title bar hidden
[2020.08.04-00.34.10:796][  0]LogInit: Display: Game Engine Initialized.
[2020.08.04-00.34.10:912][  0]LogInit: Display: Starting Game.
[2020.08.04-00.34.10:914][  0]LogNet: Browse: 192.168.1.7//Game/PuzzlePlatform/Maps/Lobby?Name=Player
[2020.08.04-00.34.10:922][  0]LogInit: WinSock: I am DESKTOP-UNEK68K (192.168.1.7:0)
[2020.08.04-00.34.10:924][  0]LogInit: WinSock: Socket queue. Rx: 32768 (config 32768) Tx: 32768 (config 32768)
[2020.08.04-00.34.10:926][  0]PacketHandlerLog: Loaded PacketHandler component: Engine.EngineHandlerComponentFactory (StatelessConnectHandlerComponent)
[2020.08.04-00.34.10:929][  0]LogNet: Game client on port 7777, rate 10000
[2020.08.04-00.34.11:120][  0]LogLoad: (Engine Initialization) Total time: 12.43 seconds
[2020.08.04-00.34.11:127][  0]LogLoad: (Engine Initialization) Total Blueprint compile time: 0.00 seconds
[2020.08.04-00.34.11:141][  0]LogHandshake: SendChallengeResponse. Timestamp: 27.658279, Cookie: 253045208143187055073016126182227134228088071126244002105089
[2020.08.04-00.34.11:161][  0]LogContentStreaming: Texture pool size now 1000 MB
[2020.08.04-00.34.11:168][  0]LogSlate: InvalidateAllWidgets triggered.  All widgets were invalidated
[2020.08.04-00.34.11:238][  5]LogNetVersion: PuzzlePlatforms 1.0.0.0, NetCL: 10570792, EngineNetVer: 13, GameNetVer: 0 (Checksum: 3101645828)
[2020.08.04-00.34.11:252][  5]LogNet: UPendingNetGame::SendInitialJoin: Sending hello. [UNetConnection] RemoteAddr: 192.168.1.7:7777, Name: IpConnection_0, Driver: PendingNetDriver IpNetDriver_0, IsServer: NO, PC: NULL, Owner: NULL, UniqueId: INVALID
[2020.08.04-00.34.12:881][504]LogNet: Welcomed by server (Level: /Game/ThirdPersonCPP/Maps/ThirdPersonExampleMap, Game: /Script/PuzzlePlatforms.PuzzlePlatformsGameMode)
[2020.08.04-00.34.12:896][504]LogLoad: LoadMap: 192.168.1.7//Game/ThirdPersonCPP/Maps/ThirdPersonExampleMap?Name=Player?game=/Script/PuzzlePlatforms.PuzzlePlatformsGameMode
[2020.08.04-00.34.12:897][504]LogWorld: BeginTearingDown for /Temp/Untitled_0
[2020.08.04-00.34.12:898][504]LogWorld: UWorld::CleanupWorld for Untitled, bSessionEnded=true, bCleanupResources=true
[2020.08.04-00.34.12:899][504]LogSlate: InvalidateAllWidgets triggered.  All widgets were invalidated
[2020.08.04-00.34.12:934][504]LogAudioMixer: Display: No commands were queued while flushing the source manager.
[2020.08.04-00.34.12:944][504]LogUObjectHash: Compacting FUObjectHashTables data took   5.50ms
[2020.08.04-00.34.13:150][504]LogWorld: Bringing World /Game/ThirdPersonCPP/Maps/ThirdPersonExampleMap.ThirdPersonExampleMap up for play (max tick rate 0) at 2020.08.04-01.34.13
[2020.08.04-00.34.13:166][504]LogWorld: Bringing up level for play took: 0.039414
[2020.08.04-00.34.13:178][504]LogRenderer: Reallocating scene render targets to support 1536x864 Format 10 NumSamples 1 (Frame:1).
[2020.08.04-00.34.13:195][504]LogSlate: Took 0.001259 seconds to synchronously load lazily loaded font '../../../Engine/Content/Slate/Fonts/Roboto-Regular.ttf' (155K)
[2020.08.04-00.34.13:204][504]LogLoad: Took 0.308403 seconds to LoadMap(/Game/ThirdPersonCPP/Maps/ThirdPersonExampleMap)
[2020.08.04-00.34.13:788][510]LogOnlineSession: Warning: OSS: No game present to join for session (GameSession)
[2020.08.04-00.34.13:794][510]LogOnlineSession: Warning: OSS: No game present to join for session (GameSession)
[2020.08.04-00.34.33:394][835]LogWindowsDesktop: Alt-F4 pressed!
[2020.08.04-00.34.33:423][835]LogSlate: Window 'PuzzlePlatforms (64-bit Development PCD3D_SM5) ' being destroyed
[2020.08.04-00.34.33:427][835]LogWindowsTextInputMethodSystem: Display: IME system now deactivated.
[2020.08.04-00.34.33:445][835]LogSlate: Updating window title bar state: overlay mode, drag disabled, window buttons hidden, title bar hidden
[2020.08.04-00.34.33:480][835]LogEngine: All Windows Closed
[2020.08.04-00.34.33:490][835]LogWindows: FPlatformMisc::RequestExit(0)
[2020.08.04-00.34.33:490][835]LogCore: Engine exit requested (reason: Win RequestExit)
[2020.08.04-00.34.33:492][836]LogCore: Engine exit requested (reason: EngineExit() was called; note: exit was already requested)
[2020.08.04-00.34.33:511][836]LogAudioMixer: Display: No commands were queued while flushing the source manager.
[2020.08.04-00.34.33:561][836]LogInit: Display: PreExit Game.
[2020.08.04-00.34.33:626][836]LogWorld: BeginTearingDown for /Game/ThirdPersonCPP/Maps/ThirdPersonExampleMap
[2020.08.04-00.34.33:627][836]LogNet: World NetDriver shutdown IpNetDriver_0 [GameNetDriver]
[2020.08.04-00.34.33:629][836]LogNet: DestroyNamedNetDriver IpNetDriver_0 [GameNetDriver]
[2020.08.04-00.34.33:630][836]LogNet: UNetConnection::Close: [UNetConnection] RemoteAddr: 192.168.1.7:7777, Name: IpConnection_0, Driver: GameNetDriver IpNetDriver_0, IsServer: NO, PC: PlayerController_1, Owner: PlayerController_1, UniqueId: NULL:DESKTOP-UNEK68K-B3AE32394DAA2DE9BD1AE082A84477A9, Channels: 14, Time: 2020.08.04-00.34.33
[2020.08.04-00.34.33:630][836]LogNet: UChannel::Close: Sending CloseBunch. ChIndex == 0. Name: [UChannel] ChIndex: 0, Closing: 0 [UNetConnection] RemoteAddr: 192.168.1.7:7777, Name: IpConnection_0, Driver: GameNetDriver IpNetDriver_0, IsServer: NO, PC: PlayerController_1, Owner: PlayerController_1, UniqueId: NULL:DESKTOP-UNEK68K-B3AE32394DAA2DE9BD1AE082A84477A9
[2020.08.04-00.34.33:632][836]LogExit: GameNetDriver IpNetDriver_0 shut down
[2020.08.04-00.34.33:635][836]LogWorld: UWorld::CleanupWorld for ThirdPersonExampleMap, bSessionEnded=true, bCleanupResources=true
[2020.08.04-00.34.33:637][836]LogSlate: InvalidateAllWidgets triggered.  All widgets were invalidated
[2020.08.04-00.34.34:185][836]LogExit: Preparing to exit.
[2020.08.04-00.34.34:185][836]LogMoviePlayer: Shutting down movie player
[2020.08.04-00.34.34:237][836]LogSlate: Updating window title bar state: overlay mode, drag disabled, window buttons hidden, title bar hidden
[2020.08.04-00.34.34:239][836]LogDemo: Cleaned up 0 splitscreen connections with owner deletion
[2020.08.04-00.34.34:256][836]LogExit: Game engine shut down
[2020.08.04-00.34.34:429][836]LogExit: Object subsystem successfully closed.
[2020.08.04-00.34.34:500][836]LogShaderCompilers: Display: Shaders left to compile 0
[2020.08.04-00.34.34:552][836]LogModuleManager: Shutting down and abandoning module GameplayDebugger (432)
[2020.08.04-00.34.34:553][836]LogModuleManager: Shutting down and abandoning module Voice (430)
[2020.08.04-00.34.34:554][836]LogModuleManager: Shutting down and abandoning module SequenceRecorderSections (426)
[2020.08.04-00.34.34:554][836]LogModuleManager: Shutting down and abandoning module SequenceRecorder (424)
[2020.08.04-00.34.34:556][836]LogModuleManager: Shutting down and abandoning module AutomationController (422)
[2020.08.04-00.34.34:556][836]LogModuleManager: Shutting down and abandoning module AutomationWorker (420)
[2020.08.04-00.34.34:557][836]LogModuleManager: Shutting down and abandoning module OculusMR (418)
[2020.08.04-00.34.34:557][836]LogModuleManager: Shutting down and abandoning module WmfMediaFactory (416)
[2020.08.04-00.34.34:558][836]LogModuleManager: Shutting down and abandoning module WebMMediaFactory (414)
[2020.08.04-00.34.34:558][836]LogModuleManager: Shutting down and abandoning module WebMMedia (412)
[2020.08.04-00.34.34:559][836]LogModuleManager: Shutting down and abandoning module OpenExrWrapper (410)
[2020.08.04-00.34.34:559][836]LogModuleManager: Shutting down and abandoning module ImgMediaFactory (408)
[2020.08.04-00.34.34:559][836]LogModuleManager: Shutting down and abandoning module AvfMediaFactory (406)
[2020.08.04-00.34.34:560][836]LogModuleManager: Shutting down and abandoning module MagicLeapMediaCodecFactory (404)
[2020.08.04-00.34.34:560][836]LogModuleManager: Shutting down and abandoning module MagicLeapMediaFactory (402)
[2020.08.04-00.34.34:561][836]LogModuleManager: Shutting down and abandoning module CharacterAI (400)
[2020.08.04-00.34.34:561][836]LogModuleManager: Shutting down and abandoning module SessionServices (398)
[2020.08.04-00.34.34:561][836]LogModuleManager: Shutting down and abandoning module MovieSceneCapture (396)
[2020.08.04-00.34.34:562][836]LogModuleManager: Shutting down and abandoning module LiveCoding (394)
[2020.08.04-00.34.34:567][836]LogModuleManager: Shutting down and abandoning module LevelSequence (392)
[2020.08.04-00.34.34:568][836]LogModuleManager: Shutting down and abandoning module MovieSceneTracks (390)
[2020.08.04-00.34.34:569][836]LogModuleManager: Shutting down and abandoning module MovieScene (388)
[2020.08.04-00.34.34:569][836]LogModuleManager: Shutting down and abandoning module StreamingPauseRendering (386)
[2020.08.04-00.34.34:569][836]LogModuleManager: Shutting down and abandoning module PortalServices (384)
[2020.08.04-00.34.34:570][836]LogModuleManager: Shutting down and abandoning module PortalRpc (382)
[2020.08.04-00.34.34:570][836]LogModuleManager: Shutting down and abandoning module MessagingRpc (380)
[2020.08.04-00.34.34:571][836]LogModuleManager: Shutting down and abandoning module AudioMixerXAudio2 (378)
[2020.08.04-00.34.34:571][836]LogModuleManager: Shutting down and abandoning module ImageWriteQueue (376)
[2020.08.04-00.34.34:575][836]LogModuleManager: Shutting down and abandoning module ProfilerService (374)
