Log file open, 08/01/20 19:54:54
LogWindows: Failed to load 'aqProf.dll' (GetLastError=126)
LogWindows: File 'aqProf.dll' does not exist
LogWindows: Failed to load 'VtuneApi.dll' (GetLastError=126)
LogWindows: File 'VtuneApi.dll' does not exist
LogWindows: Failed to load 'VtuneApi32e.dll' (GetLastError=126)
LogWindows: File 'VtuneApi32e.dll' does not exist
LogConsoleResponse: Display: Failed to find resolution value strings in scalability ini. Falling back to default.
LogInit: Display: Running engine for game: PuzzlePlatforms
LogPlatformFile: Not using cached read wrapper
LogTaskGraph: Started task graph with 5 named threads and 14 total threads with 3 sets of task threads.
LogStats: Stats thread started at 0.091966
LogD3D11RHI: Loaded GFSDK_Aftermath_Lib.x64.dll
LogICUInternationalization: ICU TimeZone Detection - Raw Offset: +0:00, Platform Override: ''
LogPluginManager: Mounting plugin Paper2D
LogPluginManager: Mounting plugin AISupport
LogPluginManager: Mounting plugin LightPropagationVolume
LogPluginManager: Mounting plugin ActorLayerUtilities
LogPluginManager: Mounting plugin AnimationSharing
LogPluginManager: Mounting plugin CLionSourceCodeAccess
LogPluginManager: Mounting plugin CodeLiteSourceCodeAccess
LogPluginManager: Mounting plugin GitSourceControl
LogPluginManager: Mounting plugin KDevelopSourceCodeAccess
LogPluginManager: Mounting plugin NullSourceCodeAccess
LogPluginManager: Mounting plugin PerforceSourceControl
LogPluginManager: Mounting plugin PlasticSourceControl
LogPluginManager: Mounting plugin SubversionSourceControl
LogPluginManager: Mounting plugin UObjectPlugin
LogPluginManager: Mounting plugin VisualStudioCodeSourceCodeAccess
LogPluginManager: Mounting plugin VisualStudioSourceCodeAccess
LogPluginManager: Mounting plugin XCodeSourceCodeAccess
LogPluginManager: Mounting plugin AssetManagerEditor
LogPluginManager: Mounting plugin CryptoKeys
LogPluginManager: Mounting plugin CurveEditorTools
LogPluginManager: Mounting plugin DataValidation
LogPluginManager: Mounting plugin FacialAnimation
LogPluginManager: Mounting plugin GameplayTagsEditor
LogPluginManager: Mounting plugin MacGraphicsSwitching
LogPluginManager: Mounting plugin MaterialAnalyzer
LogPluginManager: Mounting plugin MobileLauncherProfileWizard
LogPluginManager: Mounting plugin PluginBrowser
LogPluginManager: Mounting plugin SpeedTreeImporter
LogPluginManager: Mounting plugin DatasmithContent
LogPluginManager: Mounting plugin VariantManagerContent
LogPluginManager: Mounting plugin AlembicImporter
LogPluginManager: Mounting plugin AutomationUtils
LogPluginManager: Mounting plugin BackChannel
LogPluginManager: Mounting plugin CharacterAI
LogPluginManager: Mounting plugin GeometryCache
LogPluginManager: Mounting plugin PlatformCrypto
LogPluginManager: Mounting plugin ProxyLODPlugin
LogPluginManager: Mounting plugin SkeletalReduction
LogPluginManager: Mounting plugin MagicLeap
LogPluginManager: Mounting plugin MagicLeapMedia
LogPluginManager: Mounting plugin MLSDK
LogPluginManager: Mounting plugin AndroidMedia
LogPluginManager: Mounting plugin AvfMedia
LogPluginManager: Mounting plugin ImgMedia
LogPluginManager: Mounting plugin MediaCompositing
LogPluginManager: Mounting plugin MediaPlayerEditor
LogPluginManager: Mounting plugin WebMMedia
LogPluginManager: Mounting plugin WmfMedia
LogPluginManager: Mounting plugin TcpMessaging
LogPluginManager: Mounting plugin UdpMessaging
LogPluginManager: Mounting plugin ActorSequence
LogPluginManager: Mounting plugin LevelSequenceEditor
LogPluginManager: Mounting plugin MatineeToLevelSequence
LogPluginManager: Mounting plugin NetcodeUnitTest
LogPluginManager: Mounting plugin NUTUnrealEngine4
LogPluginManager: Mounting plugin OnlineSubsystemGooglePlay
LogPluginManager: Mounting plugin OnlineSubsystemIOS
LogPluginManager: Mounting plugin OnlineSubsystem
LogPluginManager: Mounting plugin OnlineSubsystemNull
LogPluginManager: Mounting plugin OnlineSubsystemUtils
LogPluginManager: Mounting plugin LauncherChunkInstaller
LogPluginManager: Mounting plugin AndroidDeviceProfileSelector
LogPluginManager: Mounting plugin AndroidMoviePlayer
LogPluginManager: Mounting plugin AndroidPermission
LogPluginManager: Mounting plugin AppleImageUtils
LogPluginManager: Mounting plugin AppleMoviePlayer
LogPluginManager: Mounting plugin ArchVisCharacter
LogPluginManager: Mounting plugin AssetTags
LogPluginManager: Mounting plugin AudioCapture
LogPluginManager: Mounting plugin CableComponent
LogPluginManager: Mounting plugin CustomMeshComponent
LogPluginManager: Mounting plugin EditableMesh
LogPluginManager: Mounting plugin ExampleDeviceProfileSelector
LogPluginManager: Mounting plugin GoogleCloudMessaging
LogPluginManager: Mounting plugin IOSDeviceProfileSelector
LogPluginManager: Mounting plugin LinuxDeviceProfileSelector
LogPluginManager: Mounting plugin LocationServicesBPLibrary
LogPluginManager: Mounting plugin MobilePatchingUtils
LogPluginManager: Mounting plugin OculusVR
LogPluginManager: Mounting plugin PhysXVehicles
LogPluginManager: Mounting plugin PostSplashScreen
LogPluginManager: Mounting plugin ProceduralMeshComponent
LogPluginManager: Mounting plugin RuntimePhysXCooking
LogPluginManager: Mounting plugin SignificanceManager
LogPluginManager: Mounting plugin SteamVR
LogPluginManager: Mounting plugin WebMMoviePlayer
LogPluginManager: Mounting plugin WindowsMoviePlayer
LogPluginManager: Mounting plugin ScreenshotTools
LogInit: Using libcurl 7.55.1-DEV
LogInit:  - built for x86_64-pc-win32
LogInit:  - supports SSL with OpenSSL/1.1.1
LogInit:  - supports HTTP deflate (compression) using libz 1.2.8
LogInit:  - other features:
LogInit:      CURL_VERSION_SSL
LogInit:      CURL_VERSION_LIBZ
LogInit:      CURL_VERSION_IPV6
LogInit:      CURL_VERSION_ASYNCHDNS
LogInit:      CURL_VERSION_LARGEFILE
LogInit:      CURL_VERSION_IDN
LogInit:  CurlRequestOptions (configurable via config and command line):
LogInit:  - bVerifyPeer = true  - Libcurl will verify peer certificate
LogInit:  - bUseHttpProxy = false  - Libcurl will NOT use HTTP proxy
LogInit:  - bDontReuseConnections = false  - Libcurl will reuse connections
LogInit:  - MaxHostConnections = 16  - Libcurl will limit the number of connections to a host
LogInit:  - LocalHostAddr = Default
LogInit:  - BufferSize = 65536
LogOnline: OSS: Creating online subsystem instance for: NULL
LogInit: WinSock: version 1.1 (2.2), MaxSocks=32767, MaxUdp=65467
LogOnline: OSS: TryLoadSubsystemAndSetDefault: Loaded subsystem for module [NULL]
LogInit: Build: ++UE4+Release-4.24-CL-11100242
LogInit: Engine Version: 4.24.2-11100242+++UE4+Release-4.24
LogInit: Compatible Engine Version: 4.24.0-10570792+++UE4+Release-4.24
LogInit: Net CL: 10570792
LogInit: OS: Windows 10 (Release 1909) (), CPU: Intel(R) Core(TM) i5-7300HQ CPU @ 2.50GHz, GPU: Intel(R) HD Graphics 630
LogInit: Compiled (64-bit): Jan 24 2020 02:05:53
LogInit: Compiled with Visual C++: 19.16.27032.01
LogInit: Build Configuration: Development
LogInit: Branch Name: ++UE4+Release-4.24
LogInit: Command Line:  192.168.1.7 -game -log
LogInit: Base Directory: C:/Program Files/Epic Games/UE_4.24/Engine/Binaries/Win64/
LogInit: Installed Engine Build: 1
LogDevObjectVersion: Number of dev versions registered: 25
LogDevObjectVersion:   Dev-Blueprints (B0D832E4-1F89-4F0D-ACCF-7EB736FD4AA2): 10
LogDevObjectVersion:   Dev-Build (E1C64328-A22C-4D53-A36C-8E866417BD8C): 0
LogDevObjectVersion:   Dev-Core (375EC13C-06E4-48FB-B500-84F0262A717E): 3
LogDevObjectVersion:   Dev-Editor (E4B068ED-F494-42E9-A231-DA0B2E46BB41): 37
LogDevObjectVersion:   Dev-Framework (CFFC743F-43B0-4480-9391-14DF171D2073): 36
LogDevObjectVersion:   Dev-Mobile (B02B49B5-BB20-44E9-A304-32B752E40360): 2
LogDevObjectVersion:   Dev-Networking (A4E4105C-59A1-49B5-A7C5-40C4547EDFEE): 0
LogDevObjectVersion:   Dev-Online (39C831C9-5AE6-47DC-9A44-9C173E1C8E7C): 0
LogDevObjectVersion:   Dev-Physics (78F01B33-EBEA-4F98-B9B4-84EACCB95AA2): 2
LogDevObjectVersion:   Dev-Platform (6631380F-2D4D-43E0-8009-CF276956A95A): 0
LogDevObjectVersion:   Dev-Rendering (12F88B9F-8875-4AFC-A67C-D90C383ABD29): 36
LogDevObjectVersion:   Dev-Sequencer (7B5AE74C-D270-4C10-A958-57980B212A5A): 11
LogDevObjectVersion:   Dev-VR (D7296918-1DD6-4BDD-9DE2-64A83CC13884): 2
LogDevObjectVersion:   Dev-LoadTimes (C2A15278-BFE7-4AFE-6C17-90FF531DF755): 1
LogDevObjectVersion:   Private-Geometry (6EACA3D4-40EC-4CC1-B786-8BED09428FC5): 3
LogDevObjectVersion:   Dev-AnimPhys (29E575DD-E0A3-4627-9D10-D276232CDCEA): 17
LogDevObjectVersion:   Dev-Anim (AF43A65D-7FD3-4947-9873-3E8ED9C1BB05): 2
LogDevObjectVersion:   Dev-ReflectionCapture (6B266CEC-1EC7-4B8F-A30B-E4D90942FC07): 1
LogDevObjectVersion:   Dev-Automation (0DF73D61-A23F-47EA-B727-89E90C41499A): 1
LogDevObjectVersion:   FortniteMain (601D1886-AC64-4F84-AA16-D3DE0DEAC7D6): 31
LogDevObjectVersion:   Dev-Enterprise (9DFFBCD6-494F-0158-E221-12823C92A888): 8
LogDevObjectVersion:   Dev-Niagara (F2AED0AC-9AFE-416F-8664-AA7FFA26D6FC): 1
LogDevObjectVersion:   Dev-Destruction (174F1F0B-B4C6-45A5-B13F-2EE8D0FB917D): 9
LogDevObjectVersion:   Dev-Physics-Ext (35F94A83-E258-406C-A318-09F59610247C): 8
LogDevObjectVersion:   Dev-CineCamera (B2E18506-4273-CFC2-A54E-F4BB758BBA07): 1
LogInit: Presizing for max 25165824 objects, including 0 objects not considered by GC, pre-allocating 0 bytes for permanent pool.
LogInit: Object subsystem initialized
LogConfig: Setting CVar [[con.DebugEarlyDefault:1]]
LogConfig: Setting CVar [[r.setres:1280x720]]
[2020.08.01-18.54.55:346][  0]LogConfig: Setting CVar [[con.DebugEarlyDefault:1]]
[2020.08.01-18.54.55:346][  0]LogConfig: Setting CVar [[r.setres:1280x720]]
[2020.08.01-18.54.55:350][  0]LogConfig: Applying CVar settings from Section [/Script/Engine.RendererSettings] File [C:/Users/harsh.DESKTOP-UNEK68K/Desktop/Multiplayer/PuzzlePlatforms/Saved/Config/Windows/Engine.ini]
[2020.08.01-18.54.55:351][  0]LogConfig: Setting CVar [[r.GPUCrashDebugging:0]]
[2020.08.01-18.54.55:354][  0]LogConfig: Applying CVar settings from Section [/Script/Engine.RendererOverrideSettings] File [C:/Users/harsh.DESKTOP-UNEK68K/Desktop/Multiplayer/PuzzlePlatforms/Saved/Config/Windows/Engine.ini]
[2020.08.01-18.54.55:354][  0]LogConfig: Applying CVar settings from Section [/Script/Engine.StreamingSettings] File [C:/Users/harsh.DESKTOP-UNEK68K/Desktop/Multiplayer/PuzzlePlatforms/Saved/Config/Windows/Engine.ini]
[2020.08.01-18.54.55:355][  0]LogConfig: Setting CVar [[s.MinBulkDataSizeForAsyncLoading:131072]]
[2020.08.01-18.54.55:355][  0]LogConfig: Setting CVar [[s.AsyncLoadingThreadEnabled:0]]
[2020.08.01-18.54.55:356][  0]LogConfig: Setting CVar [[s.EventDrivenLoaderEnabled:1]]
[2020.08.01-18.54.55:356][  0]LogConfig: Setting CVar [[s.WarnIfTimeLimitExceeded:0]]
[2020.08.01-18.54.55:360][  0]LogConfig: Setting CVar [[s.TimeLimitExceededMultiplier:1.5]]
[2020.08.01-18.54.55:360][  0]LogConfig: Setting CVar [[s.TimeLimitExceededMinTime:0.005]]
[2020.08.01-18.54.55:364][  0]LogConfig: Setting CVar [[s.UseBackgroundLevelStreaming:1]]
[2020.08.01-18.54.55:366][  0]LogConfig: Setting CVar [[s.PriorityAsyncLoadingExtraTime:15.0]]
[2020.08.01-18.54.55:367][  0]LogConfig: Setting CVar [[s.LevelStreamingActorsUpdateTimeLimit:5.0]]
[2020.08.01-18.54.55:368][  0]LogConfig: Setting CVar [[s.PriorityLevelStreamingActorsUpdateExtraTime:5.0]]
[2020.08.01-18.54.55:370][  0]LogConfig: Setting CVar [[s.LevelStreamingComponentsRegistrationGranularity:10]]
[2020.08.01-18.54.55:371][  0]LogConfig: Setting CVar [[s.UnregisterComponentsTimeLimit:1.0]]
[2020.08.01-18.54.55:375][  0]LogConfig: Setting CVar [[s.LevelStreamingComponentsUnregistrationGranularity:5]]
[2020.08.01-18.54.55:375][  0]LogConfig: Setting CVar [[s.FlushStreamingOnExit:1]]
[2020.08.01-18.54.55:376][  0]LogConfig: Applying CVar settings from Section [/Script/Engine.GarbageCollectionSettings] File [C:/Users/harsh.DESKTOP-UNEK68K/Desktop/Multiplayer/PuzzlePlatforms/Saved/Config/Windows/Engine.ini]
[2020.08.01-18.54.55:376][  0]LogConfig: Setting CVar [[gc.MaxObjectsNotConsideredByGC:1]]
[2020.08.01-18.54.55:376][  0]LogConfig: Setting CVar [[gc.SizeOfPermanentObjectPool:0]]
[2020.08.01-18.54.55:377][  0]LogConfig: Setting CVar [[gc.FlushStreamingOnGC:0]]
[2020.08.01-18.54.55:377][  0]LogConfig: Setting CVar [[gc.NumRetriesBeforeForcingGC:10]]
[2020.08.01-18.54.55:378][  0]LogConfig: Setting CVar [[gc.AllowParallelGC:1]]
[2020.08.01-18.54.55:379][  0]LogConfig: Setting CVar [[gc.TimeBetweenPurgingPendingKillObjects:61.1]]
[2020.08.01-18.54.55:385][  0]LogConfig: Setting CVar [[gc.MaxObjectsInEditor:25165824]]
[2020.08.01-18.54.55:386][  0]LogConfig: Setting CVar [[gc.IncrementalBeginDestroyEnabled:1]]
[2020.08.01-18.54.55:389][  0]LogConfig: Setting CVar [[gc.CreateGCClusters:1]]
[2020.08.01-18.54.55:389][  0]LogConfig: Setting CVar [[gc.MinGCClusterSize:5]]
[2020.08.01-18.54.55:390][  0]LogConfig: Setting CVar [[gc.ActorClusteringEnabled:0]]
[2020.08.01-18.54.55:390][  0]LogConfig: Setting CVar [[gc.BlueprintClusteringEnabled:0]]
[2020.08.01-18.54.55:391][  0]LogConfig: Setting CVar [[gc.UseDisregardForGCOnDedicatedServers:0]]
[2020.08.01-18.54.55:392][  0]LogConfig: Applying CVar settings from Section [/Script/Engine.NetworkSettings] File [C:/Users/harsh.DESKTOP-UNEK68K/Desktop/Multiplayer/PuzzlePlatforms/Saved/Config/Windows/Engine.ini]
[2020.08.01-18.54.55:392][  0]LogConfig: Applying CVar settings from Section [/Script/UnrealEd.CookerSettings] File [C:/Users/harsh.DESKTOP-UNEK68K/Desktop/Multiplayer/PuzzlePlatforms/Saved/Config/Windows/Engine.ini]
[2020.08.01-18.54.55:396][  0]LogConfig: Applying CVar settings from Section [ViewDistanceQuality@3] File [C:/Users/harsh.DESKTOP-UNEK68K/Desktop/Multiplayer/PuzzlePlatforms/Saved/Config/Windows/Scalability.ini]
[2020.08.01-18.54.55:396][  0]LogConfig: Setting CVar [[r.SkeletalMeshLODBias:0]]
[2020.08.01-18.54.55:403][  0]LogConfig: Setting CVar [[r.ViewDistanceScale:1.0]]
[2020.08.01-18.54.55:405][  0]LogConfig: Applying CVar settings from Section [AntiAliasingQuality@3] File [C:/Users/harsh.DESKTOP-UNEK68K/Desktop/Multiplayer/PuzzlePlatforms/Saved/Config/Windows/Scalability.ini]
[2020.08.01-18.54.55:406][  0]LogConfig: Setting CVar [[r.PostProcessAAQuality:4]]
[2020.08.01-18.54.55:409][  0]LogConfig: Applying CVar settings from Section [ShadowQuality@3] File [C:/Users/harsh.DESKTOP-UNEK68K/Desktop/Multiplayer/PuzzlePlatforms/Saved/Config/Windows/Scalability.ini]
[2020.08.01-18.54.55:410][  0]LogConfig: Setting CVar [[r.LightFunctionQuality:1]]
[2020.08.01-18.54.55:410][  0]LogConfig: Setting CVar [[r.ShadowQuality:5]]
[2020.08.01-18.54.55:411][  0]LogConfig: Setting CVar [[r.Shadow.CSM.MaxCascades:10]]
[2020.08.01-18.54.55:412][  0]LogConfig: Setting CVar [[r.Shadow.MaxResolution:2048]]
[2020.08.01-18.54.55:412][  0]LogConfig: Setting CVar [[r.Shadow.MaxCSMResolution:2048]]
[2020.08.01-18.54.55:413][  0]LogConfig: Setting CVar [[r.Shadow.RadiusThreshold:0.01]]
[2020.08.01-18.54.55:414][  0]LogConfig: Setting CVar [[r.Shadow.DistanceScale:1.0]]
[2020.08.01-18.54.55:418][  0]LogConfig: Setting CVar [[r.Shadow.CSM.TransitionScale:1.0]]
[2020.08.01-18.54.55:421][  0]LogConfig: Setting CVar [[r.Shadow.PreShadowResolutionFactor:1.0]]
[2020.08.01-18.54.55:422][  0]LogConfig: Setting CVar [[r.DistanceFieldShadowing:1]]
[2020.08.01-18.54.55:422][  0]LogConfig: Setting CVar [[r.DistanceFieldAO:1]]
[2020.08.01-18.54.55:424][  0]LogConfig: Setting CVar [[r.AOQuality:2]]
[2020.08.01-18.54.55:424][  0]LogConfig: Setting CVar [[r.VolumetricFog:1]]
[2020.08.01-18.54.55:425][  0]LogConfig: Setting CVar [[r.VolumetricFog.GridPixelSize:8]]
[2020.08.01-18.54.55:426][  0]LogConfig: Setting CVar [[r.VolumetricFog.GridSizeZ:128]]
[2020.08.01-18.54.55:426][  0]LogConfig: Setting CVar [[r.VolumetricFog.HistoryMissSupersampleCount:4]]
[2020.08.01-18.54.55:428][  0]LogConfig: Setting CVar [[r.LightMaxDrawDistanceScale:1]]
[2020.08.01-18.54.55:433][  0]LogConfig: Setting CVar [[r.CapsuleShadows:1]]
[2020.08.01-18.54.55:435][  0]LogConfig: Applying CVar settings from Section [PostProcessQuality@3] File [C:/Users/harsh.DESKTOP-UNEK68K/Desktop/Multiplayer/PuzzlePlatforms/Saved/Config/Windows/Scalability.ini]
[2020.08.01-18.54.55:437][  0]LogConfig: Setting CVar [[r.MotionBlurQuality:4]]
[2020.08.01-18.54.55:437][  0]LogConfig: Setting CVar [[r.AmbientOcclusionMipLevelFactor:0.4]]
[2020.08.01-18.54.55:437][  0]LogConfig: Setting CVar [[r.AmbientOcclusionMaxQuality:100]]
[2020.08.01-18.54.55:438][  0]LogConfig: Setting CVar [[r.AmbientOcclusionLevels:-1]]
[2020.08.01-18.54.55:440][  0]LogConfig: Setting CVar [[r.AmbientOcclusionRadiusScale:1.0]]
[2020.08.01-18.54.55:440][  0]LogConfig: Setting CVar [[r.DepthOfFieldQuality:2]]
[2020.08.01-18.54.55:444][  0]LogConfig: Setting CVar [[r.RenderTargetPoolMin:400]]
[2020.08.01-18.54.55:444][  0]LogConfig: Setting CVar [[r.LensFlareQuality:2]]
[2020.08.01-18.54.55:445][  0]LogConfig: Setting CVar [[r.SceneColorFringeQuality:1]]
[2020.08.01-18.54.55:445][  0]LogConfig: Setting CVar [[r.EyeAdaptationQuality:2]]
[2020.08.01-18.54.55:446][  0]LogConfig: Setting CVar [[r.BloomQuality:5]]
[2020.08.01-18.54.55:447][  0]LogConfig: Setting CVar [[r.FastBlurThreshold:100]]
[2020.08.01-18.54.55:447][  0]LogConfig: Setting CVar [[r.Upscale.Quality:3]]
[2020.08.01-18.54.55:451][  0]LogConfig: Setting CVar [[r.Tonemapper.GrainQuantization:1]]
[2020.08.01-18.54.55:453][  0]LogConfig: Setting CVar [[r.LightShaftQuality:1]]
[2020.08.01-18.54.55:454][  0]LogConfig: Setting CVar [[r.Filter.SizeScale:1]]
[2020.08.01-18.54.55:457][  0]LogConfig: Setting CVar [[r.Tonemapper.Quality:5]]
[2020.08.01-18.54.55:458][  0]LogConfig: Setting CVar [[r.DOF.Gather.AccumulatorQuality:1        ; higher gathering accumulator quality]]
[2020.08.01-18.54.55:458][  0]LogConfig: Setting CVar [[r.DOF.Gather.PostfilterMethod:1          ; Median3x3 postfilering method]]
[2020.08.01-18.54.55:459][  0]LogConfig: Setting CVar [[r.DOF.Gather.EnableBokehSettings:0       ; no bokeh simulation when gathering]]
[2020.08.01-18.54.55:460][  0]LogConfig: Setting CVar [[r.DOF.Gather.RingCount:4                 ; medium number of samples when gathering]]
[2020.08.01-18.54.55:460][  0]LogConfig: Setting CVar [[r.DOF.Scatter.ForegroundCompositing:1    ; additive foreground scattering]]
[2020.08.01-18.54.55:461][  0]LogConfig: Setting CVar [[r.DOF.Scatter.BackgroundCompositing:2    ; additive background scattering]]
[2020.08.01-18.54.55:462][  0]LogConfig: Setting CVar [[r.DOF.Scatter.EnableBokehSettings:1      ; bokeh simulation when scattering]]
[2020.08.01-18.54.55:465][  0]LogConfig: Setting CVar [[r.DOF.Scatter.MaxSpriteRatio:0.1         ; only a maximum of 10% of scattered bokeh]]
[2020.08.01-18.54.55:466][  0]LogConfig: Setting CVar [[r.DOF.Recombine.Quality:1                ; cheap slight out of focus]]
[2020.08.01-18.54.55:470][  0]LogConfig: Setting CVar [[r.DOF.Recombine.EnableBokehSettings:0    ; no bokeh simulation on slight out of focus]]
[2020.08.01-18.54.55:470][  0]LogConfig: Setting CVar [[r.DOF.TemporalAAQuality:1                ; more stable temporal accumulation]]
[2020.08.01-18.54.55:470][  0]LogConfig: Setting CVar [[r.DOF.Kernel.MaxForegroundRadius:0.025]]
[2020.08.01-18.54.55:471][  0]LogConfig: Setting CVar [[r.DOF.Kernel.MaxBackgroundRadius:0.025]]
[2020.08.01-18.54.55:472][  0]LogConfig: Applying CVar settings from Section [TextureQuality@3] File [C:/Users/harsh.DESKTOP-UNEK68K/Desktop/Multiplayer/PuzzlePlatforms/Saved/Config/Windows/Scalability.ini]
[2020.08.01-18.54.55:472][  0]LogConfig: Setting CVar [[r.Streaming.MipBias:0]]
[2020.08.01-18.54.55:472][  0]LogConfig: Setting CVar [[r.Streaming.AmortizeCPUToGPUCopy:0]]
[2020.08.01-18.54.55:473][  0]LogConfig: Setting CVar [[r.Streaming.MaxNumTexturesToStreamPerFrame:0]]
[2020.08.01-18.54.55:476][  0]LogConfig: Setting CVar [[r.Streaming.Boost:1]]
[2020.08.01-18.54.55:476][  0]LogConfig: Setting CVar [[r.MaxAnisotropy:8]]
[2020.08.01-18.54.55:479][  0]LogConfig: Setting CVar [[r.VT.MaxAnisotropy:8]]
[2020.08.01-18.54.55:479][  0]LogConfig: Setting CVar [[r.Streaming.LimitPoolSizeToVRAM:0]]
[2020.08.01-18.54.55:480][  0]LogConfig: Setting CVar [[r.Streaming.PoolSize:1000]]
[2020.08.01-18.54.55:480][  0]LogConfig: Setting CVar [[r.Streaming.MaxEffectiveScreenSize:0]]
[2020.08.01-18.54.55:484][  0]LogConfig: Applying CVar settings from Section [EffectsQuality@3] File [C:/Users/harsh.DESKTOP-UNEK68K/Desktop/Multiplayer/PuzzlePlatforms/Saved/Config/Windows/Scalability.ini]
[2020.08.01-18.54.55:487][  0]LogConfig: Setting CVar [[r.TranslucencyLightingVolumeDim:64]]
[2020.08.01-18.54.55:487][  0]LogConfig: Setting CVar [[r.RefractionQuality:2]]
[2020.08.01-18.54.55:491][  0]LogConfig: Setting CVar [[r.SSR.Quality:3]]
[2020.08.01-18.54.55:491][  0]LogConfig: Setting CVar [[r.SSR.HalfResSceneColor:0]]
[2020.08.01-18.54.55:492][  0]LogConfig: Setting CVar [[r.SceneColorFormat:4]]
[2020.08.01-18.54.55:492][  0]LogConfig: Setting CVar [[r.DetailMode:2]]
[2020.08.01-18.54.55:493][  0]LogConfig: Setting CVar [[r.TranslucencyVolumeBlur:1]]
[2020.08.01-18.54.55:493][  0]LogConfig: Setting CVar [[r.MaterialQualityLevel:1 ; High quality]]
[2020.08.01-18.54.55:494][  0]LogConfig: Setting CVar [[r.SSS.Scale:1]]
[2020.08.01-18.54.55:495][  0]LogConfig: Setting CVar [[r.SSS.SampleSet:2]]
[2020.08.01-18.54.55:503][  0]LogConfig: Setting CVar [[r.SSS.Quality:1]]
[2020.08.01-18.54.55:503][  0]LogConfig: Setting CVar [[r.SSS.HalfRes:1]]
[2020.08.01-18.54.55:504][  0]LogConfig: Setting CVar [[r.SSGI.Quality:3]]
[2020.08.01-18.54.55:505][  0]LogConfig: Setting CVar [[r.EmitterSpawnRateScale:1.0]]
[2020.08.01-18.54.55:505][  0]LogConfig: Setting CVar [[r.ParticleLightQuality:2]]
[2020.08.01-18.54.55:506][  0]LogConfig: Setting CVar [[r.SkyAtmosphere.AerialPerspectiveLUT.FastApplyOnOpaque:1 ; Always have FastSkyLUT 1 in this case to avoid wrong sky]]
[2020.08.01-18.54.55:509][  0]LogConfig: Setting CVar [[r.SkyAtmosphere.AerialPerspectiveLUT.SampleCountPerSlice:1]]
[2020.08.01-18.54.55:509][  0]LogConfig: Setting CVar [[r.SkyAtmosphere.AerialPerspectiveLUT.DepthResolution:16.0]]
[2020.08.01-18.54.55:512][  0]LogConfig: Setting CVar [[r.SkyAtmosphere.FastSkyLUT:1]]
[2020.08.01-18.54.55:513][  0]LogConfig: Setting CVar [[r.SkyAtmosphere.FastSkyLUT.SampleCountMin:4.0]]
[2020.08.01-18.54.55:513][  0]LogConfig: Setting CVar [[r.SkyAtmosphere.FastSkyLUT.SampleCountMax:32.0]]
[2020.08.01-18.54.55:514][  0]LogConfig: Setting CVar [[r.SkyAtmosphere.SampleCountMin:4.0]]
[2020.08.01-18.54.55:517][  0]LogConfig: Setting CVar [[r.SkyAtmosphere.SampleCountMax:32.0]]
[2020.08.01-18.54.55:520][  0]LogConfig: Setting CVar [[r.SkyAtmosphere.TransmittanceLUT.UseSmallFormat:0]]
[2020.08.01-18.54.55:520][  0]LogConfig: Setting CVar [[r.SkyAtmosphere.TransmittanceLUT.SampleCount:10.0]]
[2020.08.01-18.54.55:523][  0]LogConfig: Setting CVar [[r.SkyAtmosphere.MultiScatteringLUT.SampleCount:15.0]]
[2020.08.01-18.54.55:524][  0]LogConfig: Applying CVar settings from Section [FoliageQuality@3] File [C:/Users/harsh.DESKTOP-UNEK68K/Desktop/Multiplayer/PuzzlePlatforms/Saved/Config/Windows/Scalability.ini]
[2020.08.01-18.54.55:524][  0]LogConfig: Setting CVar [[foliage.DensityScale:1.0]]
[2020.08.01-18.54.55:525][  0]LogConfig: Setting CVar [[grass.DensityScale:1.0]]
[2020.08.01-18.54.55:525][  0]LogConfig: Applying CVar settings from Section [ShadingQuality@3] File [C:/Users/harsh.DESKTOP-UNEK68K/Desktop/Multiplayer/PuzzlePlatforms/Saved/Config/Windows/Scalability.ini]
[2020.08.01-18.54.55:526][  0]LogConfig: Setting CVar [[r.HairStrands.SkyLighting.SampleCount:16]]
[2020.08.01-18.54.55:527][  0]LogConfig: Setting CVar [[r.HairStrands.SkyLighting.JitterIntegration:0]]
[2020.08.01-18.54.55:527][  0]LogConfig: Setting CVar [[r.HairStrands.SkyAO.SampleCount:16]]
[2020.08.01-18.54.55:529][  0]LogInit: Selected Device Profile: [Windows]
[2020.08.01-18.54.55:533][  0]LogInit: Applying CVar settings loaded from the selected device profile: [Windows]
[2020.08.01-18.54.55:538][  0]LogHAL: Display: Platform has ~ 8 GB [8449904640 / 8589934592 / 8], which maps to Default [LargestMinGB=32, LargerMinGB=12, DefaultMinGB=8, SmallerMinGB=6, SmallestMinGB=0)
[2020.08.01-18.54.55:539][  0]LogInit: Going up to parent DeviceProfile []
[2020.08.01-18.54.55:539][  0]LogConfig: Applying CVar settings from Section [ViewDistanceQuality@3] File [C:/Users/harsh.DESKTOP-UNEK68K/Desktop/Multiplayer/PuzzlePlatforms/Saved/Config/Windows/Scalability.ini]
[2020.08.01-18.54.55:539][  0]LogConfig: Setting CVar [[r.SkeletalMeshLODBias:0]]
[2020.08.01-18.54.55:540][  0]LogConfig: Setting CVar [[r.ViewDistanceScale:1.0]]
[2020.08.01-18.54.55:541][  0]LogConfig: Applying CVar settings from Section [AntiAliasingQuality@3] File [C:/Users/harsh.DESKTOP-UNEK68K/Desktop/Multiplayer/PuzzlePlatforms/Saved/Config/Windows/Scalability.ini]
[2020.08.01-18.54.55:543][  0]LogConfig: Setting CVar [[r.PostProcessAAQuality:4]]
[2020.08.01-18.54.55:546][  0]LogConfig: Applying CVar settings from Section [ShadowQuality@3] File [C:/Users/harsh.DESKTOP-UNEK68K/Desktop/Multiplayer/PuzzlePlatforms/Saved/Config/Windows/Scalability.ini]
[2020.08.01-18.54.55:547][  0]LogConfig: Setting CVar [[r.LightFunctionQuality:1]]
[2020.08.01-18.54.55:547][  0]LogConfig: Setting CVar [[r.ShadowQuality:5]]
[2020.08.01-18.54.55:551][  0]LogConfig: Setting CVar [[r.Shadow.CSM.MaxCascades:10]]
[2020.08.01-18.54.55:553][  0]LogConfig: Setting CVar [[r.Shadow.MaxResolution:2048]]
[2020.08.01-18.54.55:554][  0]LogConfig: Setting CVar [[r.Shadow.MaxCSMResolution:2048]]
[2020.08.01-18.54.55:557][  0]LogConfig: Setting CVar [[r.Shadow.RadiusThreshold:0.01]]
[2020.08.01-18.54.55:558][  0]LogConfig: Setting CVar [[r.Shadow.DistanceScale:1.0]]
[2020.08.01-18.54.55:558][  0]LogConfig: Setting CVar [[r.Shadow.CSM.TransitionScale:1.0]]
[2020.08.01-18.54.55:559][  0]LogConfig: Setting CVar [[r.Shadow.PreShadowResolutionFactor:1.0]]
[2020.08.01-18.54.55:560][  0]LogConfig: Setting CVar [[r.DistanceFieldShadowing:1]]
[2020.08.01-18.54.55:560][  0]LogConfig: Setting CVar [[r.DistanceFieldAO:1]]
[2020.08.01-18.54.55:561][  0]LogConfig: Setting CVar [[r.AOQuality:2]]
[2020.08.01-18.54.55:562][  0]LogConfig: Setting CVar [[r.VolumetricFog:1]]
[2020.08.01-18.54.55:565][  0]LogConfig: Setting CVar [[r.VolumetricFog.GridPixelSize:8]]
[2020.08.01-18.54.55:567][  0]LogConfig: Setting CVar [[r.VolumetricFog.GridSizeZ:128]]
[2020.08.01-18.54.55:569][  0]LogConfig: Setting CVar [[r.VolumetricFog.HistoryMissSupersampleCount:4]]
[2020.08.01-18.54.55:569][  0]LogConfig: Setting CVar [[r.LightMaxDrawDistanceScale:1]]
[2020.08.01-18.54.55:570][  0]LogConfig: Setting CVar [[r.CapsuleShadows:1]]
[2020.08.01-18.54.55:570][  0]LogConfig: Applying CVar settings from Section [PostProcessQuality@3] File [C:/Users/harsh.DESKTOP-UNEK68K/Desktop/Multiplayer/PuzzlePlatforms/Saved/Config/Windows/Scalability.ini]
[2020.08.01-18.54.55:571][  0]LogConfig: Setting CVar [[r.MotionBlurQuality:4]]
[2020.08.01-18.54.55:572][  0]LogConfig: Setting CVar [[r.AmbientOcclusionMipLevelFactor:0.4]]
[2020.08.01-18.54.55:572][  0]LogConfig: Setting CVar [[r.AmbientOcclusionMaxQuality:100]]
[2020.08.01-18.54.55:573][  0]LogConfig: Setting CVar [[r.AmbientOcclusionLevels:-1]]
[2020.08.01-18.54.55:575][  0]LogConfig: Setting CVar [[r.AmbientOcclusionRadiusScale:1.0]]
[2020.08.01-18.54.55:578][  0]LogConfig: Setting CVar [[r.DepthOfFieldQuality:2]]
[2020.08.01-18.54.55:579][  0]LogConfig: Setting CVar [[r.RenderTargetPoolMin:400]]
[2020.08.01-18.54.55:579][  0]LogConfig: Setting CVar [[r.LensFlareQuality:2]]
[2020.08.01-18.54.55:580][  0]LogConfig: Setting CVar [[r.SceneColorFringeQuality:1]]
[2020.08.01-18.54.55:581][  0]LogConfig: Setting CVar [[r.EyeAdaptationQuality:2]]
[2020.08.01-18.54.55:583][  0]LogConfig: Setting CVar [[r.BloomQuality:5]]
[2020.08.01-18.54.55:584][  0]LogConfig: Setting CVar [[r.FastBlurThreshold:100]]
[2020.08.01-18.54.55:587][  0]LogConfig: Setting CVar [[r.Upscale.Quality:3]]
[2020.08.01-18.54.55:587][  0]LogConfig: Setting CVar [[r.Tonemapper.GrainQuantization:1]]
[2020.08.01-18.54.55:590][  0]LogConfig: Setting CVar [[r.LightShaftQuality:1]]
[2020.08.01-18.54.55:591][  0]LogConfig: Setting CVar [[r.Filter.SizeScale:1]]
[2020.08.01-18.54.55:592][  0]LogConfig: Setting CVar [[r.Tonemapper.Quality:5]]
[2020.08.01-18.54.55:592][  0]LogConfig: Setting CVar [[r.DOF.Gather.AccumulatorQuality:1        ; higher gathering accumulator quality]]
[2020.08.01-18.54.55:593][  0]LogConfig: Setting CVar [[r.DOF.Gather.PostfilterMethod:1          ; Median3x3 postfilering method]]
[2020.08.01-18.54.55:593][  0]LogConfig: Setting CVar [[r.DOF.Gather.EnableBokehSettings:0       ; no bokeh simulation when gathering]]
[2020.08.01-18.54.55:594][  0]LogConfig: Setting CVar [[r.DOF.Gather.RingCount:4                 ; medium number of samples when gathering]]
[2020.08.01-18.54.55:595][  0]LogConfig: Setting CVar [[r.DOF.Scatter.ForegroundCompositing:1    ; additive foreground scattering]]
[2020.08.01-18.54.55:597][  0]LogConfig: Setting CVar [[r.DOF.Scatter.BackgroundCompositing:2    ; additive background scattering]]
[2020.08.01-18.54.55:602][  0]LogConfig: Setting CVar [[r.DOF.Scatter.EnableBokehSettings:1      ; bokeh simulation when scattering]]
[2020.08.01-18.54.55:602][  0]LogConfig: Setting CVar [[r.DOF.Scatter.MaxSpriteRatio:0.1         ; only a maximum of 10% of scattered bokeh]]
[2020.08.01-18.54.55:603][  0]LogConfig: Setting CVar [[r.DOF.Recombine.Quality:1                ; cheap slight out of focus]]
[2020.08.01-18.54.55:604][  0]LogConfig: Setting CVar [[r.DOF.Recombine.EnableBokehSettings:0    ; no bokeh simulation on slight out of focus]]
[2020.08.01-18.54.55:604][  0]LogConfig: Setting CVar [[r.DOF.TemporalAAQuality:1                ; more stable temporal accumulation]]
[2020.08.01-18.54.55:605][  0]LogConfig: Setting CVar [[r.DOF.Kernel.MaxForegroundRadius:0.025]]
[2020.08.01-18.54.55:605][  0]LogConfig: Setting CVar [[r.DOF.Kernel.MaxBackgroundRadius:0.025]]
[2020.08.01-18.54.55:606][  0]LogConfig: Applying CVar settings from Section [TextureQuality@3] File [C:/Users/harsh.DESKTOP-UNEK68K/Desktop/Multiplayer/PuzzlePlatforms/Saved/Config/Windows/Scalability.ini]
[2020.08.01-18.54.55:608][  0]LogConfig: Setting CVar [[r.Streaming.MipBias:0]]
[2020.08.01-18.54.55:612][  0]LogConfig: Setting CVar [[r.Streaming.AmortizeCPUToGPUCopy:0]]
[2020.08.01-18.54.55:612][  0]LogConfig: Setting CVar [[r.Streaming.MaxNumTexturesToStreamPerFrame:0]]
[2020.08.01-18.54.55:613][  0]LogConfig: Setting CVar [[r.Streaming.Boost:1]]
[2020.08.01-18.54.55:613][  0]LogConfig: Setting CVar [[r.MaxAnisotropy:8]]
[2020.08.01-18.54.55:614][  0]LogConfig: Setting CVar [[r.VT.MaxAnisotropy:8]]
[2020.08.01-18.54.55:615][  0]LogConfig: Setting CVar [[r.Streaming.LimitPoolSizeToVRAM:0]]
[2020.08.01-18.54.55:616][  0]LogConfig: Setting CVar [[r.Streaming.PoolSize:1000]]
[2020.08.01-18.54.55:619][  0]LogConfig: Setting CVar [[r.Streaming.MaxEffectiveScreenSize:0]]
[2020.08.01-18.54.55:620][  0]LogConfig: Applying CVar settings from Section [EffectsQuality@3] File [C:/Users/harsh.DESKTOP-UNEK68K/Desktop/Multiplayer/PuzzlePlatforms/Saved/Config/Windows/Scalability.ini]
[2020.08.01-18.54.55:623][  0]LogConfig: Setting CVar [[r.TranslucencyLightingVolumeDim:64]]
[2020.08.01-18.54.55:624][  0]LogConfig: Setting CVar [[r.RefractionQuality:2]]
[2020.08.01-18.54.55:624][  0]LogConfig: Setting CVar [[r.SSR.Quality:3]]
[2020.08.01-18.54.55:625][  0]LogConfig: Setting CVar [[r.SSR.HalfResSceneColor:0]]
[2020.08.01-18.54.55:625][  0]LogConfig: Setting CVar [[r.SceneColorFormat:4]]
[2020.08.01-18.54.55:626][  0]LogConfig: Setting CVar [[r.DetailMode:2]]
[2020.08.01-18.54.55:627][  0]LogConfig: Setting CVar [[r.TranslucencyVolumeBlur:1]]
[2020.08.01-18.54.55:627][  0]LogConfig: Setting CVar [[r.MaterialQualityLevel:1 ; High quality]]
[2020.08.01-18.54.55:628][  0]LogConfig: Setting CVar [[r.SSS.Scale:1]]
[2020.08.01-18.54.55:633][  0]LogConfig: Setting CVar [[r.SSS.SampleSet:2]]
[2020.08.01-18.54.55:634][  0]LogConfig: Setting CVar [[r.SSS.Quality:1]]
[2020.08.01-18.54.55:635][  0]LogConfig: Setting CVar [[r.SSS.HalfRes:1]]
[2020.08.01-18.54.55:636][  0]LogConfig: Setting CVar [[r.SSGI.Quality:3]]
[2020.08.01-18.54.55:636][  0]LogConfig: Setting CVar [[r.EmitterSpawnRateScale:1.0]]
[2020.08.01-18.54.55:637][  0]LogConfig: Setting CVar [[r.ParticleLightQuality:2]]
[2020.08.01-18.54.55:638][  0]LogConfig: Setting CVar [[r.SkyAtmosphere.AerialPerspectiveLUT.FastApplyOnOpaque:1 ; Always have FastSkyLUT 1 in this case to avoid wrong sky]]
[2020.08.01-18.54.55:638][  0]LogConfig: Setting CVar [[r.SkyAtmosphere.AerialPerspectiveLUT.SampleCountPerSlice:1]]
[2020.08.01-18.54.55:639][  0]LogConfig: Setting CVar [[r.SkyAtmosphere.AerialPerspectiveLUT.DepthResolution:16.0]]
[2020.08.01-18.54.55:641][  0]LogConfig: Setting CVar [[r.SkyAtmosphere.FastSkyLUT:1]]
[2020.08.01-18.54.55:644][  0]LogConfig: Setting CVar [[r.SkyAtmosphere.FastSkyLUT.SampleCountMin:4.0]]
[2020.08.01-18.54.55:644][  0]LogConfig: Setting CVar [[r.SkyAtmosphere.FastSkyLUT.SampleCountMax:32.0]]
[2020.08.01-18.54.55:645][  0]LogConfig: Setting CVar [[r.SkyAtmosphere.SampleCountMin:4.0]]
[2020.08.01-18.54.55:646][  0]LogConfig: Setting CVar [[r.SkyAtmosphere.SampleCountMax:32.0]]
[2020.08.01-18.54.55:646][  0]LogConfig: Setting CVar [[r.SkyAtmosphere.TransmittanceLUT.UseSmallFormat:0]]
[2020.08.01-18.54.55:648][  0]LogConfig: Setting CVar [[r.SkyAtmosphere.TransmittanceLUT.SampleCount:10.0]]
[2020.08.01-18.54.55:650][  0]LogConfig: Setting CVar [[r.SkyAtmosphere.MultiScatteringLUT.SampleCount:15.0]]
[2020.08.01-18.54.55:650][  0]LogConfig: Applying CVar settings from Section [FoliageQuality@3] File [C:/Users/harsh.DESKTOP-UNEK68K/Desktop/Multiplayer/PuzzlePlatforms/Saved/Config/Windows/Scalability.ini]
[2020.08.01-18.54.55:651][  0]LogConfig: Setting CVar [[foliage.DensityScale:1.0]]
[2020.08.01-18.54.55:655][  0]LogConfig: Setting CVar [[grass.DensityScale:1.0]]
[2020.08.01-18.54.55:655][  0]LogConfig: Applying CVar settings from Section [ShadingQuality@3] File [C:/Users/harsh.DESKTOP-UNEK68K/Desktop/Multiplayer/PuzzlePlatforms/Saved/Config/Windows/Scalability.ini]
[2020.08.01-18.54.55:655][  0]LogConfig: Setting CVar [[r.HairStrands.SkyLighting.SampleCount:16]]
[2020.08.01-18.54.55:656][  0]LogConfig: Setting CVar [[r.HairStrands.SkyLighting.JitterIntegration:0]]
[2020.08.01-18.54.55:657][  0]LogConfig: Setting CVar [[r.HairStrands.SkyAO.SampleCount:16]]
[2020.08.01-18.54.55:657][  0]LogConfig: Applying CVar settings from Section [Startup] File [../../../Engine/Config/ConsoleVariables.ini]
[2020.08.01-18.54.55:658][  0]LogConfig: Setting CVar [[net.UseAdaptiveNetUpdateFrequency:0]]
[2020.08.01-18.54.55:658][  0]LogConfig: Setting CVar [[p.chaos.AllowCreatePhysxBodies:1]]
[2020.08.01-18.54.55:659][  0]LogConfig: Applying CVar settings from Section [ConsoleVariables] File [C:/Users/harsh.DESKTOP-UNEK68K/Desktop/Multiplayer/PuzzlePlatforms/Saved/Config/Windows/Engine.ini]
[2020.08.01-18.54.55:662][  0]LogInit: Computer: DESKTOP-UNEK68K
[2020.08.01-18.54.55:666][  0]LogInit: User: harsh
[2020.08.01-18.54.55:667][  0]LogInit: CPU Page size=4096, Cores=4
[2020.08.01-18.54.55:668][  0]LogInit: High frequency timer resolution =10.000000 MHz
[2020.08.01-18.54.55:668][  0]LogMemory: Memory total: Physical=7.9GB (8GB approx)
[2020.08.01-18.54.55:669][  0]LogMemory: Platform Memory Stats for Windows
[2020.08.01-18.54.55:669][  0]LogMemory: Process Physical Memory: 105.55 MB used, 105.55 MB peak
[2020.08.01-18.54.55:670][  0]LogMemory: Process Virtual Memory: 100.30 MB used, 100.30 MB peak
[2020.08.01-18.54.55:673][  0]LogMemory: Physical Memory: 4627.62 MB used,  3430.84 MB free, 8058.46 MB total
[2020.08.01-18.54.55:673][  0]LogMemory: Virtual Memory: 5122.20 MB used,  134212608.00 MB free, 134217728.00 MB total
[2020.08.01-18.54.55:683][  0]LogWindows: WindowsPlatformFeatures enabled
[2020.08.01-18.54.55:705][  0]LogInit: Using OS detected language (en-US).
[2020.08.01-18.54.55:706][  0]LogInit: Using OS detected locale (en-US).
[2020.08.01-18.54.55:708][  0]LogTextLocalizationManager: No specific localization for 'en-US' exists, so the 'en' localization will be used.
[2020.08.01-18.54.55:941][  0]LogSlate: New Slate User Created.  User Index 0, Is Virtual User: 0
[2020.08.01-18.54.55:941][  0]LogSlate: Slate User Registered.  User Index 0, Is Virtual User: 0
[2020.08.01-18.54.55:994][  0]LogHMD: Failed to initialize OpenVR with code 110
[2020.08.01-18.54.55:994][  0]LogD3D11RHI: D3D11 min allowed feature level: 11_0
[2020.08.01-18.54.56:000][  0]LogD3D11RHI: D3D11 max allowed feature level: 11_0
[2020.08.01-18.54.56:002][  0]LogD3D11RHI: D3D11 adapters:
[2020.08.01-18.54.56:902][  0]LogD3D11RHI:    0. 'NVIDIA GeForce GTX 1050' (Feature Level 11_0)
[2020.08.01-18.54.56:903][  0]LogD3D11RHI:       4019/0/4029 MB DedicatedVideo/DedicatedSystem/SharedSystem, Outputs:1, VendorId:0x10de
[2020.08.01-18.54.56:926][  0]LogD3D11RHI:    1. 'Intel(R) HD Graphics 630' (Feature Level 11_0)
[2020.08.01-18.54.56:926][  0]LogD3D11RHI:       128/0/4029 MB DedicatedVideo/DedicatedSystem/SharedSystem, Outputs:0, VendorId:0x8086
[2020.08.01-18.54.56:931][  0]LogD3D11RHI:    2. 'Microsoft Basic Render Driver' (Feature Level 11_0)
[2020.08.01-18.54.56:931][  0]LogD3D11RHI:       0/0/4029 MB DedicatedVideo/DedicatedSystem/SharedSystem, Outputs:0, VendorId:0x1414
[2020.08.01-18.54.56:933][  0]LogD3D11RHI: Chosen D3D11 Adapter: 0
[2020.08.01-18.54.56:977][  0]LogD3D11RHI: Creating new Direct3DDevice
[2020.08.01-18.54.56:978][  0]LogD3D11RHI:     GPU DeviceId: 0x1c8d (for the marketing name, search the web for "GPU Device Id")
[2020.08.01-18.54.56:983][  0]LogWindows: EnumDisplayDevices:
[2020.08.01-18.54.56:984][  0]LogWindows:    0. 'Intel(R) HD Graphics 630' (P:1 D:1)
[2020.08.01-18.54.56:985][  0]LogWindows:    1. 'Intel(R) HD Graphics 630' (P:0 D:0)
[2020.08.01-18.54.56:985][  0]LogWindows:    2. 'Intel(R) HD Graphics 630' (P:0 D:0)
[2020.08.01-18.54.56:986][  0]LogWindows:    3. 'NVIDIA GeForce GTX 1050' (P:0 D:0)
[2020.08.01-18.54.56:986][  0]LogWindows: DebugString: PrimaryIsNotTheChoosenAdapter PrimaryIsNotTheChoosenAdapter PrimaryIsNotTheChoosenAdapter 
[2020.08.01-18.54.56:988][  0]LogD3D11RHI:     Adapter Name: NVIDIA GeForce GTX 1050
[2020.08.01-18.54.56:989][  0]LogD3D11RHI:   Driver Version: 417.35 (internal:25.21.14.1735, unified:417.35)
[2020.08.01-18.54.56:993][  0]LogD3D11RHI:      Driver Date: 12-11-2018
[2020.08.01-18.54.56:993][  0]LogRHI: Texture pool is 2813 MB (70% of 4019 MB)
[2020.08.01-18.54.57:075][  0]LogD3D11RHI: RHI has support for 64 bit atomics
[2020.08.01-18.54.57:075][  0]LogD3D11RHI: Async texture creation enabled
[2020.08.01-18.54.57:115][  0]LogD3D11RHI: GPU Timing Frequency: 1000.000000 (Debug: 2 2)
[2020.08.01-18.54.57:661][  0]LogTargetPlatformManager: Display: Loaded TargetPlatform 'WindowsNoEditor'
[2020.08.01-18.54.57:665][  0]LogTargetPlatformManager: Display: Loaded TargetPlatform 'Windows'
[2020.08.01-18.54.57:679][  0]LogTargetPlatformManager: Display: Loaded TargetPlatform 'WindowsClient'
[2020.08.01-18.54.57:701][  0]LogTargetPlatformManager: Display: Loaded TargetPlatform 'WindowsServer'
[2020.08.01-18.54.57:702][  0]LogTargetPlatformManager: Display: Building Assets For Windows
[2020.08.01-18.54.57:712][  0]LogAudioDebug: Display: Lib vorbis DLL was dynamically loaded.
[2020.08.01-18.54.57:772][  0]LogShaderCompilers: Guid format shader working directory is -20 characters bigger than the processId version (../../../../../../Users/harsh.DESKTOP-UNEK68K/Desktop/Multiplayer/PuzzlePlatforms/Intermediate/Shaders/WorkingDirectory/20056/).
[2020.08.01-18.54.57:773][  0]LogShaderCompilers: Cleaned the shader compiler working directory 'C:/Users/harsh.DESKTOP-UNEK68K/AppData/Local/Temp/UnrealShaderWorkingDir/B16D4F0344F6691CDE44B5AE1B0F3CE9/'.
[2020.08.01-18.54.57:775][  0]LogXGEController: Cannot use XGE Controller as Incredibuild is not installed on this machine.
[2020.08.01-18.54.57:776][  0]LogShaderCompilers: Cannot use XGE Shader Compiler as Incredibuild is not installed on this machine.
[2020.08.01-18.54.57:780][  0]LogShaderCompilers: Display: Using Local Shader Compiler.
[2020.08.01-18.54.58:727][  0]LogDerivedDataCache: Display: Max Cache Size: 512 MB
[2020.08.01-18.54.58:813][  0]LogDerivedDataCache: Loaded boot cache 0.09s 81MB C:/Users/harsh.DESKTOP-UNEK68K/AppData/Local/UnrealEngine/4.24/DerivedDataCache/Boot.ddc.
[2020.08.01-18.54.58:813][  0]LogDerivedDataCache: Display: Loaded Boot cache: C:/Users/harsh.DESKTOP-UNEK68K/AppData/Local/UnrealEngine/4.24/DerivedDataCache/Boot.ddc
[2020.08.01-18.54.58:816][  0]LogDerivedDataCache: FDerivedDataBackendGraph:  Pak pak cache file ../../../../../../Users/harsh.DESKTOP-UNEK68K/Desktop/Multiplayer/PuzzlePlatforms/DerivedDataCache/DDC.ddp not found, will not use a pak cache.
[2020.08.01-18.54.58:819][  0]LogDerivedDataCache: Unable to find inner node Pak for hierarchical cache Hierarchy.
[2020.08.01-18.54.58:819][  0]LogDerivedDataCache: FDerivedDataBackendGraph:  CompressedPak pak cache file ../../../../../../Users/harsh.DESKTOP-UNEK68K/Desktop/Multiplayer/PuzzlePlatforms/DerivedDataCache/Compressed.ddp not found, will not use a pak cache.
[2020.08.01-18.54.58:820][  0]LogDerivedDataCache: Unable to find inner node CompressedPak for hierarchical cache Hierarchy.
[2020.08.01-18.54.58:838][  0]LogDerivedDataCache: Display: Pak cache opened for reading ../../../Engine/DerivedDataCache/Compressed.ddp.
[2020.08.01-18.54.58:838][  0]LogDerivedDataCache: FDerivedDataBackendGraph:  EnterprisePak pak cache file ../../../Enterprise/DerivedDataCache/Compressed.ddp not found, will not use a pak cache.
[2020.08.01-18.54.58:840][  0]LogDerivedDataCache: Unable to find inner node EnterprisePak for hierarchical cache Hierarchy.
[2020.08.01-18.54.58:845][  0]LogDerivedDataCache: Using Local data cache path C:/Users/harsh.DESKTOP-UNEK68K/AppData/Local/UnrealEngine/Common/DerivedDataCache: Writable
[2020.08.01-18.54.58:845][  0]LogDerivedDataCache: Shared data cache path not found in *engine.ini, will not use an Shared cache.
[2020.08.01-18.54.58:847][  0]LogDerivedDataCache: Unable to find inner node Shared for hierarchical cache Hierarchy.
[2020.08.01-18.54.58:888][  0]LogMaterial: Verifying Global Shaders for PCD3D_SM5
[2020.08.01-18.54.58:892][  0]LogSlate: Using FreeType 2.10.0
[2020.08.01-18.54.58:894][  0]LogSlate: SlateFontServices - WITH_FREETYPE: 1, WITH_HARFBUZZ: 1
[2020.08.01-18.54.59:070][  0]LogInit: Using OS detected language (en-US).
[2020.08.01-18.54.59:070][  0]LogInit: Using OS detected locale (en-US).
[2020.08.01-18.54.59:073][  0]LogTextLocalizationManager: No localization for 'en-US' exists, so 'en' will be used for the language.
[2020.08.01-18.54.59:077][  0]LogTextLocalizationManager: No localization for 'en-US' exists, so 'en' will be used for the locale.
[2020.08.01-18.54.59:077][  0]LogSlate: FontCache flush requested. Reason: Culture for localization was changed
[2020.08.01-18.54.59:078][  0]LogSlate: FontCache flush requested. Reason: Culture for localization was changed
[2020.08.01-18.54.59:081][  0]LogTextLocalizationManager: Compacting localization data took   0.00ms
[2020.08.01-18.54.59:086][  0]LogAssetRegistry: FAssetRegistry took 0.0021 seconds to start up
[2020.08.01-18.54.59:358][  0]LogPackageLocalizationCache: Processed 10 localized package path(s) for 1 prioritized culture(s) in 0.012238 seconds
[2020.08.01-18.54.59:422][  0]LogInit: Selected Device Profile: [Windows]
[2020.08.01-18.54.59:562][  0]LogMeshReduction: Using QuadricMeshReduction for automatic static mesh reduction
[2020.08.01-18.54.59:563][  0]LogMeshReduction: Using SimplygonMeshReduction for automatic skeletal mesh reduction
[2020.08.01-18.54.59:565][  0]LogMeshReduction: Using ProxyLODMeshReduction for automatic mesh merging
[2020.08.01-18.54.59:569][  0]LogMeshReduction: No distributed automatic mesh merging module available
[2020.08.01-18.54.59:569][  0]LogMeshMerging: No distributed automatic mesh merging module available
[2020.08.01-18.54.59:583][  0]LogNetVersion: PuzzlePlatforms 1.0.0, NetCL: 10570792, EngineNetVer: 13, GameNetVer: 0 (Checksum: 2226377169)
[2020.08.01-18.55.00:236][  0]LogMoviePlayer: Initializing movie player
[2020.08.01-18.55.00:554][  0]SourceControl: Source control is disabled
[2020.08.01-18.55.00:555][  0]SourceControl: Source control is disabled
[2020.08.01-18.55.00:557][  0]SourceControl: Source control is disabled
[2020.08.01-18.55.00:600][  0]LogAndroidPermission: UAndroidPermissionCallbackProxy::GetInstance
[2020.08.01-18.55.00:609][  0]LogAudioCaptureCore: Display: No Audio Capture implementations found. Audio input will be silent.
[2020.08.01-18.55.00:609][  0]LogAudioCaptureCore: Display: No Audio Capture implementations found. Audio input will be silent.
[2020.08.01-18.55.00:693][  0]LogOcInput: OculusInput pre-init called
[2020.08.01-18.55.00:707][  0]LogUObjectArray: 53662 objects as part of root set at end of initial load.
[2020.08.01-18.55.00:708][  0]LogUObjectAllocator: 9727480 out of 0 bytes used by permanent object pool.
[2020.08.01-18.55.00:708][  0]LogUObjectArray: CloseDisregardForGC: 0/0 objects in disregard for GC pool
[2020.08.01-18.55.00:785][  0]LogEngine: Initializing Engine...
[2020.08.01-18.55.00:787][  0]LogHMD: Failed to initialize OpenVR with code 110
[2020.08.01-18.55.00:790][  0]LogStats: UGameplayTagsManager::InitializeManager -  0.000 s
[2020.08.01-18.55.01:069][  0]LogInit: Initializing FReadOnlyCVARCache
[2020.08.01-18.55.01:072][  0]LogAudioMixer: Display: Audio Mixer Platform Settings:
[2020.08.01-18.55.01:072][  0]LogAudioMixer: Display: 	Sample Rate:						  48000
[2020.08.01-18.55.01:075][  0]LogAudioMixer: Display: 	Callback Buffer Frame Size Requested: 1024
[2020.08.01-18.55.01:076][  0]LogAudioMixer: Display: 	Callback Buffer Frame Size To Use:	  1024
[2020.08.01-18.55.01:076][  0]LogAudioMixer: Display: 	Number of buffers to queue:			  2
[2020.08.01-18.55.01:077][  0]LogAudioMixer: Display: 	Max Channels (voices):				  32
[2020.08.01-18.55.01:078][  0]LogAudioMixer: Display: 	Number of Async Source Workers:		  0
[2020.08.01-18.55.01:078][  0]LogAudio: Display: AudioDevice MaxSources: 32
[2020.08.01-18.55.01:079][  0]LogAudio: Display: Using built-in audio occlusion.
[2020.08.01-18.55.01:082][  0]LogAudioMixer: Display: Initializing audio mixer.
[2020.08.01-18.55.01:114][  0]LogAudioMixer: Display: Audio Device Output Speaker Info:
[2020.08.01-18.55.01:114][  0]LogAudioMixer: Display: Name: Speakers / Headphones (Realtek Audio)
[2020.08.01-18.55.01:115][  0]LogAudioMixer: Display: Is Default: Yes
[2020.08.01-18.55.01:119][  0]LogAudioMixer: Display: Sample Rate: 48000
[2020.08.01-18.55.01:120][  0]LogAudioMixer: Display: Channel Count Used: 2
[2020.08.01-18.55.01:120][  0]LogAudioMixer: Display: Device Channel Count: 2
[2020.08.01-18.55.01:121][  0]LogAudioMixer: Display: Channel Order:
[2020.08.01-18.55.01:121][  0]LogAudioMixer: Display: 0: FrontLeft
[2020.08.01-18.55.01:122][  0]LogAudioMixer: Display: 1: FrontRight
[2020.08.01-18.55.01:265][  0]LogAudioMixer: Display: Using Audio Device Speakers / Headphones (Realtek Audio)
[2020.08.01-18.55.01:278][  0]LogInit: FAudioDevice initialized.
[2020.08.01-18.55.01:279][  0]LogNetVersion: Set ProjectVersion to 1.0.0.0. Version Checksum will be recalculated on next use.
[2020.08.01-18.55.01:393][  0]LogDerivedDataCache: Saved boot cache 0.11s 81MB C:/Users/harsh.DESKTOP-UNEK68K/AppData/Local/UnrealEngine/4.24/DerivedDataCache/Boot.ddc.
[2020.08.01-18.55.01:400][  0]LogInit: Texture streaming: Enabled
[2020.08.01-18.55.01:551][  0]LogSlate: Updating window title bar state: overlay mode, drag disabled, window buttons hidden, title bar hidden
[2020.08.01-18.55.01:554][  0]LogInit: Display: Game Engine Initialized.
[2020.08.01-18.55.01:569][  0]LogInit: Display: Starting Game.
[2020.08.01-18.55.01:570][  0]LogNet: Browse: 192.168.1.7//Game/ThirdPersonCPP/Maps/ThirdPersonExampleMap?Name=Player
[2020.08.01-18.55.01:573][  0]LogInit: WinSock: I am DESKTOP-UNEK68K (192.168.1.7:0)
[2020.08.01-18.55.01:574][  0]LogInit: WinSock: Socket queue. Rx: 32768 (config 32768) Tx: 32768 (config 32768)
[2020.08.01-18.55.01:577][  0]PacketHandlerLog: Loaded PacketHandler component: Engine.EngineHandlerComponentFactory (StatelessConnectHandlerComponent)
[2020.08.01-18.55.01:581][  0]LogNet: Game client on port 7777, rate 10000
[2020.08.01-18.55.01:615][  0]LogLoad: (Engine Initialization) Total time: 7.82 seconds
[2020.08.01-18.55.01:616][  0]LogLoad: (Engine Initialization) Total Blueprint compile time: 0.00 seconds
[2020.08.01-18.55.01:624][  0]LogHandshake: SendChallengeResponse. Timestamp: 148.868851, Cookie: 202202203229229016044179134077212172100061036159178003181024
[2020.08.01-18.55.01:628][  0]LogContentStreaming: Texture pool size now 1000 MB
[2020.08.01-18.55.01:637][  0]LogSlate: InvalidateAllWidgets triggered.  All widgets were invalidated
[2020.08.01-18.55.01:771][  1]LogNetVersion: PuzzlePlatforms 1.0.0.0, NetCL: 10570792, EngineNetVer: 13, GameNetVer: 0 (Checksum: 3101645828)
[2020.08.01-18.55.01:772][  1]LogNet: UPendingNetGame::SendInitialJoin: Sending hello. [UNetConnection] RemoteAddr: 192.168.1.7:7777, Name: IpConnection_0, Driver: PendingNetDriver IpNetDriver_0, IsServer: NO, PC: NULL, Owner: NULL, UniqueId: INVALID
[2020.08.01-18.55.01:837][  5]LogNet: Welcomed by server (Level: /Game/ThirdPersonCPP/Maps/ThirdPersonExampleMap, Game: /Script/PuzzlePlatforms.PuzzlePlatformsGameMode)
[2020.08.01-18.55.01:838][  5]LogLoad: LoadMap: 192.168.1.7//Game/ThirdPersonCPP/Maps/ThirdPersonExampleMap?Name=Player?game=/Script/PuzzlePlatforms.PuzzlePlatformsGameMode
[2020.08.01-18.55.01:840][  5]LogWorld: BeginTearingDown for /Temp/Untitled_0
[2020.08.01-18.55.01:844][  5]LogWorld: UWorld::CleanupWorld for Untitled, bSessionEnded=true, bCleanupResources=true
[2020.08.01-18.55.01:844][  5]LogSlate: InvalidateAllWidgets triggered.  All widgets were invalidated
[2020.08.01-18.55.01:872][  5]LogAudioMixer: Display: No commands were queued while flushing the source manager.
[2020.08.01-18.55.01:875][  5]LogUObjectHash: Compacting FUObjectHashTables data took   2.48ms
[2020.08.01-18.55.01:983][  5]LogWorld: Bringing World /Game/ThirdPersonCPP/Maps/ThirdPersonExampleMap.ThirdPersonExampleMap up for play (max tick rate 0) at 2020.08.01-19.55.01
[2020.08.01-18.55.01:985][  5]LogWorld: Bringing up level for play took: 0.011060
[2020.08.01-18.55.01:991][  5]LogLoad: Took 0.151915 seconds to LoadMap(/Game/ThirdPersonCPP/Maps/ThirdPersonExampleMap)
[2020.08.01-18.55.01:993][  6]LogRenderer: Reallocating scene render targets to support 1536x864 Format 10 NumSamples 1 (Frame:1).
[2020.08.01-18.55.02:181][ 11]LogOnlineSession: Warning: OSS: No game present to join for session (GameSession)
[2020.08.01-18.56.26:835][557]LogAudio: Display: Waited 35.383198 ms for audio thread.
[2020.08.01-18.56.26:837][557]LogAudio: Display: Waited 38.494198 ms for audio thread.
[2020.08.01-18.56.29:130][628]LogOnlineSession: Warning: OSS: No game present to join for session (GameSession)
[2020.08.01-19.02.36:511][586]LogOnlineSession: Warning: OSS: No game present to leave for session (GameSession)
[2020.08.01-19.02.37:810][625]LogWindowsDesktop: Alt-F4 pressed!
[2020.08.01-19.02.37:868][625]LogSlate: Window 'PuzzlePlatforms (64-bit Development PCD3D_SM5) ' being destroyed
[2020.08.01-19.02.37:873][625]LogWindowsTextInputMethodSystem: Display: IME system now deactivated.
[2020.08.01-19.02.37:897][625]LogSlate: Updating window title bar state: overlay mode, drag disabled, window buttons hidden, title bar hidden
[2020.08.01-19.02.37:906][625]LogEngine: All Windows Closed
[2020.08.01-19.02.37:907][625]LogWindows: FPlatformMisc::RequestExit(0)
[2020.08.01-19.02.37:916][625]LogCore: Engine exit requested (reason: Win RequestExit)
[2020.08.01-19.02.37:927][626]LogCore: Engine exit requested (reason: EngineExit() was called; note: exit was already requested)
[2020.08.01-19.02.37:935][626]LogAudioMixer: Display: No commands were queued while flushing the source manager.
[2020.08.01-19.02.37:954][626]LogInit: Display: PreExit Game.
[2020.08.01-19.02.37:986][626]LogWorld: BeginTearingDown for /Game/ThirdPersonCPP/Maps/ThirdPersonExampleMap
[2020.08.01-19.02.37:986][626]LogNet: World NetDriver shutdown IpNetDriver_0 [GameNetDriver]
[2020.08.01-19.02.37:988][626]LogNet: DestroyNamedNetDriver IpNetDriver_0 [GameNetDriver]
[2020.08.01-19.02.37:991][626]LogNet: UNetConnection::Close: [UNetConnection] RemoteAddr: 192.168.1.7:7777, Name: IpConnection_0, Driver: GameNetDriver IpNetDriver_0, IsServer: NO, PC: PlayerController_1, Owner: PlayerController_1, UniqueId: NULL:DESKTOP-UNEK68K-B5D3750F48740C8D72242CADCCC021DB, Channels: 10, Time: 2020.08.01-19.02.37
[2020.08.01-19.02.37:992][626]LogNet: UChannel::Close: Sending CloseBunch. ChIndex == 0. Name: [UChannel] ChIndex: 0, Closing: 0 [UNetConnection] RemoteAddr: 192.168.1.7:7777, Name: IpConnection_0, Driver: GameNetDriver IpNetDriver_0, IsServer: NO, PC: PlayerController_1, Owner: PlayerController_1, UniqueId: NULL:DESKTOP-UNEK68K-B5D3750F48740C8D72242CADCCC021DB
[2020.08.01-19.02.38:001][626]LogExit: GameNetDriver IpNetDriver_0 shut down
[2020.08.01-19.02.38:002][626]LogWorld: UWorld::CleanupWorld for ThirdPersonExampleMap, bSessionEnded=true, bCleanupResources=true
[2020.08.01-19.02.38:002][626]LogSlate: InvalidateAllWidgets triggered.  All widgets were invalidated
[2020.08.01-19.02.38:150][626]LogExit: Preparing to exit.
[2020.08.01-19.02.38:150][626]LogMoviePlayer: Shutting down movie player
[2020.08.01-19.02.38:169][626]LogSlate: Updating window title bar state: overlay mode, drag disabled, window buttons hidden, title bar hidden
[2020.08.01-19.02.38:171][626]LogDemo: Cleaned up 0 splitscreen connections with owner deletion
[2020.08.01-19.02.38:179][626]LogExit: Game engine shut down
[2020.08.01-19.02.38:258][626]LogExit: Object subsystem successfully closed.
[2020.08.01-19.02.38:279][626]LogShaderCompilers: Display: Shaders left to compile 0
[2020.08.01-19.02.38:308][626]LogModuleManager: Shutting down and abandoning module GameplayDebugger (432)
[2020.08.01-19.02.38:316][626]LogModuleManager: Shutting down and abandoning module Voice (430)
[2020.08.01-19.02.38:319][626]LogModuleManager: Shutting down and abandoning module SequenceRecorderSections (426)
[2020.08.01-19.02.38:323][626]LogModuleManager: Shutting down and abandoning module SequenceRecorder (424)
[2020.08.01-19.02.38:323][626]LogModuleManager: Shutting down and abandoning module AutomationController (422)
[2020.08.01-19.02.38:324][626]LogModuleManager: Shutting down and abandoning module AutomationWorker (420)
[2020.08.01-19.02.38:324][626]LogModuleManager: Shutting down and abandoning module OculusMR (418)
[2020.08.01-19.02.38:325][626]LogModuleManager: Shutting down and abandoning module WmfMediaFactory (416)
[2020.08.01-19.02.38:325][626]LogModuleManager: Shutting down and abandoning module WebMMediaFactory (414)
[2020.08.01-19.02.38:326][626]LogModuleManager: Shutting down and abandoning module WebMMedia (412)
[2020.08.01-19.02.38:327][626]LogModuleManager: Shutting down and abandoning module OpenExrWrapper (410)
[2020.08.01-19.02.38:329][626]LogModuleManager: Shutting down and abandoning module ImgMediaFactory (408)
[2020.08.01-19.02.38:330][626]LogModuleManager: Shutting down and abandoning module AvfMediaFactory (406)
[2020.08.01-19.02.38:337][626]LogModuleManager: Shutting down and abandoning module MagicLeapMediaCodecFactory (404)
[2020.08.01-19.02.38:339][626]LogModuleManager: Shutting down and abandoning module MagicLeapMediaFactory (402)
[2020.08.01-19.02.38:340][626]LogModuleManager: Shutting down and abandoning module CharacterAI (400)
[2020.08.01-19.02.38:343][626]LogModuleManager: Shutting down and abandoning module SessionServices (398)
[2020.08.01-19.02.38:343][626]LogModuleManager: Shutting down and abandoning module MovieSceneCapture (396)
[2020.08.01-19.02.38:344][626]LogModuleManager: Shutting down and abandoning module LiveCoding (394)
[2020.08.01-19.02.38:344][626]LogModuleManager: Shutting down and abandoning module LevelSequence (392)
[2020.08.01-19.02.38:345][626]LogModuleManager: Shutting down and abandoning module MovieSceneTracks (390)
[2020.08.01-19.02.38:345][626]LogModuleManager: Shutting down and abandoning module MovieScene (388)
[2020.08.01-19.02.38:346][626]LogModuleManager: Shutting down and abandoning module StreamingPauseRendering (386)
[2020.08.01-19.02.38:347][626]LogModuleManager: Shutting down and abandoning module PortalServices (384)
[2020.08.01-19.02.38:352][626]LogModuleManager: Shutting down and abandoning module PortalRpc (382)
[2020.08.01-19.02.38:353][626]LogModuleManager: Shutting down and abandoning module MessagingRpc (380)
[2020.08.01-19.02.38:356][626]LogModuleManager: Shutting down and abandoning module AudioMixerXAudio2 (378)
[2020.08.01-19.02.38:357][626]LogModuleManager: Shutting down and abandoning module ImageWriteQueue (376)
[2020.08.01-19.02.38:362][626]LogModuleManager: Shutting down and abandoning module ProfilerService (374)
[2020.08.01-19.02.38:598][626]LogModuleManager: Shutting down and abandoning module TaskGraph (372)
[2020.08.01-19.02.38:599][626]LogModuleManager: Shutting down and abandoning module ProceduralMeshComponent (370)
[2020.08.01-19.02.38:600][626]LogModuleManager: Shutting down and abandoning module OculusInput (368)
[2020.08.01-19.02.38:601][626]LogModuleManager: Shutting down and abandoning module MobilePatchingUtils (366)
[2020.08.01-19.02.38:604][626]LogModuleManager: Shutting down and abandoning module EditableMesh (364)
[2020.08.01-19.02.38:605][626]LogModuleManager: Shutting down and abandoning module CustomMeshComponent (362)
[2020.08.01-19.02.38:605][626]LogModuleManager: Shutting down and abandoning module CableComponent (360)
[2020.08.01-19.02.38:606][626]LogModuleManager: Shutting down and abandoning module AudioCapture (358)
[2020.08.01-19.02.38:607][626]LogModuleManager: Shutting down and abandoning module AudioCaptureRtAudio (357)
[2020.08.01-19.02.38:607][626]LogModuleManager: Shutting down and abandoning module AssetTags (354)
[2020.08.01-19.02.38:608][626]LogModuleManager: Shutting down and abandoning module ArchVisCharacter (352)
[2020.08.01-19.02.38:610][626]LogModuleManager: Shutting down and abandoning module AppleImageUtilsBlueprintSupport (350)
[2020.08.01-19.02.38:613][626]LogModuleManager: Shutting down and abandoning module AppleImageUtils (348)
[2020.08.01-19.02.38:613][626]LogModuleManager: Shutting down and abandoning module AndroidPermission (346)
[2020.08.01-19.02.38:615][626]LogModuleManager: Shutting down and abandoning module NUTUnrealEngine4 (344)
[2020.08.01-19.02.38:616][626]LogModuleManager: Shutting down and abandoning module NetcodeUnitTest (342)
[2020.08.01-19.02.38:616][626]LogModuleManager: Shutting down and abandoning module MediaCompositing (340)
[2020.08.01-19.02.38:616][626]LogModuleManager: Shutting down and abandoning module ImgMedia (338)
[2020.08.01-19.02.38:617][626]LogModuleManager: Shutting down and abandoning module MagicLeapHelperVulkan (336)
[2020.08.01-19.02.38:618][626]LogModuleManager: Shutting down and abandoning module MagicLeapHelperOpenGL (334)
[2020.08.01-19.02.38:619][626]LogModuleManager: Shutting down and abandoning module MagicLeapAudio (332)
[2020.08.01-19.02.38:620][626]LogModuleManager: Shutting down and abandoning module GeometryCacheTracks (330)
[2020.08.01-19.02.38:623][626]LogModuleManager: Shutting down and abandoning module GeometryCacheSequencer (329)
[2020.08.01-19.02.38:623][626]LogModuleManager: Shutting down and abandoning module GeometryCache (326)
[2020.08.01-19.02.38:624][626]LogModuleManager: Shutting down and abandoning module GeometryCacheEd (325)
[2020.08.01-19.02.38:625][626]LogModuleManager: Shutting down and abandoning module BackChannel (322)
[2020.08.01-19.02.38:625][626]LogModuleManager: Shutting down and abandoning module AutomationUtils (320)
[2020.08.01-19.02.38:626][626]LogModuleManager: Shutting down and abandoning module VisualStudioSourceCodeAccess (318)
[2020.08.01-19.02.38:626][626]LogModuleManager: Shutting down and abandoning module HotReload (317)
[2020.08.01-19.02.38:627][626]LogModuleManager: Shutting down and abandoning module DirectoryWatcher (316)
[2020.08.01-19.02.38:627][626]LogModuleManager: Shutting down and abandoning module VisualStudioCodeSourceCodeAccess (312)
[2020.08.01-19.02.38:628][626]LogModuleManager: Shutting down and abandoning module UObjectPlugin (310)
[2020.08.01-19.02.38:631][626]LogModuleManager: Shutting down and abandoning module SubversionSourceControl (308)
[2020.08.01-19.02.38:634][626]LogModuleManager: Shutting down and abandoning module PerforceSourceControl (306)
[2020.08.01-19.02.38:635][626]LogModuleManager: Shutting down and abandoning module SourceControl (305)
[2020.08.01-19.02.38:636][626]LogModuleManager: Shutting down and abandoning module CLionSourceCodeAccess (302)
[2020.08.01-19.02.38:636][626]LogModuleManager: Shutting down and abandoning module ActorLayerUtilities (300)
[2020.08.01-19.02.38:637][626]LogModuleManager: Shutting down and abandoning module PuzzlePlatforms (298)
[2020.08.01-19.02.38:637][626]LogModuleManager: Shutting down and abandoning module SignificanceManager (296)
[2020.08.01-19.02.38:638][626]LogModuleManager: Shutting down and abandoning module RuntimePhysXCooking (294)
[2020.08.01-19.02.38:639][626]LogModuleManager: Shutting down and abandoning module PhysXVehiclesEditor (292)
[2020.08.01-19.02.38:642][626]LogModuleManager: Shutting down and abandoning module LocationServicesBPLibrary (288)
[2020.08.01-19.02.38:642][626]LogModuleManager: Shutting down and abandoning module ActorSequence (286)
[2020.08.01-19.02.38:645][626]LogModuleManager: Shutting down and abandoning module UdpMessaging (284)
[2020.08.01-19.02.38:646][626]LogModuleManager: Shutting down and abandoning module TcpMessaging (282)
[2020.08.01-19.02.38:647][626]LogModuleManager: Shutting down and abandoning module MagicLeapPrivileges (280)
[2020.08.01-19.02.38:649][626]LogModuleManager: Shutting down and abandoning module MagicLeapPlanes (278)
[2020.08.01-19.02.38:649][626]LogMagicLeapPlanes: Planes tracker already destroyed.
[2020.08.01-19.02.38:650][626]LogModuleManager: Shutting down and abandoning module MagicLeapIdentity (276)
[2020.08.01-19.02.38:652][626]LogModuleManager: Shutting down and abandoning module MagicLeapSecureStorage (274)
[2020.08.01-19.02.38:655][626]LogModuleManager: Shutting down and abandoning module MagicLeapImageTracker (272)
[2020.08.01-19.02.38:656][626]LogModuleManager: Shutting down and abandoning module MagicLeapHandTracking (270)
[2020.08.01-19.02.38:656][626]LogModuleManager: Shutting down and abandoning module MagicLeapHandMeshing (268)
[2020.08.01-19.02.38:657][626]LogModuleManager: Shutting down and abandoning module MagicLeapEyeTracker (266)
[2020.08.01-19.02.38:657][626]LogModuleManager: Shutting down and abandoning module MagicLeapController (264)
[2020.08.01-19.02.38:658][626]LogSlate: Slate User Destroyed.  User Index 0, Is Virtual User: 0
[2020.08.01-19.02.38:659][626]LogModuleManager: Shutting down and abandoning module MagicLeapARPin (262)
[2020.08.01-19.02.38:659][626]LogModuleManager: Shutting down and abandoning module MagicLeapAR (260)
[2020.08.01-19.02.38:660][626]LogModuleManager: Shutting down and abandoning module AugmentedReality (259)
[2020.08.01-19.02.38:663][626]LogModuleManager: Shutting down and abandoning module GameplayTagsEditor (256)
[2020.08.01-19.02.38:667][626]LogModuleManager: Shutting down and abandoning module FacialAnimation (254)
[2020.08.01-19.02.38:668][626]LogModuleManager: Shutting down and abandoning module AssetManagerEditor (252)
[2020.08.01-19.02.38:669][626]LogModuleManager: Shutting down and abandoning module TreeMap (251)
[2020.08.01-19.02.38:669][626]LogModuleManager: Shutting down and abandoning module AnimationSharing (248)
[2020.08.01-19.02.38:669][626]LogModuleManager: Shutting down and abandoning module LightPropagationVolumeRuntime (246)
[2020.08.01-19.02.38:670][626]LogModuleManager: Shutting down and abandoning module Paper2D (244)
[2020.08.01-19.02.38:671][626]LogModuleManager: Shutting down and abandoning module WindowsMoviePlayer (242)
[2020.08.01-19.02.38:675][626]LogModuleManager: Shutting down and abandoning module WebMMoviePlayer (240)
[2020.08.01-19.02.38:676][626]LogModuleManager: Shutting down and abandoning module NetworkReplayStreaming (238)
[2020.08.01-19.02.38:677][626]LogModuleManager: Shutting down and abandoning module PacketHandler (236)
[2020.08.01-19.02.38:678][626]LogModuleManager: Shutting down and abandoning module ClothingSystemEditor (234)
[2020.08.01-19.02.38:678][626]LogModuleManager: Shutting down and abandoning module ClothingSystemRuntimeNv (232)
[2020.08.01-19.02.38:679][626]LogModuleManager: Shutting down and abandoning module MediaAssets (230)
[2020.08.01-19.02.38:679][626]LogModuleManager: Shutting down and abandoning module Overlay (228)
[2020.08.01-19.02.38:680][626]LogModuleManager: Shutting down and abandoning module OverlayEditor (227)
[2020.08.01-19.02.38:682][626]LogModuleManager: Shutting down and abandoning module VREditor (224)
[2020.08.01-19.02.38:685][626]LogModuleManager: Shutting down and abandoning module StringTableEditor (222)
[2020.08.01-19.02.38:688][626]LogModuleManager: Shutting down and abandoning module GameplayTasksEditor (220)
[2020.08.01-19.02.38:689][626]LogModuleManager: Shutting down and abandoning module BehaviorTreeEditor (218)
[2020.08.01-19.02.38:689][626]LogModuleManager: Shutting down and abandoning module FunctionalTesting (216)
[2020.08.01-19.02.38:690][626]LogModuleManager: Shutting down and abandoning module CollisionAnalyzer (214)
[2020.08.01-19.02.38:690][626]LogModuleManager: Shutting down and abandoning module WorkspaceMenuStructure (213)
[2020.08.01-19.02.38:691][626]LogModuleManager: Shutting down and abandoning module UMG (210)
[2020.08.01-19.02.38:692][626]LogModuleManager: Shutting down and abandoning module UMGEditor (209)
[2020.08.01-19.02.38:692][626]LogModuleManager: Shutting down and abandoning module Sequencer (208)
[2020.08.01-19.02.38:693][626]LogModuleManager: Shutting down and abandoning module MessageLog (205)
[2020.08.01-19.02.38:696][626]LogModuleManager: Shutting down and abandoning module SlateReflector (200)
[2020.08.01-19.02.38:697][626]LogModuleManager: Shutting down and abandoning module Slate (198)
[2020.08.01-19.02.38:701][626]LogModuleManager: Shutting down and abandoning module SlateCore (196)
[2020.08.01-19.02.38:702][626]LogModuleManager: Shutting down and abandoning module LandscapeEditorUtilities (194)
[2020.08.01-19.02.38:702][626]LogModuleManager: Shutting down and abandoning module EditorStyle (192)
[2020.08.01-19.02.38:704][626]LogModuleManager: Shutting down and abandoning module UnrealEd (190)
[2020.08.01-19.02.38:704][626]LogModuleManager: Shutting down and abandoning module MRMesh (188)
[2020.08.01-19.02.38:705][626]LogModuleManager: Shutting down and abandoning module Messaging (186)
[2020.08.01-19.02.38:707][626]LogModuleManager: Shutting down and abandoning module SourceCodeAccess (184)
[2020.08.01-19.02.38:708][626]LogModuleManager: Shutting down and abandoning module HeadMountedDisplay (182)
[2020.08.01-19.02.38:711][626]LogModuleManager: Shutting down and abandoning module XAudio2 (180)
[2020.08.01-19.02.38:712][626]LogModuleManager: Shutting down and abandoning module Networking (178)
[2020.08.01-19.02.38:712][626]LogModuleManager: Shutting down and abandoning module Core (176)
[2020.08.01-19.02.38:713][626]LogModuleManager: Shutting down and abandoning module MovieSceneTools (174)
[2020.08.01-19.02.38:714][626]LogModuleManager: Shutting down and abandoning module KismetCompiler (172)
[2020.08.01-19.02.38:715][626]LogModuleManager: Shutting down and abandoning module MeshUtilities (170)
[2020.08.01-19.02.38:716][626]LogModuleManager: Shutting down and abandoning module MeshMergeUtilities (169)
[2020.08.01-19.02.38:718][626]LogModuleManager: Shutting down and abandoning module MeshReductionInterface (168)
[2020.08.01-19.02.38:719][626]LogModuleManager: Shutting down and abandoning module MeshBoneReduction (167)
[2020.08.01-19.02.38:722][626]LogModuleManager: Shutting down and abandoning module SkeletalMeshReduction (165)
[2020.08.01-19.02.38:723][626]LogModuleManager: Shutting down and abandoning module ProxyLODMeshReduction (163)
[2020.08.01-19.02.38:723][626]LogModuleManager: Shutting down and abandoning module QuadricMeshReduction (161)
[2020.08.01-19.02.38:724][626]LogModuleManager: Shutting down and abandoning module MaterialBaking (157)
[2020.08.01-19.02.38:725][626]LogModuleManager: Shutting down and abandoning module NullInstallBundleManager (152)
[2020.08.01-19.02.38:725][626]LogModuleManager: Shutting down and abandoning module PIEPreviewDeviceProfileSelector (150)
[2020.08.01-19.02.38:726][626]LogModuleManager: Shutting down and abandoning module DerivedDataCache (148)
[2020.08.01-19.02.38:726][626]LogDerivedDataCache: Shutdown
[2020.08.01-19.02.38:727][626]LogModuleManager: Shutting down and abandoning module XGEController (146)
[2020.08.01-19.02.38:729][626]LogModuleManager: Shutting down and abandoning module TargetPlatform (144)
[2020.08.01-19.02.38:730][626]LogModuleManager: Shutting down and abandoning module VulkanShaderFormat (143)
[2020.08.01-19.02.38:734][626]LogModuleManager: Shutting down and abandoning module ShaderFormatVectorVM (141)
[2020.08.01-19.02.38:735][626]LogModuleManager: Shutting down and abandoning module ShaderFormatOpenGL (139)
[2020.08.01-19.02.38:735][626]LogModuleManager: Shutting down and abandoning module ShaderFormatD3D (137)
[2020.08.01-19.02.38:736][626]LogModuleManager: Shutting down and abandoning module MetalShaderFormat (135)
[2020.08.01-19.02.38:737][626]LogModuleManager: Shutting down and abandoning module TextureFormatUncompressed (133)
[2020.08.01-19.02.38:737][626]LogModuleManager: Shutting down and abandoning module TextureFormatPVR (131)
[2020.08.01-19.02.38:738][626]LogModuleManager: Shutting down and abandoning module TextureFormatDXT (129)
[2020.08.01-19.02.38:741][626]LogModuleManager: Shutting down and abandoning module TextureFormatIntelISPCTexComp (127)
[2020.08.01-19.02.38:744][626]LogModuleManager: Shutting down and abandoning module TextureFormatASTC (125)
[2020.08.01-19.02.38:745][626]LogModuleManager: Shutting down and abandoning module ImageWrapper (124)
[2020.08.01-19.02.38:745][626]LogModuleManager: Shutting down and abandoning module TextureFormatAndroid (121)
[2020.08.01-19.02.38:746][626]LogModuleManager: Shutting down and abandoning module AudioFormatOpus (119)
[2020.08.01-19.02.38:746][626]LogModuleManager: Shutting down and abandoning module AudioFormatOgg (117)
[2020.08.01-19.02.38:748][626]LogModuleManager: Shutting down and abandoning module AudioFormatADPCM (115)
[2020.08.01-19.02.38:748][626]LogModuleManager: Shutting down and abandoning module WindowsServerTargetPlatform (113)
[2020.08.01-19.02.38:750][626]LogModuleManager: Shutting down and abandoning module WindowsClientTargetPlatform (111)
[2020.08.01-19.02.38:757][626]LogModuleManager: Shutting down and abandoning module WindowsTargetPlatform (109)
[2020.08.01-19.02.38:757][626]LogModuleManager: Shutting down and abandoning module WindowsNoEditorTargetPlatform (107)
[2020.08.01-19.02.38:758][626]LogModuleManager: Shutting down and abandoning module InputCore (104)
[2020.08.01-19.02.38:758][626]LogModuleManager: Shutting down and abandoning module Settings (102)
[2020.08.01-19.02.38:759][626]LogModuleManager: Shutting down and abandoning module PhysXCooking (100)
[2020.08.01-19.02.38:760][626]LogModuleManager: Shutting down and abandoning module ChaosSolvers (98)
[2020.08.01-19.02.38:760][626]LogModuleManager: Shutting down and abandoning module FieldSystemEngine (97)
[2020.08.01-19.02.38:761][626]LogModuleManager: Shutting down and abandoning module Chaos (94)
[2020.08.01-19.02.38:761][626]LogModuleManager: Shutting down and abandoning module WindowsPlatformFeatures (92)
[2020.08.01-19.02.38:762][626]LogModuleManager: Shutting down and abandoning module GameplayMediaEncoder (91)
[2020.08.01-19.02.38:765][626]LogModuleManager: Shutting down and abandoning module SteamVRInputDevice (88)
[2020.08.01-19.02.38:768][626]LogModuleManager: Shutting down and abandoning module SteamVRInput (86)
[2020.08.01-19.02.38:769][626]LogModuleManager: Shutting down and abandoning module SteamVR (84)
[2020.08.01-19.02.38:769][626]LogHMD: Freeing OpenVRDLLHandle.
[2020.08.01-19.02.38:770][626]LogModuleManager: Shutting down and abandoning module OculusHMD (82)
[2020.08.01-19.02.38:770][626]LogModuleManager: Shutting down and abandoning module ExampleDeviceProfileSelector (80)
[2020.08.01-19.02.38:771][626]LogModuleManager: Shutting down and abandoning module LauncherChunkInstaller (78)
[2020.08.01-19.02.38:771][626]LogModuleManager: Shutting down and abandoning module OnlineBlueprintSupport (76)
[2020.08.01-19.02.38:772][626]LogModuleManager: Shutting down and abandoning module OnlineSubsystem (72)
[2020.08.01-19.02.38:774][626]LogModuleManager: Shutting down and abandoning module XMPP (67)
[2020.08.01-19.02.38:775][626]LogModuleManager: Shutting down and abandoning module WebSockets (66)
[2020.08.01-19.02.38:796][626]LogModuleManager: Shutting down and abandoning module HTTP (63)
[2020.08.01-19.02.38:829][626]LogModuleManager: Shutting down and abandoning module SSL (62)
[2020.08.01-19.02.38:831][626]LogModuleManager: Shutting down and abandoning module WmfMedia (58)
[2020.08.01-19.02.38:834][626]LogModuleManager: Shutting down and abandoning module Media (57)
[2020.08.01-19.02.38:835][626]LogModuleManager: Shutting down and abandoning module MagicLeap (54)
[2020.08.01-19.02.38:837][626]LogModuleManager: Shutting down and abandoning module VariantManagerContent (52)
[2020.08.01-19.02.38:837][626]LogModuleManager: Shutting down and abandoning module DatasmithContent (50)
[2020.08.01-19.02.38:838][626]LogModuleManager: Shutting down and abandoning module AISupportModule (48)
[2020.08.01-19.02.38:838][626]LogModuleManager: Shutting down and abandoning module DesktopPlatform (46)
[2020.08.01-19.02.38:839][626]LogModuleManager: Shutting down and abandoning module PlatformCryptoOpenSSL (44)
[2020.08.01-19.02.38:840][626]LogModuleManager: Shutting down and abandoning module PlatformCryptoTypes (42)
[2020.08.01-19.02.38:840][626]LogModuleManager: Shutting down and abandoning module PlatformCrypto (40)
[2020.08.01-19.02.38:841][626]LogModuleManager: Shutting down and abandoning module AnimationModifiers (38)
[2020.08.01-19.02.38:844][626]LogModuleManager: Shutting down and abandoning module PropertyEditor (37)
[2020.08.01-19.02.38:849][626]LogModuleManager: Shutting down and abandoning module AudioEditor (34)
[2020.08.01-19.02.38:849][626]LogModuleManager: Shutting down and abandoning module TextureCompressor (32)
[2020.08.01-19.02.38:850][626]LogModuleManager: Shutting down and abandoning module RenderCore (30)
[2020.08.01-19.02.38:850][626]LogModuleManager: Shutting down and abandoning module Landscape (28)
[2020.08.01-19.02.38:851][626]LogModuleManager: Shutting down and abandoning module SlateRHIRenderer (26)
[2020.08.01-19.02.38:852][626]LogModuleManager: Shutting down and abandoning module OpenGLDrv (24)
[2020.08.01-19.02.38:852][626]LogModuleManager: Shutting down and abandoning module D3D11RHI (22)
[2020.08.01-19.02.38:853][626]LogModuleManager: Shutting down and abandoning module AnimGraphRuntime (20)
[2020.08.01-19.02.38:856][626]LogModuleManager: Shutting down and abandoning module Renderer (18)
[2020.08.01-19.02.38:856][626]LogModuleManager: Shutting down and abandoning module Engine (16)
[2020.08.01-19.02.38:859][626]LogModuleManager: Shutting down and abandoning module CoreUObject (14)
[2020.08.01-19.02.38:860][626]LogModuleManager: Shutting down and abandoning module NetworkFile (12)
[2020.08.01-19.02.38:861][626]LogModuleManager: Shutting down and abandoning module CookedIterativeFile (10)
[2020.08.01-19.02.38:861][626]LogModuleManager: Shutting down and abandoning module StreamingFile (8)
[2020.08.01-19.02.38:862][626]LogModuleManager: Shutting down and abandoning module SandboxFile (6)
[2020.08.01-19.02.38:863][626]LogModuleManager: Shutting down and abandoning module PakFile (4)
[2020.08.01-19.02.38:863][626]LogModuleManager: Shutting down and abandoning module RSA (3)
[2020.08.01-19.02.38:865][626]LogD3D11RHI: Shutdown
[2020.08.01-19.02.38:868][626]LogD3D11RHI: CleanupD3DDevice
[2020.08.01-19.02.38:874][626]LogExit: Exiting.
[2020.08.01-19.02.38:882][626]Log file closed, 08/01/20 20:02:38
